<?xml version="1.0" encoding="UTF-8"?>
<testsuites name="XL" time="349.641" tests="23" failures="0" errors="0">
   <testsuite name="XL" tests="23" failures="0" errors="0" time="349.641" skipped="0" timestamp="2023-08-01 15:27:36" hostname="Sarah Nur Azizah - zizah-eyd" id="Test Suites/XL">
      <properties>
         <property name="deviceName" value=""/>
         <property name="devicePlatform" value=""/>
         <property name="logFolder" value="C:\\Users\\Sarah Nur Azizah\\git\\test_bebeclub_branchzizah\\Reports\\20230801_152725\\XL\\20230801_152725"/>
         <property name="logFiles" value="C:\\Users\\Sarah Nur Azizah\\git\\test_bebeclub_branchzizah\\Reports\\20230801_152725\\XL\\20230801_152725\\execution0.log"/>
         <property name="attachments" value=""/>
         <property name="hostName" value="Sarah Nur Azizah - zizah-eyd"/>
         <property name="os" value="Windows 10 64bit"/>
         <property name="katalonVersion" value="8.6.0.208"/>
         <property name="browser" value="Chrome 115.0.5790.110"/>
         <property name="hostAddress" value="10.10.10.204"/>
         <property name="sessionId" value="df88ccee0e586b8ce7c92a6d8dc6ef80"/>
         <property name="seleniumVersion" value="3.141.59"/>
         <property name="proxyInformation" value="ProxyInformation { proxyOption=NO_PROXY, proxyServerType=HTTP, username=, password=********, proxyServerAddress=, proxyServerPort=0, executionList=&quot;&quot;, isApplyToDesiredCapabilities=true }"/>
         <property name="platform" value="Windows 10"/>
      </properties>
      <testcase name="Test Cases/REGISTER/Prefix ID/0817 XL" time="15.745" classname="Test Cases/REGISTER/Prefix ID/0817 XL" status="PASSED">
         <system-out><![CDATA[2023-08-01 15:27:36 - [TEST_CASE][PASSED] - Test Cases/REGISTER/Prefix ID/0817 XL: Test Cases/REGISTER/Prefix ID/0817 XL

2023-08-01 15:27:37 - [TEST_STEP][PASSED] - openBrowser(""): Browser is opened with url: ''

2023-08-01 15:27:37 - [MESSAGE][INFO] - Starting 'Chrome (headless)' driver

2023-08-01 15:27:37 - [MESSAGE][INFO] - Action delay is set to 0 milliseconds

2023-08-01 15:27:40 - [MESSAGE][PASSED] - Browser is opened with url: ''

2023-08-01 15:27:40 - [TEST_STEP][PASSED] - maximizeWindow(): Current window maximized

2023-08-01 15:27:40 - [MESSAGE][PASSED] - Current window maximized

2023-08-01 15:27:40 - [TEST_STEP][PASSED] - navigateToUrl("https://bebeclub.eydendigital.co.id/membership/registration"): Navigate to 'https://bebeclub.eydendigital.co.id/membership/registration' successfully

2023-08-01 15:27:46 - [MESSAGE][PASSED] - Navigate to 'https://bebeclub.eydendigital.co.id/membership/registration' successfully

2023-08-01 15:27:46 - [TEST_STEP][PASSED] - setText(findTestObject("Page_Bebeclub - Membership Registration/input_Nama Depan_first-name-form"), "aziza"): Text 'aziza' is set on object 'Object Repository/Page_Bebeclub - Membership Registration/input_Nama Depan_first-name-form'

2023-08-01 15:27:46 - [MESSAGE][PASSED] - Text 'aziza' is set on object 'Object Repository/Page_Bebeclub - Membership Registration/input_Nama Depan_first-name-form'

2023-08-01 15:27:46 - [TEST_STEP][PASSED] - setText(findTestObject("Page_Bebeclub - Membership Registration/input_Nama Belakang_last-name-form"), "prefix"): Text 'prefix' is set on object 'Object Repository/Page_Bebeclub - Membership Registration/input_Nama Belakang_last-name-form'

2023-08-01 15:27:46 - [MESSAGE][PASSED] - Text 'prefix' is set on object 'Object Repository/Page_Bebeclub - Membership Registration/input_Nama Belakang_last-name-form'

2023-08-01 15:27:46 - [TEST_STEP][PASSED] - randomNum = generateRandomNumber(): null

2023-08-01 15:27:46 - [TEST_STEP][PASSED] - random = new java.util.Random(): null

2023-08-01 15:27:46 - [TEST_STEP][PASSED] - lastNineDigits = String.format("%09d", random.nextInt(1000000000)): null

2023-08-01 15:27:46 - [TEST_STEP][PASSED] - randomNumber = "0817" + lastNineDigits: null

2023-08-01 15:27:46 - [TEST_STEP][PASSED] - return randomNumber: null

2023-08-01 15:27:46 - [TEST_STEP][PASSED] - setText(findTestObject("Page_Bebeclub - Membership Registration/input__number-form"), randomNum): Text '0817392326505' is set on object 'Object Repository/Page_Bebeclub - Membership Registration/input__number-form'

2023-08-01 15:27:47 - [MESSAGE][PASSED] - Text '0817392326505' is set on object 'Object Repository/Page_Bebeclub - Membership Registration/input__number-form'

2023-08-01 15:27:47 - [TEST_STEP][PASSED] - setEncryptedText(findTestObject("Page_Bebeclub - Membership Registration/input_Password_pass-form"), "iFGeFYmXIrUhQZHvW7P22w=="): Text ****** has been set on object 'Object Repository/Page_Bebeclub - Membership Registration/input_Password_pass-form'

2023-08-01 15:27:47 - [MESSAGE][PASSED] - Text ****** has been set on object 'Object Repository/Page_Bebeclub - Membership Registration/input_Password_pass-form'

2023-08-01 15:27:47 - [TEST_STEP][PASSED] - setEncryptedText(findTestObject("Page_Bebeclub - Membership Registration/input_Konfirmasi Password_konfirmasipass-form"), "iFGeFYmXIrUhQZHvW7P22w=="): Text ****** has been set on object 'Object Repository/Page_Bebeclub - Membership Registration/input_Konfirmasi Password_konfirmasipass-form'

2023-08-01 15:27:47 - [MESSAGE][PASSED] - Text ****** has been set on object 'Object Repository/Page_Bebeclub - Membership Registration/input_Konfirmasi Password_konfirmasipass-form'

2023-08-01 15:27:47 - [TEST_STEP][PASSED] - selectOptionByLabel(findTestObject("Page_Bebeclub - Membership Registration/select_Pilih Kondisi Ibu Saat Ini"), "Belum Hamil & Tidak Mempunyai Anak", false): All options with label 'Belum Hamil & Tidak Mempunyai Anak' are selected in object 'Object Repository/Page_Bebeclub - Membership Registration/select_Pilih Kondisi Ibu Saat Ini' 

2023-08-01 15:27:48 - [MESSAGE][PASSED] - All options with label 'Belum Hamil & Tidak Mempunyai Anak' are selected in object 'Object Repository/Page_Bebeclub - Membership Registration/select_Pilih Kondisi Ibu Saat Ini' 

2023-08-01 15:27:48 - [TEST_STEP][PASSED] - click(findTestObject("Page_Bebeclub - Membership Registration/button_Kirim Kode OTP")): Object: 'Object Repository/Page_Bebeclub - Membership Registration/button_Kirim Kode OTP' is clicked on

2023-08-01 15:27:48 - [MESSAGE][PASSED] - Object: 'Object Repository/Page_Bebeclub - Membership Registration/button_Kirim Kode OTP' is clicked on

2023-08-01 15:27:48 - [TEST_STEP][PASSED] - delay(4): Delayed 4 second(s)

2023-08-01 15:27:52 - [MESSAGE][PASSED] - Delayed 4 second(s)

2023-08-01 15:27:52 - [TEST_STEP][PASSED] - verifyTextPresent("Berhasil", false): Text 'Berhasil' is present on page 

2023-08-01 15:27:52 - [MESSAGE][PASSED] - Text 'Berhasil' is present on page 

2023-08-01 15:27:52 - [TEST_STEP][PASSED] - click(findTestObject("Page_Bebeclub - Membership Registration/img")): Object: 'Object Repository/Page_Bebeclub - Membership Registration/img' is clicked on

2023-08-01 15:27:52 - [MESSAGE][PASSED] - Object: 'Object Repository/Page_Bebeclub - Membership Registration/img' is clicked on]]></system-out>
         <system-err><![CDATA[]]></system-err>
      </testcase>
      <testcase name="Test Cases/REGISTER/Prefix ID/0818 XL" time="12.357" classname="Test Cases/REGISTER/Prefix ID/0818 XL" status="PASSED">
         <system-out><![CDATA[2023-08-01 15:27:52 - [TEST_CASE][PASSED] - Test Cases/REGISTER/Prefix ID/0818 XL: Test Cases/REGISTER/Prefix ID/0818 XL

2023-08-01 15:27:53 - [TEST_STEP][PASSED] - openBrowser(""): Browser is opened with url: ''

2023-08-01 15:27:53 - [MESSAGE][WARNING] - A browser is already opened. Closing browser and opening a new one

2023-08-01 15:27:53 - [MESSAGE][INFO] - Starting 'Chrome (headless)' driver

2023-08-01 15:27:53 - [MESSAGE][INFO] - Action delay is set to 0 milliseconds

2023-08-01 15:27:55 - [MESSAGE][PASSED] - Browser is opened with url: ''

2023-08-01 15:27:55 - [TEST_STEP][PASSED] - maximizeWindow(): Current window maximized

2023-08-01 15:27:55 - [MESSAGE][PASSED] - Current window maximized

2023-08-01 15:27:55 - [TEST_STEP][PASSED] - navigateToUrl("https://bebeclub.eydendigital.co.id/membership/registration"): Navigate to 'https://bebeclub.eydendigital.co.id/membership/registration' successfully

2023-08-01 15:27:57 - [MESSAGE][PASSED] - Navigate to 'https://bebeclub.eydendigital.co.id/membership/registration' successfully

2023-08-01 15:27:57 - [TEST_STEP][PASSED] - click(findTestObject("Homepage/a_Register")): Object: 'Object Repository/Homepage/a_Register' is clicked on

2023-08-01 15:27:58 - [MESSAGE][PASSED] - Object: 'Object Repository/Homepage/a_Register' is clicked on

2023-08-01 15:27:58 - [TEST_STEP][PASSED] - setText(findTestObject("Page_Bebeclub - Membership Registration/input_Nama Depan_first-name-form"), "aziza"): Text 'aziza' is set on object 'Object Repository/Page_Bebeclub - Membership Registration/input_Nama Depan_first-name-form'

2023-08-01 15:27:59 - [MESSAGE][PASSED] - Text 'aziza' is set on object 'Object Repository/Page_Bebeclub - Membership Registration/input_Nama Depan_first-name-form'

2023-08-01 15:27:59 - [TEST_STEP][PASSED] - setText(findTestObject("Page_Bebeclub - Membership Registration/input_Nama Belakang_last-name-form"), "prefix"): Text 'prefix' is set on object 'Object Repository/Page_Bebeclub - Membership Registration/input_Nama Belakang_last-name-form'

2023-08-01 15:27:59 - [MESSAGE][PASSED] - Text 'prefix' is set on object 'Object Repository/Page_Bebeclub - Membership Registration/input_Nama Belakang_last-name-form'

2023-08-01 15:27:59 - [TEST_STEP][PASSED] - randomNum = generateRandomNumber(): null

2023-08-01 15:27:59 - [TEST_STEP][PASSED] - random = new java.util.Random(): null

2023-08-01 15:27:59 - [TEST_STEP][PASSED] - lastNineDigits = String.format("%09d", random.nextInt(1000000000)): null

2023-08-01 15:27:59 - [TEST_STEP][PASSED] - randomNumber = "0818" + lastNineDigits: null

2023-08-01 15:27:59 - [TEST_STEP][PASSED] - return randomNumber: null

2023-08-01 15:27:59 - [TEST_STEP][PASSED] - setText(findTestObject("Page_Bebeclub - Membership Registration/input__number-form"), randomNum): Text '0818485416027' is set on object 'Object Repository/Page_Bebeclub - Membership Registration/input__number-form'

2023-08-01 15:27:59 - [MESSAGE][PASSED] - Text '0818485416027' is set on object 'Object Repository/Page_Bebeclub - Membership Registration/input__number-form'

2023-08-01 15:27:59 - [TEST_STEP][PASSED] - setEncryptedText(findTestObject("Page_Bebeclub - Membership Registration/input_Password_pass-form"), "iFGeFYmXIrUhQZHvW7P22w=="): Text ****** has been set on object 'Object Repository/Page_Bebeclub - Membership Registration/input_Password_pass-form'

2023-08-01 15:27:59 - [MESSAGE][PASSED] - Text ****** has been set on object 'Object Repository/Page_Bebeclub - Membership Registration/input_Password_pass-form'

2023-08-01 15:27:59 - [TEST_STEP][PASSED] - setEncryptedText(findTestObject("Page_Bebeclub - Membership Registration/input_Konfirmasi Password_konfirmasipass-form"), "iFGeFYmXIrUhQZHvW7P22w=="): Text ****** has been set on object 'Object Repository/Page_Bebeclub - Membership Registration/input_Konfirmasi Password_konfirmasipass-form'

2023-08-01 15:28:00 - [MESSAGE][PASSED] - Text ****** has been set on object 'Object Repository/Page_Bebeclub - Membership Registration/input_Konfirmasi Password_konfirmasipass-form'

2023-08-01 15:28:00 - [TEST_STEP][PASSED] - selectOptionByLabel(findTestObject("Page_Bebeclub - Membership Registration/select_Pilih Kondisi Ibu Saat Ini"), "Belum Hamil & Tidak Mempunyai Anak", false): All options with label 'Belum Hamil & Tidak Mempunyai Anak' are selected in object 'Object Repository/Page_Bebeclub - Membership Registration/select_Pilih Kondisi Ibu Saat Ini' 

2023-08-01 15:28:00 - [MESSAGE][PASSED] - All options with label 'Belum Hamil & Tidak Mempunyai Anak' are selected in object 'Object Repository/Page_Bebeclub - Membership Registration/select_Pilih Kondisi Ibu Saat Ini' 

2023-08-01 15:28:00 - [TEST_STEP][PASSED] - click(findTestObject("Page_Bebeclub - Membership Registration/button_Kirim Kode OTP")): Object: 'Object Repository/Page_Bebeclub - Membership Registration/button_Kirim Kode OTP' is clicked on

2023-08-01 15:28:00 - [MESSAGE][PASSED] - Object: 'Object Repository/Page_Bebeclub - Membership Registration/button_Kirim Kode OTP' is clicked on

2023-08-01 15:28:00 - [TEST_STEP][PASSED] - delay(4): Delayed 4 second(s)

2023-08-01 15:28:04 - [MESSAGE][PASSED] - Delayed 4 second(s)

2023-08-01 15:28:04 - [TEST_STEP][PASSED] - verifyTextPresent("Berhasil", false): Text 'Berhasil' is present on page 

2023-08-01 15:28:04 - [MESSAGE][PASSED] - Text 'Berhasil' is present on page 

2023-08-01 15:28:04 - [TEST_STEP][PASSED] - click(findTestObject("Page_Bebeclub - Membership Registration/img")): Object: 'Object Repository/Page_Bebeclub - Membership Registration/img' is clicked on

2023-08-01 15:28:05 - [MESSAGE][PASSED] - Object: 'Object Repository/Page_Bebeclub - Membership Registration/img' is clicked on]]></system-out>
         <system-err><![CDATA[]]></system-err>
      </testcase>
      <testcase name="Test Cases/REGISTER/Prefix ID/0819 XL" time="13.324" classname="Test Cases/REGISTER/Prefix ID/0819 XL" status="PASSED">
         <system-out><![CDATA[2023-08-01 15:28:05 - [TEST_CASE][PASSED] - Test Cases/REGISTER/Prefix ID/0819 XL: Test Cases/REGISTER/Prefix ID/0819 XL

2023-08-01 15:28:05 - [TEST_STEP][PASSED] - openBrowser(""): Browser is opened with url: ''

2023-08-01 15:28:05 - [MESSAGE][WARNING] - A browser is already opened. Closing browser and opening a new one

2023-08-01 15:28:06 - [MESSAGE][INFO] - Starting 'Chrome (headless)' driver

2023-08-01 15:28:06 - [MESSAGE][INFO] - Action delay is set to 0 milliseconds

2023-08-01 15:28:07 - [MESSAGE][PASSED] - Browser is opened with url: ''

2023-08-01 15:28:07 - [TEST_STEP][PASSED] - maximizeWindow(): Current window maximized

2023-08-01 15:28:07 - [MESSAGE][PASSED] - Current window maximized

2023-08-01 15:28:07 - [TEST_STEP][PASSED] - navigateToUrl("https://bebeclub.eydendigital.co.id/membership/registration"): Navigate to 'https://bebeclub.eydendigital.co.id/membership/registration' successfully

2023-08-01 15:28:10 - [MESSAGE][PASSED] - Navigate to 'https://bebeclub.eydendigital.co.id/membership/registration' successfully

2023-08-01 15:28:10 - [TEST_STEP][PASSED] - click(findTestObject("Homepage/a_Register")): Object: 'Object Repository/Homepage/a_Register' is clicked on

2023-08-01 15:28:11 - [MESSAGE][PASSED] - Object: 'Object Repository/Homepage/a_Register' is clicked on

2023-08-01 15:28:11 - [TEST_STEP][PASSED] - setText(findTestObject("Page_Bebeclub - Membership Registration/input_Nama Depan_first-name-form"), "aziza"): Text 'aziza' is set on object 'Object Repository/Page_Bebeclub - Membership Registration/input_Nama Depan_first-name-form'

2023-08-01 15:28:12 - [MESSAGE][PASSED] - Text 'aziza' is set on object 'Object Repository/Page_Bebeclub - Membership Registration/input_Nama Depan_first-name-form'

2023-08-01 15:28:12 - [TEST_STEP][PASSED] - setText(findTestObject("Page_Bebeclub - Membership Registration/input_Nama Belakang_last-name-form"), "prefix"): Text 'prefix' is set on object 'Object Repository/Page_Bebeclub - Membership Registration/input_Nama Belakang_last-name-form'

2023-08-01 15:28:12 - [MESSAGE][PASSED] - Text 'prefix' is set on object 'Object Repository/Page_Bebeclub - Membership Registration/input_Nama Belakang_last-name-form'

2023-08-01 15:28:12 - [TEST_STEP][PASSED] - randomNum = generateRandomNumber(): null

2023-08-01 15:28:12 - [TEST_STEP][PASSED] - random = new java.util.Random(): null

2023-08-01 15:28:12 - [TEST_STEP][PASSED] - lastNineDigits = String.format("%09d", random.nextInt(1000000000)): null

2023-08-01 15:28:12 - [TEST_STEP][PASSED] - randomNumber = "0819" + lastNineDigits: null

2023-08-01 15:28:12 - [TEST_STEP][PASSED] - return randomNumber: null

2023-08-01 15:28:12 - [TEST_STEP][PASSED] - setText(findTestObject("Page_Bebeclub - Membership Registration/input__number-form"), randomNum): Text '0819189892773' is set on object 'Object Repository/Page_Bebeclub - Membership Registration/input__number-form'

2023-08-01 15:28:12 - [MESSAGE][PASSED] - Text '0819189892773' is set on object 'Object Repository/Page_Bebeclub - Membership Registration/input__number-form'

2023-08-01 15:28:12 - [TEST_STEP][PASSED] - setEncryptedText(findTestObject("Page_Bebeclub - Membership Registration/input_Password_pass-form"), "iFGeFYmXIrUhQZHvW7P22w=="): Text ****** has been set on object 'Object Repository/Page_Bebeclub - Membership Registration/input_Password_pass-form'

2023-08-01 15:28:13 - [MESSAGE][PASSED] - Text ****** has been set on object 'Object Repository/Page_Bebeclub - Membership Registration/input_Password_pass-form'

2023-08-01 15:28:13 - [TEST_STEP][PASSED] - setEncryptedText(findTestObject("Page_Bebeclub - Membership Registration/input_Konfirmasi Password_konfirmasipass-form"), "iFGeFYmXIrUhQZHvW7P22w=="): Text ****** has been set on object 'Object Repository/Page_Bebeclub - Membership Registration/input_Konfirmasi Password_konfirmasipass-form'

2023-08-01 15:28:13 - [MESSAGE][PASSED] - Text ****** has been set on object 'Object Repository/Page_Bebeclub - Membership Registration/input_Konfirmasi Password_konfirmasipass-form'

2023-08-01 15:28:13 - [TEST_STEP][PASSED] - selectOptionByLabel(findTestObject("Page_Bebeclub - Membership Registration/select_Pilih Kondisi Ibu Saat Ini"), "Belum Hamil & Tidak Mempunyai Anak", false): All options with label 'Belum Hamil & Tidak Mempunyai Anak' are selected in object 'Object Repository/Page_Bebeclub - Membership Registration/select_Pilih Kondisi Ibu Saat Ini' 

2023-08-01 15:28:13 - [MESSAGE][PASSED] - All options with label 'Belum Hamil & Tidak Mempunyai Anak' are selected in object 'Object Repository/Page_Bebeclub - Membership Registration/select_Pilih Kondisi Ibu Saat Ini' 

2023-08-01 15:28:13 - [TEST_STEP][PASSED] - click(findTestObject("Page_Bebeclub - Membership Registration/button_Kirim Kode OTP")): Object: 'Object Repository/Page_Bebeclub - Membership Registration/button_Kirim Kode OTP' is clicked on

2023-08-01 15:28:13 - [MESSAGE][PASSED] - Object: 'Object Repository/Page_Bebeclub - Membership Registration/button_Kirim Kode OTP' is clicked on

2023-08-01 15:28:13 - [TEST_STEP][PASSED] - delay(4): Delayed 4 second(s)

2023-08-01 15:28:17 - [MESSAGE][PASSED] - Delayed 4 second(s)

2023-08-01 15:28:17 - [TEST_STEP][PASSED] - verifyTextPresent("Berhasil", false): Text 'Berhasil' is present on page 

2023-08-01 15:28:18 - [MESSAGE][PASSED] - Text 'Berhasil' is present on page 

2023-08-01 15:28:18 - [TEST_STEP][PASSED] - click(findTestObject("Page_Bebeclub - Membership Registration/img")): Object: 'Object Repository/Page_Bebeclub - Membership Registration/img' is clicked on

2023-08-01 15:28:18 - [MESSAGE][PASSED] - Object: 'Object Repository/Page_Bebeclub - Membership Registration/img' is clicked on]]></system-out>
         <system-err><![CDATA[]]></system-err>
      </testcase>
      <testcase name="Test Cases/REGISTER/Prefix ID/0831 AXIS" time="12.72" classname="Test Cases/REGISTER/Prefix ID/0831 AXIS" status="PASSED">
         <system-out><![CDATA[2023-08-01 15:28:18 - [TEST_CASE][PASSED] - Test Cases/REGISTER/Prefix ID/0831 AXIS: Test Cases/REGISTER/Prefix ID/0831 AXIS

2023-08-01 15:28:18 - [TEST_STEP][PASSED] - openBrowser(""): Browser is opened with url: ''

2023-08-01 15:28:18 - [MESSAGE][WARNING] - A browser is already opened. Closing browser and opening a new one

2023-08-01 15:28:19 - [MESSAGE][INFO] - Starting 'Chrome (headless)' driver

2023-08-01 15:28:19 - [MESSAGE][INFO] - Action delay is set to 0 milliseconds

2023-08-01 15:28:20 - [MESSAGE][PASSED] - Browser is opened with url: ''

2023-08-01 15:28:20 - [TEST_STEP][PASSED] - maximizeWindow(): Current window maximized

2023-08-01 15:28:20 - [MESSAGE][PASSED] - Current window maximized

2023-08-01 15:28:20 - [TEST_STEP][PASSED] - navigateToUrl("https://bebeclub.eydendigital.co.id/membership/registration"): Navigate to 'https://bebeclub.eydendigital.co.id/membership/registration' successfully

2023-08-01 15:28:23 - [MESSAGE][PASSED] - Navigate to 'https://bebeclub.eydendigital.co.id/membership/registration' successfully

2023-08-01 15:28:23 - [TEST_STEP][PASSED] - click(findTestObject("Homepage/a_Register")): Object: 'Object Repository/Homepage/a_Register' is clicked on

2023-08-01 15:28:24 - [MESSAGE][PASSED] - Object: 'Object Repository/Homepage/a_Register' is clicked on

2023-08-01 15:28:24 - [TEST_STEP][PASSED] - setText(findTestObject("Page_Bebeclub - Membership Registration/input_Nama Depan_first-name-form"), "aziza"): Text 'aziza' is set on object 'Object Repository/Page_Bebeclub - Membership Registration/input_Nama Depan_first-name-form'

2023-08-01 15:28:24 - [MESSAGE][PASSED] - Text 'aziza' is set on object 'Object Repository/Page_Bebeclub - Membership Registration/input_Nama Depan_first-name-form'

2023-08-01 15:28:24 - [TEST_STEP][PASSED] - setText(findTestObject("Page_Bebeclub - Membership Registration/input_Nama Belakang_last-name-form"), "prefix"): Text 'prefix' is set on object 'Object Repository/Page_Bebeclub - Membership Registration/input_Nama Belakang_last-name-form'

2023-08-01 15:28:25 - [MESSAGE][PASSED] - Text 'prefix' is set on object 'Object Repository/Page_Bebeclub - Membership Registration/input_Nama Belakang_last-name-form'

2023-08-01 15:28:25 - [TEST_STEP][PASSED] - randomNum = generateRandomNumber(): null

2023-08-01 15:28:25 - [TEST_STEP][PASSED] - random = new java.util.Random(): null

2023-08-01 15:28:25 - [TEST_STEP][PASSED] - lastNineDigits = String.format("%09d", random.nextInt(1000000000)): null

2023-08-01 15:28:25 - [TEST_STEP][PASSED] - randomNumber = "0831" + lastNineDigits: null

2023-08-01 15:28:25 - [TEST_STEP][PASSED] - return randomNumber: null

2023-08-01 15:28:25 - [TEST_STEP][PASSED] - setText(findTestObject("Page_Bebeclub - Membership Registration/input__number-form"), randomNum): Text '0831728436349' is set on object 'Object Repository/Page_Bebeclub - Membership Registration/input__number-form'

2023-08-01 15:28:25 - [MESSAGE][PASSED] - Text '0831728436349' is set on object 'Object Repository/Page_Bebeclub - Membership Registration/input__number-form'

2023-08-01 15:28:25 - [TEST_STEP][PASSED] - setEncryptedText(findTestObject("Page_Bebeclub - Membership Registration/input_Password_pass-form"), "iFGeFYmXIrUhQZHvW7P22w=="): Text ****** has been set on object 'Object Repository/Page_Bebeclub - Membership Registration/input_Password_pass-form'

2023-08-01 15:28:25 - [MESSAGE][PASSED] - Text ****** has been set on object 'Object Repository/Page_Bebeclub - Membership Registration/input_Password_pass-form'

2023-08-01 15:28:25 - [TEST_STEP][PASSED] - setEncryptedText(findTestObject("Page_Bebeclub - Membership Registration/input_Konfirmasi Password_konfirmasipass-form"), "iFGeFYmXIrUhQZHvW7P22w=="): Text ****** has been set on object 'Object Repository/Page_Bebeclub - Membership Registration/input_Konfirmasi Password_konfirmasipass-form'

2023-08-01 15:28:26 - [MESSAGE][PASSED] - Text ****** has been set on object 'Object Repository/Page_Bebeclub - Membership Registration/input_Konfirmasi Password_konfirmasipass-form'

2023-08-01 15:28:26 - [TEST_STEP][PASSED] - selectOptionByLabel(findTestObject("Page_Bebeclub - Membership Registration/select_Pilih Kondisi Ibu Saat Ini"), "Belum Hamil & Tidak Mempunyai Anak", false): All options with label 'Belum Hamil & Tidak Mempunyai Anak' are selected in object 'Object Repository/Page_Bebeclub - Membership Registration/select_Pilih Kondisi Ibu Saat Ini' 

2023-08-01 15:28:26 - [MESSAGE][PASSED] - All options with label 'Belum Hamil & Tidak Mempunyai Anak' are selected in object 'Object Repository/Page_Bebeclub - Membership Registration/select_Pilih Kondisi Ibu Saat Ini' 

2023-08-01 15:28:26 - [TEST_STEP][PASSED] - click(findTestObject("Page_Bebeclub - Membership Registration/button_Kirim Kode OTP")): Object: 'Object Repository/Page_Bebeclub - Membership Registration/button_Kirim Kode OTP' is clicked on

2023-08-01 15:28:26 - [MESSAGE][PASSED] - Object: 'Object Repository/Page_Bebeclub - Membership Registration/button_Kirim Kode OTP' is clicked on

2023-08-01 15:28:26 - [TEST_STEP][PASSED] - delay(4): Delayed 4 second(s)

2023-08-01 15:28:30 - [MESSAGE][PASSED] - Delayed 4 second(s)

2023-08-01 15:28:30 - [TEST_STEP][PASSED] - verifyTextPresent("Berhasil", false): Text 'Berhasil' is present on page 

2023-08-01 15:28:30 - [MESSAGE][PASSED] - Text 'Berhasil' is present on page 

2023-08-01 15:28:30 - [TEST_STEP][PASSED] - click(findTestObject("Page_Bebeclub - Membership Registration/img")): Object: 'Object Repository/Page_Bebeclub - Membership Registration/img' is clicked on

2023-08-01 15:28:31 - [MESSAGE][PASSED] - Object: 'Object Repository/Page_Bebeclub - Membership Registration/img' is clicked on]]></system-out>
         <system-err><![CDATA[]]></system-err>
      </testcase>
      <testcase name="Test Cases/REGISTER/Prefix ID/0833 AXIS" time="11.747" classname="Test Cases/REGISTER/Prefix ID/0833 AXIS" status="PASSED">
         <system-out><![CDATA[2023-08-01 15:28:31 - [TEST_CASE][PASSED] - Test Cases/REGISTER/Prefix ID/0833 AXIS: Test Cases/REGISTER/Prefix ID/0833 AXIS

2023-08-01 15:28:31 - [TEST_STEP][PASSED] - openBrowser(""): Browser is opened with url: ''

2023-08-01 15:28:31 - [MESSAGE][WARNING] - A browser is already opened. Closing browser and opening a new one

2023-08-01 15:28:32 - [MESSAGE][INFO] - Starting 'Chrome (headless)' driver

2023-08-01 15:28:32 - [MESSAGE][INFO] - Action delay is set to 0 milliseconds

2023-08-01 15:28:33 - [MESSAGE][PASSED] - Browser is opened with url: ''

2023-08-01 15:28:33 - [TEST_STEP][PASSED] - maximizeWindow(): Current window maximized

2023-08-01 15:28:33 - [MESSAGE][PASSED] - Current window maximized

2023-08-01 15:28:33 - [TEST_STEP][PASSED] - navigateToUrl("https://bebeclub.eydendigital.co.id/membership/registration"): Navigate to 'https://bebeclub.eydendigital.co.id/membership/registration' successfully

2023-08-01 15:28:35 - [MESSAGE][PASSED] - Navigate to 'https://bebeclub.eydendigital.co.id/membership/registration' successfully

2023-08-01 15:28:35 - [TEST_STEP][PASSED] - click(findTestObject("Homepage/a_Register")): Object: 'Object Repository/Homepage/a_Register' is clicked on

2023-08-01 15:28:36 - [MESSAGE][PASSED] - Object: 'Object Repository/Homepage/a_Register' is clicked on

2023-08-01 15:28:36 - [TEST_STEP][PASSED] - setText(findTestObject("Page_Bebeclub - Membership Registration/input_Nama Depan_first-name-form"), "aziza"): Text 'aziza' is set on object 'Object Repository/Page_Bebeclub - Membership Registration/input_Nama Depan_first-name-form'

2023-08-01 15:28:36 - [MESSAGE][PASSED] - Text 'aziza' is set on object 'Object Repository/Page_Bebeclub - Membership Registration/input_Nama Depan_first-name-form'

2023-08-01 15:28:36 - [TEST_STEP][PASSED] - setText(findTestObject("Page_Bebeclub - Membership Registration/input_Nama Belakang_last-name-form"), "prefix"): Text 'prefix' is set on object 'Object Repository/Page_Bebeclub - Membership Registration/input_Nama Belakang_last-name-form'

2023-08-01 15:28:37 - [MESSAGE][PASSED] - Text 'prefix' is set on object 'Object Repository/Page_Bebeclub - Membership Registration/input_Nama Belakang_last-name-form'

2023-08-01 15:28:37 - [TEST_STEP][PASSED] - randomNum = generateRandomNumber(): null

2023-08-01 15:28:37 - [TEST_STEP][PASSED] - random = new java.util.Random(): null

2023-08-01 15:28:37 - [TEST_STEP][PASSED] - lastNineDigits = String.format("%09d", random.nextInt(1000000000)): null

2023-08-01 15:28:37 - [TEST_STEP][PASSED] - randomNumber = "0833" + lastNineDigits: null

2023-08-01 15:28:37 - [TEST_STEP][PASSED] - return randomNumber: null

2023-08-01 15:28:37 - [TEST_STEP][PASSED] - setText(findTestObject("Page_Bebeclub - Membership Registration/input__number-form"), randomNum): Text '0833194392455' is set on object 'Object Repository/Page_Bebeclub - Membership Registration/input__number-form'

2023-08-01 15:28:37 - [MESSAGE][PASSED] - Text '0833194392455' is set on object 'Object Repository/Page_Bebeclub - Membership Registration/input__number-form'

2023-08-01 15:28:37 - [TEST_STEP][PASSED] - setEncryptedText(findTestObject("Page_Bebeclub - Membership Registration/input_Password_pass-form"), "iFGeFYmXIrUhQZHvW7P22w=="): Text ****** has been set on object 'Object Repository/Page_Bebeclub - Membership Registration/input_Password_pass-form'

2023-08-01 15:28:37 - [MESSAGE][PASSED] - Text ****** has been set on object 'Object Repository/Page_Bebeclub - Membership Registration/input_Password_pass-form'

2023-08-01 15:28:37 - [TEST_STEP][PASSED] - setEncryptedText(findTestObject("Page_Bebeclub - Membership Registration/input_Konfirmasi Password_konfirmasipass-form"), "iFGeFYmXIrUhQZHvW7P22w=="): Text ****** has been set on object 'Object Repository/Page_Bebeclub - Membership Registration/input_Konfirmasi Password_konfirmasipass-form'

2023-08-01 15:28:37 - [MESSAGE][PASSED] - Text ****** has been set on object 'Object Repository/Page_Bebeclub - Membership Registration/input_Konfirmasi Password_konfirmasipass-form'

2023-08-01 15:28:37 - [TEST_STEP][PASSED] - selectOptionByLabel(findTestObject("Page_Bebeclub - Membership Registration/select_Pilih Kondisi Ibu Saat Ini"), "Belum Hamil & Tidak Mempunyai Anak", false): All options with label 'Belum Hamil & Tidak Mempunyai Anak' are selected in object 'Object Repository/Page_Bebeclub - Membership Registration/select_Pilih Kondisi Ibu Saat Ini' 

2023-08-01 15:28:38 - [MESSAGE][PASSED] - All options with label 'Belum Hamil & Tidak Mempunyai Anak' are selected in object 'Object Repository/Page_Bebeclub - Membership Registration/select_Pilih Kondisi Ibu Saat Ini' 

2023-08-01 15:28:38 - [TEST_STEP][PASSED] - click(findTestObject("Page_Bebeclub - Membership Registration/button_Kirim Kode OTP")): Object: 'Object Repository/Page_Bebeclub - Membership Registration/button_Kirim Kode OTP' is clicked on

2023-08-01 15:28:38 - [MESSAGE][PASSED] - Object: 'Object Repository/Page_Bebeclub - Membership Registration/button_Kirim Kode OTP' is clicked on

2023-08-01 15:28:38 - [TEST_STEP][PASSED] - delay(4): Delayed 4 second(s)

2023-08-01 15:28:42 - [MESSAGE][PASSED] - Delayed 4 second(s)

2023-08-01 15:28:42 - [TEST_STEP][PASSED] - verifyTextPresent("Berhasil", false): Text 'Berhasil' is present on page 

2023-08-01 15:28:42 - [MESSAGE][PASSED] - Text 'Berhasil' is present on page 

2023-08-01 15:28:42 - [TEST_STEP][PASSED] - click(findTestObject("Page_Bebeclub - Membership Registration/img")): Object: 'Object Repository/Page_Bebeclub - Membership Registration/img' is clicked on

2023-08-01 15:28:42 - [MESSAGE][PASSED] - Object: 'Object Repository/Page_Bebeclub - Membership Registration/img' is clicked on]]></system-out>
         <system-err><![CDATA[]]></system-err>
      </testcase>
      <testcase name="Test Cases/REGISTER/Prefix ID/0832 AXIS" time="11.778" classname="Test Cases/REGISTER/Prefix ID/0832 AXIS" status="PASSED">
         <system-out><![CDATA[2023-08-01 15:28:42 - [TEST_CASE][PASSED] - Test Cases/REGISTER/Prefix ID/0832 AXIS: Test Cases/REGISTER/Prefix ID/0832 AXIS

2023-08-01 15:28:43 - [TEST_STEP][PASSED] - openBrowser(""): Browser is opened with url: ''

2023-08-01 15:28:43 - [MESSAGE][WARNING] - A browser is already opened. Closing browser and opening a new one

2023-08-01 15:28:43 - [MESSAGE][INFO] - Starting 'Chrome (headless)' driver

2023-08-01 15:28:43 - [MESSAGE][INFO] - Action delay is set to 0 milliseconds

2023-08-01 15:28:45 - [MESSAGE][PASSED] - Browser is opened with url: ''

2023-08-01 15:28:45 - [TEST_STEP][PASSED] - maximizeWindow(): Current window maximized

2023-08-01 15:28:45 - [MESSAGE][PASSED] - Current window maximized

2023-08-01 15:28:45 - [TEST_STEP][PASSED] - navigateToUrl("https://bebeclub.eydendigital.co.id/membership/registration"): Navigate to 'https://bebeclub.eydendigital.co.id/membership/registration' successfully

2023-08-01 15:28:47 - [MESSAGE][PASSED] - Navigate to 'https://bebeclub.eydendigital.co.id/membership/registration' successfully

2023-08-01 15:28:47 - [TEST_STEP][PASSED] - click(findTestObject("Homepage/a_Register")): Object: 'Object Repository/Homepage/a_Register' is clicked on

2023-08-01 15:28:48 - [MESSAGE][PASSED] - Object: 'Object Repository/Homepage/a_Register' is clicked on

2023-08-01 15:28:48 - [TEST_STEP][PASSED] - setText(findTestObject("Page_Bebeclub - Membership Registration/input_Nama Depan_first-name-form"), "aziza"): Text 'aziza' is set on object 'Object Repository/Page_Bebeclub - Membership Registration/input_Nama Depan_first-name-form'

2023-08-01 15:28:48 - [MESSAGE][PASSED] - Text 'aziza' is set on object 'Object Repository/Page_Bebeclub - Membership Registration/input_Nama Depan_first-name-form'

2023-08-01 15:28:48 - [TEST_STEP][PASSED] - setText(findTestObject("Page_Bebeclub - Membership Registration/input_Nama Belakang_last-name-form"), "prefix"): Text 'prefix' is set on object 'Object Repository/Page_Bebeclub - Membership Registration/input_Nama Belakang_last-name-form'

2023-08-01 15:28:49 - [MESSAGE][PASSED] - Text 'prefix' is set on object 'Object Repository/Page_Bebeclub - Membership Registration/input_Nama Belakang_last-name-form'

2023-08-01 15:28:49 - [TEST_STEP][PASSED] - randomNum = generateRandomNumber(): null

2023-08-01 15:28:49 - [TEST_STEP][PASSED] - random = new java.util.Random(): null

2023-08-01 15:28:49 - [TEST_STEP][PASSED] - lastNineDigits = String.format("%09d", random.nextInt(1000000000)): null

2023-08-01 15:28:49 - [TEST_STEP][PASSED] - randomNumber = "0832" + lastNineDigits: null

2023-08-01 15:28:49 - [TEST_STEP][PASSED] - return randomNumber: null

2023-08-01 15:28:49 - [TEST_STEP][PASSED] - setText(findTestObject("Page_Bebeclub - Membership Registration/input__number-form"), randomNum): Text '0832566244351' is set on object 'Object Repository/Page_Bebeclub - Membership Registration/input__number-form'

2023-08-01 15:28:49 - [MESSAGE][PASSED] - Text '0832566244351' is set on object 'Object Repository/Page_Bebeclub - Membership Registration/input__number-form'

2023-08-01 15:28:49 - [TEST_STEP][PASSED] - setEncryptedText(findTestObject("Page_Bebeclub - Membership Registration/input_Password_pass-form"), "iFGeFYmXIrUhQZHvW7P22w=="): Text ****** has been set on object 'Object Repository/Page_Bebeclub - Membership Registration/input_Password_pass-form'

2023-08-01 15:28:49 - [MESSAGE][PASSED] - Text ****** has been set on object 'Object Repository/Page_Bebeclub - Membership Registration/input_Password_pass-form'

2023-08-01 15:28:49 - [TEST_STEP][PASSED] - setEncryptedText(findTestObject("Page_Bebeclub - Membership Registration/input_Konfirmasi Password_konfirmasipass-form"), "iFGeFYmXIrUhQZHvW7P22w=="): Text ****** has been set on object 'Object Repository/Page_Bebeclub - Membership Registration/input_Konfirmasi Password_konfirmasipass-form'

2023-08-01 15:28:49 - [MESSAGE][PASSED] - Text ****** has been set on object 'Object Repository/Page_Bebeclub - Membership Registration/input_Konfirmasi Password_konfirmasipass-form'

2023-08-01 15:28:49 - [TEST_STEP][PASSED] - selectOptionByLabel(findTestObject("Page_Bebeclub - Membership Registration/select_Pilih Kondisi Ibu Saat Ini"), "Belum Hamil & Tidak Mempunyai Anak", false): All options with label 'Belum Hamil & Tidak Mempunyai Anak' are selected in object 'Object Repository/Page_Bebeclub - Membership Registration/select_Pilih Kondisi Ibu Saat Ini' 

2023-08-01 15:28:50 - [MESSAGE][PASSED] - All options with label 'Belum Hamil & Tidak Mempunyai Anak' are selected in object 'Object Repository/Page_Bebeclub - Membership Registration/select_Pilih Kondisi Ibu Saat Ini' 

2023-08-01 15:28:50 - [TEST_STEP][PASSED] - click(findTestObject("Page_Bebeclub - Membership Registration/button_Kirim Kode OTP")): Object: 'Object Repository/Page_Bebeclub - Membership Registration/button_Kirim Kode OTP' is clicked on

2023-08-01 15:28:50 - [MESSAGE][PASSED] - Object: 'Object Repository/Page_Bebeclub - Membership Registration/button_Kirim Kode OTP' is clicked on

2023-08-01 15:28:50 - [TEST_STEP][PASSED] - delay(4): Delayed 4 second(s)

2023-08-01 15:28:54 - [MESSAGE][PASSED] - Delayed 4 second(s)

2023-08-01 15:28:54 - [TEST_STEP][PASSED] - verifyTextPresent("Berhasil", false): Text 'Berhasil' is present on page 

2023-08-01 15:28:54 - [MESSAGE][PASSED] - Text 'Berhasil' is present on page 

2023-08-01 15:28:54 - [TEST_STEP][PASSED] - click(findTestObject("Page_Bebeclub - Membership Registration/img")): Object: 'Object Repository/Page_Bebeclub - Membership Registration/img' is clicked on

2023-08-01 15:28:54 - [MESSAGE][PASSED] - Object: 'Object Repository/Page_Bebeclub - Membership Registration/img' is clicked on]]></system-out>
         <system-err><![CDATA[]]></system-err>
      </testcase>
      <testcase name="Test Cases/REGISTER/Prefix ID/0859 XL" time="11.722" classname="Test Cases/REGISTER/Prefix ID/0859 XL" status="PASSED">
         <system-out><![CDATA[2023-08-01 15:28:54 - [TEST_CASE][PASSED] - Test Cases/REGISTER/Prefix ID/0859 XL: Test Cases/REGISTER/Prefix ID/0859 XL

2023-08-01 15:28:54 - [TEST_STEP][PASSED] - openBrowser(""): Browser is opened with url: ''

2023-08-01 15:28:55 - [MESSAGE][WARNING] - A browser is already opened. Closing browser and opening a new one

2023-08-01 15:28:55 - [MESSAGE][INFO] - Starting 'Chrome (headless)' driver

2023-08-01 15:28:55 - [MESSAGE][INFO] - Action delay is set to 0 milliseconds

2023-08-01 15:28:56 - [MESSAGE][PASSED] - Browser is opened with url: ''

2023-08-01 15:28:56 - [TEST_STEP][PASSED] - maximizeWindow(): Current window maximized

2023-08-01 15:28:57 - [MESSAGE][PASSED] - Current window maximized

2023-08-01 15:28:57 - [TEST_STEP][PASSED] - navigateToUrl("https://bebeclub.eydendigital.co.id/membership/registration"): Navigate to 'https://bebeclub.eydendigital.co.id/membership/registration' successfully

2023-08-01 15:28:59 - [MESSAGE][PASSED] - Navigate to 'https://bebeclub.eydendigital.co.id/membership/registration' successfully

2023-08-01 15:28:59 - [TEST_STEP][PASSED] - setText(findTestObject("Page_Bebeclub - Membership Registration/input_Nama Depan_first-name-form"), "aziza"): Text 'aziza' is set on object 'Object Repository/Page_Bebeclub - Membership Registration/input_Nama Depan_first-name-form'

2023-08-01 15:29:00 - [MESSAGE][PASSED] - Text 'aziza' is set on object 'Object Repository/Page_Bebeclub - Membership Registration/input_Nama Depan_first-name-form'

2023-08-01 15:29:00 - [TEST_STEP][PASSED] - setText(findTestObject("Page_Bebeclub - Membership Registration/input_Nama Belakang_last-name-form"), "prefix"): Text 'prefix' is set on object 'Object Repository/Page_Bebeclub - Membership Registration/input_Nama Belakang_last-name-form'

2023-08-01 15:29:00 - [MESSAGE][PASSED] - Text 'prefix' is set on object 'Object Repository/Page_Bebeclub - Membership Registration/input_Nama Belakang_last-name-form'

2023-08-01 15:29:00 - [TEST_STEP][PASSED] - randomNum = generateRandomNumber(): null

2023-08-01 15:29:00 - [TEST_STEP][PASSED] - random = new java.util.Random(): null

2023-08-01 15:29:00 - [TEST_STEP][PASSED] - lastNineDigits = String.format("%09d", random.nextInt(1000000000)): null

2023-08-01 15:29:00 - [TEST_STEP][PASSED] - randomNumber = "0859" + lastNineDigits: null

2023-08-01 15:29:00 - [TEST_STEP][PASSED] - return randomNumber: null

2023-08-01 15:29:00 - [TEST_STEP][PASSED] - setText(findTestObject("Page_Bebeclub - Membership Registration/input__number-form"), randomNum): Text '0859226563149' is set on object 'Object Repository/Page_Bebeclub - Membership Registration/input__number-form'

2023-08-01 15:29:01 - [MESSAGE][PASSED] - Text '0859226563149' is set on object 'Object Repository/Page_Bebeclub - Membership Registration/input__number-form'

2023-08-01 15:29:01 - [TEST_STEP][PASSED] - setEncryptedText(findTestObject("Page_Bebeclub - Membership Registration/input_Password_pass-form"), "iFGeFYmXIrUhQZHvW7P22w=="): Text ****** has been set on object 'Object Repository/Page_Bebeclub - Membership Registration/input_Password_pass-form'

2023-08-01 15:29:01 - [MESSAGE][PASSED] - Text ****** has been set on object 'Object Repository/Page_Bebeclub - Membership Registration/input_Password_pass-form'

2023-08-01 15:29:01 - [TEST_STEP][PASSED] - setEncryptedText(findTestObject("Page_Bebeclub - Membership Registration/input_Konfirmasi Password_konfirmasipass-form"), "iFGeFYmXIrUhQZHvW7P22w=="): Text ****** has been set on object 'Object Repository/Page_Bebeclub - Membership Registration/input_Konfirmasi Password_konfirmasipass-form'

2023-08-01 15:29:01 - [MESSAGE][PASSED] - Text ****** has been set on object 'Object Repository/Page_Bebeclub - Membership Registration/input_Konfirmasi Password_konfirmasipass-form'

2023-08-01 15:29:01 - [TEST_STEP][PASSED] - selectOptionByLabel(findTestObject("Page_Bebeclub - Membership Registration/select_Pilih Kondisi Ibu Saat Ini"), "Belum Hamil & Tidak Mempunyai Anak", false): All options with label 'Belum Hamil & Tidak Mempunyai Anak' are selected in object 'Object Repository/Page_Bebeclub - Membership Registration/select_Pilih Kondisi Ibu Saat Ini' 

2023-08-01 15:29:01 - [MESSAGE][PASSED] - All options with label 'Belum Hamil & Tidak Mempunyai Anak' are selected in object 'Object Repository/Page_Bebeclub - Membership Registration/select_Pilih Kondisi Ibu Saat Ini' 

2023-08-01 15:29:01 - [TEST_STEP][PASSED] - click(findTestObject("Page_Bebeclub - Membership Registration/button_Kirim Kode OTP")): Object: 'Object Repository/Page_Bebeclub - Membership Registration/button_Kirim Kode OTP' is clicked on

2023-08-01 15:29:01 - [MESSAGE][PASSED] - Object: 'Object Repository/Page_Bebeclub - Membership Registration/button_Kirim Kode OTP' is clicked on

2023-08-01 15:29:01 - [TEST_STEP][PASSED] - delay(4): Delayed 4 second(s)

2023-08-01 15:29:06 - [MESSAGE][PASSED] - Delayed 4 second(s)

2023-08-01 15:29:06 - [TEST_STEP][PASSED] - verifyTextPresent("Berhasil", false): Text 'Berhasil' is present on page 

2023-08-01 15:29:06 - [MESSAGE][PASSED] - Text 'Berhasil' is present on page 

2023-08-01 15:29:06 - [TEST_STEP][PASSED] - click(findTestObject("Page_Bebeclub - Membership Registration/img")): Object: 'Object Repository/Page_Bebeclub - Membership Registration/img' is clicked on

2023-08-01 15:29:06 - [MESSAGE][PASSED] - Object: 'Object Repository/Page_Bebeclub - Membership Registration/img' is clicked on]]></system-out>
         <system-err><![CDATA[]]></system-err>
      </testcase>
      <testcase name="Test Cases/REGISTER/Prefix ID/0877 XL" time="12.561" classname="Test Cases/REGISTER/Prefix ID/0877 XL" status="PASSED">
         <system-out><![CDATA[2023-08-01 15:29:06 - [TEST_CASE][PASSED] - Test Cases/REGISTER/Prefix ID/0877 XL: Test Cases/REGISTER/Prefix ID/0877 XL

2023-08-01 15:29:06 - [TEST_STEP][PASSED] - openBrowser(""): Browser is opened with url: ''

2023-08-01 15:29:06 - [MESSAGE][WARNING] - A browser is already opened. Closing browser and opening a new one

2023-08-01 15:29:07 - [MESSAGE][INFO] - Starting 'Chrome (headless)' driver

2023-08-01 15:29:07 - [MESSAGE][INFO] - Action delay is set to 0 milliseconds

2023-08-01 15:29:08 - [MESSAGE][PASSED] - Browser is opened with url: ''

2023-08-01 15:29:08 - [TEST_STEP][PASSED] - maximizeWindow(): Current window maximized

2023-08-01 15:29:08 - [MESSAGE][PASSED] - Current window maximized

2023-08-01 15:29:08 - [TEST_STEP][PASSED] - navigateToUrl("https://bebeclub.eydendigital.co.id/membership/registration"): Navigate to 'https://bebeclub.eydendigital.co.id/membership/registration' successfully

2023-08-01 15:29:12 - [MESSAGE][PASSED] - Navigate to 'https://bebeclub.eydendigital.co.id/membership/registration' successfully

2023-08-01 15:29:12 - [TEST_STEP][PASSED] - setText(findTestObject("Page_Bebeclub - Membership Registration/input_Nama Depan_first-name-form"), "aziza"): Text 'aziza' is set on object 'Object Repository/Page_Bebeclub - Membership Registration/input_Nama Depan_first-name-form'

2023-08-01 15:29:12 - [MESSAGE][PASSED] - Text 'aziza' is set on object 'Object Repository/Page_Bebeclub - Membership Registration/input_Nama Depan_first-name-form'

2023-08-01 15:29:12 - [TEST_STEP][PASSED] - setText(findTestObject("Page_Bebeclub - Membership Registration/input_Nama Belakang_last-name-form"), "prefix"): Text 'prefix' is set on object 'Object Repository/Page_Bebeclub - Membership Registration/input_Nama Belakang_last-name-form'

2023-08-01 15:29:12 - [MESSAGE][PASSED] - Text 'prefix' is set on object 'Object Repository/Page_Bebeclub - Membership Registration/input_Nama Belakang_last-name-form'

2023-08-01 15:29:12 - [TEST_STEP][PASSED] - randomNum = generateRandomNumber(): null

2023-08-01 15:29:12 - [TEST_STEP][PASSED] - random = new java.util.Random(): null

2023-08-01 15:29:12 - [TEST_STEP][PASSED] - lastNineDigits = String.format("%09d", random.nextInt(1000000000)): null

2023-08-01 15:29:12 - [TEST_STEP][PASSED] - randomNumber = "0877" + lastNineDigits: null

2023-08-01 15:29:12 - [TEST_STEP][PASSED] - return randomNumber: null

2023-08-01 15:29:12 - [TEST_STEP][PASSED] - setText(findTestObject("Page_Bebeclub - Membership Registration/input__number-form"), randomNum): Text '0877079358542' is set on object 'Object Repository/Page_Bebeclub - Membership Registration/input__number-form'

2023-08-01 15:29:13 - [MESSAGE][PASSED] - Text '0877079358542' is set on object 'Object Repository/Page_Bebeclub - Membership Registration/input__number-form'

2023-08-01 15:29:13 - [TEST_STEP][PASSED] - setEncryptedText(findTestObject("Page_Bebeclub - Membership Registration/input_Password_pass-form"), "iFGeFYmXIrUhQZHvW7P22w=="): Text ****** has been set on object 'Object Repository/Page_Bebeclub - Membership Registration/input_Password_pass-form'

2023-08-01 15:29:13 - [MESSAGE][PASSED] - Text ****** has been set on object 'Object Repository/Page_Bebeclub - Membership Registration/input_Password_pass-form'

2023-08-01 15:29:13 - [TEST_STEP][PASSED] - setEncryptedText(findTestObject("Page_Bebeclub - Membership Registration/input_Konfirmasi Password_konfirmasipass-form"), "iFGeFYmXIrUhQZHvW7P22w=="): Text ****** has been set on object 'Object Repository/Page_Bebeclub - Membership Registration/input_Konfirmasi Password_konfirmasipass-form'

2023-08-01 15:29:13 - [MESSAGE][PASSED] - Text ****** has been set on object 'Object Repository/Page_Bebeclub - Membership Registration/input_Konfirmasi Password_konfirmasipass-form'

2023-08-01 15:29:13 - [TEST_STEP][PASSED] - selectOptionByLabel(findTestObject("Page_Bebeclub - Membership Registration/select_Pilih Kondisi Ibu Saat Ini"), "Belum Hamil & Tidak Mempunyai Anak", false): All options with label 'Belum Hamil & Tidak Mempunyai Anak' are selected in object 'Object Repository/Page_Bebeclub - Membership Registration/select_Pilih Kondisi Ibu Saat Ini' 

2023-08-01 15:29:14 - [MESSAGE][PASSED] - All options with label 'Belum Hamil & Tidak Mempunyai Anak' are selected in object 'Object Repository/Page_Bebeclub - Membership Registration/select_Pilih Kondisi Ibu Saat Ini' 

2023-08-01 15:29:14 - [TEST_STEP][PASSED] - click(findTestObject("Page_Bebeclub - Membership Registration/button_Kirim Kode OTP")): Object: 'Object Repository/Page_Bebeclub - Membership Registration/button_Kirim Kode OTP' is clicked on

2023-08-01 15:29:14 - [MESSAGE][PASSED] - Object: 'Object Repository/Page_Bebeclub - Membership Registration/button_Kirim Kode OTP' is clicked on

2023-08-01 15:29:14 - [TEST_STEP][PASSED] - delay(4): Delayed 4 second(s)

2023-08-01 15:29:18 - [MESSAGE][PASSED] - Delayed 4 second(s)

2023-08-01 15:29:18 - [TEST_STEP][PASSED] - verifyTextPresent("Berhasil", false): Text 'Berhasil' is present on page 

2023-08-01 15:29:18 - [MESSAGE][PASSED] - Text 'Berhasil' is present on page 

2023-08-01 15:29:18 - [TEST_STEP][PASSED] - click(findTestObject("Page_Bebeclub - Membership Registration/img")): Object: 'Object Repository/Page_Bebeclub - Membership Registration/img' is clicked on

2023-08-01 15:29:18 - [MESSAGE][PASSED] - Object: 'Object Repository/Page_Bebeclub - Membership Registration/img' is clicked on]]></system-out>
         <system-err><![CDATA[]]></system-err>
      </testcase>
      <testcase name="Test Cases/REGISTER/Prefix ID/0878 XL" time="12.384" classname="Test Cases/REGISTER/Prefix ID/0878 XL" status="PASSED">
         <system-out><![CDATA[2023-08-01 15:29:18 - [TEST_CASE][PASSED] - Test Cases/REGISTER/Prefix ID/0878 XL: Test Cases/REGISTER/Prefix ID/0878 XL

2023-08-01 15:29:19 - [TEST_STEP][PASSED] - openBrowser(""): Browser is opened with url: ''

2023-08-01 15:29:19 - [MESSAGE][WARNING] - A browser is already opened. Closing browser and opening a new one

2023-08-01 15:29:19 - [MESSAGE][INFO] - Starting 'Chrome (headless)' driver

2023-08-01 15:29:19 - [MESSAGE][INFO] - Action delay is set to 0 milliseconds

2023-08-01 15:29:21 - [MESSAGE][PASSED] - Browser is opened with url: ''

2023-08-01 15:29:21 - [TEST_STEP][PASSED] - maximizeWindow(): Current window maximized

2023-08-01 15:29:21 - [MESSAGE][PASSED] - Current window maximized

2023-08-01 15:29:21 - [TEST_STEP][PASSED] - navigateToUrl("https://bebeclub.eydendigital.co.id/membership/registration"): Navigate to 'https://bebeclub.eydendigital.co.id/membership/registration' successfully

2023-08-01 15:29:24 - [MESSAGE][PASSED] - Navigate to 'https://bebeclub.eydendigital.co.id/membership/registration' successfully

2023-08-01 15:29:24 - [TEST_STEP][PASSED] - setText(findTestObject("Page_Bebeclub - Membership Registration/input_Nama Depan_first-name-form"), "aziza"): Text 'aziza' is set on object 'Object Repository/Page_Bebeclub - Membership Registration/input_Nama Depan_first-name-form'

2023-08-01 15:29:24 - [MESSAGE][PASSED] - Text 'aziza' is set on object 'Object Repository/Page_Bebeclub - Membership Registration/input_Nama Depan_first-name-form'

2023-08-01 15:29:24 - [TEST_STEP][PASSED] - setText(findTestObject("Page_Bebeclub - Membership Registration/input_Nama Belakang_last-name-form"), "prefix"): Text 'prefix' is set on object 'Object Repository/Page_Bebeclub - Membership Registration/input_Nama Belakang_last-name-form'

2023-08-01 15:29:25 - [MESSAGE][PASSED] - Text 'prefix' is set on object 'Object Repository/Page_Bebeclub - Membership Registration/input_Nama Belakang_last-name-form'

2023-08-01 15:29:25 - [TEST_STEP][PASSED] - randomNum = generateRandomNumber(): null

2023-08-01 15:29:25 - [TEST_STEP][PASSED] - random = new java.util.Random(): null

2023-08-01 15:29:25 - [TEST_STEP][PASSED] - lastNineDigits = String.format("%09d", random.nextInt(1000000000)): null

2023-08-01 15:29:25 - [TEST_STEP][PASSED] - randomNumber = "0878" + lastNineDigits: null

2023-08-01 15:29:25 - [TEST_STEP][PASSED] - return randomNumber: null

2023-08-01 15:29:25 - [TEST_STEP][PASSED] - setText(findTestObject("Page_Bebeclub - Membership Registration/input__number-form"), randomNum): Text '0878107510578' is set on object 'Object Repository/Page_Bebeclub - Membership Registration/input__number-form'

2023-08-01 15:29:25 - [MESSAGE][PASSED] - Text '0878107510578' is set on object 'Object Repository/Page_Bebeclub - Membership Registration/input__number-form'

2023-08-01 15:29:25 - [TEST_STEP][PASSED] - setEncryptedText(findTestObject("Page_Bebeclub - Membership Registration/input_Password_pass-form"), "iFGeFYmXIrUhQZHvW7P22w=="): Text ****** has been set on object 'Object Repository/Page_Bebeclub - Membership Registration/input_Password_pass-form'

2023-08-01 15:29:26 - [MESSAGE][PASSED] - Text ****** has been set on object 'Object Repository/Page_Bebeclub - Membership Registration/input_Password_pass-form'

2023-08-01 15:29:26 - [TEST_STEP][PASSED] - setEncryptedText(findTestObject("Page_Bebeclub - Membership Registration/input_Konfirmasi Password_konfirmasipass-form"), "iFGeFYmXIrUhQZHvW7P22w=="): Text ****** has been set on object 'Object Repository/Page_Bebeclub - Membership Registration/input_Konfirmasi Password_konfirmasipass-form'

2023-08-01 15:29:26 - [MESSAGE][PASSED] - Text ****** has been set on object 'Object Repository/Page_Bebeclub - Membership Registration/input_Konfirmasi Password_konfirmasipass-form'

2023-08-01 15:29:26 - [TEST_STEP][PASSED] - selectOptionByLabel(findTestObject("Page_Bebeclub - Membership Registration/select_Pilih Kondisi Ibu Saat Ini"), "Belum Hamil & Tidak Mempunyai Anak", false): All options with label 'Belum Hamil & Tidak Mempunyai Anak' are selected in object 'Object Repository/Page_Bebeclub - Membership Registration/select_Pilih Kondisi Ibu Saat Ini' 

2023-08-01 15:29:26 - [MESSAGE][PASSED] - All options with label 'Belum Hamil & Tidak Mempunyai Anak' are selected in object 'Object Repository/Page_Bebeclub - Membership Registration/select_Pilih Kondisi Ibu Saat Ini' 

2023-08-01 15:29:26 - [TEST_STEP][PASSED] - click(findTestObject("Page_Bebeclub - Membership Registration/button_Kirim Kode OTP")): Object: 'Object Repository/Page_Bebeclub - Membership Registration/button_Kirim Kode OTP' is clicked on

2023-08-01 15:29:26 - [MESSAGE][PASSED] - Object: 'Object Repository/Page_Bebeclub - Membership Registration/button_Kirim Kode OTP' is clicked on

2023-08-01 15:29:26 - [TEST_STEP][PASSED] - delay(4): Delayed 4 second(s)

2023-08-01 15:29:30 - [MESSAGE][PASSED] - Delayed 4 second(s)

2023-08-01 15:29:30 - [TEST_STEP][PASSED] - verifyTextPresent("Berhasil", false): Text 'Berhasil' is present on page 

2023-08-01 15:29:31 - [MESSAGE][PASSED] - Text 'Berhasil' is present on page 

2023-08-01 15:29:31 - [TEST_STEP][PASSED] - click(findTestObject("Page_Bebeclub - Membership Registration/img")): Object: 'Object Repository/Page_Bebeclub - Membership Registration/img' is clicked on

2023-08-01 15:29:31 - [MESSAGE][PASSED] - Object: 'Object Repository/Page_Bebeclub - Membership Registration/img' is clicked on]]></system-out>
         <system-err><![CDATA[]]></system-err>
      </testcase>
      <testcase name="Test Cases/REGISTER/Prefix ID/0881 SMARTFREN" time="19.366" classname="Test Cases/REGISTER/Prefix ID/0881 SMARTFREN" status="PASSED">
         <system-out><![CDATA[2023-08-01 15:29:31 - [TEST_CASE][PASSED] - Test Cases/REGISTER/Prefix ID/0881 SMARTFREN: Test Cases/REGISTER/Prefix ID/0881 SMARTFREN

2023-08-01 15:29:31 - [TEST_STEP][PASSED] - openBrowser(""): Browser is opened with url: ''

2023-08-01 15:29:31 - [MESSAGE][WARNING] - A browser is already opened. Closing browser and opening a new one

2023-08-01 15:29:32 - [MESSAGE][INFO] - Starting 'Chrome (headless)' driver

2023-08-01 15:29:32 - [MESSAGE][INFO] - Action delay is set to 0 milliseconds

2023-08-01 15:29:33 - [MESSAGE][PASSED] - Browser is opened with url: ''

2023-08-01 15:29:33 - [TEST_STEP][PASSED] - maximizeWindow(): Current window maximized

2023-08-01 15:29:33 - [MESSAGE][PASSED] - Current window maximized

2023-08-01 15:29:33 - [TEST_STEP][PASSED] - navigateToUrl("https://bebeclub.eydendigital.co.id/membership/registration"): Navigate to 'https://bebeclub.eydendigital.co.id/membership/registration' successfully

2023-08-01 15:29:43 - [MESSAGE][PASSED] - Navigate to 'https://bebeclub.eydendigital.co.id/membership/registration' successfully

2023-08-01 15:29:43 - [TEST_STEP][PASSED] - setText(findTestObject("Page_Bebeclub - Membership Registration/input_Nama Depan_first-name-form"), "aziza"): Text 'aziza' is set on object 'Object Repository/Page_Bebeclub - Membership Registration/input_Nama Depan_first-name-form'

2023-08-01 15:29:44 - [MESSAGE][PASSED] - Text 'aziza' is set on object 'Object Repository/Page_Bebeclub - Membership Registration/input_Nama Depan_first-name-form'

2023-08-01 15:29:44 - [TEST_STEP][PASSED] - setText(findTestObject("Page_Bebeclub - Membership Registration/input_Nama Belakang_last-name-form"), "prefix"): Text 'prefix' is set on object 'Object Repository/Page_Bebeclub - Membership Registration/input_Nama Belakang_last-name-form'

2023-08-01 15:29:44 - [MESSAGE][PASSED] - Text 'prefix' is set on object 'Object Repository/Page_Bebeclub - Membership Registration/input_Nama Belakang_last-name-form'

2023-08-01 15:29:44 - [TEST_STEP][PASSED] - randomNum = generateRandomNumber(): null

2023-08-01 15:29:44 - [TEST_STEP][PASSED] - random = new java.util.Random(): null

2023-08-01 15:29:44 - [TEST_STEP][PASSED] - lastNineDigits = String.format("%09d", random.nextInt(1000000000)): null

2023-08-01 15:29:44 - [TEST_STEP][PASSED] - randomNumber = "0881" + lastNineDigits: null

2023-08-01 15:29:44 - [TEST_STEP][PASSED] - return randomNumber: null

2023-08-01 15:29:44 - [TEST_STEP][PASSED] - setText(findTestObject("Page_Bebeclub - Membership Registration/input__number-form"), randomNum): Text '0881018627393' is set on object 'Object Repository/Page_Bebeclub - Membership Registration/input__number-form'

2023-08-01 15:29:45 - [MESSAGE][PASSED] - Text '0881018627393' is set on object 'Object Repository/Page_Bebeclub - Membership Registration/input__number-form'

2023-08-01 15:29:45 - [TEST_STEP][PASSED] - setEncryptedText(findTestObject("Page_Bebeclub - Membership Registration/input_Password_pass-form"), "iFGeFYmXIrUhQZHvW7P22w=="): Text ****** has been set on object 'Object Repository/Page_Bebeclub - Membership Registration/input_Password_pass-form'

2023-08-01 15:29:45 - [MESSAGE][PASSED] - Text ****** has been set on object 'Object Repository/Page_Bebeclub - Membership Registration/input_Password_pass-form'

2023-08-01 15:29:45 - [TEST_STEP][PASSED] - setEncryptedText(findTestObject("Page_Bebeclub - Membership Registration/input_Konfirmasi Password_konfirmasipass-form"), "iFGeFYmXIrUhQZHvW7P22w=="): Text ****** has been set on object 'Object Repository/Page_Bebeclub - Membership Registration/input_Konfirmasi Password_konfirmasipass-form'

2023-08-01 15:29:45 - [MESSAGE][PASSED] - Text ****** has been set on object 'Object Repository/Page_Bebeclub - Membership Registration/input_Konfirmasi Password_konfirmasipass-form'

2023-08-01 15:29:45 - [TEST_STEP][PASSED] - selectOptionByLabel(findTestObject("Page_Bebeclub - Membership Registration/select_Pilih Kondisi Ibu Saat Ini"), "Belum Hamil & Tidak Mempunyai Anak", false): All options with label 'Belum Hamil & Tidak Mempunyai Anak' are selected in object 'Object Repository/Page_Bebeclub - Membership Registration/select_Pilih Kondisi Ibu Saat Ini' 

2023-08-01 15:29:45 - [MESSAGE][PASSED] - All options with label 'Belum Hamil & Tidak Mempunyai Anak' are selected in object 'Object Repository/Page_Bebeclub - Membership Registration/select_Pilih Kondisi Ibu Saat Ini' 

2023-08-01 15:29:45 - [TEST_STEP][PASSED] - click(findTestObject("Page_Bebeclub - Membership Registration/button_Kirim Kode OTP")): Object: 'Object Repository/Page_Bebeclub - Membership Registration/button_Kirim Kode OTP' is clicked on

2023-08-01 15:29:46 - [MESSAGE][PASSED] - Object: 'Object Repository/Page_Bebeclub - Membership Registration/button_Kirim Kode OTP' is clicked on

2023-08-01 15:29:46 - [TEST_STEP][PASSED] - delay(4): Delayed 4 second(s)

2023-08-01 15:29:50 - [MESSAGE][PASSED] - Delayed 4 second(s)

2023-08-01 15:29:50 - [TEST_STEP][PASSED] - verifyTextPresent("Berhasil", false): Text 'Berhasil' is present on page 

2023-08-01 15:29:50 - [MESSAGE][PASSED] - Text 'Berhasil' is present on page 

2023-08-01 15:29:50 - [TEST_STEP][PASSED] - click(findTestObject("Page_Bebeclub - Membership Registration/img")): Object: 'Object Repository/Page_Bebeclub - Membership Registration/img' is clicked on

2023-08-01 15:29:50 - [MESSAGE][PASSED] - Object: 'Object Repository/Page_Bebeclub - Membership Registration/img' is clicked on]]></system-out>
         <system-err><![CDATA[]]></system-err>
      </testcase>
      <testcase name="Test Cases/REGISTER/Prefix ID/0882 SMARTFREN" time="12.914" classname="Test Cases/REGISTER/Prefix ID/0882 SMARTFREN" status="PASSED">
         <system-out><![CDATA[2023-08-01 15:29:50 - [TEST_CASE][PASSED] - Test Cases/REGISTER/Prefix ID/0882 SMARTFREN: Test Cases/REGISTER/Prefix ID/0882 SMARTFREN

2023-08-01 15:29:51 - [TEST_STEP][PASSED] - openBrowser(""): Browser is opened with url: ''

2023-08-01 15:29:51 - [MESSAGE][WARNING] - A browser is already opened. Closing browser and opening a new one

2023-08-01 15:29:51 - [MESSAGE][INFO] - Starting 'Chrome (headless)' driver

2023-08-01 15:29:51 - [MESSAGE][INFO] - Action delay is set to 0 milliseconds

2023-08-01 15:29:53 - [MESSAGE][PASSED] - Browser is opened with url: ''

2023-08-01 15:29:53 - [TEST_STEP][PASSED] - maximizeWindow(): Current window maximized

2023-08-01 15:29:53 - [MESSAGE][PASSED] - Current window maximized

2023-08-01 15:29:53 - [TEST_STEP][PASSED] - navigateToUrl("https://bebeclub.eydendigital.co.id/membership/registration"): Navigate to 'https://bebeclub.eydendigital.co.id/membership/registration' successfully

2023-08-01 15:29:56 - [MESSAGE][PASSED] - Navigate to 'https://bebeclub.eydendigital.co.id/membership/registration' successfully

2023-08-01 15:29:56 - [TEST_STEP][PASSED] - click(findTestObject("Homepage/a_Register")): Object: 'Object Repository/Homepage/a_Register' is clicked on

2023-08-01 15:29:56 - [MESSAGE][PASSED] - Object: 'Object Repository/Homepage/a_Register' is clicked on

2023-08-01 15:29:56 - [TEST_STEP][PASSED] - setText(findTestObject("Page_Bebeclub - Membership Registration/input_Nama Depan_first-name-form"), "aziza"): Text 'aziza' is set on object 'Object Repository/Page_Bebeclub - Membership Registration/input_Nama Depan_first-name-form'

2023-08-01 15:29:57 - [MESSAGE][PASSED] - Text 'aziza' is set on object 'Object Repository/Page_Bebeclub - Membership Registration/input_Nama Depan_first-name-form'

2023-08-01 15:29:57 - [TEST_STEP][PASSED] - setText(findTestObject("Page_Bebeclub - Membership Registration/input_Nama Belakang_last-name-form"), "prefix"): Text 'prefix' is set on object 'Object Repository/Page_Bebeclub - Membership Registration/input_Nama Belakang_last-name-form'

2023-08-01 15:29:57 - [MESSAGE][PASSED] - Text 'prefix' is set on object 'Object Repository/Page_Bebeclub - Membership Registration/input_Nama Belakang_last-name-form'

2023-08-01 15:29:57 - [TEST_STEP][PASSED] - randomNum = generateRandomNumber(): null

2023-08-01 15:29:57 - [TEST_STEP][PASSED] - random = new java.util.Random(): null

2023-08-01 15:29:57 - [TEST_STEP][PASSED] - lastNineDigits = String.format("%09d", random.nextInt(1000000000)): null

2023-08-01 15:29:57 - [TEST_STEP][PASSED] - randomNumber = "0882" + lastNineDigits: null

2023-08-01 15:29:57 - [TEST_STEP][PASSED] - return randomNumber: null

2023-08-01 15:29:57 - [TEST_STEP][PASSED] - setText(findTestObject("Page_Bebeclub - Membership Registration/input__number-form"), randomNum): Text '0882211105942' is set on object 'Object Repository/Page_Bebeclub - Membership Registration/input__number-form'

2023-08-01 15:29:58 - [MESSAGE][PASSED] - Text '0882211105942' is set on object 'Object Repository/Page_Bebeclub - Membership Registration/input__number-form'

2023-08-01 15:29:58 - [TEST_STEP][PASSED] - setEncryptedText(findTestObject("Page_Bebeclub - Membership Registration/input_Password_pass-form"), "iFGeFYmXIrUhQZHvW7P22w=="): Text ****** has been set on object 'Object Repository/Page_Bebeclub - Membership Registration/input_Password_pass-form'

2023-08-01 15:29:58 - [MESSAGE][PASSED] - Text ****** has been set on object 'Object Repository/Page_Bebeclub - Membership Registration/input_Password_pass-form'

2023-08-01 15:29:58 - [TEST_STEP][PASSED] - setEncryptedText(findTestObject("Page_Bebeclub - Membership Registration/input_Konfirmasi Password_konfirmasipass-form"), "iFGeFYmXIrUhQZHvW7P22w=="): Text ****** has been set on object 'Object Repository/Page_Bebeclub - Membership Registration/input_Konfirmasi Password_konfirmasipass-form'

2023-08-01 15:29:58 - [MESSAGE][PASSED] - Text ****** has been set on object 'Object Repository/Page_Bebeclub - Membership Registration/input_Konfirmasi Password_konfirmasipass-form'

2023-08-01 15:29:58 - [TEST_STEP][PASSED] - selectOptionByLabel(findTestObject("Page_Bebeclub - Membership Registration/select_Pilih Kondisi Ibu Saat Ini"), "Belum Hamil & Tidak Mempunyai Anak", false): All options with label 'Belum Hamil & Tidak Mempunyai Anak' are selected in object 'Object Repository/Page_Bebeclub - Membership Registration/select_Pilih Kondisi Ibu Saat Ini' 

2023-08-01 15:29:58 - [MESSAGE][PASSED] - All options with label 'Belum Hamil & Tidak Mempunyai Anak' are selected in object 'Object Repository/Page_Bebeclub - Membership Registration/select_Pilih Kondisi Ibu Saat Ini' 

2023-08-01 15:29:58 - [TEST_STEP][PASSED] - click(findTestObject("Page_Bebeclub - Membership Registration/button_Kirim Kode OTP")): Object: 'Object Repository/Page_Bebeclub - Membership Registration/button_Kirim Kode OTP' is clicked on

2023-08-01 15:29:59 - [MESSAGE][PASSED] - Object: 'Object Repository/Page_Bebeclub - Membership Registration/button_Kirim Kode OTP' is clicked on

2023-08-01 15:29:59 - [TEST_STEP][PASSED] - delay(4): Delayed 4 second(s)

2023-08-01 15:30:03 - [MESSAGE][PASSED] - Delayed 4 second(s)

2023-08-01 15:30:03 - [TEST_STEP][PASSED] - verifyTextPresent("Berhasil", false): Text 'Berhasil' is present on page 

2023-08-01 15:30:03 - [MESSAGE][PASSED] - Text 'Berhasil' is present on page 

2023-08-01 15:30:03 - [TEST_STEP][PASSED] - click(findTestObject("Page_Bebeclub - Membership Registration/img")): Object: 'Object Repository/Page_Bebeclub - Membership Registration/img' is clicked on

2023-08-01 15:30:03 - [MESSAGE][PASSED] - Object: 'Object Repository/Page_Bebeclub - Membership Registration/img' is clicked on]]></system-out>
         <system-err><![CDATA[]]></system-err>
      </testcase>
      <testcase name="Test Cases/REGISTER/Prefix ID/0883 SMARTFREN" time="13.798" classname="Test Cases/REGISTER/Prefix ID/0883 SMARTFREN" status="PASSED">
         <system-out><![CDATA[2023-08-01 15:30:03 - [TEST_CASE][PASSED] - Test Cases/REGISTER/Prefix ID/0883 SMARTFREN: Test Cases/REGISTER/Prefix ID/0883 SMARTFREN

2023-08-01 15:30:04 - [TEST_STEP][PASSED] - openBrowser(""): Browser is opened with url: ''

2023-08-01 15:30:04 - [MESSAGE][WARNING] - A browser is already opened. Closing browser and opening a new one

2023-08-01 15:30:04 - [MESSAGE][INFO] - Starting 'Chrome (headless)' driver

2023-08-01 15:30:04 - [MESSAGE][INFO] - Action delay is set to 0 milliseconds

2023-08-01 15:30:05 - [MESSAGE][PASSED] - Browser is opened with url: ''

2023-08-01 15:30:05 - [TEST_STEP][PASSED] - maximizeWindow(): Current window maximized

2023-08-01 15:30:05 - [MESSAGE][PASSED] - Current window maximized

2023-08-01 15:30:05 - [TEST_STEP][PASSED] - navigateToUrl("https://bebeclub.eydendigital.co.id/membership/registration"): Navigate to 'https://bebeclub.eydendigital.co.id/membership/registration' successfully

2023-08-01 15:30:09 - [MESSAGE][PASSED] - Navigate to 'https://bebeclub.eydendigital.co.id/membership/registration' successfully

2023-08-01 15:30:09 - [TEST_STEP][PASSED] - click(findTestObject("Homepage/a_Register")): Object: 'Object Repository/Homepage/a_Register' is clicked on

2023-08-01 15:30:11 - [MESSAGE][PASSED] - Object: 'Object Repository/Homepage/a_Register' is clicked on

2023-08-01 15:30:11 - [TEST_STEP][PASSED] - setText(findTestObject("Page_Bebeclub - Membership Registration/input_Nama Depan_first-name-form"), "aziza"): Text 'aziza' is set on object 'Object Repository/Page_Bebeclub - Membership Registration/input_Nama Depan_first-name-form'

2023-08-01 15:30:11 - [MESSAGE][PASSED] - Text 'aziza' is set on object 'Object Repository/Page_Bebeclub - Membership Registration/input_Nama Depan_first-name-form'

2023-08-01 15:30:11 - [TEST_STEP][PASSED] - setText(findTestObject("Page_Bebeclub - Membership Registration/input_Nama Belakang_last-name-form"), "prefix"): Text 'prefix' is set on object 'Object Repository/Page_Bebeclub - Membership Registration/input_Nama Belakang_last-name-form'

2023-08-01 15:30:11 - [MESSAGE][PASSED] - Text 'prefix' is set on object 'Object Repository/Page_Bebeclub - Membership Registration/input_Nama Belakang_last-name-form'

2023-08-01 15:30:11 - [TEST_STEP][PASSED] - randomNum = generateRandomNumber(): null

2023-08-01 15:30:11 - [TEST_STEP][PASSED] - random = new java.util.Random(): null

2023-08-01 15:30:11 - [TEST_STEP][PASSED] - lastNineDigits = String.format("%09d", random.nextInt(1000000000)): null

2023-08-01 15:30:11 - [TEST_STEP][PASSED] - randomNumber = "0883" + lastNineDigits: null

2023-08-01 15:30:11 - [TEST_STEP][PASSED] - return randomNumber: null

2023-08-01 15:30:11 - [TEST_STEP][PASSED] - setText(findTestObject("Page_Bebeclub - Membership Registration/input__number-form"), randomNum): Text '0883790720584' is set on object 'Object Repository/Page_Bebeclub - Membership Registration/input__number-form'

2023-08-01 15:30:12 - [MESSAGE][PASSED] - Text '0883790720584' is set on object 'Object Repository/Page_Bebeclub - Membership Registration/input__number-form'

2023-08-01 15:30:12 - [TEST_STEP][PASSED] - setEncryptedText(findTestObject("Page_Bebeclub - Membership Registration/input_Password_pass-form"), "iFGeFYmXIrUhQZHvW7P22w=="): Text ****** has been set on object 'Object Repository/Page_Bebeclub - Membership Registration/input_Password_pass-form'

2023-08-01 15:30:12 - [MESSAGE][PASSED] - Text ****** has been set on object 'Object Repository/Page_Bebeclub - Membership Registration/input_Password_pass-form'

2023-08-01 15:30:12 - [TEST_STEP][PASSED] - setEncryptedText(findTestObject("Page_Bebeclub - Membership Registration/input_Konfirmasi Password_konfirmasipass-form"), "iFGeFYmXIrUhQZHvW7P22w=="): Text ****** has been set on object 'Object Repository/Page_Bebeclub - Membership Registration/input_Konfirmasi Password_konfirmasipass-form'

2023-08-01 15:30:12 - [MESSAGE][PASSED] - Text ****** has been set on object 'Object Repository/Page_Bebeclub - Membership Registration/input_Konfirmasi Password_konfirmasipass-form'

2023-08-01 15:30:12 - [TEST_STEP][PASSED] - selectOptionByLabel(findTestObject("Page_Bebeclub - Membership Registration/select_Pilih Kondisi Ibu Saat Ini"), "Belum Hamil & Tidak Mempunyai Anak", false): All options with label 'Belum Hamil & Tidak Mempunyai Anak' are selected in object 'Object Repository/Page_Bebeclub - Membership Registration/select_Pilih Kondisi Ibu Saat Ini' 

2023-08-01 15:30:12 - [MESSAGE][PASSED] - All options with label 'Belum Hamil & Tidak Mempunyai Anak' are selected in object 'Object Repository/Page_Bebeclub - Membership Registration/select_Pilih Kondisi Ibu Saat Ini' 

2023-08-01 15:30:12 - [TEST_STEP][PASSED] - click(findTestObject("Page_Bebeclub - Membership Registration/button_Kirim Kode OTP")): Object: 'Object Repository/Page_Bebeclub - Membership Registration/button_Kirim Kode OTP' is clicked on

2023-08-01 15:30:12 - [MESSAGE][PASSED] - Object: 'Object Repository/Page_Bebeclub - Membership Registration/button_Kirim Kode OTP' is clicked on

2023-08-01 15:30:12 - [TEST_STEP][PASSED] - delay(4): Delayed 4 second(s)

2023-08-01 15:30:16 - [MESSAGE][PASSED] - Delayed 4 second(s)

2023-08-01 15:30:16 - [TEST_STEP][PASSED] - verifyTextPresent("Berhasil", false): Text 'Berhasil' is present on page 

2023-08-01 15:30:17 - [MESSAGE][PASSED] - Text 'Berhasil' is present on page 

2023-08-01 15:30:17 - [TEST_STEP][PASSED] - click(findTestObject("Page_Bebeclub - Membership Registration/img")): Object: 'Object Repository/Page_Bebeclub - Membership Registration/img' is clicked on

2023-08-01 15:30:17 - [MESSAGE][PASSED] - Object: 'Object Repository/Page_Bebeclub - Membership Registration/img' is clicked on]]></system-out>
         <system-err><![CDATA[]]></system-err>
      </testcase>
      <testcase name="Test Cases/REGISTER/Prefix ID/0884 SMARTFREN" time="23.083" classname="Test Cases/REGISTER/Prefix ID/0884 SMARTFREN" status="PASSED">
         <system-out><![CDATA[2023-08-01 15:30:17 - [TEST_CASE][PASSED] - Test Cases/REGISTER/Prefix ID/0884 SMARTFREN: Test Cases/REGISTER/Prefix ID/0884 SMARTFREN

2023-08-01 15:30:17 - [TEST_STEP][PASSED] - openBrowser(""): Browser is opened with url: ''

2023-08-01 15:30:17 - [MESSAGE][WARNING] - A browser is already opened. Closing browser and opening a new one

2023-08-01 15:30:18 - [MESSAGE][INFO] - Starting 'Chrome (headless)' driver

2023-08-01 15:30:18 - [MESSAGE][INFO] - Action delay is set to 0 milliseconds

2023-08-01 15:30:19 - [MESSAGE][PASSED] - Browser is opened with url: ''

2023-08-01 15:30:19 - [TEST_STEP][PASSED] - maximizeWindow(): Current window maximized

2023-08-01 15:30:19 - [MESSAGE][PASSED] - Current window maximized

2023-08-01 15:30:19 - [TEST_STEP][PASSED] - navigateToUrl("https://bebeclub.eydendigital.co.id/membership/registration"): Navigate to 'https://bebeclub.eydendigital.co.id/membership/registration' successfully

2023-08-01 15:30:32 - [MESSAGE][PASSED] - Navigate to 'https://bebeclub.eydendigital.co.id/membership/registration' successfully

2023-08-01 15:30:32 - [TEST_STEP][PASSED] - click(findTestObject("Homepage/a_Register")): Object: 'Object Repository/Homepage/a_Register' is clicked on

2023-08-01 15:30:33 - [MESSAGE][PASSED] - Object: 'Object Repository/Homepage/a_Register' is clicked on

2023-08-01 15:30:33 - [TEST_STEP][PASSED] - setText(findTestObject("Page_Bebeclub - Membership Registration/input_Nama Depan_first-name-form"), "aziza"): Text 'aziza' is set on object 'Object Repository/Page_Bebeclub - Membership Registration/input_Nama Depan_first-name-form'

2023-08-01 15:30:34 - [MESSAGE][PASSED] - Text 'aziza' is set on object 'Object Repository/Page_Bebeclub - Membership Registration/input_Nama Depan_first-name-form'

2023-08-01 15:30:34 - [TEST_STEP][PASSED] - setText(findTestObject("Page_Bebeclub - Membership Registration/input_Nama Belakang_last-name-form"), "prefix"): Text 'prefix' is set on object 'Object Repository/Page_Bebeclub - Membership Registration/input_Nama Belakang_last-name-form'

2023-08-01 15:30:34 - [MESSAGE][PASSED] - Text 'prefix' is set on object 'Object Repository/Page_Bebeclub - Membership Registration/input_Nama Belakang_last-name-form'

2023-08-01 15:30:34 - [TEST_STEP][PASSED] - randomNum = generateRandomNumber(): null

2023-08-01 15:30:34 - [TEST_STEP][PASSED] - random = new java.util.Random(): null

2023-08-01 15:30:34 - [TEST_STEP][PASSED] - lastNineDigits = String.format("%09d", random.nextInt(1000000000)): null

2023-08-01 15:30:34 - [TEST_STEP][PASSED] - randomNumber = "0884" + lastNineDigits: null

2023-08-01 15:30:34 - [TEST_STEP][PASSED] - return randomNumber: null

2023-08-01 15:30:34 - [TEST_STEP][PASSED] - setText(findTestObject("Page_Bebeclub - Membership Registration/input__number-form"), randomNum): Text '0884998890950' is set on object 'Object Repository/Page_Bebeclub - Membership Registration/input__number-form'

2023-08-01 15:30:34 - [MESSAGE][PASSED] - Text '0884998890950' is set on object 'Object Repository/Page_Bebeclub - Membership Registration/input__number-form'

2023-08-01 15:30:34 - [TEST_STEP][PASSED] - setEncryptedText(findTestObject("Page_Bebeclub - Membership Registration/input_Password_pass-form"), "iFGeFYmXIrUhQZHvW7P22w=="): Text ****** has been set on object 'Object Repository/Page_Bebeclub - Membership Registration/input_Password_pass-form'

2023-08-01 15:30:35 - [MESSAGE][PASSED] - Text ****** has been set on object 'Object Repository/Page_Bebeclub - Membership Registration/input_Password_pass-form'

2023-08-01 15:30:35 - [TEST_STEP][PASSED] - setEncryptedText(findTestObject("Page_Bebeclub - Membership Registration/input_Konfirmasi Password_konfirmasipass-form"), "iFGeFYmXIrUhQZHvW7P22w=="): Text ****** has been set on object 'Object Repository/Page_Bebeclub - Membership Registration/input_Konfirmasi Password_konfirmasipass-form'

2023-08-01 15:30:35 - [MESSAGE][PASSED] - Text ****** has been set on object 'Object Repository/Page_Bebeclub - Membership Registration/input_Konfirmasi Password_konfirmasipass-form'

2023-08-01 15:30:35 - [TEST_STEP][PASSED] - selectOptionByLabel(findTestObject("Page_Bebeclub - Membership Registration/select_Pilih Kondisi Ibu Saat Ini"), "Belum Hamil & Tidak Mempunyai Anak", false): All options with label 'Belum Hamil & Tidak Mempunyai Anak' are selected in object 'Object Repository/Page_Bebeclub - Membership Registration/select_Pilih Kondisi Ibu Saat Ini' 

2023-08-01 15:30:35 - [MESSAGE][PASSED] - All options with label 'Belum Hamil & Tidak Mempunyai Anak' are selected in object 'Object Repository/Page_Bebeclub - Membership Registration/select_Pilih Kondisi Ibu Saat Ini' 

2023-08-01 15:30:35 - [TEST_STEP][PASSED] - click(findTestObject("Page_Bebeclub - Membership Registration/button_Kirim Kode OTP")): Object: 'Object Repository/Page_Bebeclub - Membership Registration/button_Kirim Kode OTP' is clicked on

2023-08-01 15:30:36 - [MESSAGE][PASSED] - Object: 'Object Repository/Page_Bebeclub - Membership Registration/button_Kirim Kode OTP' is clicked on

2023-08-01 15:30:36 - [TEST_STEP][PASSED] - delay(4): Delayed 4 second(s)

2023-08-01 15:30:40 - [MESSAGE][PASSED] - Delayed 4 second(s)

2023-08-01 15:30:40 - [TEST_STEP][PASSED] - verifyTextPresent("Berhasil", false): Text 'Berhasil' is present on page 

2023-08-01 15:30:40 - [MESSAGE][PASSED] - Text 'Berhasil' is present on page 

2023-08-01 15:30:40 - [TEST_STEP][PASSED] - click(findTestObject("Page_Bebeclub - Membership Registration/img")): Object: 'Object Repository/Page_Bebeclub - Membership Registration/img' is clicked on

2023-08-01 15:30:40 - [MESSAGE][PASSED] - Object: 'Object Repository/Page_Bebeclub - Membership Registration/img' is clicked on]]></system-out>
         <system-err><![CDATA[]]></system-err>
      </testcase>
      <testcase name="Test Cases/REGISTER/Prefix ID/0885 SMARTFREN" time="14.271" classname="Test Cases/REGISTER/Prefix ID/0885 SMARTFREN" status="PASSED">
         <system-out><![CDATA[2023-08-01 15:30:40 - [TEST_CASE][PASSED] - Test Cases/REGISTER/Prefix ID/0885 SMARTFREN: Test Cases/REGISTER/Prefix ID/0885 SMARTFREN

2023-08-01 15:30:40 - [TEST_STEP][PASSED] - openBrowser(""): Browser is opened with url: ''

2023-08-01 15:30:40 - [MESSAGE][WARNING] - A browser is already opened. Closing browser and opening a new one

2023-08-01 15:30:41 - [MESSAGE][INFO] - Starting 'Chrome (headless)' driver

2023-08-01 15:30:41 - [MESSAGE][INFO] - Action delay is set to 0 milliseconds

2023-08-01 15:30:42 - [MESSAGE][PASSED] - Browser is opened with url: ''

2023-08-01 15:30:42 - [TEST_STEP][PASSED] - maximizeWindow(): Current window maximized

2023-08-01 15:30:42 - [MESSAGE][PASSED] - Current window maximized

2023-08-01 15:30:42 - [TEST_STEP][PASSED] - navigateToUrl("https://bebeclub.eydendigital.co.id/membership/registration"): Navigate to 'https://bebeclub.eydendigital.co.id/membership/registration' successfully

2023-08-01 15:30:47 - [MESSAGE][PASSED] - Navigate to 'https://bebeclub.eydendigital.co.id/membership/registration' successfully

2023-08-01 15:30:47 - [TEST_STEP][PASSED] - click(findTestObject("Homepage/a_Register")): Object: 'Object Repository/Homepage/a_Register' is clicked on

2023-08-01 15:30:48 - [MESSAGE][PASSED] - Object: 'Object Repository/Homepage/a_Register' is clicked on

2023-08-01 15:30:48 - [TEST_STEP][PASSED] - setText(findTestObject("Page_Bebeclub - Membership Registration/input_Nama Depan_first-name-form"), "aziza"): Text 'aziza' is set on object 'Object Repository/Page_Bebeclub - Membership Registration/input_Nama Depan_first-name-form'

2023-08-01 15:30:48 - [MESSAGE][PASSED] - Text 'aziza' is set on object 'Object Repository/Page_Bebeclub - Membership Registration/input_Nama Depan_first-name-form'

2023-08-01 15:30:48 - [TEST_STEP][PASSED] - setText(findTestObject("Page_Bebeclub - Membership Registration/input_Nama Belakang_last-name-form"), "prefix"): Text 'prefix' is set on object 'Object Repository/Page_Bebeclub - Membership Registration/input_Nama Belakang_last-name-form'

2023-08-01 15:30:48 - [MESSAGE][PASSED] - Text 'prefix' is set on object 'Object Repository/Page_Bebeclub - Membership Registration/input_Nama Belakang_last-name-form'

2023-08-01 15:30:48 - [TEST_STEP][PASSED] - randomNum = generateRandomNumber(): null

2023-08-01 15:30:48 - [TEST_STEP][PASSED] - random = new java.util.Random(): null

2023-08-01 15:30:48 - [TEST_STEP][PASSED] - lastNineDigits = String.format("%09d", random.nextInt(1000000000)): null

2023-08-01 15:30:48 - [TEST_STEP][PASSED] - randomNumber = "0885" + lastNineDigits: null

2023-08-01 15:30:48 - [TEST_STEP][PASSED] - return randomNumber: null

2023-08-01 15:30:48 - [TEST_STEP][PASSED] - setText(findTestObject("Page_Bebeclub - Membership Registration/input__number-form"), randomNum): Text '0885352135271' is set on object 'Object Repository/Page_Bebeclub - Membership Registration/input__number-form'

2023-08-01 15:30:49 - [MESSAGE][PASSED] - Text '0885352135271' is set on object 'Object Repository/Page_Bebeclub - Membership Registration/input__number-form'

2023-08-01 15:30:49 - [TEST_STEP][PASSED] - setEncryptedText(findTestObject("Page_Bebeclub - Membership Registration/input_Password_pass-form"), "iFGeFYmXIrUhQZHvW7P22w=="): Text ****** has been set on object 'Object Repository/Page_Bebeclub - Membership Registration/input_Password_pass-form'

2023-08-01 15:30:49 - [MESSAGE][PASSED] - Text ****** has been set on object 'Object Repository/Page_Bebeclub - Membership Registration/input_Password_pass-form'

2023-08-01 15:30:49 - [TEST_STEP][PASSED] - setEncryptedText(findTestObject("Page_Bebeclub - Membership Registration/input_Konfirmasi Password_konfirmasipass-form"), "iFGeFYmXIrUhQZHvW7P22w=="): Text ****** has been set on object 'Object Repository/Page_Bebeclub - Membership Registration/input_Konfirmasi Password_konfirmasipass-form'

2023-08-01 15:30:49 - [MESSAGE][PASSED] - Text ****** has been set on object 'Object Repository/Page_Bebeclub - Membership Registration/input_Konfirmasi Password_konfirmasipass-form'

2023-08-01 15:30:49 - [TEST_STEP][PASSED] - selectOptionByLabel(findTestObject("Page_Bebeclub - Membership Registration/select_Pilih Kondisi Ibu Saat Ini"), "Belum Hamil & Tidak Mempunyai Anak", false): All options with label 'Belum Hamil & Tidak Mempunyai Anak' are selected in object 'Object Repository/Page_Bebeclub - Membership Registration/select_Pilih Kondisi Ibu Saat Ini' 

2023-08-01 15:30:50 - [MESSAGE][PASSED] - All options with label 'Belum Hamil & Tidak Mempunyai Anak' are selected in object 'Object Repository/Page_Bebeclub - Membership Registration/select_Pilih Kondisi Ibu Saat Ini' 

2023-08-01 15:30:50 - [TEST_STEP][PASSED] - click(findTestObject("Page_Bebeclub - Membership Registration/button_Kirim Kode OTP")): Object: 'Object Repository/Page_Bebeclub - Membership Registration/button_Kirim Kode OTP' is clicked on

2023-08-01 15:30:50 - [MESSAGE][PASSED] - Object: 'Object Repository/Page_Bebeclub - Membership Registration/button_Kirim Kode OTP' is clicked on

2023-08-01 15:30:50 - [TEST_STEP][PASSED] - delay(4): Delayed 4 second(s)

2023-08-01 15:30:54 - [MESSAGE][PASSED] - Delayed 4 second(s)

2023-08-01 15:30:54 - [TEST_STEP][PASSED] - verifyTextPresent("Berhasil", false): Text 'Berhasil' is present on page 

2023-08-01 15:30:54 - [MESSAGE][PASSED] - Text 'Berhasil' is present on page 

2023-08-01 15:30:54 - [TEST_STEP][PASSED] - click(findTestObject("Page_Bebeclub - Membership Registration/img")): Object: 'Object Repository/Page_Bebeclub - Membership Registration/img' is clicked on

2023-08-01 15:30:54 - [MESSAGE][PASSED] - Object: 'Object Repository/Page_Bebeclub - Membership Registration/img' is clicked on]]></system-out>
         <system-err><![CDATA[]]></system-err>
      </testcase>
      <testcase name="Test Cases/REGISTER/Prefix ID/0886 SMARTFREN" time="25.309" classname="Test Cases/REGISTER/Prefix ID/0886 SMARTFREN" status="PASSED">
         <system-out><![CDATA[2023-08-01 15:30:54 - [TEST_CASE][PASSED] - Test Cases/REGISTER/Prefix ID/0886 SMARTFREN: Test Cases/REGISTER/Prefix ID/0886 SMARTFREN

2023-08-01 15:30:55 - [TEST_STEP][PASSED] - openBrowser(""): Browser is opened with url: ''

2023-08-01 15:30:55 - [MESSAGE][WARNING] - A browser is already opened. Closing browser and opening a new one

2023-08-01 15:30:55 - [MESSAGE][INFO] - Starting 'Chrome (headless)' driver

2023-08-01 15:30:55 - [MESSAGE][INFO] - Action delay is set to 0 milliseconds

2023-08-01 15:30:57 - [MESSAGE][PASSED] - Browser is opened with url: ''

2023-08-01 15:30:57 - [TEST_STEP][PASSED] - maximizeWindow(): Current window maximized

2023-08-01 15:30:57 - [MESSAGE][PASSED] - Current window maximized

2023-08-01 15:30:57 - [TEST_STEP][PASSED] - navigateToUrl("https://bebeclub.eydendigital.co.id/membership/registration"): Navigate to 'https://bebeclub.eydendigital.co.id/membership/registration' successfully

2023-08-01 15:31:12 - [MESSAGE][PASSED] - Navigate to 'https://bebeclub.eydendigital.co.id/membership/registration' successfully

2023-08-01 15:31:12 - [TEST_STEP][PASSED] - click(findTestObject("Homepage/a_Register")): Object: 'Object Repository/Homepage/a_Register' is clicked on

2023-08-01 15:31:13 - [MESSAGE][PASSED] - Object: 'Object Repository/Homepage/a_Register' is clicked on

2023-08-01 15:31:13 - [TEST_STEP][PASSED] - setText(findTestObject("Page_Bebeclub - Membership Registration/input_Nama Depan_first-name-form"), "aziza"): Text 'aziza' is set on object 'Object Repository/Page_Bebeclub - Membership Registration/input_Nama Depan_first-name-form'

2023-08-01 15:31:13 - [MESSAGE][PASSED] - Text 'aziza' is set on object 'Object Repository/Page_Bebeclub - Membership Registration/input_Nama Depan_first-name-form'

2023-08-01 15:31:13 - [TEST_STEP][PASSED] - setText(findTestObject("Page_Bebeclub - Membership Registration/input_Nama Belakang_last-name-form"), "prefix"): Text 'prefix' is set on object 'Object Repository/Page_Bebeclub - Membership Registration/input_Nama Belakang_last-name-form'

2023-08-01 15:31:14 - [MESSAGE][PASSED] - Text 'prefix' is set on object 'Object Repository/Page_Bebeclub - Membership Registration/input_Nama Belakang_last-name-form'

2023-08-01 15:31:14 - [TEST_STEP][PASSED] - randomNum = generateRandomNumber(): null

2023-08-01 15:31:14 - [TEST_STEP][PASSED] - random = new java.util.Random(): null

2023-08-01 15:31:14 - [TEST_STEP][PASSED] - lastNineDigits = String.format("%09d", random.nextInt(1000000000)): null

2023-08-01 15:31:14 - [TEST_STEP][PASSED] - randomNumber = "0886" + lastNineDigits: null

2023-08-01 15:31:14 - [TEST_STEP][PASSED] - return randomNumber: null

2023-08-01 15:31:14 - [TEST_STEP][PASSED] - setText(findTestObject("Page_Bebeclub - Membership Registration/input__number-form"), randomNum): Text '0886695609368' is set on object 'Object Repository/Page_Bebeclub - Membership Registration/input__number-form'

2023-08-01 15:31:14 - [MESSAGE][PASSED] - Text '0886695609368' is set on object 'Object Repository/Page_Bebeclub - Membership Registration/input__number-form'

2023-08-01 15:31:14 - [TEST_STEP][PASSED] - setEncryptedText(findTestObject("Page_Bebeclub - Membership Registration/input_Password_pass-form"), "iFGeFYmXIrUhQZHvW7P22w=="): Text ****** has been set on object 'Object Repository/Page_Bebeclub - Membership Registration/input_Password_pass-form'

2023-08-01 15:31:14 - [MESSAGE][PASSED] - Text ****** has been set on object 'Object Repository/Page_Bebeclub - Membership Registration/input_Password_pass-form'

2023-08-01 15:31:14 - [TEST_STEP][PASSED] - setEncryptedText(findTestObject("Page_Bebeclub - Membership Registration/input_Konfirmasi Password_konfirmasipass-form"), "iFGeFYmXIrUhQZHvW7P22w=="): Text ****** has been set on object 'Object Repository/Page_Bebeclub - Membership Registration/input_Konfirmasi Password_konfirmasipass-form'

2023-08-01 15:31:15 - [MESSAGE][PASSED] - Text ****** has been set on object 'Object Repository/Page_Bebeclub - Membership Registration/input_Konfirmasi Password_konfirmasipass-form'

2023-08-01 15:31:15 - [TEST_STEP][PASSED] - selectOptionByLabel(findTestObject("Page_Bebeclub - Membership Registration/select_Pilih Kondisi Ibu Saat Ini"), "Belum Hamil & Tidak Mempunyai Anak", false): All options with label 'Belum Hamil & Tidak Mempunyai Anak' are selected in object 'Object Repository/Page_Bebeclub - Membership Registration/select_Pilih Kondisi Ibu Saat Ini' 

2023-08-01 15:31:15 - [MESSAGE][PASSED] - All options with label 'Belum Hamil & Tidak Mempunyai Anak' are selected in object 'Object Repository/Page_Bebeclub - Membership Registration/select_Pilih Kondisi Ibu Saat Ini' 

2023-08-01 15:31:15 - [TEST_STEP][PASSED] - click(findTestObject("Page_Bebeclub - Membership Registration/button_Kirim Kode OTP")): Object: 'Object Repository/Page_Bebeclub - Membership Registration/button_Kirim Kode OTP' is clicked on

2023-08-01 15:31:15 - [MESSAGE][PASSED] - Object: 'Object Repository/Page_Bebeclub - Membership Registration/button_Kirim Kode OTP' is clicked on

2023-08-01 15:31:15 - [TEST_STEP][PASSED] - delay(4): Delayed 4 second(s)

2023-08-01 15:31:19 - [MESSAGE][PASSED] - Delayed 4 second(s)

2023-08-01 15:31:19 - [TEST_STEP][PASSED] - verifyTextPresent("Berhasil", false): Text 'Berhasil' is present on page 

2023-08-01 15:31:19 - [MESSAGE][PASSED] - Text 'Berhasil' is present on page 

2023-08-01 15:31:19 - [TEST_STEP][PASSED] - click(findTestObject("Page_Bebeclub - Membership Registration/img")): Object: 'Object Repository/Page_Bebeclub - Membership Registration/img' is clicked on

2023-08-01 15:31:20 - [MESSAGE][PASSED] - Object: 'Object Repository/Page_Bebeclub - Membership Registration/img' is clicked on]]></system-out>
         <system-err><![CDATA[]]></system-err>
      </testcase>
      <testcase name="Test Cases/REGISTER/Prefix ID/0887 SMARTFREN" time="12.977" classname="Test Cases/REGISTER/Prefix ID/0887 SMARTFREN" status="PASSED">
         <system-out><![CDATA[2023-08-01 15:31:20 - [TEST_CASE][PASSED] - Test Cases/REGISTER/Prefix ID/0887 SMARTFREN: Test Cases/REGISTER/Prefix ID/0887 SMARTFREN

2023-08-01 15:31:20 - [TEST_STEP][PASSED] - openBrowser(""): Browser is opened with url: ''

2023-08-01 15:31:20 - [MESSAGE][WARNING] - A browser is already opened. Closing browser and opening a new one

2023-08-01 15:31:21 - [MESSAGE][INFO] - Starting 'Chrome (headless)' driver

2023-08-01 15:31:21 - [MESSAGE][INFO] - Action delay is set to 0 milliseconds

2023-08-01 15:31:22 - [MESSAGE][PASSED] - Browser is opened with url: ''

2023-08-01 15:31:22 - [TEST_STEP][PASSED] - maximizeWindow(): Current window maximized

2023-08-01 15:31:22 - [MESSAGE][PASSED] - Current window maximized

2023-08-01 15:31:22 - [TEST_STEP][PASSED] - navigateToUrl("https://bebeclub.eydendigital.co.id/membership/registration"): Navigate to 'https://bebeclub.eydendigital.co.id/membership/registration' successfully

2023-08-01 15:31:25 - [MESSAGE][PASSED] - Navigate to 'https://bebeclub.eydendigital.co.id/membership/registration' successfully

2023-08-01 15:31:25 - [TEST_STEP][PASSED] - click(findTestObject("Homepage/a_Register")): Object: 'Object Repository/Homepage/a_Register' is clicked on

2023-08-01 15:31:26 - [MESSAGE][PASSED] - Object: 'Object Repository/Homepage/a_Register' is clicked on

2023-08-01 15:31:26 - [TEST_STEP][PASSED] - setText(findTestObject("Page_Bebeclub - Membership Registration/input_Nama Depan_first-name-form"), "aziza"): Text 'aziza' is set on object 'Object Repository/Page_Bebeclub - Membership Registration/input_Nama Depan_first-name-form'

2023-08-01 15:31:27 - [MESSAGE][PASSED] - Text 'aziza' is set on object 'Object Repository/Page_Bebeclub - Membership Registration/input_Nama Depan_first-name-form'

2023-08-01 15:31:27 - [TEST_STEP][PASSED] - setText(findTestObject("Page_Bebeclub - Membership Registration/input_Nama Belakang_last-name-form"), "prefix"): Text 'prefix' is set on object 'Object Repository/Page_Bebeclub - Membership Registration/input_Nama Belakang_last-name-form'

2023-08-01 15:31:27 - [MESSAGE][PASSED] - Text 'prefix' is set on object 'Object Repository/Page_Bebeclub - Membership Registration/input_Nama Belakang_last-name-form'

2023-08-01 15:31:27 - [TEST_STEP][PASSED] - randomNum = generateRandomNumber(): null

2023-08-01 15:31:27 - [TEST_STEP][PASSED] - random = new java.util.Random(): null

2023-08-01 15:31:27 - [TEST_STEP][PASSED] - lastNineDigits = String.format("%09d", random.nextInt(1000000000)): null

2023-08-01 15:31:27 - [TEST_STEP][PASSED] - randomNumber = "0887" + lastNineDigits: null

2023-08-01 15:31:27 - [TEST_STEP][PASSED] - return randomNumber: null

2023-08-01 15:31:27 - [TEST_STEP][PASSED] - setText(findTestObject("Page_Bebeclub - Membership Registration/input__number-form"), randomNum): Text '0887385280227' is set on object 'Object Repository/Page_Bebeclub - Membership Registration/input__number-form'

2023-08-01 15:31:27 - [MESSAGE][PASSED] - Text '0887385280227' is set on object 'Object Repository/Page_Bebeclub - Membership Registration/input__number-form'

2023-08-01 15:31:27 - [TEST_STEP][PASSED] - setEncryptedText(findTestObject("Page_Bebeclub - Membership Registration/input_Password_pass-form"), "iFGeFYmXIrUhQZHvW7P22w=="): Text ****** has been set on object 'Object Repository/Page_Bebeclub - Membership Registration/input_Password_pass-form'

2023-08-01 15:31:27 - [MESSAGE][PASSED] - Text ****** has been set on object 'Object Repository/Page_Bebeclub - Membership Registration/input_Password_pass-form'

2023-08-01 15:31:27 - [TEST_STEP][PASSED] - setEncryptedText(findTestObject("Page_Bebeclub - Membership Registration/input_Konfirmasi Password_konfirmasipass-form"), "iFGeFYmXIrUhQZHvW7P22w=="): Text ****** has been set on object 'Object Repository/Page_Bebeclub - Membership Registration/input_Konfirmasi Password_konfirmasipass-form'

2023-08-01 15:31:28 - [MESSAGE][PASSED] - Text ****** has been set on object 'Object Repository/Page_Bebeclub - Membership Registration/input_Konfirmasi Password_konfirmasipass-form'

2023-08-01 15:31:28 - [TEST_STEP][PASSED] - selectOptionByLabel(findTestObject("Page_Bebeclub - Membership Registration/select_Pilih Kondisi Ibu Saat Ini"), "Belum Hamil & Tidak Mempunyai Anak", false): All options with label 'Belum Hamil & Tidak Mempunyai Anak' are selected in object 'Object Repository/Page_Bebeclub - Membership Registration/select_Pilih Kondisi Ibu Saat Ini' 

2023-08-01 15:31:28 - [MESSAGE][PASSED] - All options with label 'Belum Hamil & Tidak Mempunyai Anak' are selected in object 'Object Repository/Page_Bebeclub - Membership Registration/select_Pilih Kondisi Ibu Saat Ini' 

2023-08-01 15:31:28 - [TEST_STEP][PASSED] - click(findTestObject("Page_Bebeclub - Membership Registration/button_Kirim Kode OTP")): Object: 'Object Repository/Page_Bebeclub - Membership Registration/button_Kirim Kode OTP' is clicked on

2023-08-01 15:31:28 - [MESSAGE][PASSED] - Object: 'Object Repository/Page_Bebeclub - Membership Registration/button_Kirim Kode OTP' is clicked on

2023-08-01 15:31:28 - [TEST_STEP][PASSED] - delay(4): Delayed 4 second(s)

2023-08-01 15:31:32 - [MESSAGE][PASSED] - Delayed 4 second(s)

2023-08-01 15:31:32 - [TEST_STEP][PASSED] - verifyTextPresent("Berhasil", false): Text 'Berhasil' is present on page 

2023-08-01 15:31:32 - [MESSAGE][PASSED] - Text 'Berhasil' is present on page 

2023-08-01 15:31:32 - [TEST_STEP][PASSED] - click(findTestObject("Page_Bebeclub - Membership Registration/img")): Object: 'Object Repository/Page_Bebeclub - Membership Registration/img' is clicked on

2023-08-01 15:31:33 - [MESSAGE][PASSED] - Object: 'Object Repository/Page_Bebeclub - Membership Registration/img' is clicked on]]></system-out>
         <system-err><![CDATA[]]></system-err>
      </testcase>
      <testcase name="Test Cases/REGISTER/Prefix ID/0888 SMARTFREN" time="13.67" classname="Test Cases/REGISTER/Prefix ID/0888 SMARTFREN" status="PASSED">
         <system-out><![CDATA[2023-08-01 15:31:33 - [TEST_CASE][PASSED] - Test Cases/REGISTER/Prefix ID/0888 SMARTFREN: Test Cases/REGISTER/Prefix ID/0888 SMARTFREN

2023-08-01 15:31:33 - [TEST_STEP][PASSED] - openBrowser(""): Browser is opened with url: ''

2023-08-01 15:31:33 - [MESSAGE][WARNING] - A browser is already opened. Closing browser and opening a new one

2023-08-01 15:31:34 - [MESSAGE][INFO] - Starting 'Chrome (headless)' driver

2023-08-01 15:31:34 - [MESSAGE][INFO] - Action delay is set to 0 milliseconds

2023-08-01 15:31:35 - [MESSAGE][PASSED] - Browser is opened with url: ''

2023-08-01 15:31:35 - [TEST_STEP][PASSED] - maximizeWindow(): Current window maximized

2023-08-01 15:31:35 - [MESSAGE][PASSED] - Current window maximized

2023-08-01 15:31:35 - [TEST_STEP][PASSED] - navigateToUrl("https://bebeclub.eydendigital.co.id/membership/registration"): Navigate to 'https://bebeclub.eydendigital.co.id/membership/registration' successfully

2023-08-01 15:31:39 - [MESSAGE][PASSED] - Navigate to 'https://bebeclub.eydendigital.co.id/membership/registration' successfully

2023-08-01 15:31:39 - [TEST_STEP][PASSED] - click(findTestObject("Homepage/a_Register")): Object: 'Object Repository/Homepage/a_Register' is clicked on

2023-08-01 15:31:40 - [MESSAGE][PASSED] - Object: 'Object Repository/Homepage/a_Register' is clicked on

2023-08-01 15:31:40 - [TEST_STEP][PASSED] - setText(findTestObject("Page_Bebeclub - Membership Registration/input_Nama Depan_first-name-form"), "aziza"): Text 'aziza' is set on object 'Object Repository/Page_Bebeclub - Membership Registration/input_Nama Depan_first-name-form'

2023-08-01 15:31:40 - [MESSAGE][PASSED] - Text 'aziza' is set on object 'Object Repository/Page_Bebeclub - Membership Registration/input_Nama Depan_first-name-form'

2023-08-01 15:31:40 - [TEST_STEP][PASSED] - setText(findTestObject("Page_Bebeclub - Membership Registration/input_Nama Belakang_last-name-form"), "prefix"): Text 'prefix' is set on object 'Object Repository/Page_Bebeclub - Membership Registration/input_Nama Belakang_last-name-form'

2023-08-01 15:31:40 - [MESSAGE][PASSED] - Text 'prefix' is set on object 'Object Repository/Page_Bebeclub - Membership Registration/input_Nama Belakang_last-name-form'

2023-08-01 15:31:40 - [TEST_STEP][PASSED] - randomNum = generateRandomNumber(): null

2023-08-01 15:31:40 - [TEST_STEP][PASSED] - random = new java.util.Random(): null

2023-08-01 15:31:40 - [TEST_STEP][PASSED] - lastNineDigits = String.format("%09d", random.nextInt(1000000000)): null

2023-08-01 15:31:40 - [TEST_STEP][PASSED] - randomNumber = "0888" + lastNineDigits: null

2023-08-01 15:31:40 - [TEST_STEP][PASSED] - return randomNumber: null

2023-08-01 15:31:40 - [TEST_STEP][PASSED] - setText(findTestObject("Page_Bebeclub - Membership Registration/input__number-form"), randomNum): Text '0888822255195' is set on object 'Object Repository/Page_Bebeclub - Membership Registration/input__number-form'

2023-08-01 15:31:41 - [MESSAGE][PASSED] - Text '0888822255195' is set on object 'Object Repository/Page_Bebeclub - Membership Registration/input__number-form'

2023-08-01 15:31:41 - [TEST_STEP][PASSED] - setEncryptedText(findTestObject("Page_Bebeclub - Membership Registration/input_Password_pass-form"), "iFGeFYmXIrUhQZHvW7P22w=="): Text ****** has been set on object 'Object Repository/Page_Bebeclub - Membership Registration/input_Password_pass-form'

2023-08-01 15:31:41 - [MESSAGE][PASSED] - Text ****** has been set on object 'Object Repository/Page_Bebeclub - Membership Registration/input_Password_pass-form'

2023-08-01 15:31:41 - [TEST_STEP][PASSED] - setEncryptedText(findTestObject("Page_Bebeclub - Membership Registration/input_Konfirmasi Password_konfirmasipass-form"), "iFGeFYmXIrUhQZHvW7P22w=="): Text ****** has been set on object 'Object Repository/Page_Bebeclub - Membership Registration/input_Konfirmasi Password_konfirmasipass-form'

2023-08-01 15:31:41 - [MESSAGE][PASSED] - Text ****** has been set on object 'Object Repository/Page_Bebeclub - Membership Registration/input_Konfirmasi Password_konfirmasipass-form'

2023-08-01 15:31:41 - [TEST_STEP][PASSED] - selectOptionByLabel(findTestObject("Page_Bebeclub - Membership Registration/select_Pilih Kondisi Ibu Saat Ini"), "Belum Hamil & Tidak Mempunyai Anak", false): All options with label 'Belum Hamil & Tidak Mempunyai Anak' are selected in object 'Object Repository/Page_Bebeclub - Membership Registration/select_Pilih Kondisi Ibu Saat Ini' 

2023-08-01 15:31:42 - [MESSAGE][PASSED] - All options with label 'Belum Hamil & Tidak Mempunyai Anak' are selected in object 'Object Repository/Page_Bebeclub - Membership Registration/select_Pilih Kondisi Ibu Saat Ini' 

2023-08-01 15:31:42 - [TEST_STEP][PASSED] - click(findTestObject("Page_Bebeclub - Membership Registration/button_Kirim Kode OTP")): Object: 'Object Repository/Page_Bebeclub - Membership Registration/button_Kirim Kode OTP' is clicked on

2023-08-01 15:31:42 - [MESSAGE][PASSED] - Object: 'Object Repository/Page_Bebeclub - Membership Registration/button_Kirim Kode OTP' is clicked on

2023-08-01 15:31:42 - [TEST_STEP][PASSED] - delay(4): Delayed 4 second(s)

2023-08-01 15:31:46 - [MESSAGE][PASSED] - Delayed 4 second(s)

2023-08-01 15:31:46 - [TEST_STEP][PASSED] - verifyTextPresent("Berhasil", false): Text 'Berhasil' is present on page 

2023-08-01 15:31:46 - [MESSAGE][PASSED] - Text 'Berhasil' is present on page 

2023-08-01 15:31:46 - [TEST_STEP][PASSED] - click(findTestObject("Page_Bebeclub - Membership Registration/img")): Object: 'Object Repository/Page_Bebeclub - Membership Registration/img' is clicked on

2023-08-01 15:31:46 - [MESSAGE][PASSED] - Object: 'Object Repository/Page_Bebeclub - Membership Registration/img' is clicked on]]></system-out>
         <system-err><![CDATA[]]></system-err>
      </testcase>
      <testcase name="Test Cases/REGISTER/Prefix ID/0889 SMARTFREN" time="12.916" classname="Test Cases/REGISTER/Prefix ID/0889 SMARTFREN" status="PASSED">
         <system-out><![CDATA[2023-08-01 15:31:46 - [TEST_CASE][PASSED] - Test Cases/REGISTER/Prefix ID/0889 SMARTFREN: Test Cases/REGISTER/Prefix ID/0889 SMARTFREN

2023-08-01 15:31:47 - [TEST_STEP][PASSED] - openBrowser(""): Browser is opened with url: ''

2023-08-01 15:31:47 - [MESSAGE][WARNING] - A browser is already opened. Closing browser and opening a new one

2023-08-01 15:31:47 - [MESSAGE][INFO] - Starting 'Chrome (headless)' driver

2023-08-01 15:31:47 - [MESSAGE][INFO] - Action delay is set to 0 milliseconds

2023-08-01 15:31:49 - [MESSAGE][PASSED] - Browser is opened with url: ''

2023-08-01 15:31:49 - [TEST_STEP][PASSED] - maximizeWindow(): Current window maximized

2023-08-01 15:31:49 - [MESSAGE][PASSED] - Current window maximized

2023-08-01 15:31:49 - [TEST_STEP][PASSED] - navigateToUrl("https://bebeclub.eydendigital.co.id/membership/registration"): Navigate to 'https://bebeclub.eydendigital.co.id/membership/registration' successfully

2023-08-01 15:31:52 - [MESSAGE][PASSED] - Navigate to 'https://bebeclub.eydendigital.co.id/membership/registration' successfully

2023-08-01 15:31:52 - [TEST_STEP][PASSED] - click(findTestObject("Homepage/a_Register")): Object: 'Object Repository/Homepage/a_Register' is clicked on

2023-08-01 15:31:53 - [MESSAGE][PASSED] - Object: 'Object Repository/Homepage/a_Register' is clicked on

2023-08-01 15:31:53 - [TEST_STEP][PASSED] - setText(findTestObject("Page_Bebeclub - Membership Registration/input_Nama Depan_first-name-form"), "aziza"): Text 'aziza' is set on object 'Object Repository/Page_Bebeclub - Membership Registration/input_Nama Depan_first-name-form'

2023-08-01 15:31:53 - [MESSAGE][PASSED] - Text 'aziza' is set on object 'Object Repository/Page_Bebeclub - Membership Registration/input_Nama Depan_first-name-form'

2023-08-01 15:31:53 - [TEST_STEP][PASSED] - setText(findTestObject("Page_Bebeclub - Membership Registration/input_Nama Belakang_last-name-form"), "prefix"): Text 'prefix' is set on object 'Object Repository/Page_Bebeclub - Membership Registration/input_Nama Belakang_last-name-form'

2023-08-01 15:31:54 - [MESSAGE][PASSED] - Text 'prefix' is set on object 'Object Repository/Page_Bebeclub - Membership Registration/input_Nama Belakang_last-name-form'

2023-08-01 15:31:54 - [TEST_STEP][PASSED] - randomNum = generateRandomNumber(): null

2023-08-01 15:31:54 - [TEST_STEP][PASSED] - random = new java.util.Random(): null

2023-08-01 15:31:54 - [TEST_STEP][PASSED] - lastNineDigits = String.format("%09d", random.nextInt(1000000000)): null

2023-08-01 15:31:54 - [TEST_STEP][PASSED] - randomNumber = "0889" + lastNineDigits: null

2023-08-01 15:31:54 - [TEST_STEP][PASSED] - return randomNumber: null

2023-08-01 15:31:54 - [TEST_STEP][PASSED] - setText(findTestObject("Page_Bebeclub - Membership Registration/input__number-form"), randomNum): Text '0889162807598' is set on object 'Object Repository/Page_Bebeclub - Membership Registration/input__number-form'

2023-08-01 15:31:54 - [MESSAGE][PASSED] - Text '0889162807598' is set on object 'Object Repository/Page_Bebeclub - Membership Registration/input__number-form'

2023-08-01 15:31:54 - [TEST_STEP][PASSED] - setEncryptedText(findTestObject("Page_Bebeclub - Membership Registration/input_Password_pass-form"), "iFGeFYmXIrUhQZHvW7P22w=="): Text ****** has been set on object 'Object Repository/Page_Bebeclub - Membership Registration/input_Password_pass-form'

2023-08-01 15:31:54 - [MESSAGE][PASSED] - Text ****** has been set on object 'Object Repository/Page_Bebeclub - Membership Registration/input_Password_pass-form'

2023-08-01 15:31:54 - [TEST_STEP][PASSED] - setEncryptedText(findTestObject("Page_Bebeclub - Membership Registration/input_Konfirmasi Password_konfirmasipass-form"), "iFGeFYmXIrUhQZHvW7P22w=="): Text ****** has been set on object 'Object Repository/Page_Bebeclub - Membership Registration/input_Konfirmasi Password_konfirmasipass-form'

2023-08-01 15:31:54 - [MESSAGE][PASSED] - Text ****** has been set on object 'Object Repository/Page_Bebeclub - Membership Registration/input_Konfirmasi Password_konfirmasipass-form'

2023-08-01 15:31:54 - [TEST_STEP][PASSED] - selectOptionByLabel(findTestObject("Page_Bebeclub - Membership Registration/select_Pilih Kondisi Ibu Saat Ini"), "Belum Hamil & Tidak Mempunyai Anak", false): All options with label 'Belum Hamil & Tidak Mempunyai Anak' are selected in object 'Object Repository/Page_Bebeclub - Membership Registration/select_Pilih Kondisi Ibu Saat Ini' 

2023-08-01 15:31:55 - [MESSAGE][PASSED] - All options with label 'Belum Hamil & Tidak Mempunyai Anak' are selected in object 'Object Repository/Page_Bebeclub - Membership Registration/select_Pilih Kondisi Ibu Saat Ini' 

2023-08-01 15:31:55 - [TEST_STEP][PASSED] - click(findTestObject("Page_Bebeclub - Membership Registration/button_Kirim Kode OTP")): Object: 'Object Repository/Page_Bebeclub - Membership Registration/button_Kirim Kode OTP' is clicked on

2023-08-01 15:31:55 - [MESSAGE][PASSED] - Object: 'Object Repository/Page_Bebeclub - Membership Registration/button_Kirim Kode OTP' is clicked on

2023-08-01 15:31:55 - [TEST_STEP][PASSED] - delay(4): Delayed 4 second(s)

2023-08-01 15:31:59 - [MESSAGE][PASSED] - Delayed 4 second(s)

2023-08-01 15:31:59 - [TEST_STEP][PASSED] - verifyTextPresent("Berhasil", false): Text 'Berhasil' is present on page 

2023-08-01 15:31:59 - [MESSAGE][PASSED] - Text 'Berhasil' is present on page 

2023-08-01 15:31:59 - [TEST_STEP][PASSED] - click(findTestObject("Page_Bebeclub - Membership Registration/img")): Object: 'Object Repository/Page_Bebeclub - Membership Registration/img' is clicked on

2023-08-01 15:31:59 - [MESSAGE][PASSED] - Object: 'Object Repository/Page_Bebeclub - Membership Registration/img' is clicked on]]></system-out>
         <system-err><![CDATA[]]></system-err>
      </testcase>
      <testcase name="Test Cases/REGISTER/Prefix ID/0895 TRI" time="21.78" classname="Test Cases/REGISTER/Prefix ID/0895 TRI" status="PASSED">
         <system-out><![CDATA[2023-08-01 15:31:59 - [TEST_CASE][PASSED] - Test Cases/REGISTER/Prefix ID/0895 TRI: Test Cases/REGISTER/Prefix ID/0895 TRI

2023-08-01 15:32:00 - [TEST_STEP][PASSED] - openBrowser(""): Browser is opened with url: ''

2023-08-01 15:32:00 - [MESSAGE][WARNING] - A browser is already opened. Closing browser and opening a new one

2023-08-01 15:32:00 - [MESSAGE][INFO] - Starting 'Chrome (headless)' driver

2023-08-01 15:32:00 - [MESSAGE][INFO] - Action delay is set to 0 milliseconds

2023-08-01 15:32:02 - [MESSAGE][PASSED] - Browser is opened with url: ''

2023-08-01 15:32:02 - [TEST_STEP][PASSED] - maximizeWindow(): Current window maximized

2023-08-01 15:32:02 - [MESSAGE][PASSED] - Current window maximized

2023-08-01 15:32:02 - [TEST_STEP][PASSED] - navigateToUrl("https://bebeclub.eydendigital.co.id/membership/registration"): Navigate to 'https://bebeclub.eydendigital.co.id/membership/registration' successfully

2023-08-01 15:32:13 - [MESSAGE][PASSED] - Navigate to 'https://bebeclub.eydendigital.co.id/membership/registration' successfully

2023-08-01 15:32:13 - [TEST_STEP][PASSED] - click(findTestObject("Homepage/a_Register")): Object: 'Object Repository/Homepage/a_Register' is clicked on

2023-08-01 15:32:14 - [MESSAGE][PASSED] - Object: 'Object Repository/Homepage/a_Register' is clicked on

2023-08-01 15:32:14 - [TEST_STEP][PASSED] - setText(findTestObject("Page_Bebeclub - Membership Registration/input_Nama Depan_first-name-form"), "aziza"): Text 'aziza' is set on object 'Object Repository/Page_Bebeclub - Membership Registration/input_Nama Depan_first-name-form'

2023-08-01 15:32:15 - [MESSAGE][PASSED] - Text 'aziza' is set on object 'Object Repository/Page_Bebeclub - Membership Registration/input_Nama Depan_first-name-form'

2023-08-01 15:32:15 - [TEST_STEP][PASSED] - setText(findTestObject("Page_Bebeclub - Membership Registration/input_Nama Belakang_last-name-form"), "prefix"): Text 'prefix' is set on object 'Object Repository/Page_Bebeclub - Membership Registration/input_Nama Belakang_last-name-form'

2023-08-01 15:32:15 - [MESSAGE][PASSED] - Text 'prefix' is set on object 'Object Repository/Page_Bebeclub - Membership Registration/input_Nama Belakang_last-name-form'

2023-08-01 15:32:15 - [TEST_STEP][PASSED] - randomNum = generateRandomNumber(): null

2023-08-01 15:32:15 - [TEST_STEP][PASSED] - random = new java.util.Random(): null

2023-08-01 15:32:15 - [TEST_STEP][PASSED] - lastNineDigits = String.format("%09d", random.nextInt(1000000000)): null

2023-08-01 15:32:15 - [TEST_STEP][PASSED] - randomNumber = "0895" + lastNineDigits: null

2023-08-01 15:32:15 - [TEST_STEP][PASSED] - return randomNumber: null

2023-08-01 15:32:15 - [TEST_STEP][PASSED] - setText(findTestObject("Page_Bebeclub - Membership Registration/input__number-form"), randomNum): Text '0895739808726' is set on object 'Object Repository/Page_Bebeclub - Membership Registration/input__number-form'

2023-08-01 15:32:16 - [MESSAGE][PASSED] - Text '0895739808726' is set on object 'Object Repository/Page_Bebeclub - Membership Registration/input__number-form'

2023-08-01 15:32:16 - [TEST_STEP][PASSED] - setEncryptedText(findTestObject("Page_Bebeclub - Membership Registration/input_Password_pass-form"), "iFGeFYmXIrUhQZHvW7P22w=="): Text ****** has been set on object 'Object Repository/Page_Bebeclub - Membership Registration/input_Password_pass-form'

2023-08-01 15:32:16 - [MESSAGE][PASSED] - Text ****** has been set on object 'Object Repository/Page_Bebeclub - Membership Registration/input_Password_pass-form'

2023-08-01 15:32:16 - [TEST_STEP][PASSED] - setEncryptedText(findTestObject("Page_Bebeclub - Membership Registration/input_Konfirmasi Password_konfirmasipass-form"), "iFGeFYmXIrUhQZHvW7P22w=="): Text ****** has been set on object 'Object Repository/Page_Bebeclub - Membership Registration/input_Konfirmasi Password_konfirmasipass-form'

2023-08-01 15:32:16 - [MESSAGE][PASSED] - Text ****** has been set on object 'Object Repository/Page_Bebeclub - Membership Registration/input_Konfirmasi Password_konfirmasipass-form'

2023-08-01 15:32:16 - [TEST_STEP][PASSED] - selectOptionByLabel(findTestObject("Page_Bebeclub - Membership Registration/select_Pilih Kondisi Ibu Saat Ini"), "Belum Hamil & Tidak Mempunyai Anak", false): All options with label 'Belum Hamil & Tidak Mempunyai Anak' are selected in object 'Object Repository/Page_Bebeclub - Membership Registration/select_Pilih Kondisi Ibu Saat Ini' 

2023-08-01 15:32:16 - [MESSAGE][PASSED] - All options with label 'Belum Hamil & Tidak Mempunyai Anak' are selected in object 'Object Repository/Page_Bebeclub - Membership Registration/select_Pilih Kondisi Ibu Saat Ini' 

2023-08-01 15:32:16 - [TEST_STEP][PASSED] - click(findTestObject("Page_Bebeclub - Membership Registration/button_Kirim Kode OTP")): Object: 'Object Repository/Page_Bebeclub - Membership Registration/button_Kirim Kode OTP' is clicked on

2023-08-01 15:32:17 - [MESSAGE][PASSED] - Object: 'Object Repository/Page_Bebeclub - Membership Registration/button_Kirim Kode OTP' is clicked on

2023-08-01 15:32:17 - [TEST_STEP][PASSED] - delay(4): Delayed 4 second(s)

2023-08-01 15:32:21 - [MESSAGE][PASSED] - Delayed 4 second(s)

2023-08-01 15:32:21 - [TEST_STEP][PASSED] - verifyTextPresent("Berhasil", false): Text 'Berhasil' is present on page 

2023-08-01 15:32:21 - [MESSAGE][PASSED] - Text 'Berhasil' is present on page 

2023-08-01 15:32:21 - [TEST_STEP][PASSED] - click(findTestObject("Page_Bebeclub - Membership Registration/img")): Object: 'Object Repository/Page_Bebeclub - Membership Registration/img' is clicked on

2023-08-01 15:32:21 - [MESSAGE][PASSED] - Object: 'Object Repository/Page_Bebeclub - Membership Registration/img' is clicked on]]></system-out>
         <system-err><![CDATA[]]></system-err>
      </testcase>
      <testcase name="Test Cases/REGISTER/Prefix ID/0896 TRI" time="16.609" classname="Test Cases/REGISTER/Prefix ID/0896 TRI" status="PASSED">
         <system-out><![CDATA[2023-08-01 15:32:21 - [TEST_CASE][PASSED] - Test Cases/REGISTER/Prefix ID/0896 TRI: Test Cases/REGISTER/Prefix ID/0896 TRI

2023-08-01 15:32:21 - [TEST_STEP][PASSED] - openBrowser(""): Browser is opened with url: ''

2023-08-01 15:32:21 - [MESSAGE][WARNING] - A browser is already opened. Closing browser and opening a new one

2023-08-01 15:32:22 - [MESSAGE][INFO] - Starting 'Chrome (headless)' driver

2023-08-01 15:32:22 - [MESSAGE][INFO] - Action delay is set to 0 milliseconds

2023-08-01 15:32:23 - [MESSAGE][PASSED] - Browser is opened with url: ''

2023-08-01 15:32:23 - [TEST_STEP][PASSED] - maximizeWindow(): Current window maximized

2023-08-01 15:32:23 - [MESSAGE][PASSED] - Current window maximized

2023-08-01 15:32:23 - [TEST_STEP][PASSED] - navigateToUrl("https://bebeclub.eydendigital.co.id/membership/registration"): Navigate to 'https://bebeclub.eydendigital.co.id/membership/registration' successfully

2023-08-01 15:32:30 - [MESSAGE][PASSED] - Navigate to 'https://bebeclub.eydendigital.co.id/membership/registration' successfully

2023-08-01 15:32:30 - [TEST_STEP][PASSED] - click(findTestObject("Homepage/a_Register")): Object: 'Object Repository/Homepage/a_Register' is clicked on

2023-08-01 15:32:31 - [MESSAGE][PASSED] - Object: 'Object Repository/Homepage/a_Register' is clicked on

2023-08-01 15:32:31 - [TEST_STEP][PASSED] - setText(findTestObject("Page_Bebeclub - Membership Registration/input_Nama Depan_first-name-form"), "aziza"): Text 'aziza' is set on object 'Object Repository/Page_Bebeclub - Membership Registration/input_Nama Depan_first-name-form'

2023-08-01 15:32:32 - [MESSAGE][PASSED] - Text 'aziza' is set on object 'Object Repository/Page_Bebeclub - Membership Registration/input_Nama Depan_first-name-form'

2023-08-01 15:32:32 - [TEST_STEP][PASSED] - setText(findTestObject("Page_Bebeclub - Membership Registration/input_Nama Belakang_last-name-form"), "prefix"): Text 'prefix' is set on object 'Object Repository/Page_Bebeclub - Membership Registration/input_Nama Belakang_last-name-form'

2023-08-01 15:32:32 - [MESSAGE][PASSED] - Text 'prefix' is set on object 'Object Repository/Page_Bebeclub - Membership Registration/input_Nama Belakang_last-name-form'

2023-08-01 15:32:32 - [TEST_STEP][PASSED] - randomNum = generateRandomNumber(): null

2023-08-01 15:32:32 - [TEST_STEP][PASSED] - random = new java.util.Random(): null

2023-08-01 15:32:32 - [TEST_STEP][PASSED] - lastNineDigits = String.format("%09d", random.nextInt(1000000000)): null

2023-08-01 15:32:32 - [TEST_STEP][PASSED] - randomNumber = "0896" + lastNineDigits: null

2023-08-01 15:32:32 - [TEST_STEP][PASSED] - return randomNumber: null

2023-08-01 15:32:32 - [TEST_STEP][PASSED] - setText(findTestObject("Page_Bebeclub - Membership Registration/input__number-form"), randomNum): Text '0896065075627' is set on object 'Object Repository/Page_Bebeclub - Membership Registration/input__number-form'

2023-08-01 15:32:32 - [MESSAGE][PASSED] - Text '0896065075627' is set on object 'Object Repository/Page_Bebeclub - Membership Registration/input__number-form'

2023-08-01 15:32:32 - [TEST_STEP][PASSED] - setEncryptedText(findTestObject("Page_Bebeclub - Membership Registration/input_Password_pass-form"), "iFGeFYmXIrUhQZHvW7P22w=="): Text ****** has been set on object 'Object Repository/Page_Bebeclub - Membership Registration/input_Password_pass-form'

2023-08-01 15:32:33 - [MESSAGE][PASSED] - Text ****** has been set on object 'Object Repository/Page_Bebeclub - Membership Registration/input_Password_pass-form'

2023-08-01 15:32:33 - [TEST_STEP][PASSED] - setEncryptedText(findTestObject("Page_Bebeclub - Membership Registration/input_Konfirmasi Password_konfirmasipass-form"), "iFGeFYmXIrUhQZHvW7P22w=="): Text ****** has been set on object 'Object Repository/Page_Bebeclub - Membership Registration/input_Konfirmasi Password_konfirmasipass-form'

2023-08-01 15:32:33 - [MESSAGE][PASSED] - Text ****** has been set on object 'Object Repository/Page_Bebeclub - Membership Registration/input_Konfirmasi Password_konfirmasipass-form'

2023-08-01 15:32:33 - [TEST_STEP][PASSED] - selectOptionByLabel(findTestObject("Page_Bebeclub - Membership Registration/select_Pilih Kondisi Ibu Saat Ini"), "Belum Hamil & Tidak Mempunyai Anak", false): All options with label 'Belum Hamil & Tidak Mempunyai Anak' are selected in object 'Object Repository/Page_Bebeclub - Membership Registration/select_Pilih Kondisi Ibu Saat Ini' 

2023-08-01 15:32:33 - [MESSAGE][PASSED] - All options with label 'Belum Hamil & Tidak Mempunyai Anak' are selected in object 'Object Repository/Page_Bebeclub - Membership Registration/select_Pilih Kondisi Ibu Saat Ini' 

2023-08-01 15:32:33 - [TEST_STEP][PASSED] - click(findTestObject("Page_Bebeclub - Membership Registration/button_Kirim Kode OTP")): Object: 'Object Repository/Page_Bebeclub - Membership Registration/button_Kirim Kode OTP' is clicked on

2023-08-01 15:32:33 - [MESSAGE][PASSED] - Object: 'Object Repository/Page_Bebeclub - Membership Registration/button_Kirim Kode OTP' is clicked on

2023-08-01 15:32:33 - [TEST_STEP][PASSED] - delay(4): Delayed 4 second(s)

2023-08-01 15:32:37 - [MESSAGE][PASSED] - Delayed 4 second(s)

2023-08-01 15:32:37 - [TEST_STEP][PASSED] - verifyTextPresent("Berhasil", false): Text 'Berhasil' is present on page 

2023-08-01 15:32:37 - [MESSAGE][PASSED] - Text 'Berhasil' is present on page 

2023-08-01 15:32:37 - [TEST_STEP][PASSED] - click(findTestObject("Page_Bebeclub - Membership Registration/img")): Object: 'Object Repository/Page_Bebeclub - Membership Registration/img' is clicked on

2023-08-01 15:32:38 - [MESSAGE][PASSED] - Object: 'Object Repository/Page_Bebeclub - Membership Registration/img' is clicked on]]></system-out>
         <system-err><![CDATA[]]></system-err>
      </testcase>
      <testcase name="Test Cases/REGISTER/Prefix ID/0897 TRI" time="18.281" classname="Test Cases/REGISTER/Prefix ID/0897 TRI" status="PASSED">
         <system-out><![CDATA[2023-08-01 15:32:38 - [TEST_CASE][PASSED] - Test Cases/REGISTER/Prefix ID/0897 TRI: Test Cases/REGISTER/Prefix ID/0897 TRI

2023-08-01 15:32:38 - [TEST_STEP][PASSED] - openBrowser(""): Browser is opened with url: ''

2023-08-01 15:32:38 - [MESSAGE][WARNING] - A browser is already opened. Closing browser and opening a new one

2023-08-01 15:32:39 - [MESSAGE][INFO] - Starting 'Chrome (headless)' driver

2023-08-01 15:32:39 - [MESSAGE][INFO] - Action delay is set to 0 milliseconds

2023-08-01 15:32:40 - [MESSAGE][PASSED] - Browser is opened with url: ''

2023-08-01 15:32:40 - [TEST_STEP][PASSED] - maximizeWindow(): Current window maximized

2023-08-01 15:32:40 - [MESSAGE][PASSED] - Current window maximized

2023-08-01 15:32:40 - [TEST_STEP][PASSED] - navigateToUrl("https://bebeclub.eydendigital.co.id/membership/registration"): Navigate to 'https://bebeclub.eydendigital.co.id/membership/registration' successfully

2023-08-01 15:32:48 - [MESSAGE][PASSED] - Navigate to 'https://bebeclub.eydendigital.co.id/membership/registration' successfully

2023-08-01 15:32:48 - [TEST_STEP][PASSED] - click(findTestObject("Homepage/a_Register")): Object: 'Object Repository/Homepage/a_Register' is clicked on

2023-08-01 15:32:49 - [MESSAGE][PASSED] - Object: 'Object Repository/Homepage/a_Register' is clicked on

2023-08-01 15:32:49 - [TEST_STEP][PASSED] - setText(findTestObject("Page_Bebeclub - Membership Registration/input_Nama Depan_first-name-form"), "aziza"): Text 'aziza' is set on object 'Object Repository/Page_Bebeclub - Membership Registration/input_Nama Depan_first-name-form'

2023-08-01 15:32:50 - [MESSAGE][PASSED] - Text 'aziza' is set on object 'Object Repository/Page_Bebeclub - Membership Registration/input_Nama Depan_first-name-form'

2023-08-01 15:32:50 - [TEST_STEP][PASSED] - setText(findTestObject("Page_Bebeclub - Membership Registration/input_Nama Belakang_last-name-form"), "prefix"): Text 'prefix' is set on object 'Object Repository/Page_Bebeclub - Membership Registration/input_Nama Belakang_last-name-form'

2023-08-01 15:32:50 - [MESSAGE][PASSED] - Text 'prefix' is set on object 'Object Repository/Page_Bebeclub - Membership Registration/input_Nama Belakang_last-name-form'

2023-08-01 15:32:50 - [TEST_STEP][PASSED] - randomNum = generateRandomNumber(): null

2023-08-01 15:32:50 - [TEST_STEP][PASSED] - random = new java.util.Random(): null

2023-08-01 15:32:50 - [TEST_STEP][PASSED] - lastNineDigits = String.format("%09d", random.nextInt(1000000000)): null

2023-08-01 15:32:50 - [TEST_STEP][PASSED] - randomNumber = "0897" + lastNineDigits: null

2023-08-01 15:32:50 - [TEST_STEP][PASSED] - return randomNumber: null

2023-08-01 15:32:50 - [TEST_STEP][PASSED] - setText(findTestObject("Page_Bebeclub - Membership Registration/input__number-form"), randomNum): Text '0897496055478' is set on object 'Object Repository/Page_Bebeclub - Membership Registration/input__number-form'

2023-08-01 15:32:50 - [MESSAGE][PASSED] - Text '0897496055478' is set on object 'Object Repository/Page_Bebeclub - Membership Registration/input__number-form'

2023-08-01 15:32:50 - [TEST_STEP][PASSED] - setEncryptedText(findTestObject("Page_Bebeclub - Membership Registration/input_Password_pass-form"), "iFGeFYmXIrUhQZHvW7P22w=="): Text ****** has been set on object 'Object Repository/Page_Bebeclub - Membership Registration/input_Password_pass-form'

2023-08-01 15:32:51 - [MESSAGE][PASSED] - Text ****** has been set on object 'Object Repository/Page_Bebeclub - Membership Registration/input_Password_pass-form'

2023-08-01 15:32:51 - [TEST_STEP][PASSED] - setEncryptedText(findTestObject("Page_Bebeclub - Membership Registration/input_Konfirmasi Password_konfirmasipass-form"), "iFGeFYmXIrUhQZHvW7P22w=="): Text ****** has been set on object 'Object Repository/Page_Bebeclub - Membership Registration/input_Konfirmasi Password_konfirmasipass-form'

2023-08-01 15:32:51 - [MESSAGE][PASSED] - Text ****** has been set on object 'Object Repository/Page_Bebeclub - Membership Registration/input_Konfirmasi Password_konfirmasipass-form'

2023-08-01 15:32:51 - [TEST_STEP][PASSED] - selectOptionByLabel(findTestObject("Page_Bebeclub - Membership Registration/select_Pilih Kondisi Ibu Saat Ini"), "Belum Hamil & Tidak Mempunyai Anak", false): All options with label 'Belum Hamil & Tidak Mempunyai Anak' are selected in object 'Object Repository/Page_Bebeclub - Membership Registration/select_Pilih Kondisi Ibu Saat Ini' 

2023-08-01 15:32:51 - [MESSAGE][PASSED] - All options with label 'Belum Hamil & Tidak Mempunyai Anak' are selected in object 'Object Repository/Page_Bebeclub - Membership Registration/select_Pilih Kondisi Ibu Saat Ini' 

2023-08-01 15:32:51 - [TEST_STEP][PASSED] - click(findTestObject("Page_Bebeclub - Membership Registration/button_Kirim Kode OTP")): Object: 'Object Repository/Page_Bebeclub - Membership Registration/button_Kirim Kode OTP' is clicked on

2023-08-01 15:32:52 - [MESSAGE][PASSED] - Object: 'Object Repository/Page_Bebeclub - Membership Registration/button_Kirim Kode OTP' is clicked on

2023-08-01 15:32:52 - [TEST_STEP][PASSED] - delay(4): Delayed 4 second(s)

2023-08-01 15:32:56 - [MESSAGE][PASSED] - Delayed 4 second(s)

2023-08-01 15:32:56 - [TEST_STEP][PASSED] - verifyTextPresent("Berhasil", false): Text 'Berhasil' is present on page 

2023-08-01 15:32:56 - [MESSAGE][PASSED] - Text 'Berhasil' is present on page 

2023-08-01 15:32:56 - [TEST_STEP][PASSED] - click(findTestObject("Page_Bebeclub - Membership Registration/img")): Object: 'Object Repository/Page_Bebeclub - Membership Registration/img' is clicked on

2023-08-01 15:32:56 - [MESSAGE][PASSED] - Object: 'Object Repository/Page_Bebeclub - Membership Registration/img' is clicked on]]></system-out>
         <system-err><![CDATA[]]></system-err>
      </testcase>
      <testcase name="Test Cases/REGISTER/Prefix ID/0898 TRI" time="13.346" classname="Test Cases/REGISTER/Prefix ID/0898 TRI" status="PASSED">
         <system-out><![CDATA[2023-08-01 15:32:56 - [TEST_CASE][PASSED] - Test Cases/REGISTER/Prefix ID/0898 TRI: Test Cases/REGISTER/Prefix ID/0898 TRI

2023-08-01 15:32:56 - [TEST_STEP][PASSED] - openBrowser(""): Browser is opened with url: ''

2023-08-01 15:32:56 - [MESSAGE][WARNING] - A browser is already opened. Closing browser and opening a new one

2023-08-01 15:32:57 - [MESSAGE][INFO] - Starting 'Chrome (headless)' driver

2023-08-01 15:32:57 - [MESSAGE][INFO] - Action delay is set to 0 milliseconds

2023-08-01 15:32:58 - [MESSAGE][PASSED] - Browser is opened with url: ''

2023-08-01 15:32:58 - [TEST_STEP][PASSED] - maximizeWindow(): Current window maximized

2023-08-01 15:32:58 - [MESSAGE][PASSED] - Current window maximized

2023-08-01 15:32:58 - [TEST_STEP][PASSED] - navigateToUrl("https://bebeclub.eydendigital.co.id/membership/registration"): Navigate to 'https://bebeclub.eydendigital.co.id/membership/registration' successfully

2023-08-01 15:33:01 - [MESSAGE][PASSED] - Navigate to 'https://bebeclub.eydendigital.co.id/membership/registration' successfully

2023-08-01 15:33:01 - [TEST_STEP][PASSED] - click(findTestObject("Homepage/a_Register")): Object: 'Object Repository/Homepage/a_Register' is clicked on

2023-08-01 15:33:03 - [MESSAGE][PASSED] - Object: 'Object Repository/Homepage/a_Register' is clicked on

2023-08-01 15:33:03 - [TEST_STEP][PASSED] - setText(findTestObject("Page_Bebeclub - Membership Registration/input_Nama Depan_first-name-form"), "aziza"): Text 'aziza' is set on object 'Object Repository/Page_Bebeclub - Membership Registration/input_Nama Depan_first-name-form'

2023-08-01 15:33:03 - [MESSAGE][PASSED] - Text 'aziza' is set on object 'Object Repository/Page_Bebeclub - Membership Registration/input_Nama Depan_first-name-form'

2023-08-01 15:33:03 - [TEST_STEP][PASSED] - setText(findTestObject("Page_Bebeclub - Membership Registration/input_Nama Belakang_last-name-form"), "prefix"): Text 'prefix' is set on object 'Object Repository/Page_Bebeclub - Membership Registration/input_Nama Belakang_last-name-form'

2023-08-01 15:33:04 - [MESSAGE][PASSED] - Text 'prefix' is set on object 'Object Repository/Page_Bebeclub - Membership Registration/input_Nama Belakang_last-name-form'

2023-08-01 15:33:04 - [TEST_STEP][PASSED] - randomNum = generateRandomNumber(): null

2023-08-01 15:33:04 - [TEST_STEP][PASSED] - random = new java.util.Random(): null

2023-08-01 15:33:04 - [TEST_STEP][PASSED] - lastNineDigits = String.format("%09d", random.nextInt(1000000000)): null

2023-08-01 15:33:04 - [TEST_STEP][PASSED] - randomNumber = "0898" + lastNineDigits: null

2023-08-01 15:33:04 - [TEST_STEP][PASSED] - return randomNumber: null

2023-08-01 15:33:04 - [TEST_STEP][PASSED] - setText(findTestObject("Page_Bebeclub - Membership Registration/input__number-form"), randomNum): Text '0898354247298' is set on object 'Object Repository/Page_Bebeclub - Membership Registration/input__number-form'

2023-08-01 15:33:04 - [MESSAGE][PASSED] - Text '0898354247298' is set on object 'Object Repository/Page_Bebeclub - Membership Registration/input__number-form'

2023-08-01 15:33:04 - [TEST_STEP][PASSED] - setEncryptedText(findTestObject("Page_Bebeclub - Membership Registration/input_Password_pass-form"), "iFGeFYmXIrUhQZHvW7P22w=="): Text ****** has been set on object 'Object Repository/Page_Bebeclub - Membership Registration/input_Password_pass-form'

2023-08-01 15:33:04 - [MESSAGE][PASSED] - Text ****** has been set on object 'Object Repository/Page_Bebeclub - Membership Registration/input_Password_pass-form'

2023-08-01 15:33:04 - [TEST_STEP][PASSED] - setEncryptedText(findTestObject("Page_Bebeclub - Membership Registration/input_Konfirmasi Password_konfirmasipass-form"), "iFGeFYmXIrUhQZHvW7P22w=="): Text ****** has been set on object 'Object Repository/Page_Bebeclub - Membership Registration/input_Konfirmasi Password_konfirmasipass-form'

2023-08-01 15:33:04 - [MESSAGE][PASSED] - Text ****** has been set on object 'Object Repository/Page_Bebeclub - Membership Registration/input_Konfirmasi Password_konfirmasipass-form'

2023-08-01 15:33:04 - [TEST_STEP][PASSED] - selectOptionByLabel(findTestObject("Page_Bebeclub - Membership Registration/select_Pilih Kondisi Ibu Saat Ini"), "Belum Hamil & Tidak Mempunyai Anak", false): All options with label 'Belum Hamil & Tidak Mempunyai Anak' are selected in object 'Object Repository/Page_Bebeclub - Membership Registration/select_Pilih Kondisi Ibu Saat Ini' 

2023-08-01 15:33:05 - [MESSAGE][PASSED] - All options with label 'Belum Hamil & Tidak Mempunyai Anak' are selected in object 'Object Repository/Page_Bebeclub - Membership Registration/select_Pilih Kondisi Ibu Saat Ini' 

2023-08-01 15:33:05 - [TEST_STEP][PASSED] - click(findTestObject("Page_Bebeclub - Membership Registration/button_Kirim Kode OTP")): Object: 'Object Repository/Page_Bebeclub - Membership Registration/button_Kirim Kode OTP' is clicked on

2023-08-01 15:33:05 - [MESSAGE][PASSED] - Object: 'Object Repository/Page_Bebeclub - Membership Registration/button_Kirim Kode OTP' is clicked on

2023-08-01 15:33:05 - [TEST_STEP][PASSED] - delay(4): Delayed 4 second(s)

2023-08-01 15:33:09 - [MESSAGE][PASSED] - Delayed 4 second(s)

2023-08-01 15:33:09 - [TEST_STEP][PASSED] - verifyTextPresent("Berhasil", false): Text 'Berhasil' is present on page 

2023-08-01 15:33:09 - [MESSAGE][PASSED] - Text 'Berhasil' is present on page 

2023-08-01 15:33:09 - [TEST_STEP][PASSED] - click(findTestObject("Page_Bebeclub - Membership Registration/img")): Object: 'Object Repository/Page_Bebeclub - Membership Registration/img' is clicked on

2023-08-01 15:33:09 - [MESSAGE][PASSED] - Object: 'Object Repository/Page_Bebeclub - Membership Registration/img' is clicked on]]></system-out>
         <system-err><![CDATA[]]></system-err>
      </testcase>
      <testcase name="Test Cases/REGISTER/Prefix ID/0899 TRI" time="16.451" classname="Test Cases/REGISTER/Prefix ID/0899 TRI" status="PASSED">
         <system-out><![CDATA[2023-08-01 15:33:09 - [TEST_CASE][PASSED] - Test Cases/REGISTER/Prefix ID/0899 TRI: Test Cases/REGISTER/Prefix ID/0899 TRI

2023-08-01 15:33:10 - [TEST_STEP][PASSED] - openBrowser(""): Browser is opened with url: ''

2023-08-01 15:33:10 - [MESSAGE][WARNING] - A browser is already opened. Closing browser and opening a new one

2023-08-01 15:33:10 - [MESSAGE][INFO] - Starting 'Chrome (headless)' driver

2023-08-01 15:33:10 - [MESSAGE][INFO] - Action delay is set to 0 milliseconds

2023-08-01 15:33:11 - [MESSAGE][PASSED] - Browser is opened with url: ''

2023-08-01 15:33:11 - [TEST_STEP][PASSED] - maximizeWindow(): Current window maximized

2023-08-01 15:33:12 - [MESSAGE][PASSED] - Current window maximized

2023-08-01 15:33:12 - [TEST_STEP][PASSED] - navigateToUrl("https://bebeclub.eydendigital.co.id/membership/registration"): Navigate to 'https://bebeclub.eydendigital.co.id/membership/registration' successfully

2023-08-01 15:33:19 - [MESSAGE][PASSED] - Navigate to 'https://bebeclub.eydendigital.co.id/membership/registration' successfully

2023-08-01 15:33:19 - [TEST_STEP][PASSED] - click(findTestObject("Homepage/a_Register")): Object: 'Object Repository/Homepage/a_Register' is clicked on

2023-08-01 15:33:20 - [MESSAGE][PASSED] - Object: 'Object Repository/Homepage/a_Register' is clicked on

2023-08-01 15:33:20 - [TEST_STEP][PASSED] - setText(findTestObject("Page_Bebeclub - Membership Registration/input_Nama Depan_first-name-form"), "aziza"): Text 'aziza' is set on object 'Object Repository/Page_Bebeclub - Membership Registration/input_Nama Depan_first-name-form'

2023-08-01 15:33:20 - [MESSAGE][PASSED] - Text 'aziza' is set on object 'Object Repository/Page_Bebeclub - Membership Registration/input_Nama Depan_first-name-form'

2023-08-01 15:33:20 - [TEST_STEP][PASSED] - setText(findTestObject("Page_Bebeclub - Membership Registration/input_Nama Belakang_last-name-form"), "prefix"): Text 'prefix' is set on object 'Object Repository/Page_Bebeclub - Membership Registration/input_Nama Belakang_last-name-form'

2023-08-01 15:33:20 - [MESSAGE][PASSED] - Text 'prefix' is set on object 'Object Repository/Page_Bebeclub - Membership Registration/input_Nama Belakang_last-name-form'

2023-08-01 15:33:20 - [TEST_STEP][PASSED] - randomNum = generateRandomNumber(): null

2023-08-01 15:33:20 - [TEST_STEP][PASSED] - random = new java.util.Random(): null

2023-08-01 15:33:20 - [TEST_STEP][PASSED] - lastNineDigits = String.format("%09d", random.nextInt(1000000000)): null

2023-08-01 15:33:20 - [TEST_STEP][PASSED] - randomNumber = "0899" + lastNineDigits: null

2023-08-01 15:33:20 - [TEST_STEP][PASSED] - return randomNumber: null

2023-08-01 15:33:20 - [TEST_STEP][PASSED] - setText(findTestObject("Page_Bebeclub - Membership Registration/input__number-form"), randomNum): Text '0899838446068' is set on object 'Object Repository/Page_Bebeclub - Membership Registration/input__number-form'

2023-08-01 15:33:20 - [MESSAGE][PASSED] - Text '0899838446068' is set on object 'Object Repository/Page_Bebeclub - Membership Registration/input__number-form'

2023-08-01 15:33:20 - [TEST_STEP][PASSED] - setEncryptedText(findTestObject("Page_Bebeclub - Membership Registration/input_Password_pass-form"), "iFGeFYmXIrUhQZHvW7P22w=="): Text ****** has been set on object 'Object Repository/Page_Bebeclub - Membership Registration/input_Password_pass-form'

2023-08-01 15:33:21 - [MESSAGE][PASSED] - Text ****** has been set on object 'Object Repository/Page_Bebeclub - Membership Registration/input_Password_pass-form'

2023-08-01 15:33:21 - [TEST_STEP][PASSED] - setEncryptedText(findTestObject("Page_Bebeclub - Membership Registration/input_Konfirmasi Password_konfirmasipass-form"), "iFGeFYmXIrUhQZHvW7P22w=="): Text ****** has been set on object 'Object Repository/Page_Bebeclub - Membership Registration/input_Konfirmasi Password_konfirmasipass-form'

2023-08-01 15:33:21 - [MESSAGE][PASSED] - Text ****** has been set on object 'Object Repository/Page_Bebeclub - Membership Registration/input_Konfirmasi Password_konfirmasipass-form'

2023-08-01 15:33:21 - [TEST_STEP][PASSED] - selectOptionByLabel(findTestObject("Page_Bebeclub - Membership Registration/select_Pilih Kondisi Ibu Saat Ini"), "Belum Hamil & Tidak Mempunyai Anak", false): All options with label 'Belum Hamil & Tidak Mempunyai Anak' are selected in object 'Object Repository/Page_Bebeclub - Membership Registration/select_Pilih Kondisi Ibu Saat Ini' 

2023-08-01 15:33:21 - [MESSAGE][PASSED] - All options with label 'Belum Hamil & Tidak Mempunyai Anak' are selected in object 'Object Repository/Page_Bebeclub - Membership Registration/select_Pilih Kondisi Ibu Saat Ini' 

2023-08-01 15:33:21 - [TEST_STEP][PASSED] - click(findTestObject("Page_Bebeclub - Membership Registration/button_Kirim Kode OTP")): Object: 'Object Repository/Page_Bebeclub - Membership Registration/button_Kirim Kode OTP' is clicked on

2023-08-01 15:33:21 - [MESSAGE][PASSED] - Object: 'Object Repository/Page_Bebeclub - Membership Registration/button_Kirim Kode OTP' is clicked on

2023-08-01 15:33:21 - [TEST_STEP][PASSED] - delay(4): Delayed 4 second(s)

2023-08-01 15:33:25 - [MESSAGE][PASSED] - Delayed 4 second(s)

2023-08-01 15:33:25 - [TEST_STEP][PASSED] - verifyTextPresent("Berhasil", false): Text 'Berhasil' is present on page 

2023-08-01 15:33:26 - [MESSAGE][PASSED] - Text 'Berhasil' is present on page 

2023-08-01 15:33:26 - [TEST_STEP][PASSED] - click(findTestObject("Page_Bebeclub - Membership Registration/img")): Object: 'Object Repository/Page_Bebeclub - Membership Registration/img' is clicked on

2023-08-01 15:33:26 - [MESSAGE][PASSED] - Object: 'Object Repository/Page_Bebeclub - Membership Registration/img' is clicked on]]></system-out>
         <system-err><![CDATA[]]></system-err>
      </testcase>
      <system-out><![CDATA[2023-08-01 15:27:36 - [TEST_SUITE][PASSED] - XL: Test Cases/REGISTER/Prefix ID/0899 TRI]]></system-out>
      <system-err><![CDATA[]]></system-err>
   </testsuite>
</testsuites>
