<?xml version="1.0" encoding="UTF-8"?>
<testsuites name="LOGIN" time="115.511" tests="3" failures="0" errors="0">
   <testsuite name="LOGIN" tests="3" failures="0" errors="0" time="115.511" skipped="0" timestamp="2023-11-21 11:01:33" hostname="Sarah Nur Azizah - zizah-eyd" id="Test Suites/LOGIN">
      <properties>
         <property name="deviceName" value=""/>
         <property name="devicePlatform" value=""/>
         <property name="logFolder" value="C:\\Users\\Sarah Nur Azizah\\git\\test_bebeclub_branchzizah\\Reports\\20231121_110115\\LOGIN\\20231121_110115"/>
         <property name="logFiles" value="C:\\Users\\Sarah Nur Azizah\\git\\test_bebeclub_branchzizah\\Reports\\20231121_110115\\LOGIN\\20231121_110115\\execution0.log"/>
         <property name="attachments" value=""/>
         <property name="hostName" value="Sarah Nur Azizah - zizah-eyd"/>
         <property name="os" value="Windows 10 64bit"/>
         <property name="katalonVersion" value="8.6.8.208"/>
         <property name="browser" value="Chrome 119.0.0.0"/>
         <property name="hostAddress" value="10.10.10.89"/>
         <property name="sessionId" value="be6a0c101a893166f3653906dca7515c"/>
         <property name="seleniumVersion" value="3.141.59"/>
         <property name="proxyInformation" value="ProxyInformation { proxyOption=NO_PROXY, proxyServerType=HTTP, username=, password=********, proxyServerAddress=, proxyServerPort=0, executionList=&quot;&quot;, isApplyToDesiredCapabilities=true }"/>
         <property name="platform" value="Windows 10"/>
      </properties>
      <testcase name="Test Cases/LOGIN/Login OTP via BBJ" time="34.78" classname="Test Cases/LOGIN/Login OTP via BBJ" status="PASSED">
         <system-out><![CDATA[2023-11-21 11:01:33 - [TEST_CASE][PASSED] - Test Cases/LOGIN/Login OTP via BBJ: Test Cases/LOGIN/Login OTP via BBJ

2023-11-21 11:01:34 - [TEST_STEP][PASSED] - openBrowser(URL): Browser is opened with url: 'https://bebeclub.co.id/'

2023-11-21 11:01:34 - [MESSAGE][INFO] - Starting 'Chrome' driver

2023-11-21 11:01:34 - [MESSAGE][INFO] - Action delay is set to 0 milliseconds

2023-11-21 11:01:48 - [MESSAGE][PASSED] - Browser is opened with url: 'https://bebeclub.co.id/'

2023-11-21 11:01:48 - [TEST_STEP][PASSED] - mouseOver(findTestObject("Header/a_Tools")): Object: 'Object Repository/Header/a_Tools' is hovered

2023-11-21 11:01:49 - [MESSAGE][PASSED] - Object: 'Object Repository/Header/a_Tools' is hovered

2023-11-21 11:01:49 - [TEST_STEP][PASSED] - click(findTestObject("Header/Dropdown Tools - Bebejourney")): Object: 'Object Repository/Header/Dropdown Tools - Bebejourney' is clicked on

2023-11-21 11:01:53 - [MESSAGE][PASSED] - Object: 'Object Repository/Header/Dropdown Tools - Bebejourney' is clicked on

2023-11-21 11:01:53 - [TEST_STEP][PASSED] - click(findTestObject("Bebe Journey page/Banner click - Yuk, Cek di sini")): Object: 'Object Repository/Bebe Journey page/Banner click - Yuk, Cek di sini' is clicked on

2023-11-21 11:01:54 - [MESSAGE][PASSED] - Object: 'Object Repository/Bebe Journey page/Banner click - Yuk, Cek di sini' is clicked on

2023-11-21 11:01:54 - [TEST_STEP][PASSED] - setText(findTestObject("Bebe Journey page/Form Nomor Handphone"), "085784018007"): Text '085784018007' is set on object 'Object Repository/Bebe Journey page/Form Nomor Handphone'

2023-11-21 11:01:57 - [MESSAGE][PASSED] - Text '085784018007' is set on object 'Object Repository/Bebe Journey page/Form Nomor Handphone'

2023-11-21 11:01:57 - [TEST_STEP][PASSED] - setEncryptedText(findTestObject("Bebe Journey page/Form Kata Sandi_password"), "iFGeFYmXIrUhQZHvW7P22w=="): Text ****** has been set on object 'Object Repository/Bebe Journey page/Form Kata Sandi_password'

2023-11-21 11:01:58 - [MESSAGE][PASSED] - Text ****** has been set on object 'Object Repository/Bebe Journey page/Form Kata Sandi_password'

2023-11-21 11:01:58 - [TEST_STEP][PASSED] - click(findTestObject("Bebe Journey page/Button Login")): Object: 'Object Repository/Bebe Journey page/Button Login' is clicked on

2023-11-21 11:01:58 - [MESSAGE][PASSED] - Object: 'Object Repository/Bebe Journey page/Button Login' is clicked on

2023-11-21 11:01:58 - [TEST_STEP][PASSED] - verifyTextPresent("Selamat Datang", false): Text 'Selamat Datang' is present on page 

2023-11-21 11:02:07 - [MESSAGE][PASSED] - Text 'Selamat Datang' is present on page 

2023-11-21 11:02:07 - [TEST_STEP][PASSED] - click(findTestObject("Bebe Journey page/close greeting popup")): Object: 'Object Repository/Bebe Journey page/close greeting popup' is clicked on

2023-11-21 11:02:08 - [MESSAGE][PASSED] - Object: 'Object Repository/Bebe Journey page/close greeting popup' is clicked on]]></system-out>
         <system-err><![CDATA[]]></system-err>
      </testcase>
      <testcase name="Test Cases/LOGIN/Login OTP via header" time="33.485" classname="Test Cases/LOGIN/Login OTP via header" status="PASSED">
         <system-out><![CDATA[2023-11-21 11:02:08 - [TEST_CASE][PASSED] - Test Cases/LOGIN/Login OTP via header: Test Cases/LOGIN/Login OTP via header

2023-11-21 11:02:08 - [TEST_STEP][PASSED] - openBrowser(URL): Browser is opened with url: 'https://bebeclub.co.id/'

2023-11-21 11:02:08 - [MESSAGE][WARNING] - A browser is already opened. Closing browser and opening a new one

2023-11-21 11:02:09 - [MESSAGE][INFO] - Starting 'Chrome' driver

2023-11-21 11:02:09 - [MESSAGE][INFO] - Action delay is set to 0 milliseconds

2023-11-21 11:02:28 - [MESSAGE][PASSED] - Browser is opened with url: 'https://bebeclub.co.id/'

2023-11-21 11:02:28 - [TEST_STEP][PASSED] - click(findTestObject("Header/a_Login")): Object: 'Object Repository/Header/a_Login' is clicked on

2023-11-21 11:02:32 - [MESSAGE][PASSED] - Object: 'Object Repository/Header/a_Login' is clicked on

2023-11-21 11:02:32 - [TEST_STEP][PASSED] - click(findTestObject("Login Page/buttonLoginTanpaPassword")): Object: 'Object Repository/Login Page/buttonLoginTanpaPassword' is clicked on

2023-11-21 11:02:35 - [MESSAGE][PASSED] - Object: 'Object Repository/Login Page/buttonLoginTanpaPassword' is clicked on

2023-11-21 11:02:35 - [TEST_STEP][PASSED] - setText(findTestObject("Login Tanpa Password/form_Nomor HP"), "085784018007"): Text '085784018007' is set on object 'Object Repository/Login Tanpa Password/form_Nomor HP'

2023-11-21 11:02:38 - [MESSAGE][PASSED] - Text '085784018007' is set on object 'Object Repository/Login Tanpa Password/form_Nomor HP'

2023-11-21 11:02:38 - [TEST_STEP][PASSED] - click(findTestObject("Login Tanpa Password/button_Kirim Kode OTP")): Object: 'Object Repository/Login Tanpa Password/button_Kirim Kode OTP' is clicked on

2023-11-21 11:02:39 - [MESSAGE][PASSED] - Object: 'Object Repository/Login Tanpa Password/button_Kirim Kode OTP' is clicked on

2023-11-21 11:02:39 - [TEST_STEP][PASSED] - verifyTextPresent("OTP Telah Dikirimkan Ke Nomor Handphone Ibu", false): Text 'OTP Telah Dikirimkan Ke Nomor Handphone Ibu' is present on page 

2023-11-21 11:02:41 - [MESSAGE][PASSED] - Text 'OTP Telah Dikirimkan Ke Nomor Handphone Ibu' is present on page 

2023-11-21 11:02:41 - [TEST_STEP][PASSED] - click(findTestObject("Login Tanpa Password/close popup")): Object: 'Object Repository/Login Tanpa Password/close popup' is clicked on

2023-11-21 11:02:41 - [MESSAGE][PASSED] - Object: 'Object Repository/Login Tanpa Password/close popup' is clicked on]]></system-out>
         <system-err><![CDATA[]]></system-err>
      </testcase>
      <testcase name="Test Cases/LOGIN/Login via header" time="46.813" classname="Test Cases/LOGIN/Login via header" status="PASSED">
         <system-out><![CDATA[2023-11-21 11:02:41 - [TEST_CASE][PASSED] - Test Cases/LOGIN/Login via header: Test Cases/LOGIN/Login via header

2023-11-21 11:02:42 - [TEST_STEP][PASSED] - openBrowser(URL): Browser is opened with url: 'https://bebeclub.co.id/'

2023-11-21 11:02:42 - [MESSAGE][WARNING] - A browser is already opened. Closing browser and opening a new one

2023-11-21 11:02:42 - [MESSAGE][INFO] - Starting 'Chrome' driver

2023-11-21 11:02:42 - [MESSAGE][INFO] - Action delay is set to 0 milliseconds

2023-11-21 11:02:54 - [MESSAGE][PASSED] - Browser is opened with url: 'https://bebeclub.co.id/'

2023-11-21 11:02:54 - [TEST_STEP][PASSED] - click(findTestObject("Header/a_Login")): Object: 'Object Repository/Header/a_Login' is clicked on

2023-11-21 11:02:58 - [MESSAGE][PASSED] - Object: 'Object Repository/Header/a_Login' is clicked on

2023-11-21 11:02:58 - [TEST_STEP][PASSED] - setText(findTestObject("Login Page/form input nomor hp"), "085784018007"): Text '085784018007' is set on object 'Object Repository/Login Page/form input nomor hp'

2023-11-21 11:02:59 - [MESSAGE][PASSED] - Text '085784018007' is set on object 'Object Repository/Login Page/form input nomor hp'

2023-11-21 11:02:59 - [TEST_STEP][PASSED] - setEncryptedText(findTestObject("Login Page/form password"), "iFGeFYmXIrUhQZHvW7P22w=="): Text ****** has been set on object 'Object Repository/Login Page/form password'

2023-11-21 11:03:00 - [MESSAGE][PASSED] - Text ****** has been set on object 'Object Repository/Login Page/form password'

2023-11-21 11:03:00 - [TEST_STEP][PASSED] - click(findTestObject("Login Page/buttonLogin")): Object: 'Object Repository/Login Page/buttonLogin' is clicked on

2023-11-21 11:03:01 - [MESSAGE][PASSED] - Object: 'Object Repository/Login Page/buttonLogin' is clicked on

2023-11-21 11:03:01 - [TEST_STEP][PASSED] - verifyTextPresent("Login Berhasil", false): Text 'Login Berhasil' is present on page 

2023-11-21 11:03:28 - [MESSAGE][PASSED] - Text 'Login Berhasil' is present on page]]></system-out>
         <system-err><![CDATA[]]></system-err>
      </testcase>
      <system-out><![CDATA[2023-11-21 11:01:33 - [TEST_SUITE][PASSED] - LOGIN: Test Cases/LOGIN/Login via header]]></system-out>
      <system-err><![CDATA[]]></system-err>
   </testsuite>
</testsuites>
