<?xml version="1.0" encoding="UTF-8"?>
<testsuites name="XL" time="1802.295" tests="23" failures="5" errors="0">
   <testsuite name="XL" tests="23" failures="5" errors="0" time="1802.295" skipped="0" timestamp="2023-08-01 14:49:41" hostname="Sarah Nur Azizah - zizah-eyd" id="Test Suites/XL">
      <properties>
         <property name="deviceName" value=""/>
         <property name="devicePlatform" value=""/>
         <property name="logFolder" value="C:\\Users\\Sarah Nur Azizah\\git\\test_bebeclub_branchzizah\\Reports\\20230801_144929\\XL\\20230801_144929"/>
         <property name="logFiles" value="C:\\Users\\Sarah Nur Azizah\\git\\test_bebeclub_branchzizah\\Reports\\20230801_144929\\XL\\20230801_144929\\execution0.log"/>
         <property name="attachments" value="C:\\Users\\Sarah Nur Azizah\\git\\test_bebeclub_branchzizah\\Reports\\20230801_144929\\XL\\20230801_144929\\1690876198902.png, C:\\Users\\Sarah Nur Azizah\\git\\test_bebeclub_branchzizah\\Reports\\20230801_144929\\XL\\20230801_144929\\1690876230160.png, C:\\Users\\Sarah Nur Azizah\\git\\test_bebeclub_branchzizah\\Reports\\20230801_144929\\XL\\20230801_144929\\1690876261275.png, C:\\Users\\Sarah Nur Azizah\\git\\test_bebeclub_branchzizah\\Reports\\20230801_144929\\XL\\20230801_144929\\1690876292446.png, C:\\Users\\Sarah Nur Azizah\\git\\test_bebeclub_branchzizah\\Reports\\20230801_144929\\XL\\20230801_144929\\1690876323594.png, C:\\Users\\Sarah Nur Azizah\\git\\test_bebeclub_branchzizah\\Reports\\20230801_144929\\XL\\20230801_144929\\1690876354734.png, C:\\Users\\Sarah Nur Azizah\\git\\test_bebeclub_branchzizah\\Reports\\20230801_144929\\XL\\20230801_144929\\1690876385873.png, C:\\Users\\Sarah Nur Azizah\\git\\test_bebeclub_branchzizah\\Reports\\20230801_144929\\XL\\20230801_144929\\1690876417005.png, C:\\Users\\Sarah Nur Azizah\\git\\test_bebeclub_branchzizah\\Reports\\20230801_144929\\XL\\20230801_144929\\1690876448162.png, C:\\Users\\Sarah Nur Azizah\\git\\test_bebeclub_branchzizah\\Reports\\20230801_144929\\XL\\20230801_144929\\1690876483376.png, C:\\Users\\Sarah Nur Azizah\\git\\test_bebeclub_branchzizah\\Reports\\20230801_144929\\XL\\20230801_144929\\1690876572519.png, C:\\Users\\Sarah Nur Azizah\\git\\test_bebeclub_branchzizah\\Reports\\20230801_144929\\XL\\20230801_144929\\1690876874716.png, C:\\Users\\Sarah Nur Azizah\\git\\test_bebeclub_branchzizah\\Reports\\20230801_144929\\XL\\20230801_144929\\1690876905828.png, C:\\Users\\Sarah Nur Azizah\\git\\test_bebeclub_branchzizah\\Reports\\20230801_144929\\XL\\20230801_144929\\1690876936982.png, C:\\Users\\Sarah Nur Azizah\\git\\test_bebeclub_branchzizah\\Reports\\20230801_144929\\XL\\20230801_144929\\1690876968128.png, C:\\Users\\Sarah Nur Azizah\\git\\test_bebeclub_branchzizah\\Reports\\20230801_144929\\XL\\20230801_144929\\1690876999254.png, C:\\Users\\Sarah Nur Azizah\\git\\test_bebeclub_branchzizah\\Reports\\20230801_144929\\XL\\20230801_144929\\1690877030359.png, C:\\Users\\Sarah Nur Azizah\\git\\test_bebeclub_branchzizah\\Reports\\20230801_144929\\XL\\20230801_144929\\1690877061483.png, C:\\Users\\Sarah Nur Azizah\\git\\test_bebeclub_branchzizah\\Reports\\20230801_144929\\XL\\20230801_144929\\1690877092563.png, C:\\Users\\Sarah Nur Azizah\\git\\test_bebeclub_branchzizah\\Reports\\20230801_144929\\XL\\20230801_144929\\1690877123664.png, C:\\Users\\Sarah Nur Azizah\\git\\test_bebeclub_branchzizah\\Reports\\20230801_144929\\XL\\20230801_144929\\1690877158828.png, C:\\Users\\Sarah Nur Azizah\\git\\test_bebeclub_branchzizah\\Reports\\20230801_144929\\XL\\20230801_144929\\1690877225086.png, C:\\Users\\Sarah Nur Azizah\\git\\test_bebeclub_branchzizah\\Reports\\20230801_144929\\XL\\20230801_144929\\1690877256203.png, C:\\Users\\Sarah Nur Azizah\\git\\test_bebeclub_branchzizah\\Reports\\20230801_144929\\XL\\20230801_144929\\1690877287374.png, C:\\Users\\Sarah Nur Azizah\\git\\test_bebeclub_branchzizah\\Reports\\20230801_144929\\XL\\20230801_144929\\1690877318547.png, C:\\Users\\Sarah Nur Azizah\\git\\test_bebeclub_branchzizah\\Reports\\20230801_144929\\XL\\20230801_144929\\1690877349682.png, C:\\Users\\Sarah Nur Azizah\\git\\test_bebeclub_branchzizah\\Reports\\20230801_144929\\XL\\20230801_144929\\1690877380871.png, C:\\Users\\Sarah Nur Azizah\\git\\test_bebeclub_branchzizah\\Reports\\20230801_144929\\XL\\20230801_144929\\1690877412038.png, C:\\Users\\Sarah Nur Azizah\\git\\test_bebeclub_branchzizah\\Reports\\20230801_144929\\XL\\20230801_144929\\1690877443272.png, C:\\Users\\Sarah Nur Azizah\\git\\test_bebeclub_branchzizah\\Reports\\20230801_144929\\XL\\20230801_144929\\1690877478516.png, C:\\Users\\Sarah Nur Azizah\\git\\test_bebeclub_branchzizah\\Reports\\20230801_144929\\XL\\20230801_144929\\1690877542617.png, C:\\Users\\Sarah Nur Azizah\\git\\test_bebeclub_branchzizah\\Reports\\20230801_144929\\XL\\20230801_144929\\1690877573824.png, C:\\Users\\Sarah Nur Azizah\\git\\test_bebeclub_branchzizah\\Reports\\20230801_144929\\XL\\20230801_144929\\1690877604947.png, C:\\Users\\Sarah Nur Azizah\\git\\test_bebeclub_branchzizah\\Reports\\20230801_144929\\XL\\20230801_144929\\1690877636109.png, C:\\Users\\Sarah Nur Azizah\\git\\test_bebeclub_branchzizah\\Reports\\20230801_144929\\XL\\20230801_144929\\1690877667286.png, C:\\Users\\Sarah Nur Azizah\\git\\test_bebeclub_branchzizah\\Reports\\20230801_144929\\XL\\20230801_144929\\1690877698454.png, C:\\Users\\Sarah Nur Azizah\\git\\test_bebeclub_branchzizah\\Reports\\20230801_144929\\XL\\20230801_144929\\1690877729569.png, C:\\Users\\Sarah Nur Azizah\\git\\test_bebeclub_branchzizah\\Reports\\20230801_144929\\XL\\20230801_144929\\1690877760709.png, C:\\Users\\Sarah Nur Azizah\\git\\test_bebeclub_branchzizah\\Reports\\20230801_144929\\XL\\20230801_144929\\1690877795955.png"/>
         <property name="hostName" value="Sarah Nur Azizah - zizah-eyd"/>
         <property name="os" value="Windows 10 64bit"/>
         <property name="katalonVersion" value="8.6.0.208"/>
         <property name="browser" value="Chrome 115.0.5790.110"/>
         <property name="hostAddress" value="10.10.10.204"/>
         <property name="sessionId" value="51018092332090a2a6e18e61b6041e8b"/>
         <property name="seleniumVersion" value="3.141.59"/>
         <property name="proxyInformation" value="ProxyInformation { proxyOption=NO_PROXY, proxyServerType=HTTP, username=, password=********, proxyServerAddress=, proxyServerPort=0, executionList=&quot;&quot;, isApplyToDesiredCapabilities=true }"/>
         <property name="platform" value="Windows 10"/>
      </properties>
      <testcase name="Test Cases/REGISTER/Prefix ID/0817 XL" time="301.275" classname="Test Cases/REGISTER/Prefix ID/0817 XL" status="FAILED">
         <failure type="FAILED" message="Test Cases/REGISTER/Prefix ID/0817 XL FAILED.
Reason:
com.kms.katalon.core.exception.StepFailedException: Unable to navigate to 'https://bebeclub.eydendigital.co.id/membership/registration' (Root cause: com.kms.katalon.core.exception.StepFailedException: Unable to navigate to 'https://bebeclub.eydendigital.co.id/membership/registration'
	at com.kms.katalon.core.webui.keyword.internal.WebUIKeywordMain.stepFailed(WebUIKeywordMain.groovy:64)
	at com.kms.katalon.core.webui.keyword.internal.WebUIKeywordMain.runKeyword(WebUIKeywordMain.groovy:26)
	at com.kms.katalon.core.webui.keyword.builtin.NavigateToUrlKeyword.navigateToUrl(NavigateToUrlKeyword.groovy:83)
	at com.kms.katalon.core.webui.keyword.builtin.NavigateToUrlKeyword.execute(NavigateToUrlKeyword.groovy:67)
	at com.kms.katalon.core.keyword.internal.KeywordExecutor.executeKeywordForPlatform(KeywordExecutor.groovy:74)
	at com.kms.katalon.core.webui.keyword.WebUiBuiltInKeywords.navigateToUrl(WebUiBuiltInKeywords.groovy:187)
	at com.kms.katalon.core.webui.keyword.WebUiBuiltInKeywords$navigateToUrl$1.call(Unknown Source)
	at 0817 XL.run(0817 XL:25)
	at com.kms.katalon.core.main.ScriptEngine.run(ScriptEngine.java:194)
	at com.kms.katalon.core.main.ScriptEngine.runScriptAsRawText(ScriptEngine.java:119)
	at com.kms.katalon.core.main.TestCaseExecutor.runScript(TestCaseExecutor.java:448)
	at com.kms.katalon.core.main.TestCaseExecutor.doExecute(TestCaseExecutor.java:439)
	at com.kms.katalon.core.main.TestCaseExecutor.processExecutionPhase(TestCaseExecutor.java:418)
	at com.kms.katalon.core.main.TestCaseExecutor.accessMainPhase(TestCaseExecutor.java:410)
	at com.kms.katalon.core.main.TestCaseExecutor.execute(TestCaseExecutor.java:285)
	at com.kms.katalon.core.common.CommonExecutor.accessTestCaseMainPhase(CommonExecutor.java:65)
	at com.kms.katalon.core.main.TestSuiteExecutor.accessTestSuiteMainPhase(TestSuiteExecutor.java:148)
	at com.kms.katalon.core.main.TestSuiteExecutor.execute(TestSuiteExecutor.java:106)
	at com.kms.katalon.core.main.TestCaseMain.startTestSuite(TestCaseMain.java:187)
	at com.kms.katalon.core.main.TestCaseMain$startTestSuite$0.call(Unknown Source)
	at TempTestSuite1690876169937.run(TempTestSuite1690876169937.groovy:36)
Caused by: org.openqa.selenium.WebDriverException: unknown error: net::ERR_NAME_NOT_RESOLVED
  (Session info: headless chrome=115.0.5790.110)
Build info: version: '3.141.59', revision: 'e82be7d358', time: '2018-11-14T08:25:53'
System info: host: 'ZIZAH-EYD', ip: '10.10.10.204', os.name: 'Windows 10', os.arch: 'amd64', os.version: '10.0', java.version: '1.8.0_282'
Driver info: com.kms.katalon.selenium.driver.CChromeDriver
Capabilities {acceptInsecureCerts: false, browserName: chrome, browserVersion: 115.0.5790.110, chrome: {chromedriverVersion: 114.0.5735.90 (386bc09e8f4f..., userDataDir: C:\Users\SARAHN~1\AppData\L...}, goog:chromeOptions: {debuggerAddress: localhost:59688}, javascriptEnabled: true, networkConnectionEnabled: false, pageLoadStrategy: normal, platform: WINDOWS, platformName: WINDOWS, proxy: Proxy(), setWindowRect: true, strictFileInteractability: false, timeouts: {implicit: 0, pageLoad: 300000, script: 30000}, unhandledPromptBehavior: dismiss and notify, webauthn:extension:credBlob: true, webauthn:extension:largeBlob: true, webauthn:extension:minPinLength: true, webauthn:extension:prf: true, webauthn:virtualAuthenticators: true}
Session ID: 7a994167c1dd50448452de1886ee5b34
	at org.openqa.selenium.remote.http.W3CHttpResponseCodec.createException(W3CHttpResponseCodec.java:187)
	at org.openqa.selenium.remote.http.W3CHttpResponseCodec.decode(W3CHttpResponseCodec.java:122)
	at org.openqa.selenium.remote.http.W3CHttpResponseCodec.decode(W3CHttpResponseCodec.java:49)
	at org.openqa.selenium.remote.HttpCommandExecutor.execute(HttpCommandExecutor.java:158)
	at org.openqa.selenium.remote.service.DriverCommandExecutor.execute(DriverCommandExecutor.java:83)
	at org.openqa.selenium.remote.RemoteWebDriver.execute(RemoteWebDriver.java:552)
	at com.kms.katalon.selenium.driver.CChromeDriver.execute(CChromeDriver.java:19)
	at org.openqa.selenium.remote.RemoteWebDriver.get(RemoteWebDriver.java:277)
	at org.openqa.selenium.remote.RemoteWebDriver$RemoteNavigation.to(RemoteWebDriver.java:857)
	at org.openqa.selenium.support.events.EventFiringWebDriver$EventFiringNavigation.to(EventFiringWebDriver.java:569)
	at com.kms.katalon.core.webui.keyword.builtin.NavigateToUrlKeyword$_navigateToUrl_closure1.doCall(NavigateToUrlKeyword.groovy:81)
	at com.kms.katalon.core.webui.keyword.builtin.NavigateToUrlKeyword$_navigateToUrl_closure1.call(NavigateToUrlKeyword.groovy)
	at com.kms.katalon.core.webui.keyword.internal.WebUIKeywordMain.runKeyword(WebUIKeywordMain.groovy:20)
	at com.kms.katalon.core.webui.keyword.builtin.NavigateToUrlKeyword.navigateToUrl(NavigateToUrlKeyword.groovy:83)
	at com.kms.katalon.core.webui.keyword.builtin.NavigateToUrlKeyword.execute(NavigateToUrlKeyword.groovy:67)
	at com.kms.katalon.core.keyword.internal.KeywordExecutor.executeKeywordForPlatform(KeywordExecutor.groovy:74)
	at com.kms.katalon.core.webui.keyword.WebUiBuiltInKeywords.navigateToUrl(WebUiBuiltInKeywords.groovy:187)
	at com.kms.katalon.core.webui.keyword.WebUiBuiltInKeywords$navigateToUrl$1.call(Unknown Source)
	at Script1690871222353.run(Script1690871222353.groovy:25)
	... 13 more
)
	at com.kms.katalon.core.keyword.internal.KeywordMain.stepFailed(KeywordMain.groovy:39)
	at com.kms.katalon.core.webui.keyword.internal.WebUIKeywordMain.stepFailed(WebUIKeywordMain.groovy:64)
	at com.kms.katalon.core.webui.keyword.internal.WebUIKeywordMain.runKeyword(WebUIKeywordMain.groovy:26)
	at com.kms.katalon.core.webui.keyword.builtin.NavigateToUrlKeyword.navigateToUrl(NavigateToUrlKeyword.groovy:83)
	at com.kms.katalon.core.webui.keyword.builtin.NavigateToUrlKeyword.execute(NavigateToUrlKeyword.groovy:67)
	at com.kms.katalon.core.keyword.internal.KeywordExecutor.executeKeywordForPlatform(KeywordExecutor.groovy:74)
	at com.kms.katalon.core.webui.keyword.WebUiBuiltInKeywords.navigateToUrl(WebUiBuiltInKeywords.groovy:187)
	at com.kms.katalon.core.webui.keyword.WebUiBuiltInKeywords$navigateToUrl$1.call(Unknown Source)
	at 0817 XL.run(0817 XL:25)
	at com.kms.katalon.core.main.ScriptEngine.run(ScriptEngine.java:194)
	at com.kms.katalon.core.main.ScriptEngine.runScriptAsRawText(ScriptEngine.java:119)
	at com.kms.katalon.core.main.TestCaseExecutor.runScript(TestCaseExecutor.java:448)
	at com.kms.katalon.core.main.TestCaseExecutor.doExecute(TestCaseExecutor.java:439)
	at com.kms.katalon.core.main.TestCaseExecutor.processExecutionPhase(TestCaseExecutor.java:418)
	at com.kms.katalon.core.main.TestCaseExecutor.accessMainPhase(TestCaseExecutor.java:410)
	at com.kms.katalon.core.main.TestCaseExecutor.execute(TestCaseExecutor.java:285)
	at com.kms.katalon.core.common.CommonExecutor.accessTestCaseMainPhase(CommonExecutor.java:65)
	at com.kms.katalon.core.main.TestSuiteExecutor.accessTestSuiteMainPhase(TestSuiteExecutor.java:148)
	at com.kms.katalon.core.main.TestSuiteExecutor.execute(TestSuiteExecutor.java:106)
	at com.kms.katalon.core.main.TestCaseMain.startTestSuite(TestCaseMain.java:187)
	at com.kms.katalon.core.main.TestCaseMain$startTestSuite$0.call(Unknown Source)
	at TempTestSuite1690876169937.run(TempTestSuite1690876169937.groovy:36)
Caused by: com.kms.katalon.core.exception.StepFailedException: Unable to navigate to 'https://bebeclub.eydendigital.co.id/membership/registration'
	... 21 more
Caused by: org.openqa.selenium.WebDriverException: unknown error: net::ERR_NAME_NOT_RESOLVED
  (Session info: headless chrome=115.0.5790.110)
Build info: version: '3.141.59', revision: 'e82be7d358', time: '2018-11-14T08:25:53'
System info: host: 'ZIZAH-EYD', ip: '10.10.10.204', os.name: 'Windows 10', os.arch: 'amd64', os.version: '10.0', java.version: '1.8.0_282'
Driver info: com.kms.katalon.selenium.driver.CChromeDriver
Capabilities {acceptInsecureCerts: false, browserName: chrome, browserVersion: 115.0.5790.110, chrome: {chromedriverVersion: 114.0.5735.90 (386bc09e8f4f..., userDataDir: C:\Users\SARAHN~1\AppData\L...}, goog:chromeOptions: {debuggerAddress: localhost:59688}, javascriptEnabled: true, networkConnectionEnabled: false, pageLoadStrategy: normal, platform: WINDOWS, platformName: WINDOWS, proxy: Proxy(), setWindowRect: true, strictFileInteractability: false, timeouts: {implicit: 0, pageLoad: 300000, script: 30000}, unhandledPromptBehavior: dismiss and notify, webauthn:extension:credBlob: true, webauthn:extension:largeBlob: true, webauthn:extension:minPinLength: true, webauthn:extension:prf: true, webauthn:virtualAuthenticators: true}
Session ID: 7a994167c1dd50448452de1886ee5b34
	at org.openqa.selenium.remote.http.W3CHttpResponseCodec.createException(W3CHttpResponseCodec.java:187)
	at org.openqa.selenium.remote.http.W3CHttpResponseCodec.decode(W3CHttpResponseCodec.java:122)
	at org.openqa.selenium.remote.http.W3CHttpResponseCodec.decode(W3CHttpResponseCodec.java:49)
	at org.openqa.selenium.remote.HttpCommandExecutor.execute(HttpCommandExecutor.java:158)
	at org.openqa.selenium.remote.service.DriverCommandExecutor.execute(DriverCommandExecutor.java:83)
	at org.openqa.selenium.remote.RemoteWebDriver.execute(RemoteWebDriver.java:552)
	at com.kms.katalon.selenium.driver.CChromeDriver.execute(CChromeDriver.java:19)
	at org.openqa.selenium.remote.RemoteWebDriver.get(RemoteWebDriver.java:277)
	at org.openqa.selenium.remote.RemoteWebDriver$RemoteNavigation.to(RemoteWebDriver.java:857)
	at org.openqa.selenium.support.events.EventFiringWebDriver$EventFiringNavigation.to(EventFiringWebDriver.java:569)
	at com.kms.katalon.core.webui.keyword.builtin.NavigateToUrlKeyword$_navigateToUrl_closure1.doCall(NavigateToUrlKeyword.groovy:81)
	at com.kms.katalon.core.webui.keyword.builtin.NavigateToUrlKeyword$_navigateToUrl_closure1.call(NavigateToUrlKeyword.groovy)
	at com.kms.katalon.core.webui.keyword.internal.WebUIKeywordMain.runKeyword(WebUIKeywordMain.groovy:20)
	... 19 more
"/>
         <system-out><![CDATA[2023-08-01 14:49:42 - [TEST_CASE][FAILED] - Test Cases/REGISTER/Prefix ID/0817 XL: Test Cases/REGISTER/Prefix ID/0817 XL FAILED.
Reason:
com.kms.katalon.core.exception.StepFailedException: Unable to navigate to 'https://bebeclub.eydendigital.co.id/membership/registration' (Root cause: com.kms.katalon.core.exception.StepFailedException: Unable to navigate to 'https://bebeclub.eydendigital.co.id/membership/registration'
	at com.kms.katalon.core.webui.keyword.internal.WebUIKeywordMain.stepFailed(WebUIKeywordMain.groovy:64)
	at com.kms.katalon.core.webui.keyword.internal.WebUIKeywordMain.runKeyword(WebUIKeywordMain.groovy:26)
	at com.kms.katalon.core.webui.keyword.builtin.NavigateToUrlKeyword.navigateToUrl(NavigateToUrlKeyword.groovy:83)
	at com.kms.katalon.core.webui.keyword.builtin.NavigateToUrlKeyword.execute(NavigateToUrlKeyword.groovy:67)
	at com.kms.katalon.core.keyword.internal.KeywordExecutor.executeKeywordForPlatform(KeywordExecutor.groovy:74)
	at com.kms.katalon.core.webui.keyword.WebUiBuiltInKeywords.navigateToUrl(WebUiBuiltInKeywords.groovy:187)
	at com.kms.katalon.core.webui.keyword.WebUiBuiltInKeywords$navigateToUrl$1.call(Unknown Source)
	at 0817 XL.run(0817 XL:25)
	at com.kms.katalon.core.main.ScriptEngine.run(ScriptEngine.java:194)
	at com.kms.katalon.core.main.ScriptEngine.runScriptAsRawText(ScriptEngine.java:119)
	at com.kms.katalon.core.main.TestCaseExecutor.runScript(TestCaseExecutor.java:448)
	at com.kms.katalon.core.main.TestCaseExecutor.doExecute(TestCaseExecutor.java:439)
	at com.kms.katalon.core.main.TestCaseExecutor.processExecutionPhase(TestCaseExecutor.java:418)
	at com.kms.katalon.core.main.TestCaseExecutor.accessMainPhase(TestCaseExecutor.java:410)
	at com.kms.katalon.core.main.TestCaseExecutor.execute(TestCaseExecutor.java:285)
	at com.kms.katalon.core.common.CommonExecutor.accessTestCaseMainPhase(CommonExecutor.java:65)
	at com.kms.katalon.core.main.TestSuiteExecutor.accessTestSuiteMainPhase(TestSuiteExecutor.java:148)
	at com.kms.katalon.core.main.TestSuiteExecutor.execute(TestSuiteExecutor.java:106)
	at com.kms.katalon.core.main.TestCaseMain.startTestSuite(TestCaseMain.java:187)
	at com.kms.katalon.core.main.TestCaseMain$startTestSuite$0.call(Unknown Source)
	at TempTestSuite1690876169937.run(TempTestSuite1690876169937.groovy:36)
Caused by: org.openqa.selenium.WebDriverException: unknown error: net::ERR_NAME_NOT_RESOLVED
  (Session info: headless chrome=115.0.5790.110)
Build info: version: '3.141.59', revision: 'e82be7d358', time: '2018-11-14T08:25:53'
System info: host: 'ZIZAH-EYD', ip: '10.10.10.204', os.name: 'Windows 10', os.arch: 'amd64', os.version: '10.0', java.version: '1.8.0_282'
Driver info: com.kms.katalon.selenium.driver.CChromeDriver
Capabilities {acceptInsecureCerts: false, browserName: chrome, browserVersion: 115.0.5790.110, chrome: {chromedriverVersion: 114.0.5735.90 (386bc09e8f4f..., userDataDir: C:\Users\SARAHN~1\AppData\L...}, goog:chromeOptions: {debuggerAddress: localhost:59688}, javascriptEnabled: true, networkConnectionEnabled: false, pageLoadStrategy: normal, platform: WINDOWS, platformName: WINDOWS, proxy: Proxy(), setWindowRect: true, strictFileInteractability: false, timeouts: {implicit: 0, pageLoad: 300000, script: 30000}, unhandledPromptBehavior: dismiss and notify, webauthn:extension:credBlob: true, webauthn:extension:largeBlob: true, webauthn:extension:minPinLength: true, webauthn:extension:prf: true, webauthn:virtualAuthenticators: true}
Session ID: 7a994167c1dd50448452de1886ee5b34
	at org.openqa.selenium.remote.http.W3CHttpResponseCodec.createException(W3CHttpResponseCodec.java:187)
	at org.openqa.selenium.remote.http.W3CHttpResponseCodec.decode(W3CHttpResponseCodec.java:122)
	at org.openqa.selenium.remote.http.W3CHttpResponseCodec.decode(W3CHttpResponseCodec.java:49)
	at org.openqa.selenium.remote.HttpCommandExecutor.execute(HttpCommandExecutor.java:158)
	at org.openqa.selenium.remote.service.DriverCommandExecutor.execute(DriverCommandExecutor.java:83)
	at org.openqa.selenium.remote.RemoteWebDriver.execute(RemoteWebDriver.java:552)
	at com.kms.katalon.selenium.driver.CChromeDriver.execute(CChromeDriver.java:19)
	at org.openqa.selenium.remote.RemoteWebDriver.get(RemoteWebDriver.java:277)
	at org.openqa.selenium.remote.RemoteWebDriver$RemoteNavigation.to(RemoteWebDriver.java:857)
	at org.openqa.selenium.support.events.EventFiringWebDriver$EventFiringNavigation.to(EventFiringWebDriver.java:569)
	at com.kms.katalon.core.webui.keyword.builtin.NavigateToUrlKeyword$_navigateToUrl_closure1.doCall(NavigateToUrlKeyword.groovy:81)
	at com.kms.katalon.core.webui.keyword.builtin.NavigateToUrlKeyword$_navigateToUrl_closure1.call(NavigateToUrlKeyword.groovy)
	at com.kms.katalon.core.webui.keyword.internal.WebUIKeywordMain.runKeyword(WebUIKeywordMain.groovy:20)
	at com.kms.katalon.core.webui.keyword.builtin.NavigateToUrlKeyword.navigateToUrl(NavigateToUrlKeyword.groovy:83)
	at com.kms.katalon.core.webui.keyword.builtin.NavigateToUrlKeyword.execute(NavigateToUrlKeyword.groovy:67)
	at com.kms.katalon.core.keyword.internal.KeywordExecutor.executeKeywordForPlatform(KeywordExecutor.groovy:74)
	at com.kms.katalon.core.webui.keyword.WebUiBuiltInKeywords.navigateToUrl(WebUiBuiltInKeywords.groovy:187)
	at com.kms.katalon.core.webui.keyword.WebUiBuiltInKeywords$navigateToUrl$1.call(Unknown Source)
	at Script1690871222353.run(Script1690871222353.groovy:25)
	... 13 more
)
	at com.kms.katalon.core.keyword.internal.KeywordMain.stepFailed(KeywordMain.groovy:39)
	at com.kms.katalon.core.webui.keyword.internal.WebUIKeywordMain.stepFailed(WebUIKeywordMain.groovy:64)
	at com.kms.katalon.core.webui.keyword.internal.WebUIKeywordMain.runKeyword(WebUIKeywordMain.groovy:26)
	at com.kms.katalon.core.webui.keyword.builtin.NavigateToUrlKeyword.navigateToUrl(NavigateToUrlKeyword.groovy:83)
	at com.kms.katalon.core.webui.keyword.builtin.NavigateToUrlKeyword.execute(NavigateToUrlKeyword.groovy:67)
	at com.kms.katalon.core.keyword.internal.KeywordExecutor.executeKeywordForPlatform(KeywordExecutor.groovy:74)
	at com.kms.katalon.core.webui.keyword.WebUiBuiltInKeywords.navigateToUrl(WebUiBuiltInKeywords.groovy:187)
	at com.kms.katalon.core.webui.keyword.WebUiBuiltInKeywords$navigateToUrl$1.call(Unknown Source)
	at 0817 XL.run(0817 XL:25)
	at com.kms.katalon.core.main.ScriptEngine.run(ScriptEngine.java:194)
	at com.kms.katalon.core.main.ScriptEngine.runScriptAsRawText(ScriptEngine.java:119)
	at com.kms.katalon.core.main.TestCaseExecutor.runScript(TestCaseExecutor.java:448)
	at com.kms.katalon.core.main.TestCaseExecutor.doExecute(TestCaseExecutor.java:439)
	at com.kms.katalon.core.main.TestCaseExecutor.processExecutionPhase(TestCaseExecutor.java:418)
	at com.kms.katalon.core.main.TestCaseExecutor.accessMainPhase(TestCaseExecutor.java:410)
	at com.kms.katalon.core.main.TestCaseExecutor.execute(TestCaseExecutor.java:285)
	at com.kms.katalon.core.common.CommonExecutor.accessTestCaseMainPhase(CommonExecutor.java:65)
	at com.kms.katalon.core.main.TestSuiteExecutor.accessTestSuiteMainPhase(TestSuiteExecutor.java:148)
	at com.kms.katalon.core.main.TestSuiteExecutor.execute(TestSuiteExecutor.java:106)
	at com.kms.katalon.core.main.TestCaseMain.startTestSuite(TestCaseMain.java:187)
	at com.kms.katalon.core.main.TestCaseMain$startTestSuite$0.call(Unknown Source)
	at TempTestSuite1690876169937.run(TempTestSuite1690876169937.groovy:36)
Caused by: com.kms.katalon.core.exception.StepFailedException: Unable to navigate to 'https://bebeclub.eydendigital.co.id/membership/registration'
	... 21 more
Caused by: org.openqa.selenium.WebDriverException: unknown error: net::ERR_NAME_NOT_RESOLVED
  (Session info: headless chrome=115.0.5790.110)
Build info: version: '3.141.59', revision: 'e82be7d358', time: '2018-11-14T08:25:53'
System info: host: 'ZIZAH-EYD', ip: '10.10.10.204', os.name: 'Windows 10', os.arch: 'amd64', os.version: '10.0', java.version: '1.8.0_282'
Driver info: com.kms.katalon.selenium.driver.CChromeDriver
Capabilities {acceptInsecureCerts: false, browserName: chrome, browserVersion: 115.0.5790.110, chrome: {chromedriverVersion: 114.0.5735.90 (386bc09e8f4f..., userDataDir: C:\Users\SARAHN~1\AppData\L...}, goog:chromeOptions: {debuggerAddress: localhost:59688}, javascriptEnabled: true, networkConnectionEnabled: false, pageLoadStrategy: normal, platform: WINDOWS, platformName: WINDOWS, proxy: Proxy(), setWindowRect: true, strictFileInteractability: false, timeouts: {implicit: 0, pageLoad: 300000, script: 30000}, unhandledPromptBehavior: dismiss and notify, webauthn:extension:credBlob: true, webauthn:extension:largeBlob: true, webauthn:extension:minPinLength: true, webauthn:extension:prf: true, webauthn:virtualAuthenticators: true}
Session ID: 7a994167c1dd50448452de1886ee5b34
	at org.openqa.selenium.remote.http.W3CHttpResponseCodec.createException(W3CHttpResponseCodec.java:187)
	at org.openqa.selenium.remote.http.W3CHttpResponseCodec.decode(W3CHttpResponseCodec.java:122)
	at org.openqa.selenium.remote.http.W3CHttpResponseCodec.decode(W3CHttpResponseCodec.java:49)
	at org.openqa.selenium.remote.HttpCommandExecutor.execute(HttpCommandExecutor.java:158)
	at org.openqa.selenium.remote.service.DriverCommandExecutor.execute(DriverCommandExecutor.java:83)
	at org.openqa.selenium.remote.RemoteWebDriver.execute(RemoteWebDriver.java:552)
	at com.kms.katalon.selenium.driver.CChromeDriver.execute(CChromeDriver.java:19)
	at org.openqa.selenium.remote.RemoteWebDriver.get(RemoteWebDriver.java:277)
	at org.openqa.selenium.remote.RemoteWebDriver$RemoteNavigation.to(RemoteWebDriver.java:857)
	at org.openqa.selenium.support.events.EventFiringWebDriver$EventFiringNavigation.to(EventFiringWebDriver.java:569)
	at com.kms.katalon.core.webui.keyword.builtin.NavigateToUrlKeyword$_navigateToUrl_closure1.doCall(NavigateToUrlKeyword.groovy:81)
	at com.kms.katalon.core.webui.keyword.builtin.NavigateToUrlKeyword$_navigateToUrl_closure1.call(NavigateToUrlKeyword.groovy)
	at com.kms.katalon.core.webui.keyword.internal.WebUIKeywordMain.runKeyword(WebUIKeywordMain.groovy:20)
	... 19 more


2023-08-01 14:49:42 - [TEST_STEP][PASSED] - openBrowser(""): Browser is opened with url: ''

2023-08-01 14:49:42 - [MESSAGE][INFO] - Starting 'Chrome (headless)' driver

2023-08-01 14:49:42 - [MESSAGE][INFO] - Action delay is set to 0 milliseconds

2023-08-01 14:49:44 - [MESSAGE][PASSED] - Browser is opened with url: ''

2023-08-01 14:49:44 - [TEST_STEP][PASSED] - maximizeWindow(): Current window maximized

2023-08-01 14:49:44 - [MESSAGE][PASSED] - Current window maximized

2023-08-01 14:49:44 - [TEST_STEP][FAILED] - navigateToUrl("https://bebeclub.eydendigital.co.id/membership/registration"): Unable to navigate to 'https://bebeclub.eydendigital.co.id/membership/registration' (Root cause: com.kms.katalon.core.exception.StepFailedException: Unable to navigate to 'https://bebeclub.eydendigital.co.id/membership/registration'
	at com.kms.katalon.core.webui.keyword.internal.WebUIKeywordMain.stepFailed(WebUIKeywordMain.groovy:64)
	at com.kms.katalon.core.webui.keyword.internal.WebUIKeywordMain.runKeyword(WebUIKeywordMain.groovy:26)
	at com.kms.katalon.core.webui.keyword.builtin.NavigateToUrlKeyword.navigateToUrl(NavigateToUrlKeyword.groovy:83)
	at com.kms.katalon.core.webui.keyword.builtin.NavigateToUrlKeyword.execute(NavigateToUrlKeyword.groovy:67)
	at com.kms.katalon.core.keyword.internal.KeywordExecutor.executeKeywordForPlatform(KeywordExecutor.groovy:74)
	at com.kms.katalon.core.webui.keyword.WebUiBuiltInKeywords.navigateToUrl(WebUiBuiltInKeywords.groovy:187)
	at com.kms.katalon.core.webui.keyword.WebUiBuiltInKeywords$navigateToUrl$1.call(Unknown Source)
	at 0817 XL.run(0817 XL:25)
	at com.kms.katalon.core.main.ScriptEngine.run(ScriptEngine.java:194)
	at com.kms.katalon.core.main.ScriptEngine.runScriptAsRawText(ScriptEngine.java:119)
	at com.kms.katalon.core.main.TestCaseExecutor.runScript(TestCaseExecutor.java:448)
	at com.kms.katalon.core.main.TestCaseExecutor.doExecute(TestCaseExecutor.java:439)
	at com.kms.katalon.core.main.TestCaseExecutor.processExecutionPhase(TestCaseExecutor.java:418)
	at com.kms.katalon.core.main.TestCaseExecutor.accessMainPhase(TestCaseExecutor.java:410)
	at com.kms.katalon.core.main.TestCaseExecutor.execute(TestCaseExecutor.java:285)
	at com.kms.katalon.core.common.CommonExecutor.accessTestCaseMainPhase(CommonExecutor.java:65)
	at com.kms.katalon.core.main.TestSuiteExecutor.accessTestSuiteMainPhase(TestSuiteExecutor.java:148)
	at com.kms.katalon.core.main.TestSuiteExecutor.execute(TestSuiteExecutor.java:106)
	at com.kms.katalon.core.main.TestCaseMain.startTestSuite(TestCaseMain.java:187)
	at com.kms.katalon.core.main.TestCaseMain$startTestSuite$0.call(Unknown Source)
	at TempTestSuite1690876169937.run(TempTestSuite1690876169937.groovy:36)
Caused by: org.openqa.selenium.WebDriverException: unknown error: net::ERR_NAME_NOT_RESOLVED
  (Session info: headless chrome=115.0.5790.110)
Build info: version: '3.141.59', revision: 'e82be7d358', time: '2018-11-14T08:25:53'
System info: host: 'ZIZAH-EYD', ip: '10.10.10.204', os.name: 'Windows 10', os.arch: 'amd64', os.version: '10.0', java.version: '1.8.0_282'
Driver info: com.kms.katalon.selenium.driver.CChromeDriver
Capabilities {acceptInsecureCerts: false, browserName: chrome, browserVersion: 115.0.5790.110, chrome: {chromedriverVersion: 114.0.5735.90 (386bc09e8f4f..., userDataDir: C:\Users\SARAHN~1\AppData\L...}, goog:chromeOptions: {debuggerAddress: localhost:59688}, javascriptEnabled: true, networkConnectionEnabled: false, pageLoadStrategy: normal, platform: WINDOWS, platformName: WINDOWS, proxy: Proxy(), setWindowRect: true, strictFileInteractability: false, timeouts: {implicit: 0, pageLoad: 300000, script: 30000}, unhandledPromptBehavior: dismiss and notify, webauthn:extension:credBlob: true, webauthn:extension:largeBlob: true, webauthn:extension:minPinLength: true, webauthn:extension:prf: true, webauthn:virtualAuthenticators: true}
Session ID: 7a994167c1dd50448452de1886ee5b34
	at org.openqa.selenium.remote.http.W3CHttpResponseCodec.createException(W3CHttpResponseCodec.java:187)
	at org.openqa.selenium.remote.http.W3CHttpResponseCodec.decode(W3CHttpResponseCodec.java:122)
	at org.openqa.selenium.remote.http.W3CHttpResponseCodec.decode(W3CHttpResponseCodec.java:49)
	at org.openqa.selenium.remote.HttpCommandExecutor.execute(HttpCommandExecutor.java:158)
	at org.openqa.selenium.remote.service.DriverCommandExecutor.execute(DriverCommandExecutor.java:83)
	at org.openqa.selenium.remote.RemoteWebDriver.execute(RemoteWebDriver.java:552)
	at com.kms.katalon.selenium.driver.CChromeDriver.execute(CChromeDriver.java:19)
	at org.openqa.selenium.remote.RemoteWebDriver.get(RemoteWebDriver.java:277)
	at org.openqa.selenium.remote.RemoteWebDriver$RemoteNavigation.to(RemoteWebDriver.java:857)
	at org.openqa.selenium.support.events.EventFiringWebDriver$EventFiringNavigation.to(EventFiringWebDriver.java:569)
	at com.kms.katalon.core.webui.keyword.builtin.NavigateToUrlKeyword$_navigateToUrl_closure1.doCall(NavigateToUrlKeyword.groovy:81)
	at com.kms.katalon.core.webui.keyword.builtin.NavigateToUrlKeyword$_navigateToUrl_closure1.call(NavigateToUrlKeyword.groovy)
	at com.kms.katalon.core.webui.keyword.internal.WebUIKeywordMain.runKeyword(WebUIKeywordMain.groovy:20)
	at com.kms.katalon.core.webui.keyword.builtin.NavigateToUrlKeyword.navigateToUrl(NavigateToUrlKeyword.groovy:83)
	at com.kms.katalon.core.webui.keyword.builtin.NavigateToUrlKeyword.execute(NavigateToUrlKeyword.groovy:67)
	at com.kms.katalon.core.keyword.internal.KeywordExecutor.executeKeywordForPlatform(KeywordExecutor.groovy:74)
	at com.kms.katalon.core.webui.keyword.WebUiBuiltInKeywords.navigateToUrl(WebUiBuiltInKeywords.groovy:187)
	at com.kms.katalon.core.webui.keyword.WebUiBuiltInKeywords$navigateToUrl$1.call(Unknown Source)
	at Script1690871222353.run(Script1690871222353.groovy:25)
	... 13 more
)

2023-08-01 14:49:59 - [MESSAGE][FAILED] - Unable to navigate to 'https://bebeclub.eydendigital.co.id/membership/registration' (Root cause: com.kms.katalon.core.exception.StepFailedException: Unable to navigate to 'https://bebeclub.eydendigital.co.id/membership/registration'
	at com.kms.katalon.core.webui.keyword.internal.WebUIKeywordMain.stepFailed(WebUIKeywordMain.groovy:64)
	at com.kms.katalon.core.webui.keyword.internal.WebUIKeywordMain.runKeyword(WebUIKeywordMain.groovy:26)
	at com.kms.katalon.core.webui.keyword.builtin.NavigateToUrlKeyword.navigateToUrl(NavigateToUrlKeyword.groovy:83)
	at com.kms.katalon.core.webui.keyword.builtin.NavigateToUrlKeyword.execute(NavigateToUrlKeyword.groovy:67)
	at com.kms.katalon.core.keyword.internal.KeywordExecutor.executeKeywordForPlatform(KeywordExecutor.groovy:74)
	at com.kms.katalon.core.webui.keyword.WebUiBuiltInKeywords.navigateToUrl(WebUiBuiltInKeywords.groovy:187)
	at com.kms.katalon.core.webui.keyword.WebUiBuiltInKeywords$navigateToUrl$1.call(Unknown Source)
	at 0817 XL.run(0817 XL:25)
	at com.kms.katalon.core.main.ScriptEngine.run(ScriptEngine.java:194)
	at com.kms.katalon.core.main.ScriptEngine.runScriptAsRawText(ScriptEngine.java:119)
	at com.kms.katalon.core.main.TestCaseExecutor.runScript(TestCaseExecutor.java:448)
	at com.kms.katalon.core.main.TestCaseExecutor.doExecute(TestCaseExecutor.java:439)
	at com.kms.katalon.core.main.TestCaseExecutor.processExecutionPhase(TestCaseExecutor.java:418)
	at com.kms.katalon.core.main.TestCaseExecutor.accessMainPhase(TestCaseExecutor.java:410)
	at com.kms.katalon.core.main.TestCaseExecutor.execute(TestCaseExecutor.java:285)
	at com.kms.katalon.core.common.CommonExecutor.accessTestCaseMainPhase(CommonExecutor.java:65)
	at com.kms.katalon.core.main.TestSuiteExecutor.accessTestSuiteMainPhase(TestSuiteExecutor.java:148)
	at com.kms.katalon.core.main.TestSuiteExecutor.execute(TestSuiteExecutor.java:106)
	at com.kms.katalon.core.main.TestCaseMain.startTestSuite(TestCaseMain.java:187)
	at com.kms.katalon.core.main.TestCaseMain$startTestSuite$0.call(Unknown Source)
	at TempTestSuite1690876169937.run(TempTestSuite1690876169937.groovy:36)
Caused by: org.openqa.selenium.WebDriverException: unknown error: net::ERR_NAME_NOT_RESOLVED
  (Session info: headless chrome=115.0.5790.110)
Build info: version: '3.141.59', revision: 'e82be7d358', time: '2018-11-14T08:25:53'
System info: host: 'ZIZAH-EYD', ip: '10.10.10.204', os.name: 'Windows 10', os.arch: 'amd64', os.version: '10.0', java.version: '1.8.0_282'
Driver info: com.kms.katalon.selenium.driver.CChromeDriver
Capabilities {acceptInsecureCerts: false, browserName: chrome, browserVersion: 115.0.5790.110, chrome: {chromedriverVersion: 114.0.5735.90 (386bc09e8f4f..., userDataDir: C:\Users\SARAHN~1\AppData\L...}, goog:chromeOptions: {debuggerAddress: localhost:59688}, javascriptEnabled: true, networkConnectionEnabled: false, pageLoadStrategy: normal, platform: WINDOWS, platformName: WINDOWS, proxy: Proxy(), setWindowRect: true, strictFileInteractability: false, timeouts: {implicit: 0, pageLoad: 300000, script: 30000}, unhandledPromptBehavior: dismiss and notify, webauthn:extension:credBlob: true, webauthn:extension:largeBlob: true, webauthn:extension:minPinLength: true, webauthn:extension:prf: true, webauthn:virtualAuthenticators: true}
Session ID: 7a994167c1dd50448452de1886ee5b34
	at org.openqa.selenium.remote.http.W3CHttpResponseCodec.createException(W3CHttpResponseCodec.java:187)
	at org.openqa.selenium.remote.http.W3CHttpResponseCodec.decode(W3CHttpResponseCodec.java:122)
	at org.openqa.selenium.remote.http.W3CHttpResponseCodec.decode(W3CHttpResponseCodec.java:49)
	at org.openqa.selenium.remote.HttpCommandExecutor.execute(HttpCommandExecutor.java:158)
	at org.openqa.selenium.remote.service.DriverCommandExecutor.execute(DriverCommandExecutor.java:83)
	at org.openqa.selenium.remote.RemoteWebDriver.execute(RemoteWebDriver.java:552)
	at com.kms.katalon.selenium.driver.CChromeDriver.execute(CChromeDriver.java:19)
	at org.openqa.selenium.remote.RemoteWebDriver.get(RemoteWebDriver.java:277)
	at org.openqa.selenium.remote.RemoteWebDriver$RemoteNavigation.to(RemoteWebDriver.java:857)
	at org.openqa.selenium.support.events.EventFiringWebDriver$EventFiringNavigation.to(EventFiringWebDriver.java:569)
	at com.kms.katalon.core.webui.keyword.builtin.NavigateToUrlKeyword$_navigateToUrl_closure1.doCall(NavigateToUrlKeyword.groovy:81)
	at com.kms.katalon.core.webui.keyword.builtin.NavigateToUrlKeyword$_navigateToUrl_closure1.call(NavigateToUrlKeyword.groovy)
	at com.kms.katalon.core.webui.keyword.internal.WebUIKeywordMain.runKeyword(WebUIKeywordMain.groovy:20)
	at com.kms.katalon.core.webui.keyword.builtin.NavigateToUrlKeyword.navigateToUrl(NavigateToUrlKeyword.groovy:83)
	at com.kms.katalon.core.webui.keyword.builtin.NavigateToUrlKeyword.execute(NavigateToUrlKeyword.groovy:67)
	at com.kms.katalon.core.keyword.internal.KeywordExecutor.executeKeywordForPlatform(KeywordExecutor.groovy:74)
	at com.kms.katalon.core.webui.keyword.WebUiBuiltInKeywords.navigateToUrl(WebUiBuiltInKeywords.groovy:187)
	at com.kms.katalon.core.webui.keyword.WebUiBuiltInKeywords$navigateToUrl$1.call(Unknown Source)
	at Script1690871222353.run(Script1690871222353.groovy:25)
	... 13 more
)
[[ATTACHMENT|C:\\Users\\Sarah Nur Azizah\\git\\test_bebeclub_branchzizah\\Reports\\20230801_144929\\XL\\20230801_144929\\1690876198902.png]]

2023-08-01 14:49:59 - [TEST_STEP][FAILED] - click(findTestObject("Homepage/a_Register")): Unable to click on object 'Object Repository/Homepage/a_Register' (Root cause: com.kms.katalon.core.exception.StepFailedException: Unable to click on object 'Object Repository/Homepage/a_Register'
	at com.kms.katalon.core.webui.keyword.internal.WebUIKeywordMain.stepFailed(WebUIKeywordMain.groovy:64)
	at com.kms.katalon.core.webui.keyword.internal.WebUIKeywordMain.runKeyword(WebUIKeywordMain.groovy:26)
	at com.kms.katalon.core.webui.keyword.builtin.ClickKeyword.click(ClickKeyword.groovy:74)
	at com.kms.katalon.core.webui.keyword.builtin.ClickKeyword.execute(ClickKeyword.groovy:40)
	at com.kms.katalon.core.keyword.internal.KeywordExecutor.executeKeywordForPlatform(KeywordExecutor.groovy:74)
	at com.kms.katalon.core.webui.keyword.WebUiBuiltInKeywords.click(WebUiBuiltInKeywords.groovy:620)
	at com.kms.katalon.core.webui.keyword.WebUiBuiltInKeywords$click$2.call(Unknown Source)
	at 0817 XL.run(0817 XL:27)
	at com.kms.katalon.core.main.ScriptEngine.run(ScriptEngine.java:194)
	at com.kms.katalon.core.main.ScriptEngine.runScriptAsRawText(ScriptEngine.java:119)
	at com.kms.katalon.core.main.TestCaseExecutor.runScript(TestCaseExecutor.java:448)
	at com.kms.katalon.core.main.TestCaseExecutor.doExecute(TestCaseExecutor.java:439)
	at com.kms.katalon.core.main.TestCaseExecutor.processExecutionPhase(TestCaseExecutor.java:418)
	at com.kms.katalon.core.main.TestCaseExecutor.accessMainPhase(TestCaseExecutor.java:410)
	at com.kms.katalon.core.main.TestCaseExecutor.execute(TestCaseExecutor.java:285)
	at com.kms.katalon.core.common.CommonExecutor.accessTestCaseMainPhase(CommonExecutor.java:65)
	at com.kms.katalon.core.main.TestSuiteExecutor.accessTestSuiteMainPhase(TestSuiteExecutor.java:148)
	at com.kms.katalon.core.main.TestSuiteExecutor.execute(TestSuiteExecutor.java:106)
	at com.kms.katalon.core.main.TestCaseMain.startTestSuite(TestCaseMain.java:187)
	at com.kms.katalon.core.main.TestCaseMain$startTestSuite$0.call(Unknown Source)
	at TempTestSuite1690876169937.run(TempTestSuite1690876169937.groovy:36)
Caused by: com.kms.katalon.core.webui.exception.WebElementNotFoundException: Web element with id: 'Object Repository/Homepage/a_Register' located by '(//a[contains(text(),'Register')])[2]' not found
	at com.kms.katalon.core.webui.common.WebUiCommonHelper.findWebElement(WebUiCommonHelper.java:1376)
	at com.kms.katalon.core.webui.keyword.internal.WebUIAbstractKeyword.findWebElement(WebUIAbstractKeyword.groovy:27)
	at com.kms.katalon.core.webui.keyword.builtin.ClickKeyword$_click_closure1.doCall(ClickKeyword.groovy:65)
	at com.kms.katalon.core.webui.keyword.builtin.ClickKeyword$_click_closure1.call(ClickKeyword.groovy)
	at com.kms.katalon.core.webui.keyword.internal.WebUIKeywordMain.runKeyword(WebUIKeywordMain.groovy:20)
	at com.kms.katalon.core.webui.keyword.builtin.ClickKeyword.click(ClickKeyword.groovy:74)
	at com.kms.katalon.core.webui.keyword.builtin.ClickKeyword.execute(ClickKeyword.groovy:40)
	at com.kms.katalon.core.keyword.internal.KeywordExecutor.executeKeywordForPlatform(KeywordExecutor.groovy:74)
	at com.kms.katalon.core.webui.keyword.WebUiBuiltInKeywords.click(WebUiBuiltInKeywords.groovy:620)
	at com.kms.katalon.core.webui.keyword.WebUiBuiltInKeywords$click$2.call(Unknown Source)
	at Script1690871222353.run(Script1690871222353.groovy:27)
	... 13 more
)

2023-08-01 14:50:30 - [MESSAGE][INFO] - Unable to find the element located by 'By.xpath: (//a[contains(text(),'Register')])[2]'. Please recheck the objects properties to make sure the desired element is located. 

2023-08-01 14:50:30 - [MESSAGE][FAILED] - Unable to click on object 'Object Repository/Homepage/a_Register' (Root cause: com.kms.katalon.core.exception.StepFailedException: Unable to click on object 'Object Repository/Homepage/a_Register'
	at com.kms.katalon.core.webui.keyword.internal.WebUIKeywordMain.stepFailed(WebUIKeywordMain.groovy:64)
	at com.kms.katalon.core.webui.keyword.internal.WebUIKeywordMain.runKeyword(WebUIKeywordMain.groovy:26)
	at com.kms.katalon.core.webui.keyword.builtin.ClickKeyword.click(ClickKeyword.groovy:74)
	at com.kms.katalon.core.webui.keyword.builtin.ClickKeyword.execute(ClickKeyword.groovy:40)
	at com.kms.katalon.core.keyword.internal.KeywordExecutor.executeKeywordForPlatform(KeywordExecutor.groovy:74)
	at com.kms.katalon.core.webui.keyword.WebUiBuiltInKeywords.click(WebUiBuiltInKeywords.groovy:620)
	at com.kms.katalon.core.webui.keyword.WebUiBuiltInKeywords$click$2.call(Unknown Source)
	at 0817 XL.run(0817 XL:27)
	at com.kms.katalon.core.main.ScriptEngine.run(ScriptEngine.java:194)
	at com.kms.katalon.core.main.ScriptEngine.runScriptAsRawText(ScriptEngine.java:119)
	at com.kms.katalon.core.main.TestCaseExecutor.runScript(TestCaseExecutor.java:448)
	at com.kms.katalon.core.main.TestCaseExecutor.doExecute(TestCaseExecutor.java:439)
	at com.kms.katalon.core.main.TestCaseExecutor.processExecutionPhase(TestCaseExecutor.java:418)
	at com.kms.katalon.core.main.TestCaseExecutor.accessMainPhase(TestCaseExecutor.java:410)
	at com.kms.katalon.core.main.TestCaseExecutor.execute(TestCaseExecutor.java:285)
	at com.kms.katalon.core.common.CommonExecutor.accessTestCaseMainPhase(CommonExecutor.java:65)
	at com.kms.katalon.core.main.TestSuiteExecutor.accessTestSuiteMainPhase(TestSuiteExecutor.java:148)
	at com.kms.katalon.core.main.TestSuiteExecutor.execute(TestSuiteExecutor.java:106)
	at com.kms.katalon.core.main.TestCaseMain.startTestSuite(TestCaseMain.java:187)
	at com.kms.katalon.core.main.TestCaseMain$startTestSuite$0.call(Unknown Source)
	at TempTestSuite1690876169937.run(TempTestSuite1690876169937.groovy:36)
Caused by: com.kms.katalon.core.webui.exception.WebElementNotFoundException: Web element with id: 'Object Repository/Homepage/a_Register' located by '(//a[contains(text(),'Register')])[2]' not found
	at com.kms.katalon.core.webui.common.WebUiCommonHelper.findWebElement(WebUiCommonHelper.java:1376)
	at com.kms.katalon.core.webui.keyword.internal.WebUIAbstractKeyword.findWebElement(WebUIAbstractKeyword.groovy:27)
	at com.kms.katalon.core.webui.keyword.builtin.ClickKeyword$_click_closure1.doCall(ClickKeyword.groovy:65)
	at com.kms.katalon.core.webui.keyword.builtin.ClickKeyword$_click_closure1.call(ClickKeyword.groovy)
	at com.kms.katalon.core.webui.keyword.internal.WebUIKeywordMain.runKeyword(WebUIKeywordMain.groovy:20)
	at com.kms.katalon.core.webui.keyword.builtin.ClickKeyword.click(ClickKeyword.groovy:74)
	at com.kms.katalon.core.webui.keyword.builtin.ClickKeyword.execute(ClickKeyword.groovy:40)
	at com.kms.katalon.core.keyword.internal.KeywordExecutor.executeKeywordForPlatform(KeywordExecutor.groovy:74)
	at com.kms.katalon.core.webui.keyword.WebUiBuiltInKeywords.click(WebUiBuiltInKeywords.groovy:620)
	at com.kms.katalon.core.webui.keyword.WebUiBuiltInKeywords$click$2.call(Unknown Source)
	at Script1690871222353.run(Script1690871222353.groovy:27)
	... 13 more
)
[[ATTACHMENT|C:\\Users\\Sarah Nur Azizah\\git\\test_bebeclub_branchzizah\\Reports\\20230801_144929\\XL\\20230801_144929\\1690876230160.png]]

2023-08-01 14:50:30 - [TEST_STEP][FAILED] - setText(findTestObject("Page_Bebeclub - Membership Registration/input_Nama Depan_first-name-form"), "aziza"): Unable to set text 'aziza' of object 'Object Repository/Page_Bebeclub - Membership Registration/input_Nama Depan_first-name-form' (Root cause: com.kms.katalon.core.exception.StepFailedException: Unable to set text 'aziza' of object 'Object Repository/Page_Bebeclub - Membership Registration/input_Nama Depan_first-name-form'
	at com.kms.katalon.core.webui.keyword.internal.WebUIKeywordMain.stepFailed(WebUIKeywordMain.groovy:64)
	at com.kms.katalon.core.webui.keyword.internal.WebUIKeywordMain.runKeyword(WebUIKeywordMain.groovy:26)
	at com.kms.katalon.core.webui.keyword.builtin.SetTextKeyword.setText(SetTextKeyword.groovy:66)
	at com.kms.katalon.core.webui.keyword.builtin.SetTextKeyword.execute(SetTextKeyword.groovy:37)
	at com.kms.katalon.core.keyword.internal.KeywordExecutor.executeKeywordForPlatform(KeywordExecutor.groovy:74)
	at com.kms.katalon.core.webui.keyword.WebUiBuiltInKeywords.setText(WebUiBuiltInKeywords.groovy:980)
	at com.kms.katalon.core.webui.keyword.WebUiBuiltInKeywords$setText$3.call(Unknown Source)
	at 0817 XL.run(0817 XL:29)
	at com.kms.katalon.core.main.ScriptEngine.run(ScriptEngine.java:194)
	at com.kms.katalon.core.main.ScriptEngine.runScriptAsRawText(ScriptEngine.java:119)
	at com.kms.katalon.core.main.TestCaseExecutor.runScript(TestCaseExecutor.java:448)
	at com.kms.katalon.core.main.TestCaseExecutor.doExecute(TestCaseExecutor.java:439)
	at com.kms.katalon.core.main.TestCaseExecutor.processExecutionPhase(TestCaseExecutor.java:418)
	at com.kms.katalon.core.main.TestCaseExecutor.accessMainPhase(TestCaseExecutor.java:410)
	at com.kms.katalon.core.main.TestCaseExecutor.execute(TestCaseExecutor.java:285)
	at com.kms.katalon.core.common.CommonExecutor.accessTestCaseMainPhase(CommonExecutor.java:65)
	at com.kms.katalon.core.main.TestSuiteExecutor.accessTestSuiteMainPhase(TestSuiteExecutor.java:148)
	at com.kms.katalon.core.main.TestSuiteExecutor.execute(TestSuiteExecutor.java:106)
	at com.kms.katalon.core.main.TestCaseMain.startTestSuite(TestCaseMain.java:187)
	at com.kms.katalon.core.main.TestCaseMain$startTestSuite$0.call(Unknown Source)
	at TempTestSuite1690876169937.run(TempTestSuite1690876169937.groovy:36)
Caused by: com.kms.katalon.core.webui.exception.WebElementNotFoundException: Web element with id: 'Object Repository/Page_Bebeclub - Membership Registration/input_Nama Depan_first-name-form' located by '//input[@name='first-name-form']' not found
	at com.kms.katalon.core.webui.common.WebUiCommonHelper.findWebElement(WebUiCommonHelper.java:1376)
	at com.kms.katalon.core.webui.keyword.internal.WebUIAbstractKeyword.findWebElement(WebUIAbstractKeyword.groovy:27)
	at com.kms.katalon.core.webui.keyword.internal.WebUIAbstractKeyword.findWebElement(WebUIAbstractKeyword.groovy:26)
	at com.kms.katalon.core.webui.keyword.builtin.SetTextKeyword$_setText_closure1.doCall(SetTextKeyword.groovy:51)
	at com.kms.katalon.core.webui.keyword.builtin.SetTextKeyword$_setText_closure1.call(SetTextKeyword.groovy)
	at com.kms.katalon.core.webui.keyword.internal.WebUIKeywordMain.runKeyword(WebUIKeywordMain.groovy:20)
	at com.kms.katalon.core.webui.keyword.builtin.SetTextKeyword.setText(SetTextKeyword.groovy:66)
	at com.kms.katalon.core.webui.keyword.builtin.SetTextKeyword.execute(SetTextKeyword.groovy:37)
	at com.kms.katalon.core.keyword.internal.KeywordExecutor.executeKeywordForPlatform(KeywordExecutor.groovy:74)
	at com.kms.katalon.core.webui.keyword.WebUiBuiltInKeywords.setText(WebUiBuiltInKeywords.groovy:980)
	at com.kms.katalon.core.webui.keyword.WebUiBuiltInKeywords$setText$3.call(Unknown Source)
	at Script1690871222353.run(Script1690871222353.groovy:29)
	... 13 more
)

2023-08-01 14:51:01 - [MESSAGE][INFO] - Unable to find the element located by 'By.xpath: //input[@name='first-name-form']'. Please recheck the objects properties to make sure the desired element is located. 

2023-08-01 14:51:01 - [MESSAGE][FAILED] - Unable to set text 'aziza' of object 'Object Repository/Page_Bebeclub - Membership Registration/input_Nama Depan_first-name-form' (Root cause: com.kms.katalon.core.exception.StepFailedException: Unable to set text 'aziza' of object 'Object Repository/Page_Bebeclub - Membership Registration/input_Nama Depan_first-name-form'
	at com.kms.katalon.core.webui.keyword.internal.WebUIKeywordMain.stepFailed(WebUIKeywordMain.groovy:64)
	at com.kms.katalon.core.webui.keyword.internal.WebUIKeywordMain.runKeyword(WebUIKeywordMain.groovy:26)
	at com.kms.katalon.core.webui.keyword.builtin.SetTextKeyword.setText(SetTextKeyword.groovy:66)
	at com.kms.katalon.core.webui.keyword.builtin.SetTextKeyword.execute(SetTextKeyword.groovy:37)
	at com.kms.katalon.core.keyword.internal.KeywordExecutor.executeKeywordForPlatform(KeywordExecutor.groovy:74)
	at com.kms.katalon.core.webui.keyword.WebUiBuiltInKeywords.setText(WebUiBuiltInKeywords.groovy:980)
	at com.kms.katalon.core.webui.keyword.WebUiBuiltInKeywords$setText$3.call(Unknown Source)
	at 0817 XL.run(0817 XL:29)
	at com.kms.katalon.core.main.ScriptEngine.run(ScriptEngine.java:194)
	at com.kms.katalon.core.main.ScriptEngine.runScriptAsRawText(ScriptEngine.java:119)
	at com.kms.katalon.core.main.TestCaseExecutor.runScript(TestCaseExecutor.java:448)
	at com.kms.katalon.core.main.TestCaseExecutor.doExecute(TestCaseExecutor.java:439)
	at com.kms.katalon.core.main.TestCaseExecutor.processExecutionPhase(TestCaseExecutor.java:418)
	at com.kms.katalon.core.main.TestCaseExecutor.accessMainPhase(TestCaseExecutor.java:410)
	at com.kms.katalon.core.main.TestCaseExecutor.execute(TestCaseExecutor.java:285)
	at com.kms.katalon.core.common.CommonExecutor.accessTestCaseMainPhase(CommonExecutor.java:65)
	at com.kms.katalon.core.main.TestSuiteExecutor.accessTestSuiteMainPhase(TestSuiteExecutor.java:148)
	at com.kms.katalon.core.main.TestSuiteExecutor.execute(TestSuiteExecutor.java:106)
	at com.kms.katalon.core.main.TestCaseMain.startTestSuite(TestCaseMain.java:187)
	at com.kms.katalon.core.main.TestCaseMain$startTestSuite$0.call(Unknown Source)
	at TempTestSuite1690876169937.run(TempTestSuite1690876169937.groovy:36)
Caused by: com.kms.katalon.core.webui.exception.WebElementNotFoundException: Web element with id: 'Object Repository/Page_Bebeclub - Membership Registration/input_Nama Depan_first-name-form' located by '//input[@name='first-name-form']' not found
	at com.kms.katalon.core.webui.common.WebUiCommonHelper.findWebElement(WebUiCommonHelper.java:1376)
	at com.kms.katalon.core.webui.keyword.internal.WebUIAbstractKeyword.findWebElement(WebUIAbstractKeyword.groovy:27)
	at com.kms.katalon.core.webui.keyword.internal.WebUIAbstractKeyword.findWebElement(WebUIAbstractKeyword.groovy:26)
	at com.kms.katalon.core.webui.keyword.builtin.SetTextKeyword$_setText_closure1.doCall(SetTextKeyword.groovy:51)
	at com.kms.katalon.core.webui.keyword.builtin.SetTextKeyword$_setText_closure1.call(SetTextKeyword.groovy)
	at com.kms.katalon.core.webui.keyword.internal.WebUIKeywordMain.runKeyword(WebUIKeywordMain.groovy:20)
	at com.kms.katalon.core.webui.keyword.builtin.SetTextKeyword.setText(SetTextKeyword.groovy:66)
	at com.kms.katalon.core.webui.keyword.builtin.SetTextKeyword.execute(SetTextKeyword.groovy:37)
	at com.kms.katalon.core.keyword.internal.KeywordExecutor.executeKeywordForPlatform(KeywordExecutor.groovy:74)
	at com.kms.katalon.core.webui.keyword.WebUiBuiltInKeywords.setText(WebUiBuiltInKeywords.groovy:980)
	at com.kms.katalon.core.webui.keyword.WebUiBuiltInKeywords$setText$3.call(Unknown Source)
	at Script1690871222353.run(Script1690871222353.groovy:29)
	... 13 more
)
[[ATTACHMENT|C:\\Users\\Sarah Nur Azizah\\git\\test_bebeclub_branchzizah\\Reports\\20230801_144929\\XL\\20230801_144929\\1690876261275.png]]

2023-08-01 14:51:01 - [TEST_STEP][FAILED] - setText(findTestObject("Page_Bebeclub - Membership Registration/input_Nama Belakang_last-name-form"), "prefix"): Unable to set text 'prefix' of object 'Object Repository/Page_Bebeclub - Membership Registration/input_Nama Belakang_last-name-form' (Root cause: com.kms.katalon.core.exception.StepFailedException: Unable to set text 'prefix' of object 'Object Repository/Page_Bebeclub - Membership Registration/input_Nama Belakang_last-name-form'
	at com.kms.katalon.core.webui.keyword.internal.WebUIKeywordMain.stepFailed(WebUIKeywordMain.groovy:64)
	at com.kms.katalon.core.webui.keyword.internal.WebUIKeywordMain.runKeyword(WebUIKeywordMain.groovy:26)
	at com.kms.katalon.core.webui.keyword.builtin.SetTextKeyword.setText(SetTextKeyword.groovy:66)
	at com.kms.katalon.core.webui.keyword.builtin.SetTextKeyword.execute(SetTextKeyword.groovy:37)
	at com.kms.katalon.core.keyword.internal.KeywordExecutor.executeKeywordForPlatform(KeywordExecutor.groovy:74)
	at com.kms.katalon.core.webui.keyword.WebUiBuiltInKeywords.setText(WebUiBuiltInKeywords.groovy:980)
	at com.kms.katalon.core.webui.keyword.WebUiBuiltInKeywords$setText$3.call(Unknown Source)
	at 0817 XL.run(0817 XL:31)
	at com.kms.katalon.core.main.ScriptEngine.run(ScriptEngine.java:194)
	at com.kms.katalon.core.main.ScriptEngine.runScriptAsRawText(ScriptEngine.java:119)
	at com.kms.katalon.core.main.TestCaseExecutor.runScript(TestCaseExecutor.java:448)
	at com.kms.katalon.core.main.TestCaseExecutor.doExecute(TestCaseExecutor.java:439)
	at com.kms.katalon.core.main.TestCaseExecutor.processExecutionPhase(TestCaseExecutor.java:418)
	at com.kms.katalon.core.main.TestCaseExecutor.accessMainPhase(TestCaseExecutor.java:410)
	at com.kms.katalon.core.main.TestCaseExecutor.execute(TestCaseExecutor.java:285)
	at com.kms.katalon.core.common.CommonExecutor.accessTestCaseMainPhase(CommonExecutor.java:65)
	at com.kms.katalon.core.main.TestSuiteExecutor.accessTestSuiteMainPhase(TestSuiteExecutor.java:148)
	at com.kms.katalon.core.main.TestSuiteExecutor.execute(TestSuiteExecutor.java:106)
	at com.kms.katalon.core.main.TestCaseMain.startTestSuite(TestCaseMain.java:187)
	at com.kms.katalon.core.main.TestCaseMain$startTestSuite$0.call(Unknown Source)
	at TempTestSuite1690876169937.run(TempTestSuite1690876169937.groovy:36)
Caused by: com.kms.katalon.core.webui.exception.WebElementNotFoundException: Web element with id: 'Object Repository/Page_Bebeclub - Membership Registration/input_Nama Belakang_last-name-form' located by '//input[@name='last-name-form']' not found
	at com.kms.katalon.core.webui.common.WebUiCommonHelper.findWebElement(WebUiCommonHelper.java:1376)
	at com.kms.katalon.core.webui.keyword.internal.WebUIAbstractKeyword.findWebElement(WebUIAbstractKeyword.groovy:27)
	at com.kms.katalon.core.webui.keyword.internal.WebUIAbstractKeyword.findWebElement(WebUIAbstractKeyword.groovy:26)
	at com.kms.katalon.core.webui.keyword.builtin.SetTextKeyword$_setText_closure1.doCall(SetTextKeyword.groovy:51)
	at com.kms.katalon.core.webui.keyword.builtin.SetTextKeyword$_setText_closure1.call(SetTextKeyword.groovy)
	at com.kms.katalon.core.webui.keyword.internal.WebUIKeywordMain.runKeyword(WebUIKeywordMain.groovy:20)
	at com.kms.katalon.core.webui.keyword.builtin.SetTextKeyword.setText(SetTextKeyword.groovy:66)
	at com.kms.katalon.core.webui.keyword.builtin.SetTextKeyword.execute(SetTextKeyword.groovy:37)
	at com.kms.katalon.core.keyword.internal.KeywordExecutor.executeKeywordForPlatform(KeywordExecutor.groovy:74)
	at com.kms.katalon.core.webui.keyword.WebUiBuiltInKeywords.setText(WebUiBuiltInKeywords.groovy:980)
	at com.kms.katalon.core.webui.keyword.WebUiBuiltInKeywords$setText$3.call(Unknown Source)
	at Script1690871222353.run(Script1690871222353.groovy:31)
	... 13 more
)

2023-08-01 14:51:32 - [MESSAGE][INFO] - Unable to find the element located by 'By.xpath: //input[@name='last-name-form']'. Please recheck the objects properties to make sure the desired element is located. 

2023-08-01 14:51:32 - [MESSAGE][FAILED] - Unable to set text 'prefix' of object 'Object Repository/Page_Bebeclub - Membership Registration/input_Nama Belakang_last-name-form' (Root cause: com.kms.katalon.core.exception.StepFailedException: Unable to set text 'prefix' of object 'Object Repository/Page_Bebeclub - Membership Registration/input_Nama Belakang_last-name-form'
	at com.kms.katalon.core.webui.keyword.internal.WebUIKeywordMain.stepFailed(WebUIKeywordMain.groovy:64)
	at com.kms.katalon.core.webui.keyword.internal.WebUIKeywordMain.runKeyword(WebUIKeywordMain.groovy:26)
	at com.kms.katalon.core.webui.keyword.builtin.SetTextKeyword.setText(SetTextKeyword.groovy:66)
	at com.kms.katalon.core.webui.keyword.builtin.SetTextKeyword.execute(SetTextKeyword.groovy:37)
	at com.kms.katalon.core.keyword.internal.KeywordExecutor.executeKeywordForPlatform(KeywordExecutor.groovy:74)
	at com.kms.katalon.core.webui.keyword.WebUiBuiltInKeywords.setText(WebUiBuiltInKeywords.groovy:980)
	at com.kms.katalon.core.webui.keyword.WebUiBuiltInKeywords$setText$3.call(Unknown Source)
	at 0817 XL.run(0817 XL:31)
	at com.kms.katalon.core.main.ScriptEngine.run(ScriptEngine.java:194)
	at com.kms.katalon.core.main.ScriptEngine.runScriptAsRawText(ScriptEngine.java:119)
	at com.kms.katalon.core.main.TestCaseExecutor.runScript(TestCaseExecutor.java:448)
	at com.kms.katalon.core.main.TestCaseExecutor.doExecute(TestCaseExecutor.java:439)
	at com.kms.katalon.core.main.TestCaseExecutor.processExecutionPhase(TestCaseExecutor.java:418)
	at com.kms.katalon.core.main.TestCaseExecutor.accessMainPhase(TestCaseExecutor.java:410)
	at com.kms.katalon.core.main.TestCaseExecutor.execute(TestCaseExecutor.java:285)
	at com.kms.katalon.core.common.CommonExecutor.accessTestCaseMainPhase(CommonExecutor.java:65)
	at com.kms.katalon.core.main.TestSuiteExecutor.accessTestSuiteMainPhase(TestSuiteExecutor.java:148)
	at com.kms.katalon.core.main.TestSuiteExecutor.execute(TestSuiteExecutor.java:106)
	at com.kms.katalon.core.main.TestCaseMain.startTestSuite(TestCaseMain.java:187)
	at com.kms.katalon.core.main.TestCaseMain$startTestSuite$0.call(Unknown Source)
	at TempTestSuite1690876169937.run(TempTestSuite1690876169937.groovy:36)
Caused by: com.kms.katalon.core.webui.exception.WebElementNotFoundException: Web element with id: 'Object Repository/Page_Bebeclub - Membership Registration/input_Nama Belakang_last-name-form' located by '//input[@name='last-name-form']' not found
	at com.kms.katalon.core.webui.common.WebUiCommonHelper.findWebElement(WebUiCommonHelper.java:1376)
	at com.kms.katalon.core.webui.keyword.internal.WebUIAbstractKeyword.findWebElement(WebUIAbstractKeyword.groovy:27)
	at com.kms.katalon.core.webui.keyword.internal.WebUIAbstractKeyword.findWebElement(WebUIAbstractKeyword.groovy:26)
	at com.kms.katalon.core.webui.keyword.builtin.SetTextKeyword$_setText_closure1.doCall(SetTextKeyword.groovy:51)
	at com.kms.katalon.core.webui.keyword.builtin.SetTextKeyword$_setText_closure1.call(SetTextKeyword.groovy)
	at com.kms.katalon.core.webui.keyword.internal.WebUIKeywordMain.runKeyword(WebUIKeywordMain.groovy:20)
	at com.kms.katalon.core.webui.keyword.builtin.SetTextKeyword.setText(SetTextKeyword.groovy:66)
	at com.kms.katalon.core.webui.keyword.builtin.SetTextKeyword.execute(SetTextKeyword.groovy:37)
	at com.kms.katalon.core.keyword.internal.KeywordExecutor.executeKeywordForPlatform(KeywordExecutor.groovy:74)
	at com.kms.katalon.core.webui.keyword.WebUiBuiltInKeywords.setText(WebUiBuiltInKeywords.groovy:980)
	at com.kms.katalon.core.webui.keyword.WebUiBuiltInKeywords$setText$3.call(Unknown Source)
	at Script1690871222353.run(Script1690871222353.groovy:31)
	... 13 more
)
[[ATTACHMENT|C:\\Users\\Sarah Nur Azizah\\git\\test_bebeclub_branchzizah\\Reports\\20230801_144929\\XL\\20230801_144929\\1690876292446.png]]

2023-08-01 14:51:32 - [TEST_STEP][PASSED] - randomNum = generateRandomNumber(): null

2023-08-01 14:51:32 - [TEST_STEP][PASSED] - random = new java.util.Random(): null

2023-08-01 14:51:32 - [TEST_STEP][PASSED] - lastNineDigits = String.format("%09d", random.nextInt(1000000000)): null

2023-08-01 14:51:32 - [TEST_STEP][PASSED] - randomNumber = "0817" + lastNineDigits: null

2023-08-01 14:51:32 - [TEST_STEP][PASSED] - return randomNumber: null

2023-08-01 14:51:32 - [TEST_STEP][FAILED] - setText(findTestObject("Page_Bebeclub - Membership Registration/input__number-form"), randomNum): Unable to set text '0817255085522' of object 'Object Repository/Page_Bebeclub - Membership Registration/input__number-form' (Root cause: com.kms.katalon.core.exception.StepFailedException: Unable to set text '0817255085522' of object 'Object Repository/Page_Bebeclub - Membership Registration/input__number-form'
	at com.kms.katalon.core.webui.keyword.internal.WebUIKeywordMain.stepFailed(WebUIKeywordMain.groovy:64)
	at com.kms.katalon.core.webui.keyword.internal.WebUIKeywordMain.runKeyword(WebUIKeywordMain.groovy:26)
	at com.kms.katalon.core.webui.keyword.builtin.SetTextKeyword.setText(SetTextKeyword.groovy:66)
	at com.kms.katalon.core.webui.keyword.builtin.SetTextKeyword.execute(SetTextKeyword.groovy:37)
	at com.kms.katalon.core.keyword.internal.KeywordExecutor.executeKeywordForPlatform(KeywordExecutor.groovy:74)
	at com.kms.katalon.core.webui.keyword.WebUiBuiltInKeywords.setText(WebUiBuiltInKeywords.groovy:980)
	at com.kms.katalon.core.webui.keyword.WebUiBuiltInKeywords$setText$3.call(Unknown Source)
	at 0817 XL.run(0817 XL:39)
	at com.kms.katalon.core.main.ScriptEngine.run(ScriptEngine.java:194)
	at com.kms.katalon.core.main.ScriptEngine.runScriptAsRawText(ScriptEngine.java:119)
	at com.kms.katalon.core.main.TestCaseExecutor.runScript(TestCaseExecutor.java:448)
	at com.kms.katalon.core.main.TestCaseExecutor.doExecute(TestCaseExecutor.java:439)
	at com.kms.katalon.core.main.TestCaseExecutor.processExecutionPhase(TestCaseExecutor.java:418)
	at com.kms.katalon.core.main.TestCaseExecutor.accessMainPhase(TestCaseExecutor.java:410)
	at com.kms.katalon.core.main.TestCaseExecutor.execute(TestCaseExecutor.java:285)
	at com.kms.katalon.core.common.CommonExecutor.accessTestCaseMainPhase(CommonExecutor.java:65)
	at com.kms.katalon.core.main.TestSuiteExecutor.accessTestSuiteMainPhase(TestSuiteExecutor.java:148)
	at com.kms.katalon.core.main.TestSuiteExecutor.execute(TestSuiteExecutor.java:106)
	at com.kms.katalon.core.main.TestCaseMain.startTestSuite(TestCaseMain.java:187)
	at com.kms.katalon.core.main.TestCaseMain$startTestSuite$0.call(Unknown Source)
	at TempTestSuite1690876169937.run(TempTestSuite1690876169937.groovy:36)
Caused by: com.kms.katalon.core.webui.exception.WebElementNotFoundException: Web element with id: 'Object Repository/Page_Bebeclub - Membership Registration/input__number-form' located by '//input[@id='phone_number']' not found
	at com.kms.katalon.core.webui.common.WebUiCommonHelper.findWebElement(WebUiCommonHelper.java:1376)
	at com.kms.katalon.core.webui.keyword.internal.WebUIAbstractKeyword.findWebElement(WebUIAbstractKeyword.groovy:27)
	at com.kms.katalon.core.webui.keyword.internal.WebUIAbstractKeyword.findWebElement(WebUIAbstractKeyword.groovy:26)
	at com.kms.katalon.core.webui.keyword.builtin.SetTextKeyword$_setText_closure1.doCall(SetTextKeyword.groovy:51)
	at com.kms.katalon.core.webui.keyword.builtin.SetTextKeyword$_setText_closure1.call(SetTextKeyword.groovy)
	at com.kms.katalon.core.webui.keyword.internal.WebUIKeywordMain.runKeyword(WebUIKeywordMain.groovy:20)
	at com.kms.katalon.core.webui.keyword.builtin.SetTextKeyword.setText(SetTextKeyword.groovy:66)
	at com.kms.katalon.core.webui.keyword.builtin.SetTextKeyword.execute(SetTextKeyword.groovy:37)
	at com.kms.katalon.core.keyword.internal.KeywordExecutor.executeKeywordForPlatform(KeywordExecutor.groovy:74)
	at com.kms.katalon.core.webui.keyword.WebUiBuiltInKeywords.setText(WebUiBuiltInKeywords.groovy:980)
	at com.kms.katalon.core.webui.keyword.WebUiBuiltInKeywords$setText$3.call(Unknown Source)
	at Script1690871222353.run(Script1690871222353.groovy:39)
	... 13 more
)

2023-08-01 14:52:03 - [MESSAGE][INFO] - Unable to find the element located by 'By.xpath: //input[@id='phone_number']'. Please recheck the objects properties to make sure the desired element is located. 

2023-08-01 14:52:03 - [MESSAGE][FAILED] - Unable to set text '0817255085522' of object 'Object Repository/Page_Bebeclub - Membership Registration/input__number-form' (Root cause: com.kms.katalon.core.exception.StepFailedException: Unable to set text '0817255085522' of object 'Object Repository/Page_Bebeclub - Membership Registration/input__number-form'
	at com.kms.katalon.core.webui.keyword.internal.WebUIKeywordMain.stepFailed(WebUIKeywordMain.groovy:64)
	at com.kms.katalon.core.webui.keyword.internal.WebUIKeywordMain.runKeyword(WebUIKeywordMain.groovy:26)
	at com.kms.katalon.core.webui.keyword.builtin.SetTextKeyword.setText(SetTextKeyword.groovy:66)
	at com.kms.katalon.core.webui.keyword.builtin.SetTextKeyword.execute(SetTextKeyword.groovy:37)
	at com.kms.katalon.core.keyword.internal.KeywordExecutor.executeKeywordForPlatform(KeywordExecutor.groovy:74)
	at com.kms.katalon.core.webui.keyword.WebUiBuiltInKeywords.setText(WebUiBuiltInKeywords.groovy:980)
	at com.kms.katalon.core.webui.keyword.WebUiBuiltInKeywords$setText$3.call(Unknown Source)
	at 0817 XL.run(0817 XL:39)
	at com.kms.katalon.core.main.ScriptEngine.run(ScriptEngine.java:194)
	at com.kms.katalon.core.main.ScriptEngine.runScriptAsRawText(ScriptEngine.java:119)
	at com.kms.katalon.core.main.TestCaseExecutor.runScript(TestCaseExecutor.java:448)
	at com.kms.katalon.core.main.TestCaseExecutor.doExecute(TestCaseExecutor.java:439)
	at com.kms.katalon.core.main.TestCaseExecutor.processExecutionPhase(TestCaseExecutor.java:418)
	at com.kms.katalon.core.main.TestCaseExecutor.accessMainPhase(TestCaseExecutor.java:410)
	at com.kms.katalon.core.main.TestCaseExecutor.execute(TestCaseExecutor.java:285)
	at com.kms.katalon.core.common.CommonExecutor.accessTestCaseMainPhase(CommonExecutor.java:65)
	at com.kms.katalon.core.main.TestSuiteExecutor.accessTestSuiteMainPhase(TestSuiteExecutor.java:148)
	at com.kms.katalon.core.main.TestSuiteExecutor.execute(TestSuiteExecutor.java:106)
	at com.kms.katalon.core.main.TestCaseMain.startTestSuite(TestCaseMain.java:187)
	at com.kms.katalon.core.main.TestCaseMain$startTestSuite$0.call(Unknown Source)
	at TempTestSuite1690876169937.run(TempTestSuite1690876169937.groovy:36)
Caused by: com.kms.katalon.core.webui.exception.WebElementNotFoundException: Web element with id: 'Object Repository/Page_Bebeclub - Membership Registration/input__number-form' located by '//input[@id='phone_number']' not found
	at com.kms.katalon.core.webui.common.WebUiCommonHelper.findWebElement(WebUiCommonHelper.java:1376)
	at com.kms.katalon.core.webui.keyword.internal.WebUIAbstractKeyword.findWebElement(WebUIAbstractKeyword.groovy:27)
	at com.kms.katalon.core.webui.keyword.internal.WebUIAbstractKeyword.findWebElement(WebUIAbstractKeyword.groovy:26)
	at com.kms.katalon.core.webui.keyword.builtin.SetTextKeyword$_setText_closure1.doCall(SetTextKeyword.groovy:51)
	at com.kms.katalon.core.webui.keyword.builtin.SetTextKeyword$_setText_closure1.call(SetTextKeyword.groovy)
	at com.kms.katalon.core.webui.keyword.internal.WebUIKeywordMain.runKeyword(WebUIKeywordMain.groovy:20)
	at com.kms.katalon.core.webui.keyword.builtin.SetTextKeyword.setText(SetTextKeyword.groovy:66)
	at com.kms.katalon.core.webui.keyword.builtin.SetTextKeyword.execute(SetTextKeyword.groovy:37)
	at com.kms.katalon.core.keyword.internal.KeywordExecutor.executeKeywordForPlatform(KeywordExecutor.groovy:74)
	at com.kms.katalon.core.webui.keyword.WebUiBuiltInKeywords.setText(WebUiBuiltInKeywords.groovy:980)
	at com.kms.katalon.core.webui.keyword.WebUiBuiltInKeywords$setText$3.call(Unknown Source)
	at Script1690871222353.run(Script1690871222353.groovy:39)
	... 13 more
)
[[ATTACHMENT|C:\\Users\\Sarah Nur Azizah\\git\\test_bebeclub_branchzizah\\Reports\\20230801_144929\\XL\\20230801_144929\\1690876323594.png]]

2023-08-01 14:52:03 - [TEST_STEP][FAILED] - setEncryptedText(findTestObject("Page_Bebeclub - Membership Registration/input_Password_pass-form"), "iFGeFYmXIrUhQZHvW7P22w=="): Unable to set encrypted text for object 'Object Repository/Page_Bebeclub - Membership Registration/input_Password_pass-form' (Root cause: com.kms.katalon.core.exception.StepFailedException: Unable to set encrypted text for object 'Object Repository/Page_Bebeclub - Membership Registration/input_Password_pass-form'
	at com.kms.katalon.core.webui.keyword.internal.WebUIKeywordMain.stepFailed(WebUIKeywordMain.groovy:64)
	at com.kms.katalon.core.webui.keyword.internal.WebUIKeywordMain.runKeyword(WebUIKeywordMain.groovy:26)
	at com.kms.katalon.core.webui.keyword.builtin.SetEncryptedTextKeyword.setEncryptedText(SetEncryptedTextKeyword.groovy:65)
	at com.kms.katalon.core.webui.keyword.builtin.SetEncryptedTextKeyword.execute(SetEncryptedTextKeyword.groovy:34)
	at com.kms.katalon.core.keyword.internal.KeywordExecutor.executeKeywordForPlatform(KeywordExecutor.groovy:74)
	at com.kms.katalon.core.webui.keyword.WebUiBuiltInKeywords.setEncryptedText(WebUiBuiltInKeywords.groovy:1011)
	at com.kms.katalon.core.webui.keyword.WebUiBuiltInKeywords$setEncryptedText$4.call(Unknown Source)
	at 0817 XL.run(0817 XL:41)
	at com.kms.katalon.core.main.ScriptEngine.run(ScriptEngine.java:194)
	at com.kms.katalon.core.main.ScriptEngine.runScriptAsRawText(ScriptEngine.java:119)
	at com.kms.katalon.core.main.TestCaseExecutor.runScript(TestCaseExecutor.java:448)
	at com.kms.katalon.core.main.TestCaseExecutor.doExecute(TestCaseExecutor.java:439)
	at com.kms.katalon.core.main.TestCaseExecutor.processExecutionPhase(TestCaseExecutor.java:418)
	at com.kms.katalon.core.main.TestCaseExecutor.accessMainPhase(TestCaseExecutor.java:410)
	at com.kms.katalon.core.main.TestCaseExecutor.execute(TestCaseExecutor.java:285)
	at com.kms.katalon.core.common.CommonExecutor.accessTestCaseMainPhase(CommonExecutor.java:65)
	at com.kms.katalon.core.main.TestSuiteExecutor.accessTestSuiteMainPhase(TestSuiteExecutor.java:148)
	at com.kms.katalon.core.main.TestSuiteExecutor.execute(TestSuiteExecutor.java:106)
	at com.kms.katalon.core.main.TestCaseMain.startTestSuite(TestCaseMain.java:187)
	at com.kms.katalon.core.main.TestCaseMain$startTestSuite$0.call(Unknown Source)
	at TempTestSuite1690876169937.run(TempTestSuite1690876169937.groovy:36)
Caused by: com.kms.katalon.core.webui.exception.WebElementNotFoundException: Web element with id: 'Object Repository/Page_Bebeclub - Membership Registration/input_Password_pass-form' located by '//input[@name='pass-form']' not found
	at com.kms.katalon.core.webui.common.WebUiCommonHelper.findWebElement(WebUiCommonHelper.java:1376)
	at com.kms.katalon.core.webui.keyword.internal.WebUIAbstractKeyword.findWebElement(WebUIAbstractKeyword.groovy:27)
	at com.kms.katalon.core.webui.keyword.internal.WebUIAbstractKeyword.findWebElement(WebUIAbstractKeyword.groovy:26)
	at com.kms.katalon.core.webui.keyword.builtin.SetEncryptedTextKeyword$_setEncryptedText_closure1.doCall(SetEncryptedTextKeyword.groovy:51)
	at com.kms.katalon.core.webui.keyword.builtin.SetEncryptedTextKeyword$_setEncryptedText_closure1.call(SetEncryptedTextKeyword.groovy)
	at com.kms.katalon.core.webui.keyword.internal.WebUIKeywordMain.runKeyword(WebUIKeywordMain.groovy:20)
	at com.kms.katalon.core.webui.keyword.builtin.SetEncryptedTextKeyword.setEncryptedText(SetEncryptedTextKeyword.groovy:65)
	at com.kms.katalon.core.webui.keyword.builtin.SetEncryptedTextKeyword.execute(SetEncryptedTextKeyword.groovy:34)
	at com.kms.katalon.core.keyword.internal.KeywordExecutor.executeKeywordForPlatform(KeywordExecutor.groovy:74)
	at com.kms.katalon.core.webui.keyword.WebUiBuiltInKeywords.setEncryptedText(WebUiBuiltInKeywords.groovy:1011)
	at com.kms.katalon.core.webui.keyword.WebUiBuiltInKeywords$setEncryptedText$4.call(Unknown Source)
	at Script1690871222353.run(Script1690871222353.groovy:41)
	... 13 more
)

2023-08-01 14:52:34 - [MESSAGE][INFO] - Unable to find the element located by 'By.xpath: //input[@name='pass-form']'. Please recheck the objects properties to make sure the desired element is located. 

2023-08-01 14:52:34 - [MESSAGE][FAILED] - Unable to set encrypted text for object 'Object Repository/Page_Bebeclub - Membership Registration/input_Password_pass-form' (Root cause: com.kms.katalon.core.exception.StepFailedException: Unable to set encrypted text for object 'Object Repository/Page_Bebeclub - Membership Registration/input_Password_pass-form'
	at com.kms.katalon.core.webui.keyword.internal.WebUIKeywordMain.stepFailed(WebUIKeywordMain.groovy:64)
	at com.kms.katalon.core.webui.keyword.internal.WebUIKeywordMain.runKeyword(WebUIKeywordMain.groovy:26)
	at com.kms.katalon.core.webui.keyword.builtin.SetEncryptedTextKeyword.setEncryptedText(SetEncryptedTextKeyword.groovy:65)
	at com.kms.katalon.core.webui.keyword.builtin.SetEncryptedTextKeyword.execute(SetEncryptedTextKeyword.groovy:34)
	at com.kms.katalon.core.keyword.internal.KeywordExecutor.executeKeywordForPlatform(KeywordExecutor.groovy:74)
	at com.kms.katalon.core.webui.keyword.WebUiBuiltInKeywords.setEncryptedText(WebUiBuiltInKeywords.groovy:1011)
	at com.kms.katalon.core.webui.keyword.WebUiBuiltInKeywords$setEncryptedText$4.call(Unknown Source)
	at 0817 XL.run(0817 XL:41)
	at com.kms.katalon.core.main.ScriptEngine.run(ScriptEngine.java:194)
	at com.kms.katalon.core.main.ScriptEngine.runScriptAsRawText(ScriptEngine.java:119)
	at com.kms.katalon.core.main.TestCaseExecutor.runScript(TestCaseExecutor.java:448)
	at com.kms.katalon.core.main.TestCaseExecutor.doExecute(TestCaseExecutor.java:439)
	at com.kms.katalon.core.main.TestCaseExecutor.processExecutionPhase(TestCaseExecutor.java:418)
	at com.kms.katalon.core.main.TestCaseExecutor.accessMainPhase(TestCaseExecutor.java:410)
	at com.kms.katalon.core.main.TestCaseExecutor.execute(TestCaseExecutor.java:285)
	at com.kms.katalon.core.common.CommonExecutor.accessTestCaseMainPhase(CommonExecutor.java:65)
	at com.kms.katalon.core.main.TestSuiteExecutor.accessTestSuiteMainPhase(TestSuiteExecutor.java:148)
	at com.kms.katalon.core.main.TestSuiteExecutor.execute(TestSuiteExecutor.java:106)
	at com.kms.katalon.core.main.TestCaseMain.startTestSuite(TestCaseMain.java:187)
	at com.kms.katalon.core.main.TestCaseMain$startTestSuite$0.call(Unknown Source)
	at TempTestSuite1690876169937.run(TempTestSuite1690876169937.groovy:36)
Caused by: com.kms.katalon.core.webui.exception.WebElementNotFoundException: Web element with id: 'Object Repository/Page_Bebeclub - Membership Registration/input_Password_pass-form' located by '//input[@name='pass-form']' not found
	at com.kms.katalon.core.webui.common.WebUiCommonHelper.findWebElement(WebUiCommonHelper.java:1376)
	at com.kms.katalon.core.webui.keyword.internal.WebUIAbstractKeyword.findWebElement(WebUIAbstractKeyword.groovy:27)
	at com.kms.katalon.core.webui.keyword.internal.WebUIAbstractKeyword.findWebElement(WebUIAbstractKeyword.groovy:26)
	at com.kms.katalon.core.webui.keyword.builtin.SetEncryptedTextKeyword$_setEncryptedText_closure1.doCall(SetEncryptedTextKeyword.groovy:51)
	at com.kms.katalon.core.webui.keyword.builtin.SetEncryptedTextKeyword$_setEncryptedText_closure1.call(SetEncryptedTextKeyword.groovy)
	at com.kms.katalon.core.webui.keyword.internal.WebUIKeywordMain.runKeyword(WebUIKeywordMain.groovy:20)
	at com.kms.katalon.core.webui.keyword.builtin.SetEncryptedTextKeyword.setEncryptedText(SetEncryptedTextKeyword.groovy:65)
	at com.kms.katalon.core.webui.keyword.builtin.SetEncryptedTextKeyword.execute(SetEncryptedTextKeyword.groovy:34)
	at com.kms.katalon.core.keyword.internal.KeywordExecutor.executeKeywordForPlatform(KeywordExecutor.groovy:74)
	at com.kms.katalon.core.webui.keyword.WebUiBuiltInKeywords.setEncryptedText(WebUiBuiltInKeywords.groovy:1011)
	at com.kms.katalon.core.webui.keyword.WebUiBuiltInKeywords$setEncryptedText$4.call(Unknown Source)
	at Script1690871222353.run(Script1690871222353.groovy:41)
	... 13 more
)
[[ATTACHMENT|C:\\Users\\Sarah Nur Azizah\\git\\test_bebeclub_branchzizah\\Reports\\20230801_144929\\XL\\20230801_144929\\1690876354734.png]]

2023-08-01 14:52:34 - [TEST_STEP][FAILED] - setEncryptedText(findTestObject("Page_Bebeclub - Membership Registration/input_Konfirmasi Password_konfirmasipass-form"), "iFGeFYmXIrUhQZHvW7P22w=="): Unable to set encrypted text for object 'Object Repository/Page_Bebeclub - Membership Registration/input_Konfirmasi Password_konfirmasipass-form' (Root cause: com.kms.katalon.core.exception.StepFailedException: Unable to set encrypted text for object 'Object Repository/Page_Bebeclub - Membership Registration/input_Konfirmasi Password_konfirmasipass-form'
	at com.kms.katalon.core.webui.keyword.internal.WebUIKeywordMain.stepFailed(WebUIKeywordMain.groovy:64)
	at com.kms.katalon.core.webui.keyword.internal.WebUIKeywordMain.runKeyword(WebUIKeywordMain.groovy:26)
	at com.kms.katalon.core.webui.keyword.builtin.SetEncryptedTextKeyword.setEncryptedText(SetEncryptedTextKeyword.groovy:65)
	at com.kms.katalon.core.webui.keyword.builtin.SetEncryptedTextKeyword.execute(SetEncryptedTextKeyword.groovy:34)
	at com.kms.katalon.core.keyword.internal.KeywordExecutor.executeKeywordForPlatform(KeywordExecutor.groovy:74)
	at com.kms.katalon.core.webui.keyword.WebUiBuiltInKeywords.setEncryptedText(WebUiBuiltInKeywords.groovy:1011)
	at com.kms.katalon.core.webui.keyword.WebUiBuiltInKeywords$setEncryptedText$4.call(Unknown Source)
	at 0817 XL.run(0817 XL:43)
	at com.kms.katalon.core.main.ScriptEngine.run(ScriptEngine.java:194)
	at com.kms.katalon.core.main.ScriptEngine.runScriptAsRawText(ScriptEngine.java:119)
	at com.kms.katalon.core.main.TestCaseExecutor.runScript(TestCaseExecutor.java:448)
	at com.kms.katalon.core.main.TestCaseExecutor.doExecute(TestCaseExecutor.java:439)
	at com.kms.katalon.core.main.TestCaseExecutor.processExecutionPhase(TestCaseExecutor.java:418)
	at com.kms.katalon.core.main.TestCaseExecutor.accessMainPhase(TestCaseExecutor.java:410)
	at com.kms.katalon.core.main.TestCaseExecutor.execute(TestCaseExecutor.java:285)
	at com.kms.katalon.core.common.CommonExecutor.accessTestCaseMainPhase(CommonExecutor.java:65)
	at com.kms.katalon.core.main.TestSuiteExecutor.accessTestSuiteMainPhase(TestSuiteExecutor.java:148)
	at com.kms.katalon.core.main.TestSuiteExecutor.execute(TestSuiteExecutor.java:106)
	at com.kms.katalon.core.main.TestCaseMain.startTestSuite(TestCaseMain.java:187)
	at com.kms.katalon.core.main.TestCaseMain$startTestSuite$0.call(Unknown Source)
	at TempTestSuite1690876169937.run(TempTestSuite1690876169937.groovy:36)
Caused by: com.kms.katalon.core.webui.exception.WebElementNotFoundException: Web element with id: 'Object Repository/Page_Bebeclub - Membership Registration/input_Konfirmasi Password_konfirmasipass-form' located by '//input[@name='konfirmasipass-form']' not found
	at com.kms.katalon.core.webui.common.WebUiCommonHelper.findWebElement(WebUiCommonHelper.java:1376)
	at com.kms.katalon.core.webui.keyword.internal.WebUIAbstractKeyword.findWebElement(WebUIAbstractKeyword.groovy:27)
	at com.kms.katalon.core.webui.keyword.internal.WebUIAbstractKeyword.findWebElement(WebUIAbstractKeyword.groovy:26)
	at com.kms.katalon.core.webui.keyword.builtin.SetEncryptedTextKeyword$_setEncryptedText_closure1.doCall(SetEncryptedTextKeyword.groovy:51)
	at com.kms.katalon.core.webui.keyword.builtin.SetEncryptedTextKeyword$_setEncryptedText_closure1.call(SetEncryptedTextKeyword.groovy)
	at com.kms.katalon.core.webui.keyword.internal.WebUIKeywordMain.runKeyword(WebUIKeywordMain.groovy:20)
	at com.kms.katalon.core.webui.keyword.builtin.SetEncryptedTextKeyword.setEncryptedText(SetEncryptedTextKeyword.groovy:65)
	at com.kms.katalon.core.webui.keyword.builtin.SetEncryptedTextKeyword.execute(SetEncryptedTextKeyword.groovy:34)
	at com.kms.katalon.core.keyword.internal.KeywordExecutor.executeKeywordForPlatform(KeywordExecutor.groovy:74)
	at com.kms.katalon.core.webui.keyword.WebUiBuiltInKeywords.setEncryptedText(WebUiBuiltInKeywords.groovy:1011)
	at com.kms.katalon.core.webui.keyword.WebUiBuiltInKeywords$setEncryptedText$4.call(Unknown Source)
	at Script1690871222353.run(Script1690871222353.groovy:43)
	... 13 more
)

2023-08-01 14:53:05 - [MESSAGE][INFO] - Unable to find the element located by 'By.xpath: //input[@name='konfirmasipass-form']'. Please recheck the objects properties to make sure the desired element is located. 

2023-08-01 14:53:05 - [MESSAGE][FAILED] - Unable to set encrypted text for object 'Object Repository/Page_Bebeclub - Membership Registration/input_Konfirmasi Password_konfirmasipass-form' (Root cause: com.kms.katalon.core.exception.StepFailedException: Unable to set encrypted text for object 'Object Repository/Page_Bebeclub - Membership Registration/input_Konfirmasi Password_konfirmasipass-form'
	at com.kms.katalon.core.webui.keyword.internal.WebUIKeywordMain.stepFailed(WebUIKeywordMain.groovy:64)
	at com.kms.katalon.core.webui.keyword.internal.WebUIKeywordMain.runKeyword(WebUIKeywordMain.groovy:26)
	at com.kms.katalon.core.webui.keyword.builtin.SetEncryptedTextKeyword.setEncryptedText(SetEncryptedTextKeyword.groovy:65)
	at com.kms.katalon.core.webui.keyword.builtin.SetEncryptedTextKeyword.execute(SetEncryptedTextKeyword.groovy:34)
	at com.kms.katalon.core.keyword.internal.KeywordExecutor.executeKeywordForPlatform(KeywordExecutor.groovy:74)
	at com.kms.katalon.core.webui.keyword.WebUiBuiltInKeywords.setEncryptedText(WebUiBuiltInKeywords.groovy:1011)
	at com.kms.katalon.core.webui.keyword.WebUiBuiltInKeywords$setEncryptedText$4.call(Unknown Source)
	at 0817 XL.run(0817 XL:43)
	at com.kms.katalon.core.main.ScriptEngine.run(ScriptEngine.java:194)
	at com.kms.katalon.core.main.ScriptEngine.runScriptAsRawText(ScriptEngine.java:119)
	at com.kms.katalon.core.main.TestCaseExecutor.runScript(TestCaseExecutor.java:448)
	at com.kms.katalon.core.main.TestCaseExecutor.doExecute(TestCaseExecutor.java:439)
	at com.kms.katalon.core.main.TestCaseExecutor.processExecutionPhase(TestCaseExecutor.java:418)
	at com.kms.katalon.core.main.TestCaseExecutor.accessMainPhase(TestCaseExecutor.java:410)
	at com.kms.katalon.core.main.TestCaseExecutor.execute(TestCaseExecutor.java:285)
	at com.kms.katalon.core.common.CommonExecutor.accessTestCaseMainPhase(CommonExecutor.java:65)
	at com.kms.katalon.core.main.TestSuiteExecutor.accessTestSuiteMainPhase(TestSuiteExecutor.java:148)
	at com.kms.katalon.core.main.TestSuiteExecutor.execute(TestSuiteExecutor.java:106)
	at com.kms.katalon.core.main.TestCaseMain.startTestSuite(TestCaseMain.java:187)
	at com.kms.katalon.core.main.TestCaseMain$startTestSuite$0.call(Unknown Source)
	at TempTestSuite1690876169937.run(TempTestSuite1690876169937.groovy:36)
Caused by: com.kms.katalon.core.webui.exception.WebElementNotFoundException: Web element with id: 'Object Repository/Page_Bebeclub - Membership Registration/input_Konfirmasi Password_konfirmasipass-form' located by '//input[@name='konfirmasipass-form']' not found
	at com.kms.katalon.core.webui.common.WebUiCommonHelper.findWebElement(WebUiCommonHelper.java:1376)
	at com.kms.katalon.core.webui.keyword.internal.WebUIAbstractKeyword.findWebElement(WebUIAbstractKeyword.groovy:27)
	at com.kms.katalon.core.webui.keyword.internal.WebUIAbstractKeyword.findWebElement(WebUIAbstractKeyword.groovy:26)
	at com.kms.katalon.core.webui.keyword.builtin.SetEncryptedTextKeyword$_setEncryptedText_closure1.doCall(SetEncryptedTextKeyword.groovy:51)
	at com.kms.katalon.core.webui.keyword.builtin.SetEncryptedTextKeyword$_setEncryptedText_closure1.call(SetEncryptedTextKeyword.groovy)
	at com.kms.katalon.core.webui.keyword.internal.WebUIKeywordMain.runKeyword(WebUIKeywordMain.groovy:20)
	at com.kms.katalon.core.webui.keyword.builtin.SetEncryptedTextKeyword.setEncryptedText(SetEncryptedTextKeyword.groovy:65)
	at com.kms.katalon.core.webui.keyword.builtin.SetEncryptedTextKeyword.execute(SetEncryptedTextKeyword.groovy:34)
	at com.kms.katalon.core.keyword.internal.KeywordExecutor.executeKeywordForPlatform(KeywordExecutor.groovy:74)
	at com.kms.katalon.core.webui.keyword.WebUiBuiltInKeywords.setEncryptedText(WebUiBuiltInKeywords.groovy:1011)
	at com.kms.katalon.core.webui.keyword.WebUiBuiltInKeywords$setEncryptedText$4.call(Unknown Source)
	at Script1690871222353.run(Script1690871222353.groovy:43)
	... 13 more
)
[[ATTACHMENT|C:\\Users\\Sarah Nur Azizah\\git\\test_bebeclub_branchzizah\\Reports\\20230801_144929\\XL\\20230801_144929\\1690876385873.png]]

2023-08-01 14:53:05 - [TEST_STEP][FAILED] - selectOptionByLabel(findTestObject("Page_Bebeclub - Membership Registration/select_Pilih Kondisi Ibu Saat Ini"), "Belum Hamil & Tidak Mempunyai Anak", false): Unable to select option by label 'Belum Hamil & Tidak Mempunyai Anak' of object 'Object Repository/Page_Bebeclub - Membership Registration/select_Pilih Kondisi Ibu Saat Ini'  (Root cause: com.kms.katalon.core.exception.StepFailedException: Unable to select option by label 'Belum Hamil & Tidak Mempunyai Anak' of object 'Object Repository/Page_Bebeclub - Membership Registration/select_Pilih Kondisi Ibu Saat Ini' 
	at com.kms.katalon.core.webui.keyword.internal.WebUIKeywordMain.stepFailed(WebUIKeywordMain.groovy:64)
	at com.kms.katalon.core.webui.keyword.internal.WebUIKeywordMain.runKeyword(WebUIKeywordMain.groovy:26)
	at com.kms.katalon.core.webui.keyword.builtin.SelectOptionByLabelKeyword.selectOptionByLabel(SelectOptionByLabelKeyword.groovy:98)
	at com.kms.katalon.core.webui.keyword.builtin.SelectOptionByLabelKeyword.execute(SelectOptionByLabelKeyword.groovy:71)
	at com.kms.katalon.core.keyword.internal.KeywordExecutor.executeKeywordForPlatform(KeywordExecutor.groovy:74)
	at com.kms.katalon.core.webui.keyword.WebUiBuiltInKeywords.selectOptionByLabel(WebUiBuiltInKeywords.groovy:1230)
	at com.kms.katalon.core.webui.keyword.WebUiBuiltInKeywords$selectOptionByLabel$5.call(Unknown Source)
	at 0817 XL.run(0817 XL:46)
	at com.kms.katalon.core.main.ScriptEngine.run(ScriptEngine.java:194)
	at com.kms.katalon.core.main.ScriptEngine.runScriptAsRawText(ScriptEngine.java:119)
	at com.kms.katalon.core.main.TestCaseExecutor.runScript(TestCaseExecutor.java:448)
	at com.kms.katalon.core.main.TestCaseExecutor.doExecute(TestCaseExecutor.java:439)
	at com.kms.katalon.core.main.TestCaseExecutor.processExecutionPhase(TestCaseExecutor.java:418)
	at com.kms.katalon.core.main.TestCaseExecutor.accessMainPhase(TestCaseExecutor.java:410)
	at com.kms.katalon.core.main.TestCaseExecutor.execute(TestCaseExecutor.java:285)
	at com.kms.katalon.core.common.CommonExecutor.accessTestCaseMainPhase(CommonExecutor.java:65)
	at com.kms.katalon.core.main.TestSuiteExecutor.accessTestSuiteMainPhase(TestSuiteExecutor.java:148)
	at com.kms.katalon.core.main.TestSuiteExecutor.execute(TestSuiteExecutor.java:106)
	at com.kms.katalon.core.main.TestCaseMain.startTestSuite(TestCaseMain.java:187)
	at com.kms.katalon.core.main.TestCaseMain$startTestSuite$0.call(Unknown Source)
	at TempTestSuite1690876169937.run(TempTestSuite1690876169937.groovy:36)
Caused by: com.kms.katalon.core.webui.exception.WebElementNotFoundException: Web element with id: 'Object Repository/Page_Bebeclub - Membership Registration/select_Pilih Kondisi Ibu Saat Ini' located by '//select[@id='statusibu-form']' not found
	at com.kms.katalon.core.webui.common.WebUiCommonHelper.findWebElement(WebUiCommonHelper.java:1376)
	at com.kms.katalon.core.webui.keyword.internal.WebUIAbstractKeyword.findWebElement(WebUIAbstractKeyword.groovy:27)
	at com.kms.katalon.core.webui.keyword.internal.WebUIAbstractKeyword.findWebElement(WebUIAbstractKeyword.groovy:26)
	at com.kms.katalon.core.webui.keyword.builtin.SelectOptionByLabelKeyword$_selectOptionByLabel_closure1.doCall(SelectOptionByLabelKeyword.groovy:86)
	at com.kms.katalon.core.webui.keyword.builtin.SelectOptionByLabelKeyword$_selectOptionByLabel_closure1.call(SelectOptionByLabelKeyword.groovy)
	at com.kms.katalon.core.webui.keyword.internal.WebUIKeywordMain.runKeyword(WebUIKeywordMain.groovy:20)
	at com.kms.katalon.core.webui.keyword.builtin.SelectOptionByLabelKeyword.selectOptionByLabel(SelectOptionByLabelKeyword.groovy:98)
	at com.kms.katalon.core.webui.keyword.builtin.SelectOptionByLabelKeyword.execute(SelectOptionByLabelKeyword.groovy:71)
	at com.kms.katalon.core.keyword.internal.KeywordExecutor.executeKeywordForPlatform(KeywordExecutor.groovy:74)
	at com.kms.katalon.core.webui.keyword.WebUiBuiltInKeywords.selectOptionByLabel(WebUiBuiltInKeywords.groovy:1230)
	at com.kms.katalon.core.webui.keyword.WebUiBuiltInKeywords$selectOptionByLabel$5.call(Unknown Source)
	at Script1690871222353.run(Script1690871222353.groovy:46)
	... 13 more
)

2023-08-01 14:53:37 - [MESSAGE][INFO] - Unable to find the element located by 'By.xpath: //select[@id='statusibu-form']'. Please recheck the objects properties to make sure the desired element is located. 

2023-08-01 14:53:37 - [MESSAGE][FAILED] - Unable to select option by label 'Belum Hamil & Tidak Mempunyai Anak' of object 'Object Repository/Page_Bebeclub - Membership Registration/select_Pilih Kondisi Ibu Saat Ini'  (Root cause: com.kms.katalon.core.exception.StepFailedException: Unable to select option by label 'Belum Hamil & Tidak Mempunyai Anak' of object 'Object Repository/Page_Bebeclub - Membership Registration/select_Pilih Kondisi Ibu Saat Ini' 
	at com.kms.katalon.core.webui.keyword.internal.WebUIKeywordMain.stepFailed(WebUIKeywordMain.groovy:64)
	at com.kms.katalon.core.webui.keyword.internal.WebUIKeywordMain.runKeyword(WebUIKeywordMain.groovy:26)
	at com.kms.katalon.core.webui.keyword.builtin.SelectOptionByLabelKeyword.selectOptionByLabel(SelectOptionByLabelKeyword.groovy:98)
	at com.kms.katalon.core.webui.keyword.builtin.SelectOptionByLabelKeyword.execute(SelectOptionByLabelKeyword.groovy:71)
	at com.kms.katalon.core.keyword.internal.KeywordExecutor.executeKeywordForPlatform(KeywordExecutor.groovy:74)
	at com.kms.katalon.core.webui.keyword.WebUiBuiltInKeywords.selectOptionByLabel(WebUiBuiltInKeywords.groovy:1230)
	at com.kms.katalon.core.webui.keyword.WebUiBuiltInKeywords$selectOptionByLabel$5.call(Unknown Source)
	at 0817 XL.run(0817 XL:46)
	at com.kms.katalon.core.main.ScriptEngine.run(ScriptEngine.java:194)
	at com.kms.katalon.core.main.ScriptEngine.runScriptAsRawText(ScriptEngine.java:119)
	at com.kms.katalon.core.main.TestCaseExecutor.runScript(TestCaseExecutor.java:448)
	at com.kms.katalon.core.main.TestCaseExecutor.doExecute(TestCaseExecutor.java:439)
	at com.kms.katalon.core.main.TestCaseExecutor.processExecutionPhase(TestCaseExecutor.java:418)
	at com.kms.katalon.core.main.TestCaseExecutor.accessMainPhase(TestCaseExecutor.java:410)
	at com.kms.katalon.core.main.TestCaseExecutor.execute(TestCaseExecutor.java:285)
	at com.kms.katalon.core.common.CommonExecutor.accessTestCaseMainPhase(CommonExecutor.java:65)
	at com.kms.katalon.core.main.TestSuiteExecutor.accessTestSuiteMainPhase(TestSuiteExecutor.java:148)
	at com.kms.katalon.core.main.TestSuiteExecutor.execute(TestSuiteExecutor.java:106)
	at com.kms.katalon.core.main.TestCaseMain.startTestSuite(TestCaseMain.java:187)
	at com.kms.katalon.core.main.TestCaseMain$startTestSuite$0.call(Unknown Source)
	at TempTestSuite1690876169937.run(TempTestSuite1690876169937.groovy:36)
Caused by: com.kms.katalon.core.webui.exception.WebElementNotFoundException: Web element with id: 'Object Repository/Page_Bebeclub - Membership Registration/select_Pilih Kondisi Ibu Saat Ini' located by '//select[@id='statusibu-form']' not found
	at com.kms.katalon.core.webui.common.WebUiCommonHelper.findWebElement(WebUiCommonHelper.java:1376)
	at com.kms.katalon.core.webui.keyword.internal.WebUIAbstractKeyword.findWebElement(WebUIAbstractKeyword.groovy:27)
	at com.kms.katalon.core.webui.keyword.internal.WebUIAbstractKeyword.findWebElement(WebUIAbstractKeyword.groovy:26)
	at com.kms.katalon.core.webui.keyword.builtin.SelectOptionByLabelKeyword$_selectOptionByLabel_closure1.doCall(SelectOptionByLabelKeyword.groovy:86)
	at com.kms.katalon.core.webui.keyword.builtin.SelectOptionByLabelKeyword$_selectOptionByLabel_closure1.call(SelectOptionByLabelKeyword.groovy)
	at com.kms.katalon.core.webui.keyword.internal.WebUIKeywordMain.runKeyword(WebUIKeywordMain.groovy:20)
	at com.kms.katalon.core.webui.keyword.builtin.SelectOptionByLabelKeyword.selectOptionByLabel(SelectOptionByLabelKeyword.groovy:98)
	at com.kms.katalon.core.webui.keyword.builtin.SelectOptionByLabelKeyword.execute(SelectOptionByLabelKeyword.groovy:71)
	at com.kms.katalon.core.keyword.internal.KeywordExecutor.executeKeywordForPlatform(KeywordExecutor.groovy:74)
	at com.kms.katalon.core.webui.keyword.WebUiBuiltInKeywords.selectOptionByLabel(WebUiBuiltInKeywords.groovy:1230)
	at com.kms.katalon.core.webui.keyword.WebUiBuiltInKeywords$selectOptionByLabel$5.call(Unknown Source)
	at Script1690871222353.run(Script1690871222353.groovy:46)
	... 13 more
)
[[ATTACHMENT|C:\\Users\\Sarah Nur Azizah\\git\\test_bebeclub_branchzizah\\Reports\\20230801_144929\\XL\\20230801_144929\\1690876417005.png]]

2023-08-01 14:53:37 - [TEST_STEP][FAILED] - click(findTestObject("Page_Bebeclub - Membership Registration/button_Kirim Kode OTP")): Unable to click on object 'Object Repository/Page_Bebeclub - Membership Registration/button_Kirim Kode OTP' (Root cause: com.kms.katalon.core.exception.StepFailedException: Unable to click on object 'Object Repository/Page_Bebeclub - Membership Registration/button_Kirim Kode OTP'
	at com.kms.katalon.core.webui.keyword.internal.WebUIKeywordMain.stepFailed(WebUIKeywordMain.groovy:64)
	at com.kms.katalon.core.webui.keyword.internal.WebUIKeywordMain.runKeyword(WebUIKeywordMain.groovy:26)
	at com.kms.katalon.core.webui.keyword.builtin.ClickKeyword.click(ClickKeyword.groovy:74)
	at com.kms.katalon.core.webui.keyword.builtin.ClickKeyword.execute(ClickKeyword.groovy:40)
	at com.kms.katalon.core.keyword.internal.KeywordExecutor.executeKeywordForPlatform(KeywordExecutor.groovy:74)
	at com.kms.katalon.core.webui.keyword.WebUiBuiltInKeywords.click(WebUiBuiltInKeywords.groovy:620)
	at com.kms.katalon.core.webui.keyword.WebUiBuiltInKeywords$click$2.call(Unknown Source)
	at 0817 XL.run(0817 XL:49)
	at com.kms.katalon.core.main.ScriptEngine.run(ScriptEngine.java:194)
	at com.kms.katalon.core.main.ScriptEngine.runScriptAsRawText(ScriptEngine.java:119)
	at com.kms.katalon.core.main.TestCaseExecutor.runScript(TestCaseExecutor.java:448)
	at com.kms.katalon.core.main.TestCaseExecutor.doExecute(TestCaseExecutor.java:439)
	at com.kms.katalon.core.main.TestCaseExecutor.processExecutionPhase(TestCaseExecutor.java:418)
	at com.kms.katalon.core.main.TestCaseExecutor.accessMainPhase(TestCaseExecutor.java:410)
	at com.kms.katalon.core.main.TestCaseExecutor.execute(TestCaseExecutor.java:285)
	at com.kms.katalon.core.common.CommonExecutor.accessTestCaseMainPhase(CommonExecutor.java:65)
	at com.kms.katalon.core.main.TestSuiteExecutor.accessTestSuiteMainPhase(TestSuiteExecutor.java:148)
	at com.kms.katalon.core.main.TestSuiteExecutor.execute(TestSuiteExecutor.java:106)
	at com.kms.katalon.core.main.TestCaseMain.startTestSuite(TestCaseMain.java:187)
	at com.kms.katalon.core.main.TestCaseMain$startTestSuite$0.call(Unknown Source)
	at TempTestSuite1690876169937.run(TempTestSuite1690876169937.groovy:36)
Caused by: com.kms.katalon.core.webui.exception.WebElementNotFoundException: Web element with id: 'Object Repository/Page_Bebeclub - Membership Registration/button_Kirim Kode OTP' located by '(//button[@type='button'])[2]' not found
	at com.kms.katalon.core.webui.common.WebUiCommonHelper.findWebElement(WebUiCommonHelper.java:1376)
	at com.kms.katalon.core.webui.keyword.internal.WebUIAbstractKeyword.findWebElement(WebUIAbstractKeyword.groovy:27)
	at com.kms.katalon.core.webui.keyword.builtin.ClickKeyword$_click_closure1.doCall(ClickKeyword.groovy:65)
	at com.kms.katalon.core.webui.keyword.builtin.ClickKeyword$_click_closure1.call(ClickKeyword.groovy)
	at com.kms.katalon.core.webui.keyword.internal.WebUIKeywordMain.runKeyword(WebUIKeywordMain.groovy:20)
	at com.kms.katalon.core.webui.keyword.builtin.ClickKeyword.click(ClickKeyword.groovy:74)
	at com.kms.katalon.core.webui.keyword.builtin.ClickKeyword.execute(ClickKeyword.groovy:40)
	at com.kms.katalon.core.keyword.internal.KeywordExecutor.executeKeywordForPlatform(KeywordExecutor.groovy:74)
	at com.kms.katalon.core.webui.keyword.WebUiBuiltInKeywords.click(WebUiBuiltInKeywords.groovy:620)
	at com.kms.katalon.core.webui.keyword.WebUiBuiltInKeywords$click$2.call(Unknown Source)
	at Script1690871222353.run(Script1690871222353.groovy:49)
	... 13 more
)

2023-08-01 14:54:08 - [MESSAGE][INFO] - Unable to find the element located by 'By.xpath: (//button[@type='button'])[2]'. Please recheck the objects properties to make sure the desired element is located. 

2023-08-01 14:54:08 - [MESSAGE][FAILED] - Unable to click on object 'Object Repository/Page_Bebeclub - Membership Registration/button_Kirim Kode OTP' (Root cause: com.kms.katalon.core.exception.StepFailedException: Unable to click on object 'Object Repository/Page_Bebeclub - Membership Registration/button_Kirim Kode OTP'
	at com.kms.katalon.core.webui.keyword.internal.WebUIKeywordMain.stepFailed(WebUIKeywordMain.groovy:64)
	at com.kms.katalon.core.webui.keyword.internal.WebUIKeywordMain.runKeyword(WebUIKeywordMain.groovy:26)
	at com.kms.katalon.core.webui.keyword.builtin.ClickKeyword.click(ClickKeyword.groovy:74)
	at com.kms.katalon.core.webui.keyword.builtin.ClickKeyword.execute(ClickKeyword.groovy:40)
	at com.kms.katalon.core.keyword.internal.KeywordExecutor.executeKeywordForPlatform(KeywordExecutor.groovy:74)
	at com.kms.katalon.core.webui.keyword.WebUiBuiltInKeywords.click(WebUiBuiltInKeywords.groovy:620)
	at com.kms.katalon.core.webui.keyword.WebUiBuiltInKeywords$click$2.call(Unknown Source)
	at 0817 XL.run(0817 XL:49)
	at com.kms.katalon.core.main.ScriptEngine.run(ScriptEngine.java:194)
	at com.kms.katalon.core.main.ScriptEngine.runScriptAsRawText(ScriptEngine.java:119)
	at com.kms.katalon.core.main.TestCaseExecutor.runScript(TestCaseExecutor.java:448)
	at com.kms.katalon.core.main.TestCaseExecutor.doExecute(TestCaseExecutor.java:439)
	at com.kms.katalon.core.main.TestCaseExecutor.processExecutionPhase(TestCaseExecutor.java:418)
	at com.kms.katalon.core.main.TestCaseExecutor.accessMainPhase(TestCaseExecutor.java:410)
	at com.kms.katalon.core.main.TestCaseExecutor.execute(TestCaseExecutor.java:285)
	at com.kms.katalon.core.common.CommonExecutor.accessTestCaseMainPhase(CommonExecutor.java:65)
	at com.kms.katalon.core.main.TestSuiteExecutor.accessTestSuiteMainPhase(TestSuiteExecutor.java:148)
	at com.kms.katalon.core.main.TestSuiteExecutor.execute(TestSuiteExecutor.java:106)
	at com.kms.katalon.core.main.TestCaseMain.startTestSuite(TestCaseMain.java:187)
	at com.kms.katalon.core.main.TestCaseMain$startTestSuite$0.call(Unknown Source)
	at TempTestSuite1690876169937.run(TempTestSuite1690876169937.groovy:36)
Caused by: com.kms.katalon.core.webui.exception.WebElementNotFoundException: Web element with id: 'Object Repository/Page_Bebeclub - Membership Registration/button_Kirim Kode OTP' located by '(//button[@type='button'])[2]' not found
	at com.kms.katalon.core.webui.common.WebUiCommonHelper.findWebElement(WebUiCommonHelper.java:1376)
	at com.kms.katalon.core.webui.keyword.internal.WebUIAbstractKeyword.findWebElement(WebUIAbstractKeyword.groovy:27)
	at com.kms.katalon.core.webui.keyword.builtin.ClickKeyword$_click_closure1.doCall(ClickKeyword.groovy:65)
	at com.kms.katalon.core.webui.keyword.builtin.ClickKeyword$_click_closure1.call(ClickKeyword.groovy)
	at com.kms.katalon.core.webui.keyword.internal.WebUIKeywordMain.runKeyword(WebUIKeywordMain.groovy:20)
	at com.kms.katalon.core.webui.keyword.builtin.ClickKeyword.click(ClickKeyword.groovy:74)
	at com.kms.katalon.core.webui.keyword.builtin.ClickKeyword.execute(ClickKeyword.groovy:40)
	at com.kms.katalon.core.keyword.internal.KeywordExecutor.executeKeywordForPlatform(KeywordExecutor.groovy:74)
	at com.kms.katalon.core.webui.keyword.WebUiBuiltInKeywords.click(WebUiBuiltInKeywords.groovy:620)
	at com.kms.katalon.core.webui.keyword.WebUiBuiltInKeywords$click$2.call(Unknown Source)
	at Script1690871222353.run(Script1690871222353.groovy:49)
	... 13 more
)
[[ATTACHMENT|C:\\Users\\Sarah Nur Azizah\\git\\test_bebeclub_branchzizah\\Reports\\20230801_144929\\XL\\20230801_144929\\1690876448162.png]]

2023-08-01 14:54:08 - [TEST_STEP][PASSED] - delay(4): Delayed 4 second(s)

2023-08-01 14:54:12 - [MESSAGE][PASSED] - Delayed 4 second(s)

2023-08-01 14:54:12 - [TEST_STEP][FAILED] - verifyTextPresent("Berhasil", false): Text 'Berhasil' is not present on page  (Root cause: com.kms.katalon.core.exception.StepFailedException: Text 'Berhasil' is not present on page 
	at com.kms.katalon.core.webui.keyword.internal.WebUIKeywordMain.stepFailed(WebUIKeywordMain.groovy:64)
	at com.kms.katalon.core.webui.keyword.builtin.VerifyTextPresentKeyword$_verifyTextPresent_closure1.doCall(VerifyTextPresentKeyword.groovy:79)
	at com.kms.katalon.core.webui.keyword.builtin.VerifyTextPresentKeyword$_verifyTextPresent_closure1.call(VerifyTextPresentKeyword.groovy)
	at com.kms.katalon.core.webui.keyword.internal.WebUIKeywordMain.runKeyword(WebUIKeywordMain.groovy:20)
	at com.kms.katalon.core.webui.keyword.builtin.VerifyTextPresentKeyword.verifyTextPresent(VerifyTextPresentKeyword.groovy:83)
	at com.kms.katalon.core.webui.keyword.builtin.VerifyTextPresentKeyword.execute(VerifyTextPresentKeyword.groovy:68)
	at com.kms.katalon.core.keyword.internal.KeywordExecutor.executeKeywordForPlatform(KeywordExecutor.groovy:74)
	at com.kms.katalon.core.webui.keyword.WebUiBuiltInKeywords.verifyTextPresent(WebUiBuiltInKeywords.groovy:1723)
	at com.kms.katalon.core.webui.keyword.WebUiBuiltInKeywords$verifyTextPresent$6.call(Unknown Source)
	at 0817 XL.run(0817 XL:53)
	at com.kms.katalon.core.main.ScriptEngine.run(ScriptEngine.java:194)
	at com.kms.katalon.core.main.ScriptEngine.runScriptAsRawText(ScriptEngine.java:119)
	at com.kms.katalon.core.main.TestCaseExecutor.runScript(TestCaseExecutor.java:448)
	at com.kms.katalon.core.main.TestCaseExecutor.doExecute(TestCaseExecutor.java:439)
	at com.kms.katalon.core.main.TestCaseExecutor.processExecutionPhase(TestCaseExecutor.java:418)
	at com.kms.katalon.core.main.TestCaseExecutor.accessMainPhase(TestCaseExecutor.java:410)
	at com.kms.katalon.core.main.TestCaseExecutor.execute(TestCaseExecutor.java:285)
	at com.kms.katalon.core.common.CommonExecutor.accessTestCaseMainPhase(CommonExecutor.java:65)
	at com.kms.katalon.core.main.TestSuiteExecutor.accessTestSuiteMainPhase(TestSuiteExecutor.java:148)
	at com.kms.katalon.core.main.TestSuiteExecutor.execute(TestSuiteExecutor.java:106)
	at com.kms.katalon.core.main.TestCaseMain.startTestSuite(TestCaseMain.java:187)
	at com.kms.katalon.core.main.TestCaseMain$startTestSuite$0.call(Unknown Source)
	at TempTestSuite1690876169937.run(TempTestSuite1690876169937.groovy:36)
)

2023-08-01 14:54:12 - [MESSAGE][FAILED] - Text 'Berhasil' is not present on page  (Root cause: com.kms.katalon.core.exception.StepFailedException: Text 'Berhasil' is not present on page 
	at com.kms.katalon.core.webui.keyword.internal.WebUIKeywordMain.stepFailed(WebUIKeywordMain.groovy:64)
	at com.kms.katalon.core.webui.keyword.builtin.VerifyTextPresentKeyword$_verifyTextPresent_closure1.doCall(VerifyTextPresentKeyword.groovy:79)
	at com.kms.katalon.core.webui.keyword.builtin.VerifyTextPresentKeyword$_verifyTextPresent_closure1.call(VerifyTextPresentKeyword.groovy)
	at com.kms.katalon.core.webui.keyword.internal.WebUIKeywordMain.runKeyword(WebUIKeywordMain.groovy:20)
	at com.kms.katalon.core.webui.keyword.builtin.VerifyTextPresentKeyword.verifyTextPresent(VerifyTextPresentKeyword.groovy:83)
	at com.kms.katalon.core.webui.keyword.builtin.VerifyTextPresentKeyword.execute(VerifyTextPresentKeyword.groovy:68)
	at com.kms.katalon.core.keyword.internal.KeywordExecutor.executeKeywordForPlatform(KeywordExecutor.groovy:74)
	at com.kms.katalon.core.webui.keyword.WebUiBuiltInKeywords.verifyTextPresent(WebUiBuiltInKeywords.groovy:1723)
	at com.kms.katalon.core.webui.keyword.WebUiBuiltInKeywords$verifyTextPresent$6.call(Unknown Source)
	at 0817 XL.run(0817 XL:53)
	at com.kms.katalon.core.main.ScriptEngine.run(ScriptEngine.java:194)
	at com.kms.katalon.core.main.ScriptEngine.runScriptAsRawText(ScriptEngine.java:119)
	at com.kms.katalon.core.main.TestCaseExecutor.runScript(TestCaseExecutor.java:448)
	at com.kms.katalon.core.main.TestCaseExecutor.doExecute(TestCaseExecutor.java:439)
	at com.kms.katalon.core.main.TestCaseExecutor.processExecutionPhase(TestCaseExecutor.java:418)
	at com.kms.katalon.core.main.TestCaseExecutor.accessMainPhase(TestCaseExecutor.java:410)
	at com.kms.katalon.core.main.TestCaseExecutor.execute(TestCaseExecutor.java:285)
	at com.kms.katalon.core.common.CommonExecutor.accessTestCaseMainPhase(CommonExecutor.java:65)
	at com.kms.katalon.core.main.TestSuiteExecutor.accessTestSuiteMainPhase(TestSuiteExecutor.java:148)
	at com.kms.katalon.core.main.TestSuiteExecutor.execute(TestSuiteExecutor.java:106)
	at com.kms.katalon.core.main.TestCaseMain.startTestSuite(TestCaseMain.java:187)
	at com.kms.katalon.core.main.TestCaseMain$startTestSuite$0.call(Unknown Source)
	at TempTestSuite1690876169937.run(TempTestSuite1690876169937.groovy:36)
)

2023-08-01 14:54:12 - [TEST_STEP][FAILED] - click(findTestObject("Page_Bebeclub - Membership Registration/img")): Unable to click on object 'Object Repository/Page_Bebeclub - Membership Registration/img' (Root cause: com.kms.katalon.core.exception.StepFailedException: Unable to click on object 'Object Repository/Page_Bebeclub - Membership Registration/img'
	at com.kms.katalon.core.webui.keyword.internal.WebUIKeywordMain.stepFailed(WebUIKeywordMain.groovy:64)
	at com.kms.katalon.core.webui.keyword.internal.WebUIKeywordMain.runKeyword(WebUIKeywordMain.groovy:26)
	at com.kms.katalon.core.webui.keyword.builtin.ClickKeyword.click(ClickKeyword.groovy:74)
	at com.kms.katalon.core.webui.keyword.builtin.ClickKeyword.execute(ClickKeyword.groovy:40)
	at com.kms.katalon.core.keyword.internal.KeywordExecutor.executeKeywordForPlatform(KeywordExecutor.groovy:74)
	at com.kms.katalon.core.webui.keyword.WebUiBuiltInKeywords.click(WebUiBuiltInKeywords.groovy:620)
	at com.kms.katalon.core.webui.keyword.WebUiBuiltInKeywords$click$2.call(Unknown Source)
	at 0817 XL.run(0817 XL:55)
	at com.kms.katalon.core.main.ScriptEngine.run(ScriptEngine.java:194)
	at com.kms.katalon.core.main.ScriptEngine.runScriptAsRawText(ScriptEngine.java:119)
	at com.kms.katalon.core.main.TestCaseExecutor.runScript(TestCaseExecutor.java:448)
	at com.kms.katalon.core.main.TestCaseExecutor.doExecute(TestCaseExecutor.java:439)
	at com.kms.katalon.core.main.TestCaseExecutor.processExecutionPhase(TestCaseExecutor.java:418)
	at com.kms.katalon.core.main.TestCaseExecutor.accessMainPhase(TestCaseExecutor.java:410)
	at com.kms.katalon.core.main.TestCaseExecutor.execute(TestCaseExecutor.java:285)
	at com.kms.katalon.core.common.CommonExecutor.accessTestCaseMainPhase(CommonExecutor.java:65)
	at com.kms.katalon.core.main.TestSuiteExecutor.accessTestSuiteMainPhase(TestSuiteExecutor.java:148)
	at com.kms.katalon.core.main.TestSuiteExecutor.execute(TestSuiteExecutor.java:106)
	at com.kms.katalon.core.main.TestCaseMain.startTestSuite(TestCaseMain.java:187)
	at com.kms.katalon.core.main.TestCaseMain$startTestSuite$0.call(Unknown Source)
	at TempTestSuite1690876169937.run(TempTestSuite1690876169937.groovy:36)
Caused by: com.kms.katalon.core.webui.exception.WebElementNotFoundException: Web element with id: 'Object Repository/Page_Bebeclub - Membership Registration/img' located by '//img[@alt='close']' not found
	at com.kms.katalon.core.webui.common.WebUiCommonHelper.findWebElement(WebUiCommonHelper.java:1376)
	at com.kms.katalon.core.webui.keyword.internal.WebUIAbstractKeyword.findWebElement(WebUIAbstractKeyword.groovy:27)
	at com.kms.katalon.core.webui.keyword.builtin.ClickKeyword$_click_closure1.doCall(ClickKeyword.groovy:65)
	at com.kms.katalon.core.webui.keyword.builtin.ClickKeyword$_click_closure1.call(ClickKeyword.groovy)
	at com.kms.katalon.core.webui.keyword.internal.WebUIKeywordMain.runKeyword(WebUIKeywordMain.groovy:20)
	at com.kms.katalon.core.webui.keyword.builtin.ClickKeyword.click(ClickKeyword.groovy:74)
	at com.kms.katalon.core.webui.keyword.builtin.ClickKeyword.execute(ClickKeyword.groovy:40)
	at com.kms.katalon.core.keyword.internal.KeywordExecutor.executeKeywordForPlatform(KeywordExecutor.groovy:74)
	at com.kms.katalon.core.webui.keyword.WebUiBuiltInKeywords.click(WebUiBuiltInKeywords.groovy:620)
	at com.kms.katalon.core.webui.keyword.WebUiBuiltInKeywords$click$2.call(Unknown Source)
	at Script1690871222353.run(Script1690871222353.groovy:55)
	... 13 more
)

2023-08-01 14:54:43 - [MESSAGE][INFO] - Unable to find the element located by 'By.xpath: //img[@alt='close']'. Please recheck the objects properties to make sure the desired element is located. 

2023-08-01 14:54:43 - [MESSAGE][FAILED] - Unable to click on object 'Object Repository/Page_Bebeclub - Membership Registration/img' (Root cause: com.kms.katalon.core.exception.StepFailedException: Unable to click on object 'Object Repository/Page_Bebeclub - Membership Registration/img'
	at com.kms.katalon.core.webui.keyword.internal.WebUIKeywordMain.stepFailed(WebUIKeywordMain.groovy:64)
	at com.kms.katalon.core.webui.keyword.internal.WebUIKeywordMain.runKeyword(WebUIKeywordMain.groovy:26)
	at com.kms.katalon.core.webui.keyword.builtin.ClickKeyword.click(ClickKeyword.groovy:74)
	at com.kms.katalon.core.webui.keyword.builtin.ClickKeyword.execute(ClickKeyword.groovy:40)
	at com.kms.katalon.core.keyword.internal.KeywordExecutor.executeKeywordForPlatform(KeywordExecutor.groovy:74)
	at com.kms.katalon.core.webui.keyword.WebUiBuiltInKeywords.click(WebUiBuiltInKeywords.groovy:620)
	at com.kms.katalon.core.webui.keyword.WebUiBuiltInKeywords$click$2.call(Unknown Source)
	at 0817 XL.run(0817 XL:55)
	at com.kms.katalon.core.main.ScriptEngine.run(ScriptEngine.java:194)
	at com.kms.katalon.core.main.ScriptEngine.runScriptAsRawText(ScriptEngine.java:119)
	at com.kms.katalon.core.main.TestCaseExecutor.runScript(TestCaseExecutor.java:448)
	at com.kms.katalon.core.main.TestCaseExecutor.doExecute(TestCaseExecutor.java:439)
	at com.kms.katalon.core.main.TestCaseExecutor.processExecutionPhase(TestCaseExecutor.java:418)
	at com.kms.katalon.core.main.TestCaseExecutor.accessMainPhase(TestCaseExecutor.java:410)
	at com.kms.katalon.core.main.TestCaseExecutor.execute(TestCaseExecutor.java:285)
	at com.kms.katalon.core.common.CommonExecutor.accessTestCaseMainPhase(CommonExecutor.java:65)
	at com.kms.katalon.core.main.TestSuiteExecutor.accessTestSuiteMainPhase(TestSuiteExecutor.java:148)
	at com.kms.katalon.core.main.TestSuiteExecutor.execute(TestSuiteExecutor.java:106)
	at com.kms.katalon.core.main.TestCaseMain.startTestSuite(TestCaseMain.java:187)
	at com.kms.katalon.core.main.TestCaseMain$startTestSuite$0.call(Unknown Source)
	at TempTestSuite1690876169937.run(TempTestSuite1690876169937.groovy:36)
Caused by: com.kms.katalon.core.webui.exception.WebElementNotFoundException: Web element with id: 'Object Repository/Page_Bebeclub - Membership Registration/img' located by '//img[@alt='close']' not found
	at com.kms.katalon.core.webui.common.WebUiCommonHelper.findWebElement(WebUiCommonHelper.java:1376)
	at com.kms.katalon.core.webui.keyword.internal.WebUIAbstractKeyword.findWebElement(WebUIAbstractKeyword.groovy:27)
	at com.kms.katalon.core.webui.keyword.builtin.ClickKeyword$_click_closure1.doCall(ClickKeyword.groovy:65)
	at com.kms.katalon.core.webui.keyword.builtin.ClickKeyword$_click_closure1.call(ClickKeyword.groovy)
	at com.kms.katalon.core.webui.keyword.internal.WebUIKeywordMain.runKeyword(WebUIKeywordMain.groovy:20)
	at com.kms.katalon.core.webui.keyword.builtin.ClickKeyword.click(ClickKeyword.groovy:74)
	at com.kms.katalon.core.webui.keyword.builtin.ClickKeyword.execute(ClickKeyword.groovy:40)
	at com.kms.katalon.core.keyword.internal.KeywordExecutor.executeKeywordForPlatform(KeywordExecutor.groovy:74)
	at com.kms.katalon.core.webui.keyword.WebUiBuiltInKeywords.click(WebUiBuiltInKeywords.groovy:620)
	at com.kms.katalon.core.webui.keyword.WebUiBuiltInKeywords$click$2.call(Unknown Source)
	at Script1690871222353.run(Script1690871222353.groovy:55)
	... 13 more
)
[[ATTACHMENT|C:\\Users\\Sarah Nur Azizah\\git\\test_bebeclub_branchzizah\\Reports\\20230801_144929\\XL\\20230801_144929\\1690876483376.png]]]]></system-out>
         <system-err><![CDATA[2023-08-01 14:49:42 - [TEST_CASE][FAILED] - Test Cases/REGISTER/Prefix ID/0817 XL: Test Cases/REGISTER/Prefix ID/0817 XL FAILED.
Reason:
com.kms.katalon.core.exception.StepFailedException: Unable to navigate to 'https://bebeclub.eydendigital.co.id/membership/registration' (Root cause: com.kms.katalon.core.exception.StepFailedException: Unable to navigate to 'https://bebeclub.eydendigital.co.id/membership/registration'
	at com.kms.katalon.core.webui.keyword.internal.WebUIKeywordMain.stepFailed(WebUIKeywordMain.groovy:64)
	at com.kms.katalon.core.webui.keyword.internal.WebUIKeywordMain.runKeyword(WebUIKeywordMain.groovy:26)
	at com.kms.katalon.core.webui.keyword.builtin.NavigateToUrlKeyword.navigateToUrl(NavigateToUrlKeyword.groovy:83)
	at com.kms.katalon.core.webui.keyword.builtin.NavigateToUrlKeyword.execute(NavigateToUrlKeyword.groovy:67)
	at com.kms.katalon.core.keyword.internal.KeywordExecutor.executeKeywordForPlatform(KeywordExecutor.groovy:74)
	at com.kms.katalon.core.webui.keyword.WebUiBuiltInKeywords.navigateToUrl(WebUiBuiltInKeywords.groovy:187)
	at com.kms.katalon.core.webui.keyword.WebUiBuiltInKeywords$navigateToUrl$1.call(Unknown Source)
	at 0817 XL.run(0817 XL:25)
	at com.kms.katalon.core.main.ScriptEngine.run(ScriptEngine.java:194)
	at com.kms.katalon.core.main.ScriptEngine.runScriptAsRawText(ScriptEngine.java:119)
	at com.kms.katalon.core.main.TestCaseExecutor.runScript(TestCaseExecutor.java:448)
	at com.kms.katalon.core.main.TestCaseExecutor.doExecute(TestCaseExecutor.java:439)
	at com.kms.katalon.core.main.TestCaseExecutor.processExecutionPhase(TestCaseExecutor.java:418)
	at com.kms.katalon.core.main.TestCaseExecutor.accessMainPhase(TestCaseExecutor.java:410)
	at com.kms.katalon.core.main.TestCaseExecutor.execute(TestCaseExecutor.java:285)
	at com.kms.katalon.core.common.CommonExecutor.accessTestCaseMainPhase(CommonExecutor.java:65)
	at com.kms.katalon.core.main.TestSuiteExecutor.accessTestSuiteMainPhase(TestSuiteExecutor.java:148)
	at com.kms.katalon.core.main.TestSuiteExecutor.execute(TestSuiteExecutor.java:106)
	at com.kms.katalon.core.main.TestCaseMain.startTestSuite(TestCaseMain.java:187)
	at com.kms.katalon.core.main.TestCaseMain$startTestSuite$0.call(Unknown Source)
	at TempTestSuite1690876169937.run(TempTestSuite1690876169937.groovy:36)
Caused by: org.openqa.selenium.WebDriverException: unknown error: net::ERR_NAME_NOT_RESOLVED
  (Session info: headless chrome=115.0.5790.110)
Build info: version: '3.141.59', revision: 'e82be7d358', time: '2018-11-14T08:25:53'
System info: host: 'ZIZAH-EYD', ip: '10.10.10.204', os.name: 'Windows 10', os.arch: 'amd64', os.version: '10.0', java.version: '1.8.0_282'
Driver info: com.kms.katalon.selenium.driver.CChromeDriver
Capabilities {acceptInsecureCerts: false, browserName: chrome, browserVersion: 115.0.5790.110, chrome: {chromedriverVersion: 114.0.5735.90 (386bc09e8f4f..., userDataDir: C:\Users\SARAHN~1\AppData\L...}, goog:chromeOptions: {debuggerAddress: localhost:59688}, javascriptEnabled: true, networkConnectionEnabled: false, pageLoadStrategy: normal, platform: WINDOWS, platformName: WINDOWS, proxy: Proxy(), setWindowRect: true, strictFileInteractability: false, timeouts: {implicit: 0, pageLoad: 300000, script: 30000}, unhandledPromptBehavior: dismiss and notify, webauthn:extension:credBlob: true, webauthn:extension:largeBlob: true, webauthn:extension:minPinLength: true, webauthn:extension:prf: true, webauthn:virtualAuthenticators: true}
Session ID: 7a994167c1dd50448452de1886ee5b34
	at org.openqa.selenium.remote.http.W3CHttpResponseCodec.createException(W3CHttpResponseCodec.java:187)
	at org.openqa.selenium.remote.http.W3CHttpResponseCodec.decode(W3CHttpResponseCodec.java:122)
	at org.openqa.selenium.remote.http.W3CHttpResponseCodec.decode(W3CHttpResponseCodec.java:49)
	at org.openqa.selenium.remote.HttpCommandExecutor.execute(HttpCommandExecutor.java:158)
	at org.openqa.selenium.remote.service.DriverCommandExecutor.execute(DriverCommandExecutor.java:83)
	at org.openqa.selenium.remote.RemoteWebDriver.execute(RemoteWebDriver.java:552)
	at com.kms.katalon.selenium.driver.CChromeDriver.execute(CChromeDriver.java:19)
	at org.openqa.selenium.remote.RemoteWebDriver.get(RemoteWebDriver.java:277)
	at org.openqa.selenium.remote.RemoteWebDriver$RemoteNavigation.to(RemoteWebDriver.java:857)
	at org.openqa.selenium.support.events.EventFiringWebDriver$EventFiringNavigation.to(EventFiringWebDriver.java:569)
	at com.kms.katalon.core.webui.keyword.builtin.NavigateToUrlKeyword$_navigateToUrl_closure1.doCall(NavigateToUrlKeyword.groovy:81)
	at com.kms.katalon.core.webui.keyword.builtin.NavigateToUrlKeyword$_navigateToUrl_closure1.call(NavigateToUrlKeyword.groovy)
	at com.kms.katalon.core.webui.keyword.internal.WebUIKeywordMain.runKeyword(WebUIKeywordMain.groovy:20)
	at com.kms.katalon.core.webui.keyword.builtin.NavigateToUrlKeyword.navigateToUrl(NavigateToUrlKeyword.groovy:83)
	at com.kms.katalon.core.webui.keyword.builtin.NavigateToUrlKeyword.execute(NavigateToUrlKeyword.groovy:67)
	at com.kms.katalon.core.keyword.internal.KeywordExecutor.executeKeywordForPlatform(KeywordExecutor.groovy:74)
	at com.kms.katalon.core.webui.keyword.WebUiBuiltInKeywords.navigateToUrl(WebUiBuiltInKeywords.groovy:187)
	at com.kms.katalon.core.webui.keyword.WebUiBuiltInKeywords$navigateToUrl$1.call(Unknown Source)
	at Script1690871222353.run(Script1690871222353.groovy:25)
	... 13 more
)
	at com.kms.katalon.core.keyword.internal.KeywordMain.stepFailed(KeywordMain.groovy:39)
	at com.kms.katalon.core.webui.keyword.internal.WebUIKeywordMain.stepFailed(WebUIKeywordMain.groovy:64)
	at com.kms.katalon.core.webui.keyword.internal.WebUIKeywordMain.runKeyword(WebUIKeywordMain.groovy:26)
	at com.kms.katalon.core.webui.keyword.builtin.NavigateToUrlKeyword.navigateToUrl(NavigateToUrlKeyword.groovy:83)
	at com.kms.katalon.core.webui.keyword.builtin.NavigateToUrlKeyword.execute(NavigateToUrlKeyword.groovy:67)
	at com.kms.katalon.core.keyword.internal.KeywordExecutor.executeKeywordForPlatform(KeywordExecutor.groovy:74)
	at com.kms.katalon.core.webui.keyword.WebUiBuiltInKeywords.navigateToUrl(WebUiBuiltInKeywords.groovy:187)
	at com.kms.katalon.core.webui.keyword.WebUiBuiltInKeywords$navigateToUrl$1.call(Unknown Source)
	at 0817 XL.run(0817 XL:25)
	at com.kms.katalon.core.main.ScriptEngine.run(ScriptEngine.java:194)
	at com.kms.katalon.core.main.ScriptEngine.runScriptAsRawText(ScriptEngine.java:119)
	at com.kms.katalon.core.main.TestCaseExecutor.runScript(TestCaseExecutor.java:448)
	at com.kms.katalon.core.main.TestCaseExecutor.doExecute(TestCaseExecutor.java:439)
	at com.kms.katalon.core.main.TestCaseExecutor.processExecutionPhase(TestCaseExecutor.java:418)
	at com.kms.katalon.core.main.TestCaseExecutor.accessMainPhase(TestCaseExecutor.java:410)
	at com.kms.katalon.core.main.TestCaseExecutor.execute(TestCaseExecutor.java:285)
	at com.kms.katalon.core.common.CommonExecutor.accessTestCaseMainPhase(CommonExecutor.java:65)
	at com.kms.katalon.core.main.TestSuiteExecutor.accessTestSuiteMainPhase(TestSuiteExecutor.java:148)
	at com.kms.katalon.core.main.TestSuiteExecutor.execute(TestSuiteExecutor.java:106)
	at com.kms.katalon.core.main.TestCaseMain.startTestSuite(TestCaseMain.java:187)
	at com.kms.katalon.core.main.TestCaseMain$startTestSuite$0.call(Unknown Source)
	at TempTestSuite1690876169937.run(TempTestSuite1690876169937.groovy:36)
Caused by: com.kms.katalon.core.exception.StepFailedException: Unable to navigate to 'https://bebeclub.eydendigital.co.id/membership/registration'
	... 21 more
Caused by: org.openqa.selenium.WebDriverException: unknown error: net::ERR_NAME_NOT_RESOLVED
  (Session info: headless chrome=115.0.5790.110)
Build info: version: '3.141.59', revision: 'e82be7d358', time: '2018-11-14T08:25:53'
System info: host: 'ZIZAH-EYD', ip: '10.10.10.204', os.name: 'Windows 10', os.arch: 'amd64', os.version: '10.0', java.version: '1.8.0_282'
Driver info: com.kms.katalon.selenium.driver.CChromeDriver
Capabilities {acceptInsecureCerts: false, browserName: chrome, browserVersion: 115.0.5790.110, chrome: {chromedriverVersion: 114.0.5735.90 (386bc09e8f4f..., userDataDir: C:\Users\SARAHN~1\AppData\L...}, goog:chromeOptions: {debuggerAddress: localhost:59688}, javascriptEnabled: true, networkConnectionEnabled: false, pageLoadStrategy: normal, platform: WINDOWS, platformName: WINDOWS, proxy: Proxy(), setWindowRect: true, strictFileInteractability: false, timeouts: {implicit: 0, pageLoad: 300000, script: 30000}, unhandledPromptBehavior: dismiss and notify, webauthn:extension:credBlob: true, webauthn:extension:largeBlob: true, webauthn:extension:minPinLength: true, webauthn:extension:prf: true, webauthn:virtualAuthenticators: true}
Session ID: 7a994167c1dd50448452de1886ee5b34
	at org.openqa.selenium.remote.http.W3CHttpResponseCodec.createException(W3CHttpResponseCodec.java:187)
	at org.openqa.selenium.remote.http.W3CHttpResponseCodec.decode(W3CHttpResponseCodec.java:122)
	at org.openqa.selenium.remote.http.W3CHttpResponseCodec.decode(W3CHttpResponseCodec.java:49)
	at org.openqa.selenium.remote.HttpCommandExecutor.execute(HttpCommandExecutor.java:158)
	at org.openqa.selenium.remote.service.DriverCommandExecutor.execute(DriverCommandExecutor.java:83)
	at org.openqa.selenium.remote.RemoteWebDriver.execute(RemoteWebDriver.java:552)
	at com.kms.katalon.selenium.driver.CChromeDriver.execute(CChromeDriver.java:19)
	at org.openqa.selenium.remote.RemoteWebDriver.get(RemoteWebDriver.java:277)
	at org.openqa.selenium.remote.RemoteWebDriver$RemoteNavigation.to(RemoteWebDriver.java:857)
	at org.openqa.selenium.support.events.EventFiringWebDriver$EventFiringNavigation.to(EventFiringWebDriver.java:569)
	at com.kms.katalon.core.webui.keyword.builtin.NavigateToUrlKeyword$_navigateToUrl_closure1.doCall(NavigateToUrlKeyword.groovy:81)
	at com.kms.katalon.core.webui.keyword.builtin.NavigateToUrlKeyword$_navigateToUrl_closure1.call(NavigateToUrlKeyword.groovy)
	at com.kms.katalon.core.webui.keyword.internal.WebUIKeywordMain.runKeyword(WebUIKeywordMain.groovy:20)
	... 19 more]]></system-err>
      </testcase>
      <testcase name="Test Cases/REGISTER/Prefix ID/0818 XL" time="20.984" classname="Test Cases/REGISTER/Prefix ID/0818 XL" status="PASSED">
         <system-out><![CDATA[2023-08-01 14:54:43 - [TEST_CASE][PASSED] - Test Cases/REGISTER/Prefix ID/0818 XL: Test Cases/REGISTER/Prefix ID/0818 XL

2023-08-01 14:54:43 - [TEST_STEP][PASSED] - openBrowser(""): Browser is opened with url: ''

2023-08-01 14:54:43 - [MESSAGE][WARNING] - A browser is already opened. Closing browser and opening a new one

2023-08-01 14:54:44 - [MESSAGE][INFO] - Starting 'Chrome (headless)' driver

2023-08-01 14:54:44 - [MESSAGE][INFO] - Action delay is set to 0 milliseconds

2023-08-01 14:54:45 - [MESSAGE][PASSED] - Browser is opened with url: ''

2023-08-01 14:54:45 - [TEST_STEP][PASSED] - maximizeWindow(): Current window maximized

2023-08-01 14:54:45 - [MESSAGE][PASSED] - Current window maximized

2023-08-01 14:54:45 - [TEST_STEP][PASSED] - navigateToUrl("https://bebeclub.eydendigital.co.id/membership/registration"): Navigate to 'https://bebeclub.eydendigital.co.id/membership/registration' successfully

2023-08-01 14:54:57 - [MESSAGE][PASSED] - Navigate to 'https://bebeclub.eydendigital.co.id/membership/registration' successfully

2023-08-01 14:54:57 - [TEST_STEP][PASSED] - click(findTestObject("Homepage/a_Register")): Object: 'Object Repository/Homepage/a_Register' is clicked on

2023-08-01 14:54:58 - [MESSAGE][PASSED] - Object: 'Object Repository/Homepage/a_Register' is clicked on

2023-08-01 14:54:58 - [TEST_STEP][PASSED] - setText(findTestObject("Page_Bebeclub - Membership Registration/input_Nama Depan_first-name-form"), "aziza"): Text 'aziza' is set on object 'Object Repository/Page_Bebeclub - Membership Registration/input_Nama Depan_first-name-form'

2023-08-01 14:54:58 - [MESSAGE][PASSED] - Text 'aziza' is set on object 'Object Repository/Page_Bebeclub - Membership Registration/input_Nama Depan_first-name-form'

2023-08-01 14:54:58 - [TEST_STEP][PASSED] - setText(findTestObject("Page_Bebeclub - Membership Registration/input_Nama Belakang_last-name-form"), "prefix"): Text 'prefix' is set on object 'Object Repository/Page_Bebeclub - Membership Registration/input_Nama Belakang_last-name-form'

2023-08-01 14:54:59 - [MESSAGE][PASSED] - Text 'prefix' is set on object 'Object Repository/Page_Bebeclub - Membership Registration/input_Nama Belakang_last-name-form'

2023-08-01 14:54:59 - [TEST_STEP][PASSED] - randomNum = generateRandomNumber(): null

2023-08-01 14:54:59 - [TEST_STEP][PASSED] - random = new java.util.Random(): null

2023-08-01 14:54:59 - [TEST_STEP][PASSED] - lastNineDigits = String.format("%09d", random.nextInt(1000000000)): null

2023-08-01 14:54:59 - [TEST_STEP][PASSED] - randomNumber = "0818" + lastNineDigits: null

2023-08-01 14:54:59 - [TEST_STEP][PASSED] - return randomNumber: null

2023-08-01 14:54:59 - [TEST_STEP][PASSED] - setText(findTestObject("Page_Bebeclub - Membership Registration/input__number-form"), randomNum): Text '0818991543753' is set on object 'Object Repository/Page_Bebeclub - Membership Registration/input__number-form'

2023-08-01 14:54:59 - [MESSAGE][PASSED] - Text '0818991543753' is set on object 'Object Repository/Page_Bebeclub - Membership Registration/input__number-form'

2023-08-01 14:54:59 - [TEST_STEP][PASSED] - setEncryptedText(findTestObject("Page_Bebeclub - Membership Registration/input_Password_pass-form"), "iFGeFYmXIrUhQZHvW7P22w=="): Text ****** has been set on object 'Object Repository/Page_Bebeclub - Membership Registration/input_Password_pass-form'

2023-08-01 14:54:59 - [MESSAGE][PASSED] - Text ****** has been set on object 'Object Repository/Page_Bebeclub - Membership Registration/input_Password_pass-form'

2023-08-01 14:54:59 - [TEST_STEP][PASSED] - setEncryptedText(findTestObject("Page_Bebeclub - Membership Registration/input_Konfirmasi Password_konfirmasipass-form"), "iFGeFYmXIrUhQZHvW7P22w=="): Text ****** has been set on object 'Object Repository/Page_Bebeclub - Membership Registration/input_Konfirmasi Password_konfirmasipass-form'

2023-08-01 14:54:59 - [MESSAGE][PASSED] - Text ****** has been set on object 'Object Repository/Page_Bebeclub - Membership Registration/input_Konfirmasi Password_konfirmasipass-form'

2023-08-01 14:54:59 - [TEST_STEP][PASSED] - selectOptionByLabel(findTestObject("Page_Bebeclub - Membership Registration/select_Pilih Kondisi Ibu Saat Ini"), "Belum Hamil & Tidak Mempunyai Anak", false): All options with label 'Belum Hamil & Tidak Mempunyai Anak' are selected in object 'Object Repository/Page_Bebeclub - Membership Registration/select_Pilih Kondisi Ibu Saat Ini' 

2023-08-01 14:55:00 - [MESSAGE][PASSED] - All options with label 'Belum Hamil & Tidak Mempunyai Anak' are selected in object 'Object Repository/Page_Bebeclub - Membership Registration/select_Pilih Kondisi Ibu Saat Ini' 

2023-08-01 14:55:00 - [TEST_STEP][PASSED] - click(findTestObject("Page_Bebeclub - Membership Registration/button_Kirim Kode OTP")): Object: 'Object Repository/Page_Bebeclub - Membership Registration/button_Kirim Kode OTP' is clicked on

2023-08-01 14:55:00 - [MESSAGE][PASSED] - Object: 'Object Repository/Page_Bebeclub - Membership Registration/button_Kirim Kode OTP' is clicked on

2023-08-01 14:55:00 - [TEST_STEP][PASSED] - delay(4): Delayed 4 second(s)

2023-08-01 14:55:04 - [MESSAGE][PASSED] - Delayed 4 second(s)

2023-08-01 14:55:04 - [TEST_STEP][PASSED] - verifyTextPresent("Berhasil", false): Text 'Berhasil' is present on page 

2023-08-01 14:55:04 - [MESSAGE][PASSED] - Text 'Berhasil' is present on page 

2023-08-01 14:55:04 - [TEST_STEP][PASSED] - click(findTestObject("Page_Bebeclub - Membership Registration/img")): Object: 'Object Repository/Page_Bebeclub - Membership Registration/img' is clicked on

2023-08-01 14:55:04 - [MESSAGE][PASSED] - Object: 'Object Repository/Page_Bebeclub - Membership Registration/img' is clicked on]]></system-out>
         <system-err><![CDATA[]]></system-err>
      </testcase>
      <testcase name="Test Cases/REGISTER/Prefix ID/0819 XL" time="10.688" classname="Test Cases/REGISTER/Prefix ID/0819 XL" status="PASSED">
         <system-out><![CDATA[2023-08-01 14:55:04 - [TEST_CASE][PASSED] - Test Cases/REGISTER/Prefix ID/0819 XL: Test Cases/REGISTER/Prefix ID/0819 XL

2023-08-01 14:55:04 - [TEST_STEP][PASSED] - openBrowser(""): Browser is opened with url: ''

2023-08-01 14:55:04 - [MESSAGE][WARNING] - A browser is already opened. Closing browser and opening a new one

2023-08-01 14:55:05 - [MESSAGE][INFO] - Starting 'Chrome (headless)' driver

2023-08-01 14:55:05 - [MESSAGE][INFO] - Action delay is set to 0 milliseconds

2023-08-01 14:55:06 - [MESSAGE][PASSED] - Browser is opened with url: ''

2023-08-01 14:55:06 - [TEST_STEP][PASSED] - maximizeWindow(): Current window maximized

2023-08-01 14:55:06 - [MESSAGE][PASSED] - Current window maximized

2023-08-01 14:55:06 - [TEST_STEP][PASSED] - navigateToUrl("https://bebeclub.eydendigital.co.id/membership/registration"): Navigate to 'https://bebeclub.eydendigital.co.id/membership/registration' successfully

2023-08-01 14:55:08 - [MESSAGE][PASSED] - Navigate to 'https://bebeclub.eydendigital.co.id/membership/registration' successfully

2023-08-01 14:55:08 - [TEST_STEP][PASSED] - click(findTestObject("Homepage/a_Register")): Object: 'Object Repository/Homepage/a_Register' is clicked on

2023-08-01 14:55:09 - [MESSAGE][PASSED] - Object: 'Object Repository/Homepage/a_Register' is clicked on

2023-08-01 14:55:09 - [TEST_STEP][PASSED] - setText(findTestObject("Page_Bebeclub - Membership Registration/input_Nama Depan_first-name-form"), "aziza"): Text 'aziza' is set on object 'Object Repository/Page_Bebeclub - Membership Registration/input_Nama Depan_first-name-form'

2023-08-01 14:55:09 - [MESSAGE][PASSED] - Text 'aziza' is set on object 'Object Repository/Page_Bebeclub - Membership Registration/input_Nama Depan_first-name-form'

2023-08-01 14:55:09 - [TEST_STEP][PASSED] - setText(findTestObject("Page_Bebeclub - Membership Registration/input_Nama Belakang_last-name-form"), "prefix"): Text 'prefix' is set on object 'Object Repository/Page_Bebeclub - Membership Registration/input_Nama Belakang_last-name-form'

2023-08-01 14:55:10 - [MESSAGE][PASSED] - Text 'prefix' is set on object 'Object Repository/Page_Bebeclub - Membership Registration/input_Nama Belakang_last-name-form'

2023-08-01 14:55:10 - [TEST_STEP][PASSED] - randomNum = generateRandomNumber(): null

2023-08-01 14:55:10 - [TEST_STEP][PASSED] - random = new java.util.Random(): null

2023-08-01 14:55:10 - [TEST_STEP][PASSED] - lastNineDigits = String.format("%09d", random.nextInt(1000000000)): null

2023-08-01 14:55:10 - [TEST_STEP][PASSED] - randomNumber = "0819" + lastNineDigits: null

2023-08-01 14:55:10 - [TEST_STEP][PASSED] - return randomNumber: null

2023-08-01 14:55:10 - [TEST_STEP][PASSED] - setText(findTestObject("Page_Bebeclub - Membership Registration/input__number-form"), randomNum): Text '0819154477473' is set on object 'Object Repository/Page_Bebeclub - Membership Registration/input__number-form'

2023-08-01 14:55:10 - [MESSAGE][PASSED] - Text '0819154477473' is set on object 'Object Repository/Page_Bebeclub - Membership Registration/input__number-form'

2023-08-01 14:55:10 - [TEST_STEP][PASSED] - setEncryptedText(findTestObject("Page_Bebeclub - Membership Registration/input_Password_pass-form"), "iFGeFYmXIrUhQZHvW7P22w=="): Text ****** has been set on object 'Object Repository/Page_Bebeclub - Membership Registration/input_Password_pass-form'

2023-08-01 14:55:10 - [MESSAGE][PASSED] - Text ****** has been set on object 'Object Repository/Page_Bebeclub - Membership Registration/input_Password_pass-form'

2023-08-01 14:55:10 - [TEST_STEP][PASSED] - setEncryptedText(findTestObject("Page_Bebeclub - Membership Registration/input_Konfirmasi Password_konfirmasipass-form"), "iFGeFYmXIrUhQZHvW7P22w=="): Text ****** has been set on object 'Object Repository/Page_Bebeclub - Membership Registration/input_Konfirmasi Password_konfirmasipass-form'

2023-08-01 14:55:10 - [MESSAGE][PASSED] - Text ****** has been set on object 'Object Repository/Page_Bebeclub - Membership Registration/input_Konfirmasi Password_konfirmasipass-form'

2023-08-01 14:55:10 - [TEST_STEP][PASSED] - selectOptionByLabel(findTestObject("Page_Bebeclub - Membership Registration/select_Pilih Kondisi Ibu Saat Ini"), "Belum Hamil & Tidak Mempunyai Anak", false): All options with label 'Belum Hamil & Tidak Mempunyai Anak' are selected in object 'Object Repository/Page_Bebeclub - Membership Registration/select_Pilih Kondisi Ibu Saat Ini' 

2023-08-01 14:55:10 - [MESSAGE][PASSED] - All options with label 'Belum Hamil & Tidak Mempunyai Anak' are selected in object 'Object Repository/Page_Bebeclub - Membership Registration/select_Pilih Kondisi Ibu Saat Ini' 

2023-08-01 14:55:10 - [TEST_STEP][PASSED] - click(findTestObject("Page_Bebeclub - Membership Registration/button_Kirim Kode OTP")): Object: 'Object Repository/Page_Bebeclub - Membership Registration/button_Kirim Kode OTP' is clicked on

2023-08-01 14:55:10 - [MESSAGE][PASSED] - Object: 'Object Repository/Page_Bebeclub - Membership Registration/button_Kirim Kode OTP' is clicked on

2023-08-01 14:55:10 - [TEST_STEP][PASSED] - delay(4): Delayed 4 second(s)

2023-08-01 14:55:14 - [MESSAGE][PASSED] - Delayed 4 second(s)

2023-08-01 14:55:14 - [TEST_STEP][PASSED] - verifyTextPresent("Berhasil", false): Text 'Berhasil' is present on page 

2023-08-01 14:55:14 - [MESSAGE][PASSED] - Text 'Berhasil' is present on page 

2023-08-01 14:55:14 - [TEST_STEP][PASSED] - click(findTestObject("Page_Bebeclub - Membership Registration/img")): Object: 'Object Repository/Page_Bebeclub - Membership Registration/img' is clicked on

2023-08-01 14:55:15 - [MESSAGE][PASSED] - Object: 'Object Repository/Page_Bebeclub - Membership Registration/img' is clicked on]]></system-out>
         <system-err><![CDATA[]]></system-err>
      </testcase>
      <testcase name="Test Cases/REGISTER/Prefix ID/0831 AXIS" time="14.396" classname="Test Cases/REGISTER/Prefix ID/0831 AXIS" status="PASSED">
         <system-out><![CDATA[2023-08-01 14:55:15 - [TEST_CASE][PASSED] - Test Cases/REGISTER/Prefix ID/0831 AXIS: Test Cases/REGISTER/Prefix ID/0831 AXIS

2023-08-01 14:55:15 - [TEST_STEP][PASSED] - openBrowser(""): Browser is opened with url: ''

2023-08-01 14:55:15 - [MESSAGE][WARNING] - A browser is already opened. Closing browser and opening a new one

2023-08-01 14:55:16 - [MESSAGE][INFO] - Starting 'Chrome (headless)' driver

2023-08-01 14:55:16 - [MESSAGE][INFO] - Action delay is set to 0 milliseconds

2023-08-01 14:55:17 - [MESSAGE][PASSED] - Browser is opened with url: ''

2023-08-01 14:55:17 - [TEST_STEP][PASSED] - maximizeWindow(): Current window maximized

2023-08-01 14:55:17 - [MESSAGE][PASSED] - Current window maximized

2023-08-01 14:55:17 - [TEST_STEP][PASSED] - navigateToUrl("https://bebeclub.eydendigital.co.id/membership/registration"): Navigate to 'https://bebeclub.eydendigital.co.id/membership/registration' successfully

2023-08-01 14:55:22 - [MESSAGE][PASSED] - Navigate to 'https://bebeclub.eydendigital.co.id/membership/registration' successfully

2023-08-01 14:55:22 - [TEST_STEP][PASSED] - click(findTestObject("Homepage/a_Register")): Object: 'Object Repository/Homepage/a_Register' is clicked on

2023-08-01 14:55:23 - [MESSAGE][PASSED] - Object: 'Object Repository/Homepage/a_Register' is clicked on

2023-08-01 14:55:23 - [TEST_STEP][PASSED] - setText(findTestObject("Page_Bebeclub - Membership Registration/input_Nama Depan_first-name-form"), "aziza"): Text 'aziza' is set on object 'Object Repository/Page_Bebeclub - Membership Registration/input_Nama Depan_first-name-form'

2023-08-01 14:55:24 - [MESSAGE][PASSED] - Text 'aziza' is set on object 'Object Repository/Page_Bebeclub - Membership Registration/input_Nama Depan_first-name-form'

2023-08-01 14:55:24 - [TEST_STEP][PASSED] - setText(findTestObject("Page_Bebeclub - Membership Registration/input_Nama Belakang_last-name-form"), "prefix"): Text 'prefix' is set on object 'Object Repository/Page_Bebeclub - Membership Registration/input_Nama Belakang_last-name-form'

2023-08-01 14:55:24 - [MESSAGE][PASSED] - Text 'prefix' is set on object 'Object Repository/Page_Bebeclub - Membership Registration/input_Nama Belakang_last-name-form'

2023-08-01 14:55:24 - [TEST_STEP][PASSED] - randomNum = generateRandomNumber(): null

2023-08-01 14:55:24 - [TEST_STEP][PASSED] - random = new java.util.Random(): null

2023-08-01 14:55:24 - [TEST_STEP][PASSED] - lastNineDigits = String.format("%09d", random.nextInt(1000000000)): null

2023-08-01 14:55:24 - [TEST_STEP][PASSED] - randomNumber = "0831" + lastNineDigits: null

2023-08-01 14:55:24 - [TEST_STEP][PASSED] - return randomNumber: null

2023-08-01 14:55:24 - [TEST_STEP][PASSED] - setText(findTestObject("Page_Bebeclub - Membership Registration/input__number-form"), randomNum): Text '0831122335511' is set on object 'Object Repository/Page_Bebeclub - Membership Registration/input__number-form'

2023-08-01 14:55:24 - [MESSAGE][PASSED] - Text '0831122335511' is set on object 'Object Repository/Page_Bebeclub - Membership Registration/input__number-form'

2023-08-01 14:55:24 - [TEST_STEP][PASSED] - setEncryptedText(findTestObject("Page_Bebeclub - Membership Registration/input_Password_pass-form"), "iFGeFYmXIrUhQZHvW7P22w=="): Text ****** has been set on object 'Object Repository/Page_Bebeclub - Membership Registration/input_Password_pass-form'

2023-08-01 14:55:24 - [MESSAGE][PASSED] - Text ****** has been set on object 'Object Repository/Page_Bebeclub - Membership Registration/input_Password_pass-form'

2023-08-01 14:55:24 - [TEST_STEP][PASSED] - setEncryptedText(findTestObject("Page_Bebeclub - Membership Registration/input_Konfirmasi Password_konfirmasipass-form"), "iFGeFYmXIrUhQZHvW7P22w=="): Text ****** has been set on object 'Object Repository/Page_Bebeclub - Membership Registration/input_Konfirmasi Password_konfirmasipass-form'

2023-08-01 14:55:24 - [MESSAGE][PASSED] - Text ****** has been set on object 'Object Repository/Page_Bebeclub - Membership Registration/input_Konfirmasi Password_konfirmasipass-form'

2023-08-01 14:55:24 - [TEST_STEP][PASSED] - selectOptionByLabel(findTestObject("Page_Bebeclub - Membership Registration/select_Pilih Kondisi Ibu Saat Ini"), "Belum Hamil & Tidak Mempunyai Anak", false): All options with label 'Belum Hamil & Tidak Mempunyai Anak' are selected in object 'Object Repository/Page_Bebeclub - Membership Registration/select_Pilih Kondisi Ibu Saat Ini' 

2023-08-01 14:55:25 - [MESSAGE][PASSED] - All options with label 'Belum Hamil & Tidak Mempunyai Anak' are selected in object 'Object Repository/Page_Bebeclub - Membership Registration/select_Pilih Kondisi Ibu Saat Ini' 

2023-08-01 14:55:25 - [TEST_STEP][PASSED] - click(findTestObject("Page_Bebeclub - Membership Registration/button_Kirim Kode OTP")): Object: 'Object Repository/Page_Bebeclub - Membership Registration/button_Kirim Kode OTP' is clicked on

2023-08-01 14:55:25 - [MESSAGE][PASSED] - Object: 'Object Repository/Page_Bebeclub - Membership Registration/button_Kirim Kode OTP' is clicked on

2023-08-01 14:55:25 - [TEST_STEP][PASSED] - delay(4): Delayed 4 second(s)

2023-08-01 14:55:29 - [MESSAGE][PASSED] - Delayed 4 second(s)

2023-08-01 14:55:29 - [TEST_STEP][PASSED] - verifyTextPresent("Berhasil", false): Text 'Berhasil' is present on page 

2023-08-01 14:55:29 - [MESSAGE][PASSED] - Text 'Berhasil' is present on page 

2023-08-01 14:55:29 - [TEST_STEP][PASSED] - click(findTestObject("Page_Bebeclub - Membership Registration/img")): Object: 'Object Repository/Page_Bebeclub - Membership Registration/img' is clicked on

2023-08-01 14:55:29 - [MESSAGE][PASSED] - Object: 'Object Repository/Page_Bebeclub - Membership Registration/img' is clicked on]]></system-out>
         <system-err><![CDATA[]]></system-err>
      </testcase>
      <testcase name="Test Cases/REGISTER/Prefix ID/0833 AXIS" time="12.902" classname="Test Cases/REGISTER/Prefix ID/0833 AXIS" status="PASSED">
         <system-out><![CDATA[2023-08-01 14:55:29 - [TEST_CASE][PASSED] - Test Cases/REGISTER/Prefix ID/0833 AXIS: Test Cases/REGISTER/Prefix ID/0833 AXIS

2023-08-01 14:55:29 - [TEST_STEP][PASSED] - openBrowser(""): Browser is opened with url: ''

2023-08-01 14:55:29 - [MESSAGE][WARNING] - A browser is already opened. Closing browser and opening a new one

2023-08-01 14:55:30 - [MESSAGE][INFO] - Starting 'Chrome (headless)' driver

2023-08-01 14:55:30 - [MESSAGE][INFO] - Action delay is set to 0 milliseconds

2023-08-01 14:55:31 - [MESSAGE][PASSED] - Browser is opened with url: ''

2023-08-01 14:55:31 - [TEST_STEP][PASSED] - maximizeWindow(): Current window maximized

2023-08-01 14:55:31 - [MESSAGE][PASSED] - Current window maximized

2023-08-01 14:55:31 - [TEST_STEP][PASSED] - navigateToUrl("https://bebeclub.eydendigital.co.id/membership/registration"): Navigate to 'https://bebeclub.eydendigital.co.id/membership/registration' successfully

2023-08-01 14:55:35 - [MESSAGE][PASSED] - Navigate to 'https://bebeclub.eydendigital.co.id/membership/registration' successfully

2023-08-01 14:55:35 - [TEST_STEP][PASSED] - click(findTestObject("Homepage/a_Register")): Object: 'Object Repository/Homepage/a_Register' is clicked on

2023-08-01 14:55:36 - [MESSAGE][PASSED] - Object: 'Object Repository/Homepage/a_Register' is clicked on

2023-08-01 14:55:36 - [TEST_STEP][PASSED] - setText(findTestObject("Page_Bebeclub - Membership Registration/input_Nama Depan_first-name-form"), "aziza"): Text 'aziza' is set on object 'Object Repository/Page_Bebeclub - Membership Registration/input_Nama Depan_first-name-form'

2023-08-01 14:55:37 - [MESSAGE][PASSED] - Text 'aziza' is set on object 'Object Repository/Page_Bebeclub - Membership Registration/input_Nama Depan_first-name-form'

2023-08-01 14:55:37 - [TEST_STEP][PASSED] - setText(findTestObject("Page_Bebeclub - Membership Registration/input_Nama Belakang_last-name-form"), "prefix"): Text 'prefix' is set on object 'Object Repository/Page_Bebeclub - Membership Registration/input_Nama Belakang_last-name-form'

2023-08-01 14:55:37 - [MESSAGE][PASSED] - Text 'prefix' is set on object 'Object Repository/Page_Bebeclub - Membership Registration/input_Nama Belakang_last-name-form'

2023-08-01 14:55:37 - [TEST_STEP][PASSED] - randomNum = generateRandomNumber(): null

2023-08-01 14:55:37 - [TEST_STEP][PASSED] - random = new java.util.Random(): null

2023-08-01 14:55:37 - [TEST_STEP][PASSED] - lastNineDigits = String.format("%09d", random.nextInt(1000000000)): null

2023-08-01 14:55:37 - [TEST_STEP][PASSED] - randomNumber = "0833" + lastNineDigits: null

2023-08-01 14:55:37 - [TEST_STEP][PASSED] - return randomNumber: null

2023-08-01 14:55:37 - [TEST_STEP][PASSED] - setText(findTestObject("Page_Bebeclub - Membership Registration/input__number-form"), randomNum): Text '0833259908303' is set on object 'Object Repository/Page_Bebeclub - Membership Registration/input__number-form'

2023-08-01 14:55:37 - [MESSAGE][PASSED] - Text '0833259908303' is set on object 'Object Repository/Page_Bebeclub - Membership Registration/input__number-form'

2023-08-01 14:55:37 - [TEST_STEP][PASSED] - setEncryptedText(findTestObject("Page_Bebeclub - Membership Registration/input_Password_pass-form"), "iFGeFYmXIrUhQZHvW7P22w=="): Text ****** has been set on object 'Object Repository/Page_Bebeclub - Membership Registration/input_Password_pass-form'

2023-08-01 14:55:37 - [MESSAGE][PASSED] - Text ****** has been set on object 'Object Repository/Page_Bebeclub - Membership Registration/input_Password_pass-form'

2023-08-01 14:55:37 - [TEST_STEP][PASSED] - setEncryptedText(findTestObject("Page_Bebeclub - Membership Registration/input_Konfirmasi Password_konfirmasipass-form"), "iFGeFYmXIrUhQZHvW7P22w=="): Text ****** has been set on object 'Object Repository/Page_Bebeclub - Membership Registration/input_Konfirmasi Password_konfirmasipass-form'

2023-08-01 14:55:37 - [MESSAGE][PASSED] - Text ****** has been set on object 'Object Repository/Page_Bebeclub - Membership Registration/input_Konfirmasi Password_konfirmasipass-form'

2023-08-01 14:55:37 - [TEST_STEP][PASSED] - selectOptionByLabel(findTestObject("Page_Bebeclub - Membership Registration/select_Pilih Kondisi Ibu Saat Ini"), "Belum Hamil & Tidak Mempunyai Anak", false): All options with label 'Belum Hamil & Tidak Mempunyai Anak' are selected in object 'Object Repository/Page_Bebeclub - Membership Registration/select_Pilih Kondisi Ibu Saat Ini' 

2023-08-01 14:55:38 - [MESSAGE][PASSED] - All options with label 'Belum Hamil & Tidak Mempunyai Anak' are selected in object 'Object Repository/Page_Bebeclub - Membership Registration/select_Pilih Kondisi Ibu Saat Ini' 

2023-08-01 14:55:38 - [TEST_STEP][PASSED] - click(findTestObject("Page_Bebeclub - Membership Registration/button_Kirim Kode OTP")): Object: 'Object Repository/Page_Bebeclub - Membership Registration/button_Kirim Kode OTP' is clicked on

2023-08-01 14:55:38 - [MESSAGE][PASSED] - Object: 'Object Repository/Page_Bebeclub - Membership Registration/button_Kirim Kode OTP' is clicked on

2023-08-01 14:55:38 - [TEST_STEP][PASSED] - delay(4): Delayed 4 second(s)

2023-08-01 14:55:42 - [MESSAGE][PASSED] - Delayed 4 second(s)

2023-08-01 14:55:42 - [TEST_STEP][PASSED] - verifyTextPresent("Berhasil", false): Text 'Berhasil' is present on page 

2023-08-01 14:55:42 - [MESSAGE][PASSED] - Text 'Berhasil' is present on page 

2023-08-01 14:55:42 - [TEST_STEP][PASSED] - click(findTestObject("Page_Bebeclub - Membership Registration/img")): Object: 'Object Repository/Page_Bebeclub - Membership Registration/img' is clicked on

2023-08-01 14:55:42 - [MESSAGE][PASSED] - Object: 'Object Repository/Page_Bebeclub - Membership Registration/img' is clicked on]]></system-out>
         <system-err><![CDATA[]]></system-err>
      </testcase>
      <testcase name="Test Cases/REGISTER/Prefix ID/0832 AXIS" time="10.323" classname="Test Cases/REGISTER/Prefix ID/0832 AXIS" status="PASSED">
         <system-out><![CDATA[2023-08-01 14:55:42 - [TEST_CASE][PASSED] - Test Cases/REGISTER/Prefix ID/0832 AXIS: Test Cases/REGISTER/Prefix ID/0832 AXIS

2023-08-01 14:55:42 - [TEST_STEP][PASSED] - openBrowser(""): Browser is opened with url: ''

2023-08-01 14:55:42 - [MESSAGE][WARNING] - A browser is already opened. Closing browser and opening a new one

2023-08-01 14:55:43 - [MESSAGE][INFO] - Starting 'Chrome (headless)' driver

2023-08-01 14:55:43 - [MESSAGE][INFO] - Action delay is set to 0 milliseconds

2023-08-01 14:55:44 - [MESSAGE][PASSED] - Browser is opened with url: ''

2023-08-01 14:55:44 - [TEST_STEP][PASSED] - maximizeWindow(): Current window maximized

2023-08-01 14:55:44 - [MESSAGE][PASSED] - Current window maximized

2023-08-01 14:55:44 - [TEST_STEP][PASSED] - navigateToUrl("https://bebeclub.eydendigital.co.id/membership/registration"): Navigate to 'https://bebeclub.eydendigital.co.id/membership/registration' successfully

2023-08-01 14:55:46 - [MESSAGE][PASSED] - Navigate to 'https://bebeclub.eydendigital.co.id/membership/registration' successfully

2023-08-01 14:55:46 - [TEST_STEP][PASSED] - click(findTestObject("Homepage/a_Register")): Object: 'Object Repository/Homepage/a_Register' is clicked on

2023-08-01 14:55:47 - [MESSAGE][PASSED] - Object: 'Object Repository/Homepage/a_Register' is clicked on

2023-08-01 14:55:47 - [TEST_STEP][PASSED] - setText(findTestObject("Page_Bebeclub - Membership Registration/input_Nama Depan_first-name-form"), "aziza"): Text 'aziza' is set on object 'Object Repository/Page_Bebeclub - Membership Registration/input_Nama Depan_first-name-form'

2023-08-01 14:55:47 - [MESSAGE][PASSED] - Text 'aziza' is set on object 'Object Repository/Page_Bebeclub - Membership Registration/input_Nama Depan_first-name-form'

2023-08-01 14:55:47 - [TEST_STEP][PASSED] - setText(findTestObject("Page_Bebeclub - Membership Registration/input_Nama Belakang_last-name-form"), "prefix"): Text 'prefix' is set on object 'Object Repository/Page_Bebeclub - Membership Registration/input_Nama Belakang_last-name-form'

2023-08-01 14:55:47 - [MESSAGE][PASSED] - Text 'prefix' is set on object 'Object Repository/Page_Bebeclub - Membership Registration/input_Nama Belakang_last-name-form'

2023-08-01 14:55:47 - [TEST_STEP][PASSED] - randomNum = generateRandomNumber(): null

2023-08-01 14:55:47 - [TEST_STEP][PASSED] - random = new java.util.Random(): null

2023-08-01 14:55:47 - [TEST_STEP][PASSED] - lastNineDigits = String.format("%09d", random.nextInt(1000000000)): null

2023-08-01 14:55:47 - [TEST_STEP][PASSED] - randomNumber = "0832" + lastNineDigits: null

2023-08-01 14:55:47 - [TEST_STEP][PASSED] - return randomNumber: null

2023-08-01 14:55:47 - [TEST_STEP][PASSED] - setText(findTestObject("Page_Bebeclub - Membership Registration/input__number-form"), randomNum): Text '0832688266807' is set on object 'Object Repository/Page_Bebeclub - Membership Registration/input__number-form'

2023-08-01 14:55:47 - [MESSAGE][PASSED] - Text '0832688266807' is set on object 'Object Repository/Page_Bebeclub - Membership Registration/input__number-form'

2023-08-01 14:55:47 - [TEST_STEP][PASSED] - setEncryptedText(findTestObject("Page_Bebeclub - Membership Registration/input_Password_pass-form"), "iFGeFYmXIrUhQZHvW7P22w=="): Text ****** has been set on object 'Object Repository/Page_Bebeclub - Membership Registration/input_Password_pass-form'

2023-08-01 14:55:48 - [MESSAGE][PASSED] - Text ****** has been set on object 'Object Repository/Page_Bebeclub - Membership Registration/input_Password_pass-form'

2023-08-01 14:55:48 - [TEST_STEP][PASSED] - setEncryptedText(findTestObject("Page_Bebeclub - Membership Registration/input_Konfirmasi Password_konfirmasipass-form"), "iFGeFYmXIrUhQZHvW7P22w=="): Text ****** has been set on object 'Object Repository/Page_Bebeclub - Membership Registration/input_Konfirmasi Password_konfirmasipass-form'

2023-08-01 14:55:48 - [MESSAGE][PASSED] - Text ****** has been set on object 'Object Repository/Page_Bebeclub - Membership Registration/input_Konfirmasi Password_konfirmasipass-form'

2023-08-01 14:55:48 - [TEST_STEP][PASSED] - selectOptionByLabel(findTestObject("Page_Bebeclub - Membership Registration/select_Pilih Kondisi Ibu Saat Ini"), "Belum Hamil & Tidak Mempunyai Anak", false): All options with label 'Belum Hamil & Tidak Mempunyai Anak' are selected in object 'Object Repository/Page_Bebeclub - Membership Registration/select_Pilih Kondisi Ibu Saat Ini' 

2023-08-01 14:55:48 - [MESSAGE][PASSED] - All options with label 'Belum Hamil & Tidak Mempunyai Anak' are selected in object 'Object Repository/Page_Bebeclub - Membership Registration/select_Pilih Kondisi Ibu Saat Ini' 

2023-08-01 14:55:48 - [TEST_STEP][PASSED] - click(findTestObject("Page_Bebeclub - Membership Registration/button_Kirim Kode OTP")): Object: 'Object Repository/Page_Bebeclub - Membership Registration/button_Kirim Kode OTP' is clicked on

2023-08-01 14:55:48 - [MESSAGE][PASSED] - Object: 'Object Repository/Page_Bebeclub - Membership Registration/button_Kirim Kode OTP' is clicked on

2023-08-01 14:55:48 - [TEST_STEP][PASSED] - delay(4): Delayed 4 second(s)

2023-08-01 14:55:52 - [MESSAGE][PASSED] - Delayed 4 second(s)

2023-08-01 14:55:52 - [TEST_STEP][PASSED] - verifyTextPresent("Berhasil", false): Text 'Berhasil' is present on page 

2023-08-01 14:55:52 - [MESSAGE][PASSED] - Text 'Berhasil' is present on page 

2023-08-01 14:55:52 - [TEST_STEP][PASSED] - click(findTestObject("Page_Bebeclub - Membership Registration/img")): Object: 'Object Repository/Page_Bebeclub - Membership Registration/img' is clicked on

2023-08-01 14:55:52 - [MESSAGE][PASSED] - Object: 'Object Repository/Page_Bebeclub - Membership Registration/img' is clicked on]]></system-out>
         <system-err><![CDATA[]]></system-err>
      </testcase>
      <testcase name="Test Cases/REGISTER/Prefix ID/0859 XL" time="19.854" classname="Test Cases/REGISTER/Prefix ID/0859 XL" status="FAILED">
         <failure type="FAILED" message="Test Cases/REGISTER/Prefix ID/0859 XL FAILED.
Reason:
com.kms.katalon.core.exception.StepFailedException: Text 'Berhasil' is not present on page  (Root cause: com.kms.katalon.core.exception.StepFailedException: Text 'Berhasil' is not present on page 
	at com.kms.katalon.core.webui.keyword.internal.WebUIKeywordMain.stepFailed(WebUIKeywordMain.groovy:64)
	at com.kms.katalon.core.webui.keyword.builtin.VerifyTextPresentKeyword$_verifyTextPresent_closure1.doCall(VerifyTextPresentKeyword.groovy:79)
	at com.kms.katalon.core.webui.keyword.builtin.VerifyTextPresentKeyword$_verifyTextPresent_closure1.call(VerifyTextPresentKeyword.groovy)
	at com.kms.katalon.core.webui.keyword.internal.WebUIKeywordMain.runKeyword(WebUIKeywordMain.groovy:20)
	at com.kms.katalon.core.webui.keyword.builtin.VerifyTextPresentKeyword.verifyTextPresent(VerifyTextPresentKeyword.groovy:83)
	at com.kms.katalon.core.webui.keyword.builtin.VerifyTextPresentKeyword.execute(VerifyTextPresentKeyword.groovy:68)
	at com.kms.katalon.core.keyword.internal.KeywordExecutor.executeKeywordForPlatform(KeywordExecutor.groovy:74)
	at com.kms.katalon.core.webui.keyword.WebUiBuiltInKeywords.verifyTextPresent(WebUiBuiltInKeywords.groovy:1723)
	at com.kms.katalon.core.webui.keyword.WebUiBuiltInKeywords$verifyTextPresent$6.call(Unknown Source)
	at 0859 XL.run(0859 XL:53)
	at com.kms.katalon.core.main.ScriptEngine.run(ScriptEngine.java:194)
	at com.kms.katalon.core.main.ScriptEngine.runScriptAsRawText(ScriptEngine.java:119)
	at com.kms.katalon.core.main.TestCaseExecutor.runScript(TestCaseExecutor.java:448)
	at com.kms.katalon.core.main.TestCaseExecutor.doExecute(TestCaseExecutor.java:439)
	at com.kms.katalon.core.main.TestCaseExecutor.processExecutionPhase(TestCaseExecutor.java:418)
	at com.kms.katalon.core.main.TestCaseExecutor.accessMainPhase(TestCaseExecutor.java:410)
	at com.kms.katalon.core.main.TestCaseExecutor.execute(TestCaseExecutor.java:285)
	at com.kms.katalon.core.common.CommonExecutor.accessTestCaseMainPhase(CommonExecutor.java:65)
	at com.kms.katalon.core.main.TestSuiteExecutor.accessTestSuiteMainPhase(TestSuiteExecutor.java:148)
	at com.kms.katalon.core.main.TestSuiteExecutor.execute(TestSuiteExecutor.java:106)
	at com.kms.katalon.core.main.TestCaseMain.startTestSuite(TestCaseMain.java:187)
	at com.kms.katalon.core.main.TestCaseMain$startTestSuite$0.call(Unknown Source)
	at TempTestSuite1690876169937.run(TempTestSuite1690876169937.groovy:36)
)
	at com.kms.katalon.core.keyword.internal.KeywordMain.stepFailed(KeywordMain.groovy:39)
	at com.kms.katalon.core.webui.keyword.internal.WebUIKeywordMain.stepFailed(WebUIKeywordMain.groovy:64)
	at com.kms.katalon.core.webui.keyword.builtin.VerifyTextPresentKeyword$_verifyTextPresent_closure1.doCall(VerifyTextPresentKeyword.groovy:79)
	at com.kms.katalon.core.webui.keyword.builtin.VerifyTextPresentKeyword$_verifyTextPresent_closure1.call(VerifyTextPresentKeyword.groovy)
	at com.kms.katalon.core.webui.keyword.internal.WebUIKeywordMain.runKeyword(WebUIKeywordMain.groovy:20)
	at com.kms.katalon.core.webui.keyword.builtin.VerifyTextPresentKeyword.verifyTextPresent(VerifyTextPresentKeyword.groovy:83)
	at com.kms.katalon.core.webui.keyword.builtin.VerifyTextPresentKeyword.execute(VerifyTextPresentKeyword.groovy:68)
	at com.kms.katalon.core.keyword.internal.KeywordExecutor.executeKeywordForPlatform(KeywordExecutor.groovy:74)
	at com.kms.katalon.core.webui.keyword.WebUiBuiltInKeywords.verifyTextPresent(WebUiBuiltInKeywords.groovy:1723)
	at com.kms.katalon.core.webui.keyword.WebUiBuiltInKeywords$verifyTextPresent$6.call(Unknown Source)
	at 0859 XL.run(0859 XL:53)
	at com.kms.katalon.core.main.ScriptEngine.run(ScriptEngine.java:194)
	at com.kms.katalon.core.main.ScriptEngine.runScriptAsRawText(ScriptEngine.java:119)
	at com.kms.katalon.core.main.TestCaseExecutor.runScript(TestCaseExecutor.java:448)
	at com.kms.katalon.core.main.TestCaseExecutor.doExecute(TestCaseExecutor.java:439)
	at com.kms.katalon.core.main.TestCaseExecutor.processExecutionPhase(TestCaseExecutor.java:418)
	at com.kms.katalon.core.main.TestCaseExecutor.accessMainPhase(TestCaseExecutor.java:410)
	at com.kms.katalon.core.main.TestCaseExecutor.execute(TestCaseExecutor.java:285)
	at com.kms.katalon.core.common.CommonExecutor.accessTestCaseMainPhase(CommonExecutor.java:65)
	at com.kms.katalon.core.main.TestSuiteExecutor.accessTestSuiteMainPhase(TestSuiteExecutor.java:148)
	at com.kms.katalon.core.main.TestSuiteExecutor.execute(TestSuiteExecutor.java:106)
	at com.kms.katalon.core.main.TestCaseMain.startTestSuite(TestCaseMain.java:187)
	at com.kms.katalon.core.main.TestCaseMain$startTestSuite$0.call(Unknown Source)
	at TempTestSuite1690876169937.run(TempTestSuite1690876169937.groovy:36)
Caused by: com.kms.katalon.core.exception.StepFailedException: Text 'Berhasil' is not present on page 
	... 23 more
"/>
         <system-out><![CDATA[2023-08-01 14:55:52 - [TEST_CASE][FAILED] - Test Cases/REGISTER/Prefix ID/0859 XL: Test Cases/REGISTER/Prefix ID/0859 XL FAILED.
Reason:
com.kms.katalon.core.exception.StepFailedException: Text 'Berhasil' is not present on page  (Root cause: com.kms.katalon.core.exception.StepFailedException: Text 'Berhasil' is not present on page 
	at com.kms.katalon.core.webui.keyword.internal.WebUIKeywordMain.stepFailed(WebUIKeywordMain.groovy:64)
	at com.kms.katalon.core.webui.keyword.builtin.VerifyTextPresentKeyword$_verifyTextPresent_closure1.doCall(VerifyTextPresentKeyword.groovy:79)
	at com.kms.katalon.core.webui.keyword.builtin.VerifyTextPresentKeyword$_verifyTextPresent_closure1.call(VerifyTextPresentKeyword.groovy)
	at com.kms.katalon.core.webui.keyword.internal.WebUIKeywordMain.runKeyword(WebUIKeywordMain.groovy:20)
	at com.kms.katalon.core.webui.keyword.builtin.VerifyTextPresentKeyword.verifyTextPresent(VerifyTextPresentKeyword.groovy:83)
	at com.kms.katalon.core.webui.keyword.builtin.VerifyTextPresentKeyword.execute(VerifyTextPresentKeyword.groovy:68)
	at com.kms.katalon.core.keyword.internal.KeywordExecutor.executeKeywordForPlatform(KeywordExecutor.groovy:74)
	at com.kms.katalon.core.webui.keyword.WebUiBuiltInKeywords.verifyTextPresent(WebUiBuiltInKeywords.groovy:1723)
	at com.kms.katalon.core.webui.keyword.WebUiBuiltInKeywords$verifyTextPresent$6.call(Unknown Source)
	at 0859 XL.run(0859 XL:53)
	at com.kms.katalon.core.main.ScriptEngine.run(ScriptEngine.java:194)
	at com.kms.katalon.core.main.ScriptEngine.runScriptAsRawText(ScriptEngine.java:119)
	at com.kms.katalon.core.main.TestCaseExecutor.runScript(TestCaseExecutor.java:448)
	at com.kms.katalon.core.main.TestCaseExecutor.doExecute(TestCaseExecutor.java:439)
	at com.kms.katalon.core.main.TestCaseExecutor.processExecutionPhase(TestCaseExecutor.java:418)
	at com.kms.katalon.core.main.TestCaseExecutor.accessMainPhase(TestCaseExecutor.java:410)
	at com.kms.katalon.core.main.TestCaseExecutor.execute(TestCaseExecutor.java:285)
	at com.kms.katalon.core.common.CommonExecutor.accessTestCaseMainPhase(CommonExecutor.java:65)
	at com.kms.katalon.core.main.TestSuiteExecutor.accessTestSuiteMainPhase(TestSuiteExecutor.java:148)
	at com.kms.katalon.core.main.TestSuiteExecutor.execute(TestSuiteExecutor.java:106)
	at com.kms.katalon.core.main.TestCaseMain.startTestSuite(TestCaseMain.java:187)
	at com.kms.katalon.core.main.TestCaseMain$startTestSuite$0.call(Unknown Source)
	at TempTestSuite1690876169937.run(TempTestSuite1690876169937.groovy:36)
)
	at com.kms.katalon.core.keyword.internal.KeywordMain.stepFailed(KeywordMain.groovy:39)
	at com.kms.katalon.core.webui.keyword.internal.WebUIKeywordMain.stepFailed(WebUIKeywordMain.groovy:64)
	at com.kms.katalon.core.webui.keyword.builtin.VerifyTextPresentKeyword$_verifyTextPresent_closure1.doCall(VerifyTextPresentKeyword.groovy:79)
	at com.kms.katalon.core.webui.keyword.builtin.VerifyTextPresentKeyword$_verifyTextPresent_closure1.call(VerifyTextPresentKeyword.groovy)
	at com.kms.katalon.core.webui.keyword.internal.WebUIKeywordMain.runKeyword(WebUIKeywordMain.groovy:20)
	at com.kms.katalon.core.webui.keyword.builtin.VerifyTextPresentKeyword.verifyTextPresent(VerifyTextPresentKeyword.groovy:83)
	at com.kms.katalon.core.webui.keyword.builtin.VerifyTextPresentKeyword.execute(VerifyTextPresentKeyword.groovy:68)
	at com.kms.katalon.core.keyword.internal.KeywordExecutor.executeKeywordForPlatform(KeywordExecutor.groovy:74)
	at com.kms.katalon.core.webui.keyword.WebUiBuiltInKeywords.verifyTextPresent(WebUiBuiltInKeywords.groovy:1723)
	at com.kms.katalon.core.webui.keyword.WebUiBuiltInKeywords$verifyTextPresent$6.call(Unknown Source)
	at 0859 XL.run(0859 XL:53)
	at com.kms.katalon.core.main.ScriptEngine.run(ScriptEngine.java:194)
	at com.kms.katalon.core.main.ScriptEngine.runScriptAsRawText(ScriptEngine.java:119)
	at com.kms.katalon.core.main.TestCaseExecutor.runScript(TestCaseExecutor.java:448)
	at com.kms.katalon.core.main.TestCaseExecutor.doExecute(TestCaseExecutor.java:439)
	at com.kms.katalon.core.main.TestCaseExecutor.processExecutionPhase(TestCaseExecutor.java:418)
	at com.kms.katalon.core.main.TestCaseExecutor.accessMainPhase(TestCaseExecutor.java:410)
	at com.kms.katalon.core.main.TestCaseExecutor.execute(TestCaseExecutor.java:285)
	at com.kms.katalon.core.common.CommonExecutor.accessTestCaseMainPhase(CommonExecutor.java:65)
	at com.kms.katalon.core.main.TestSuiteExecutor.accessTestSuiteMainPhase(TestSuiteExecutor.java:148)
	at com.kms.katalon.core.main.TestSuiteExecutor.execute(TestSuiteExecutor.java:106)
	at com.kms.katalon.core.main.TestCaseMain.startTestSuite(TestCaseMain.java:187)
	at com.kms.katalon.core.main.TestCaseMain$startTestSuite$0.call(Unknown Source)
	at TempTestSuite1690876169937.run(TempTestSuite1690876169937.groovy:36)
Caused by: com.kms.katalon.core.exception.StepFailedException: Text 'Berhasil' is not present on page 
	... 23 more


2023-08-01 14:55:52 - [TEST_STEP][PASSED] - openBrowser(""): Browser is opened with url: ''

2023-08-01 14:55:52 - [MESSAGE][WARNING] - A browser is already opened. Closing browser and opening a new one

2023-08-01 14:55:53 - [MESSAGE][INFO] - Starting 'Chrome (headless)' driver

2023-08-01 14:55:53 - [MESSAGE][INFO] - Action delay is set to 0 milliseconds

2023-08-01 14:55:54 - [MESSAGE][PASSED] - Browser is opened with url: ''

2023-08-01 14:55:54 - [TEST_STEP][PASSED] - maximizeWindow(): Current window maximized

2023-08-01 14:55:54 - [MESSAGE][PASSED] - Current window maximized

2023-08-01 14:55:54 - [TEST_STEP][PASSED] - navigateToUrl("https://bebeclub.eydendigital.co.id/membership/registration"): Navigate to 'https://bebeclub.eydendigital.co.id/membership/registration' successfully

2023-08-01 14:56:03 - [MESSAGE][PASSED] - Navigate to 'https://bebeclub.eydendigital.co.id/membership/registration' successfully

2023-08-01 14:56:03 - [TEST_STEP][PASSED] - click(findTestObject("Homepage/a_Register")): Object: 'Object Repository/Homepage/a_Register' is clicked on

2023-08-01 14:56:06 - [MESSAGE][PASSED] - Object: 'Object Repository/Homepage/a_Register' is clicked on

2023-08-01 14:56:06 - [TEST_STEP][PASSED] - setText(findTestObject("Page_Bebeclub - Membership Registration/input_Nama Depan_first-name-form"), "aziza"): Text 'aziza' is set on object 'Object Repository/Page_Bebeclub - Membership Registration/input_Nama Depan_first-name-form'

2023-08-01 14:56:07 - [MESSAGE][PASSED] - Text 'aziza' is set on object 'Object Repository/Page_Bebeclub - Membership Registration/input_Nama Depan_first-name-form'

2023-08-01 14:56:07 - [TEST_STEP][PASSED] - setText(findTestObject("Page_Bebeclub - Membership Registration/input_Nama Belakang_last-name-form"), "prefix"): Text 'prefix' is set on object 'Object Repository/Page_Bebeclub - Membership Registration/input_Nama Belakang_last-name-form'

2023-08-01 14:56:07 - [MESSAGE][PASSED] - Text 'prefix' is set on object 'Object Repository/Page_Bebeclub - Membership Registration/input_Nama Belakang_last-name-form'

2023-08-01 14:56:07 - [TEST_STEP][PASSED] - randomNum = generateRandomNumber(): null

2023-08-01 14:56:07 - [TEST_STEP][PASSED] - random = new java.util.Random(): null

2023-08-01 14:56:07 - [TEST_STEP][PASSED] - lastNineDigits = String.format("%09d", random.nextInt(1000000000)): null

2023-08-01 14:56:07 - [TEST_STEP][PASSED] - randomNumber = "0859" + lastNineDigits: null

2023-08-01 14:56:07 - [TEST_STEP][PASSED] - return randomNumber: null

2023-08-01 14:56:07 - [TEST_STEP][PASSED] - setText(findTestObject("Page_Bebeclub - Membership Registration/input__number-form"), randomNum): Text '0859464444811' is set on object 'Object Repository/Page_Bebeclub - Membership Registration/input__number-form'

2023-08-01 14:56:07 - [MESSAGE][PASSED] - Text '0859464444811' is set on object 'Object Repository/Page_Bebeclub - Membership Registration/input__number-form'

2023-08-01 14:56:07 - [TEST_STEP][PASSED] - setEncryptedText(findTestObject("Page_Bebeclub - Membership Registration/input_Password_pass-form"), "iFGeFYmXIrUhQZHvW7P22w=="): Text ****** has been set on object 'Object Repository/Page_Bebeclub - Membership Registration/input_Password_pass-form'

2023-08-01 14:56:07 - [MESSAGE][PASSED] - Text ****** has been set on object 'Object Repository/Page_Bebeclub - Membership Registration/input_Password_pass-form'

2023-08-01 14:56:07 - [TEST_STEP][PASSED] - setEncryptedText(findTestObject("Page_Bebeclub - Membership Registration/input_Konfirmasi Password_konfirmasipass-form"), "iFGeFYmXIrUhQZHvW7P22w=="): Text ****** has been set on object 'Object Repository/Page_Bebeclub - Membership Registration/input_Konfirmasi Password_konfirmasipass-form'

2023-08-01 14:56:07 - [MESSAGE][PASSED] - Text ****** has been set on object 'Object Repository/Page_Bebeclub - Membership Registration/input_Konfirmasi Password_konfirmasipass-form'

2023-08-01 14:56:07 - [TEST_STEP][PASSED] - selectOptionByLabel(findTestObject("Page_Bebeclub - Membership Registration/select_Pilih Kondisi Ibu Saat Ini"), "Belum Hamil & Tidak Mempunyai Anak", false): All options with label 'Belum Hamil & Tidak Mempunyai Anak' are selected in object 'Object Repository/Page_Bebeclub - Membership Registration/select_Pilih Kondisi Ibu Saat Ini' 

2023-08-01 14:56:08 - [MESSAGE][PASSED] - All options with label 'Belum Hamil & Tidak Mempunyai Anak' are selected in object 'Object Repository/Page_Bebeclub - Membership Registration/select_Pilih Kondisi Ibu Saat Ini' 

2023-08-01 14:56:08 - [TEST_STEP][PASSED] - click(findTestObject("Page_Bebeclub - Membership Registration/button_Kirim Kode OTP")): Object: 'Object Repository/Page_Bebeclub - Membership Registration/button_Kirim Kode OTP' is clicked on

2023-08-01 14:56:08 - [MESSAGE][PASSED] - Object: 'Object Repository/Page_Bebeclub - Membership Registration/button_Kirim Kode OTP' is clicked on

2023-08-01 14:56:08 - [TEST_STEP][PASSED] - delay(4): Delayed 4 second(s)

2023-08-01 14:56:12 - [MESSAGE][PASSED] - Delayed 4 second(s)

2023-08-01 14:56:12 - [TEST_STEP][FAILED] - verifyTextPresent("Berhasil", false): Text 'Berhasil' is not present on page  (Root cause: com.kms.katalon.core.exception.StepFailedException: Text 'Berhasil' is not present on page 
	at com.kms.katalon.core.webui.keyword.internal.WebUIKeywordMain.stepFailed(WebUIKeywordMain.groovy:64)
	at com.kms.katalon.core.webui.keyword.builtin.VerifyTextPresentKeyword$_verifyTextPresent_closure1.doCall(VerifyTextPresentKeyword.groovy:79)
	at com.kms.katalon.core.webui.keyword.builtin.VerifyTextPresentKeyword$_verifyTextPresent_closure1.call(VerifyTextPresentKeyword.groovy)
	at com.kms.katalon.core.webui.keyword.internal.WebUIKeywordMain.runKeyword(WebUIKeywordMain.groovy:20)
	at com.kms.katalon.core.webui.keyword.builtin.VerifyTextPresentKeyword.verifyTextPresent(VerifyTextPresentKeyword.groovy:83)
	at com.kms.katalon.core.webui.keyword.builtin.VerifyTextPresentKeyword.execute(VerifyTextPresentKeyword.groovy:68)
	at com.kms.katalon.core.keyword.internal.KeywordExecutor.executeKeywordForPlatform(KeywordExecutor.groovy:74)
	at com.kms.katalon.core.webui.keyword.WebUiBuiltInKeywords.verifyTextPresent(WebUiBuiltInKeywords.groovy:1723)
	at com.kms.katalon.core.webui.keyword.WebUiBuiltInKeywords$verifyTextPresent$6.call(Unknown Source)
	at 0859 XL.run(0859 XL:53)
	at com.kms.katalon.core.main.ScriptEngine.run(ScriptEngine.java:194)
	at com.kms.katalon.core.main.ScriptEngine.runScriptAsRawText(ScriptEngine.java:119)
	at com.kms.katalon.core.main.TestCaseExecutor.runScript(TestCaseExecutor.java:448)
	at com.kms.katalon.core.main.TestCaseExecutor.doExecute(TestCaseExecutor.java:439)
	at com.kms.katalon.core.main.TestCaseExecutor.processExecutionPhase(TestCaseExecutor.java:418)
	at com.kms.katalon.core.main.TestCaseExecutor.accessMainPhase(TestCaseExecutor.java:410)
	at com.kms.katalon.core.main.TestCaseExecutor.execute(TestCaseExecutor.java:285)
	at com.kms.katalon.core.common.CommonExecutor.accessTestCaseMainPhase(CommonExecutor.java:65)
	at com.kms.katalon.core.main.TestSuiteExecutor.accessTestSuiteMainPhase(TestSuiteExecutor.java:148)
	at com.kms.katalon.core.main.TestSuiteExecutor.execute(TestSuiteExecutor.java:106)
	at com.kms.katalon.core.main.TestCaseMain.startTestSuite(TestCaseMain.java:187)
	at com.kms.katalon.core.main.TestCaseMain$startTestSuite$0.call(Unknown Source)
	at TempTestSuite1690876169937.run(TempTestSuite1690876169937.groovy:36)
)

2023-08-01 14:56:12 - [MESSAGE][FAILED] - Text 'Berhasil' is not present on page  (Root cause: com.kms.katalon.core.exception.StepFailedException: Text 'Berhasil' is not present on page 
	at com.kms.katalon.core.webui.keyword.internal.WebUIKeywordMain.stepFailed(WebUIKeywordMain.groovy:64)
	at com.kms.katalon.core.webui.keyword.builtin.VerifyTextPresentKeyword$_verifyTextPresent_closure1.doCall(VerifyTextPresentKeyword.groovy:79)
	at com.kms.katalon.core.webui.keyword.builtin.VerifyTextPresentKeyword$_verifyTextPresent_closure1.call(VerifyTextPresentKeyword.groovy)
	at com.kms.katalon.core.webui.keyword.internal.WebUIKeywordMain.runKeyword(WebUIKeywordMain.groovy:20)
	at com.kms.katalon.core.webui.keyword.builtin.VerifyTextPresentKeyword.verifyTextPresent(VerifyTextPresentKeyword.groovy:83)
	at com.kms.katalon.core.webui.keyword.builtin.VerifyTextPresentKeyword.execute(VerifyTextPresentKeyword.groovy:68)
	at com.kms.katalon.core.keyword.internal.KeywordExecutor.executeKeywordForPlatform(KeywordExecutor.groovy:74)
	at com.kms.katalon.core.webui.keyword.WebUiBuiltInKeywords.verifyTextPresent(WebUiBuiltInKeywords.groovy:1723)
	at com.kms.katalon.core.webui.keyword.WebUiBuiltInKeywords$verifyTextPresent$6.call(Unknown Source)
	at 0859 XL.run(0859 XL:53)
	at com.kms.katalon.core.main.ScriptEngine.run(ScriptEngine.java:194)
	at com.kms.katalon.core.main.ScriptEngine.runScriptAsRawText(ScriptEngine.java:119)
	at com.kms.katalon.core.main.TestCaseExecutor.runScript(TestCaseExecutor.java:448)
	at com.kms.katalon.core.main.TestCaseExecutor.doExecute(TestCaseExecutor.java:439)
	at com.kms.katalon.core.main.TestCaseExecutor.processExecutionPhase(TestCaseExecutor.java:418)
	at com.kms.katalon.core.main.TestCaseExecutor.accessMainPhase(TestCaseExecutor.java:410)
	at com.kms.katalon.core.main.TestCaseExecutor.execute(TestCaseExecutor.java:285)
	at com.kms.katalon.core.common.CommonExecutor.accessTestCaseMainPhase(CommonExecutor.java:65)
	at com.kms.katalon.core.main.TestSuiteExecutor.accessTestSuiteMainPhase(TestSuiteExecutor.java:148)
	at com.kms.katalon.core.main.TestSuiteExecutor.execute(TestSuiteExecutor.java:106)
	at com.kms.katalon.core.main.TestCaseMain.startTestSuite(TestCaseMain.java:187)
	at com.kms.katalon.core.main.TestCaseMain$startTestSuite$0.call(Unknown Source)
	at TempTestSuite1690876169937.run(TempTestSuite1690876169937.groovy:36)
)

2023-08-01 14:56:12 - [TEST_STEP][FAILED] - click(findTestObject("Page_Bebeclub - Membership Registration/img")): Unable to click on object 'Object Repository/Page_Bebeclub - Membership Registration/img' (Root cause: com.kms.katalon.core.exception.StepFailedException: Unable to click on object 'Object Repository/Page_Bebeclub - Membership Registration/img'
	at com.kms.katalon.core.webui.keyword.internal.WebUIKeywordMain.stepFailed(WebUIKeywordMain.groovy:64)
	at com.kms.katalon.core.webui.keyword.internal.WebUIKeywordMain.runKeyword(WebUIKeywordMain.groovy:26)
	at com.kms.katalon.core.webui.keyword.builtin.ClickKeyword.click(ClickKeyword.groovy:74)
	at com.kms.katalon.core.webui.keyword.builtin.ClickKeyword.execute(ClickKeyword.groovy:40)
	at com.kms.katalon.core.keyword.internal.KeywordExecutor.executeKeywordForPlatform(KeywordExecutor.groovy:74)
	at com.kms.katalon.core.webui.keyword.WebUiBuiltInKeywords.click(WebUiBuiltInKeywords.groovy:620)
	at com.kms.katalon.core.webui.keyword.WebUiBuiltInKeywords$click$2.call(Unknown Source)
	at 0859 XL.run(0859 XL:55)
	at com.kms.katalon.core.main.ScriptEngine.run(ScriptEngine.java:194)
	at com.kms.katalon.core.main.ScriptEngine.runScriptAsRawText(ScriptEngine.java:119)
	at com.kms.katalon.core.main.TestCaseExecutor.runScript(TestCaseExecutor.java:448)
	at com.kms.katalon.core.main.TestCaseExecutor.doExecute(TestCaseExecutor.java:439)
	at com.kms.katalon.core.main.TestCaseExecutor.processExecutionPhase(TestCaseExecutor.java:418)
	at com.kms.katalon.core.main.TestCaseExecutor.accessMainPhase(TestCaseExecutor.java:410)
	at com.kms.katalon.core.main.TestCaseExecutor.execute(TestCaseExecutor.java:285)
	at com.kms.katalon.core.common.CommonExecutor.accessTestCaseMainPhase(CommonExecutor.java:65)
	at com.kms.katalon.core.main.TestSuiteExecutor.accessTestSuiteMainPhase(TestSuiteExecutor.java:148)
	at com.kms.katalon.core.main.TestSuiteExecutor.execute(TestSuiteExecutor.java:106)
	at com.kms.katalon.core.main.TestCaseMain.startTestSuite(TestCaseMain.java:187)
	at com.kms.katalon.core.main.TestCaseMain$startTestSuite$0.call(Unknown Source)
	at TempTestSuite1690876169937.run(TempTestSuite1690876169937.groovy:36)
Caused by: org.openqa.selenium.ElementNotInteractableException: element not interactable
  (Session info: headless chrome=115.0.5790.110)
Build info: version: '3.141.59', revision: 'e82be7d358', time: '2018-11-14T08:25:53'
System info: host: 'ZIZAH-EYD', ip: '10.10.10.204', os.name: 'Windows 10', os.arch: 'amd64', os.version: '10.0', java.version: '1.8.0_282'
Driver info: com.kms.katalon.selenium.driver.CChromeDriver
Capabilities {acceptInsecureCerts: false, browserName: chrome, browserVersion: 115.0.5790.110, chrome: {chromedriverVersion: 114.0.5735.90 (386bc09e8f4f..., userDataDir: C:\Users\SARAHN~1\AppData\L...}, goog:chromeOptions: {debuggerAddress: localhost:61080}, javascriptEnabled: true, networkConnectionEnabled: false, pageLoadStrategy: normal, platform: WINDOWS, platformName: WINDOWS, proxy: Proxy(), setWindowRect: true, strictFileInteractability: false, timeouts: {implicit: 0, pageLoad: 300000, script: 30000}, unhandledPromptBehavior: dismiss and notify, webauthn:extension:credBlob: true, webauthn:extension:largeBlob: true, webauthn:extension:minPinLength: true, webauthn:extension:prf: true, webauthn:virtualAuthenticators: true}
Session ID: 2bfe9201d96dfbfe244f99e53e49dcb4
	at org.openqa.selenium.remote.http.W3CHttpResponseCodec.createException(W3CHttpResponseCodec.java:187)
	at org.openqa.selenium.remote.http.W3CHttpResponseCodec.decode(W3CHttpResponseCodec.java:122)
	at org.openqa.selenium.remote.http.W3CHttpResponseCodec.decode(W3CHttpResponseCodec.java:49)
	at org.openqa.selenium.remote.HttpCommandExecutor.execute(HttpCommandExecutor.java:158)
	at org.openqa.selenium.remote.service.DriverCommandExecutor.execute(DriverCommandExecutor.java:83)
	at org.openqa.selenium.remote.RemoteWebDriver.execute(RemoteWebDriver.java:552)
	at com.kms.katalon.selenium.driver.CChromeDriver.execute(CChromeDriver.java:19)
	at org.openqa.selenium.remote.RemoteWebElement.execute(RemoteWebElement.java:285)
	at org.openqa.selenium.remote.RemoteWebElement.click(RemoteWebElement.java:84)
	at org.openqa.selenium.support.events.EventFiringWebDriver$EventFiringWebElement.lambda$new$0(EventFiringWebDriver.java:404)
	at com.sun.proxy.$Proxy11.click(Unknown Source)
	at org.openqa.selenium.support.events.EventFiringWebDriver$EventFiringWebElement.click(EventFiringWebDriver.java:417)
	at org.openqa.selenium.WebElement$click.call(Unknown Source)
	at com.kms.katalon.core.webui.keyword.builtin.ClickKeyword.clickUntilSuccessWithTimeout(ClickKeyword.groovy:81)
	at com.kms.katalon.core.webui.keyword.builtin.ClickKeyword.clickUntilSuccessWithTimeout(ClickKeyword.groovy)
	at com.kms.katalon.core.webui.keyword.builtin.ClickKeyword$_click_closure1.doCall(ClickKeyword.groovy:67)
	at com.kms.katalon.core.webui.keyword.builtin.ClickKeyword$_click_closure1.call(ClickKeyword.groovy)
	at com.kms.katalon.core.webui.keyword.internal.WebUIKeywordMain.runKeyword(WebUIKeywordMain.groovy:20)
	at com.kms.katalon.core.webui.keyword.builtin.ClickKeyword.click(ClickKeyword.groovy:74)
	at com.kms.katalon.core.webui.keyword.builtin.ClickKeyword.execute(ClickKeyword.groovy:40)
	at com.kms.katalon.core.keyword.internal.KeywordExecutor.executeKeywordForPlatform(KeywordExecutor.groovy:74)
	at com.kms.katalon.core.webui.keyword.WebUiBuiltInKeywords.click(WebUiBuiltInKeywords.groovy:620)
	at com.kms.katalon.core.webui.keyword.WebUiBuiltInKeywords$click$2.call(Unknown Source)
	at Script1690871425022.run(Script1690871425022.groovy:55)
	... 13 more
)

2023-08-01 14:56:12 - [MESSAGE][FAILED] - Unable to click on object 'Object Repository/Page_Bebeclub - Membership Registration/img' (Root cause: com.kms.katalon.core.exception.StepFailedException: Unable to click on object 'Object Repository/Page_Bebeclub - Membership Registration/img'
	at com.kms.katalon.core.webui.keyword.internal.WebUIKeywordMain.stepFailed(WebUIKeywordMain.groovy:64)
	at com.kms.katalon.core.webui.keyword.internal.WebUIKeywordMain.runKeyword(WebUIKeywordMain.groovy:26)
	at com.kms.katalon.core.webui.keyword.builtin.ClickKeyword.click(ClickKeyword.groovy:74)
	at com.kms.katalon.core.webui.keyword.builtin.ClickKeyword.execute(ClickKeyword.groovy:40)
	at com.kms.katalon.core.keyword.internal.KeywordExecutor.executeKeywordForPlatform(KeywordExecutor.groovy:74)
	at com.kms.katalon.core.webui.keyword.WebUiBuiltInKeywords.click(WebUiBuiltInKeywords.groovy:620)
	at com.kms.katalon.core.webui.keyword.WebUiBuiltInKeywords$click$2.call(Unknown Source)
	at 0859 XL.run(0859 XL:55)
	at com.kms.katalon.core.main.ScriptEngine.run(ScriptEngine.java:194)
	at com.kms.katalon.core.main.ScriptEngine.runScriptAsRawText(ScriptEngine.java:119)
	at com.kms.katalon.core.main.TestCaseExecutor.runScript(TestCaseExecutor.java:448)
	at com.kms.katalon.core.main.TestCaseExecutor.doExecute(TestCaseExecutor.java:439)
	at com.kms.katalon.core.main.TestCaseExecutor.processExecutionPhase(TestCaseExecutor.java:418)
	at com.kms.katalon.core.main.TestCaseExecutor.accessMainPhase(TestCaseExecutor.java:410)
	at com.kms.katalon.core.main.TestCaseExecutor.execute(TestCaseExecutor.java:285)
	at com.kms.katalon.core.common.CommonExecutor.accessTestCaseMainPhase(CommonExecutor.java:65)
	at com.kms.katalon.core.main.TestSuiteExecutor.accessTestSuiteMainPhase(TestSuiteExecutor.java:148)
	at com.kms.katalon.core.main.TestSuiteExecutor.execute(TestSuiteExecutor.java:106)
	at com.kms.katalon.core.main.TestCaseMain.startTestSuite(TestCaseMain.java:187)
	at com.kms.katalon.core.main.TestCaseMain$startTestSuite$0.call(Unknown Source)
	at TempTestSuite1690876169937.run(TempTestSuite1690876169937.groovy:36)
Caused by: org.openqa.selenium.ElementNotInteractableException: element not interactable
  (Session info: headless chrome=115.0.5790.110)
Build info: version: '3.141.59', revision: 'e82be7d358', time: '2018-11-14T08:25:53'
System info: host: 'ZIZAH-EYD', ip: '10.10.10.204', os.name: 'Windows 10', os.arch: 'amd64', os.version: '10.0', java.version: '1.8.0_282'
Driver info: com.kms.katalon.selenium.driver.CChromeDriver
Capabilities {acceptInsecureCerts: false, browserName: chrome, browserVersion: 115.0.5790.110, chrome: {chromedriverVersion: 114.0.5735.90 (386bc09e8f4f..., userDataDir: C:\Users\SARAHN~1\AppData\L...}, goog:chromeOptions: {debuggerAddress: localhost:61080}, javascriptEnabled: true, networkConnectionEnabled: false, pageLoadStrategy: normal, platform: WINDOWS, platformName: WINDOWS, proxy: Proxy(), setWindowRect: true, strictFileInteractability: false, timeouts: {implicit: 0, pageLoad: 300000, script: 30000}, unhandledPromptBehavior: dismiss and notify, webauthn:extension:credBlob: true, webauthn:extension:largeBlob: true, webauthn:extension:minPinLength: true, webauthn:extension:prf: true, webauthn:virtualAuthenticators: true}
Session ID: 2bfe9201d96dfbfe244f99e53e49dcb4
	at org.openqa.selenium.remote.http.W3CHttpResponseCodec.createException(W3CHttpResponseCodec.java:187)
	at org.openqa.selenium.remote.http.W3CHttpResponseCodec.decode(W3CHttpResponseCodec.java:122)
	at org.openqa.selenium.remote.http.W3CHttpResponseCodec.decode(W3CHttpResponseCodec.java:49)
	at org.openqa.selenium.remote.HttpCommandExecutor.execute(HttpCommandExecutor.java:158)
	at org.openqa.selenium.remote.service.DriverCommandExecutor.execute(DriverCommandExecutor.java:83)
	at org.openqa.selenium.remote.RemoteWebDriver.execute(RemoteWebDriver.java:552)
	at com.kms.katalon.selenium.driver.CChromeDriver.execute(CChromeDriver.java:19)
	at org.openqa.selenium.remote.RemoteWebElement.execute(RemoteWebElement.java:285)
	at org.openqa.selenium.remote.RemoteWebElement.click(RemoteWebElement.java:84)
	at org.openqa.selenium.support.events.EventFiringWebDriver$EventFiringWebElement.lambda$new$0(EventFiringWebDriver.java:404)
	at com.sun.proxy.$Proxy11.click(Unknown Source)
	at org.openqa.selenium.support.events.EventFiringWebDriver$EventFiringWebElement.click(EventFiringWebDriver.java:417)
	at org.openqa.selenium.WebElement$click.call(Unknown Source)
	at com.kms.katalon.core.webui.keyword.builtin.ClickKeyword.clickUntilSuccessWithTimeout(ClickKeyword.groovy:81)
	at com.kms.katalon.core.webui.keyword.builtin.ClickKeyword.clickUntilSuccessWithTimeout(ClickKeyword.groovy)
	at com.kms.katalon.core.webui.keyword.builtin.ClickKeyword$_click_closure1.doCall(ClickKeyword.groovy:67)
	at com.kms.katalon.core.webui.keyword.builtin.ClickKeyword$_click_closure1.call(ClickKeyword.groovy)
	at com.kms.katalon.core.webui.keyword.internal.WebUIKeywordMain.runKeyword(WebUIKeywordMain.groovy:20)
	at com.kms.katalon.core.webui.keyword.builtin.ClickKeyword.click(ClickKeyword.groovy:74)
	at com.kms.katalon.core.webui.keyword.builtin.ClickKeyword.execute(ClickKeyword.groovy:40)
	at com.kms.katalon.core.keyword.internal.KeywordExecutor.executeKeywordForPlatform(KeywordExecutor.groovy:74)
	at com.kms.katalon.core.webui.keyword.WebUiBuiltInKeywords.click(WebUiBuiltInKeywords.groovy:620)
	at com.kms.katalon.core.webui.keyword.WebUiBuiltInKeywords$click$2.call(Unknown Source)
	at Script1690871425022.run(Script1690871425022.groovy:55)
	... 13 more
)
[[ATTACHMENT|C:\\Users\\Sarah Nur Azizah\\git\\test_bebeclub_branchzizah\\Reports\\20230801_144929\\XL\\20230801_144929\\1690876572519.png]]]]></system-out>
         <system-err><![CDATA[2023-08-01 14:55:52 - [TEST_CASE][FAILED] - Test Cases/REGISTER/Prefix ID/0859 XL: Test Cases/REGISTER/Prefix ID/0859 XL FAILED.
Reason:
com.kms.katalon.core.exception.StepFailedException: Text 'Berhasil' is not present on page  (Root cause: com.kms.katalon.core.exception.StepFailedException: Text 'Berhasil' is not present on page 
	at com.kms.katalon.core.webui.keyword.internal.WebUIKeywordMain.stepFailed(WebUIKeywordMain.groovy:64)
	at com.kms.katalon.core.webui.keyword.builtin.VerifyTextPresentKeyword$_verifyTextPresent_closure1.doCall(VerifyTextPresentKeyword.groovy:79)
	at com.kms.katalon.core.webui.keyword.builtin.VerifyTextPresentKeyword$_verifyTextPresent_closure1.call(VerifyTextPresentKeyword.groovy)
	at com.kms.katalon.core.webui.keyword.internal.WebUIKeywordMain.runKeyword(WebUIKeywordMain.groovy:20)
	at com.kms.katalon.core.webui.keyword.builtin.VerifyTextPresentKeyword.verifyTextPresent(VerifyTextPresentKeyword.groovy:83)
	at com.kms.katalon.core.webui.keyword.builtin.VerifyTextPresentKeyword.execute(VerifyTextPresentKeyword.groovy:68)
	at com.kms.katalon.core.keyword.internal.KeywordExecutor.executeKeywordForPlatform(KeywordExecutor.groovy:74)
	at com.kms.katalon.core.webui.keyword.WebUiBuiltInKeywords.verifyTextPresent(WebUiBuiltInKeywords.groovy:1723)
	at com.kms.katalon.core.webui.keyword.WebUiBuiltInKeywords$verifyTextPresent$6.call(Unknown Source)
	at 0859 XL.run(0859 XL:53)
	at com.kms.katalon.core.main.ScriptEngine.run(ScriptEngine.java:194)
	at com.kms.katalon.core.main.ScriptEngine.runScriptAsRawText(ScriptEngine.java:119)
	at com.kms.katalon.core.main.TestCaseExecutor.runScript(TestCaseExecutor.java:448)
	at com.kms.katalon.core.main.TestCaseExecutor.doExecute(TestCaseExecutor.java:439)
	at com.kms.katalon.core.main.TestCaseExecutor.processExecutionPhase(TestCaseExecutor.java:418)
	at com.kms.katalon.core.main.TestCaseExecutor.accessMainPhase(TestCaseExecutor.java:410)
	at com.kms.katalon.core.main.TestCaseExecutor.execute(TestCaseExecutor.java:285)
	at com.kms.katalon.core.common.CommonExecutor.accessTestCaseMainPhase(CommonExecutor.java:65)
	at com.kms.katalon.core.main.TestSuiteExecutor.accessTestSuiteMainPhase(TestSuiteExecutor.java:148)
	at com.kms.katalon.core.main.TestSuiteExecutor.execute(TestSuiteExecutor.java:106)
	at com.kms.katalon.core.main.TestCaseMain.startTestSuite(TestCaseMain.java:187)
	at com.kms.katalon.core.main.TestCaseMain$startTestSuite$0.call(Unknown Source)
	at TempTestSuite1690876169937.run(TempTestSuite1690876169937.groovy:36)
)
	at com.kms.katalon.core.keyword.internal.KeywordMain.stepFailed(KeywordMain.groovy:39)
	at com.kms.katalon.core.webui.keyword.internal.WebUIKeywordMain.stepFailed(WebUIKeywordMain.groovy:64)
	at com.kms.katalon.core.webui.keyword.builtin.VerifyTextPresentKeyword$_verifyTextPresent_closure1.doCall(VerifyTextPresentKeyword.groovy:79)
	at com.kms.katalon.core.webui.keyword.builtin.VerifyTextPresentKeyword$_verifyTextPresent_closure1.call(VerifyTextPresentKeyword.groovy)
	at com.kms.katalon.core.webui.keyword.internal.WebUIKeywordMain.runKeyword(WebUIKeywordMain.groovy:20)
	at com.kms.katalon.core.webui.keyword.builtin.VerifyTextPresentKeyword.verifyTextPresent(VerifyTextPresentKeyword.groovy:83)
	at com.kms.katalon.core.webui.keyword.builtin.VerifyTextPresentKeyword.execute(VerifyTextPresentKeyword.groovy:68)
	at com.kms.katalon.core.keyword.internal.KeywordExecutor.executeKeywordForPlatform(KeywordExecutor.groovy:74)
	at com.kms.katalon.core.webui.keyword.WebUiBuiltInKeywords.verifyTextPresent(WebUiBuiltInKeywords.groovy:1723)
	at com.kms.katalon.core.webui.keyword.WebUiBuiltInKeywords$verifyTextPresent$6.call(Unknown Source)
	at 0859 XL.run(0859 XL:53)
	at com.kms.katalon.core.main.ScriptEngine.run(ScriptEngine.java:194)
	at com.kms.katalon.core.main.ScriptEngine.runScriptAsRawText(ScriptEngine.java:119)
	at com.kms.katalon.core.main.TestCaseExecutor.runScript(TestCaseExecutor.java:448)
	at com.kms.katalon.core.main.TestCaseExecutor.doExecute(TestCaseExecutor.java:439)
	at com.kms.katalon.core.main.TestCaseExecutor.processExecutionPhase(TestCaseExecutor.java:418)
	at com.kms.katalon.core.main.TestCaseExecutor.accessMainPhase(TestCaseExecutor.java:410)
	at com.kms.katalon.core.main.TestCaseExecutor.execute(TestCaseExecutor.java:285)
	at com.kms.katalon.core.common.CommonExecutor.accessTestCaseMainPhase(CommonExecutor.java:65)
	at com.kms.katalon.core.main.TestSuiteExecutor.accessTestSuiteMainPhase(TestSuiteExecutor.java:148)
	at com.kms.katalon.core.main.TestSuiteExecutor.execute(TestSuiteExecutor.java:106)
	at com.kms.katalon.core.main.TestCaseMain.startTestSuite(TestCaseMain.java:187)
	at com.kms.katalon.core.main.TestCaseMain$startTestSuite$0.call(Unknown Source)
	at TempTestSuite1690876169937.run(TempTestSuite1690876169937.groovy:36)
Caused by: com.kms.katalon.core.exception.StepFailedException: Text 'Berhasil' is not present on page 
	... 23 more]]></system-err>
      </testcase>
      <testcase name="Test Cases/REGISTER/Prefix ID/0877 XL" time="586.298" classname="Test Cases/REGISTER/Prefix ID/0877 XL" status="FAILED">
         <failure type="FAILED" message="Test Cases/REGISTER/Prefix ID/0877 XL FAILED.
Reason:
com.kms.katalon.core.exception.StepFailedException: Unable to navigate to 'https://bebeclub.eydendigital.co.id/membership/registration' (Root cause: com.kms.katalon.core.exception.StepFailedException: Unable to navigate to 'https://bebeclub.eydendigital.co.id/membership/registration'
	at com.kms.katalon.core.webui.keyword.internal.WebUIKeywordMain.stepFailed(WebUIKeywordMain.groovy:64)
	at com.kms.katalon.core.webui.keyword.internal.WebUIKeywordMain.runKeyword(WebUIKeywordMain.groovy:26)
	at com.kms.katalon.core.webui.keyword.builtin.NavigateToUrlKeyword.navigateToUrl(NavigateToUrlKeyword.groovy:83)
	at com.kms.katalon.core.webui.keyword.builtin.NavigateToUrlKeyword.execute(NavigateToUrlKeyword.groovy:67)
	at com.kms.katalon.core.keyword.internal.KeywordExecutor.executeKeywordForPlatform(KeywordExecutor.groovy:74)
	at com.kms.katalon.core.webui.keyword.WebUiBuiltInKeywords.navigateToUrl(WebUiBuiltInKeywords.groovy:187)
	at com.kms.katalon.core.webui.keyword.WebUiBuiltInKeywords$navigateToUrl$1.call(Unknown Source)
	at 0877 XL.run(0877 XL:25)
	at com.kms.katalon.core.main.ScriptEngine.run(ScriptEngine.java:194)
	at com.kms.katalon.core.main.ScriptEngine.runScriptAsRawText(ScriptEngine.java:119)
	at com.kms.katalon.core.main.TestCaseExecutor.runScript(TestCaseExecutor.java:448)
	at com.kms.katalon.core.main.TestCaseExecutor.doExecute(TestCaseExecutor.java:439)
	at com.kms.katalon.core.main.TestCaseExecutor.processExecutionPhase(TestCaseExecutor.java:418)
	at com.kms.katalon.core.main.TestCaseExecutor.accessMainPhase(TestCaseExecutor.java:410)
	at com.kms.katalon.core.main.TestCaseExecutor.execute(TestCaseExecutor.java:285)
	at com.kms.katalon.core.common.CommonExecutor.accessTestCaseMainPhase(CommonExecutor.java:65)
	at com.kms.katalon.core.main.TestSuiteExecutor.accessTestSuiteMainPhase(TestSuiteExecutor.java:148)
	at com.kms.katalon.core.main.TestSuiteExecutor.execute(TestSuiteExecutor.java:106)
	at com.kms.katalon.core.main.TestCaseMain.startTestSuite(TestCaseMain.java:187)
	at com.kms.katalon.core.main.TestCaseMain$startTestSuite$0.call(Unknown Source)
	at TempTestSuite1690876169937.run(TempTestSuite1690876169937.groovy:36)
Caused by: org.openqa.selenium.TimeoutException: timeout: Timed out receiving message from renderer: -0.011
  (Session info: headless chrome=115.0.5790.110)
Build info: version: '3.141.59', revision: 'e82be7d358', time: '2018-11-14T08:25:53'
System info: host: 'ZIZAH-EYD', ip: '10.10.10.204', os.name: 'Windows 10', os.arch: 'amd64', os.version: '10.0', java.version: '1.8.0_282'
Driver info: com.kms.katalon.selenium.driver.CChromeDriver
Capabilities {acceptInsecureCerts: false, browserName: chrome, browserVersion: 115.0.5790.110, chrome: {chromedriverVersion: 114.0.5735.90 (386bc09e8f4f..., userDataDir: C:\Users\SARAHN~1\AppData\L...}, goog:chromeOptions: {debuggerAddress: localhost:61195}, javascriptEnabled: true, networkConnectionEnabled: false, pageLoadStrategy: normal, platform: WINDOWS, platformName: WINDOWS, proxy: Proxy(), setWindowRect: true, strictFileInteractability: false, timeouts: {implicit: 0, pageLoad: 300000, script: 30000}, unhandledPromptBehavior: dismiss and notify, webauthn:extension:credBlob: true, webauthn:extension:largeBlob: true, webauthn:extension:minPinLength: true, webauthn:extension:prf: true, webauthn:virtualAuthenticators: true}
Session ID: 0b30aab177f905e6a6d54bb13ffa9577
	at org.openqa.selenium.remote.http.W3CHttpResponseCodec.createException(W3CHttpResponseCodec.java:187)
	at org.openqa.selenium.remote.http.W3CHttpResponseCodec.decode(W3CHttpResponseCodec.java:122)
	at org.openqa.selenium.remote.http.W3CHttpResponseCodec.decode(W3CHttpResponseCodec.java:49)
	at org.openqa.selenium.remote.HttpCommandExecutor.execute(HttpCommandExecutor.java:158)
	at org.openqa.selenium.remote.service.DriverCommandExecutor.execute(DriverCommandExecutor.java:83)
	at org.openqa.selenium.remote.RemoteWebDriver.execute(RemoteWebDriver.java:552)
	at com.kms.katalon.selenium.driver.CChromeDriver.execute(CChromeDriver.java:19)
	at org.openqa.selenium.remote.RemoteWebDriver.get(RemoteWebDriver.java:277)
	at org.openqa.selenium.remote.RemoteWebDriver$RemoteNavigation.to(RemoteWebDriver.java:857)
	at org.openqa.selenium.support.events.EventFiringWebDriver$EventFiringNavigation.to(EventFiringWebDriver.java:569)
	at com.kms.katalon.core.webui.keyword.builtin.NavigateToUrlKeyword$_navigateToUrl_closure1.doCall(NavigateToUrlKeyword.groovy:81)
	at com.kms.katalon.core.webui.keyword.builtin.NavigateToUrlKeyword$_navigateToUrl_closure1.call(NavigateToUrlKeyword.groovy)
	at com.kms.katalon.core.webui.keyword.internal.WebUIKeywordMain.runKeyword(WebUIKeywordMain.groovy:20)
	at com.kms.katalon.core.webui.keyword.builtin.NavigateToUrlKeyword.navigateToUrl(NavigateToUrlKeyword.groovy:83)
	at com.kms.katalon.core.webui.keyword.builtin.NavigateToUrlKeyword.execute(NavigateToUrlKeyword.groovy:67)
	at com.kms.katalon.core.keyword.internal.KeywordExecutor.executeKeywordForPlatform(KeywordExecutor.groovy:74)
	at com.kms.katalon.core.webui.keyword.WebUiBuiltInKeywords.navigateToUrl(WebUiBuiltInKeywords.groovy:187)
	at com.kms.katalon.core.webui.keyword.WebUiBuiltInKeywords$navigateToUrl$1.call(Unknown Source)
	at Script1690869810274.run(Script1690869810274.groovy:25)
	... 13 more
)
	at com.kms.katalon.core.keyword.internal.KeywordMain.stepFailed(KeywordMain.groovy:39)
	at com.kms.katalon.core.webui.keyword.internal.WebUIKeywordMain.stepFailed(WebUIKeywordMain.groovy:64)
	at com.kms.katalon.core.webui.keyword.internal.WebUIKeywordMain.runKeyword(WebUIKeywordMain.groovy:26)
	at com.kms.katalon.core.webui.keyword.builtin.NavigateToUrlKeyword.navigateToUrl(NavigateToUrlKeyword.groovy:83)
	at com.kms.katalon.core.webui.keyword.builtin.NavigateToUrlKeyword.execute(NavigateToUrlKeyword.groovy:67)
	at com.kms.katalon.core.keyword.internal.KeywordExecutor.executeKeywordForPlatform(KeywordExecutor.groovy:74)
	at com.kms.katalon.core.webui.keyword.WebUiBuiltInKeywords.navigateToUrl(WebUiBuiltInKeywords.groovy:187)
	at com.kms.katalon.core.webui.keyword.WebUiBuiltInKeywords$navigateToUrl$1.call(Unknown Source)
	at 0877 XL.run(0877 XL:25)
	at com.kms.katalon.core.main.ScriptEngine.run(ScriptEngine.java:194)
	at com.kms.katalon.core.main.ScriptEngine.runScriptAsRawText(ScriptEngine.java:119)
	at com.kms.katalon.core.main.TestCaseExecutor.runScript(TestCaseExecutor.java:448)
	at com.kms.katalon.core.main.TestCaseExecutor.doExecute(TestCaseExecutor.java:439)
	at com.kms.katalon.core.main.TestCaseExecutor.processExecutionPhase(TestCaseExecutor.java:418)
	at com.kms.katalon.core.main.TestCaseExecutor.accessMainPhase(TestCaseExecutor.java:410)
	at com.kms.katalon.core.main.TestCaseExecutor.execute(TestCaseExecutor.java:285)
	at com.kms.katalon.core.common.CommonExecutor.accessTestCaseMainPhase(CommonExecutor.java:65)
	at com.kms.katalon.core.main.TestSuiteExecutor.accessTestSuiteMainPhase(TestSuiteExecutor.java:148)
	at com.kms.katalon.core.main.TestSuiteExecutor.execute(TestSuiteExecutor.java:106)
	at com.kms.katalon.core.main.TestCaseMain.startTestSuite(TestCaseMain.java:187)
	at com.kms.katalon.core.main.TestCaseMain$startTestSuite$0.call(Unknown Source)
	at TempTestSuite1690876169937.run(TempTestSuite1690876169937.groovy:36)
Caused by: com.kms.katalon.core.exception.StepFailedException: Unable to navigate to 'https://bebeclub.eydendigital.co.id/membership/registration'
	... 21 more
Caused by: org.openqa.selenium.TimeoutException: timeout: Timed out receiving message from renderer: -0.011
  (Session info: headless chrome=115.0.5790.110)
Build info: version: '3.141.59', revision: 'e82be7d358', time: '2018-11-14T08:25:53'
System info: host: 'ZIZAH-EYD', ip: '10.10.10.204', os.name: 'Windows 10', os.arch: 'amd64', os.version: '10.0', java.version: '1.8.0_282'
Driver info: com.kms.katalon.selenium.driver.CChromeDriver
Capabilities {acceptInsecureCerts: false, browserName: chrome, browserVersion: 115.0.5790.110, chrome: {chromedriverVersion: 114.0.5735.90 (386bc09e8f4f..., userDataDir: C:\Users\SARAHN~1\AppData\L...}, goog:chromeOptions: {debuggerAddress: localhost:61195}, javascriptEnabled: true, networkConnectionEnabled: false, pageLoadStrategy: normal, platform: WINDOWS, platformName: WINDOWS, proxy: Proxy(), setWindowRect: true, strictFileInteractability: false, timeouts: {implicit: 0, pageLoad: 300000, script: 30000}, unhandledPromptBehavior: dismiss and notify, webauthn:extension:credBlob: true, webauthn:extension:largeBlob: true, webauthn:extension:minPinLength: true, webauthn:extension:prf: true, webauthn:virtualAuthenticators: true}
Session ID: 0b30aab177f905e6a6d54bb13ffa9577
	at org.openqa.selenium.remote.http.W3CHttpResponseCodec.createException(W3CHttpResponseCodec.java:187)
	at org.openqa.selenium.remote.http.W3CHttpResponseCodec.decode(W3CHttpResponseCodec.java:122)
	at org.openqa.selenium.remote.http.W3CHttpResponseCodec.decode(W3CHttpResponseCodec.java:49)
	at org.openqa.selenium.remote.HttpCommandExecutor.execute(HttpCommandExecutor.java:158)
	at org.openqa.selenium.remote.service.DriverCommandExecutor.execute(DriverCommandExecutor.java:83)
	at org.openqa.selenium.remote.RemoteWebDriver.execute(RemoteWebDriver.java:552)
	at com.kms.katalon.selenium.driver.CChromeDriver.execute(CChromeDriver.java:19)
	at org.openqa.selenium.remote.RemoteWebDriver.get(RemoteWebDriver.java:277)
	at org.openqa.selenium.remote.RemoteWebDriver$RemoteNavigation.to(RemoteWebDriver.java:857)
	at org.openqa.selenium.support.events.EventFiringWebDriver$EventFiringNavigation.to(EventFiringWebDriver.java:569)
	at com.kms.katalon.core.webui.keyword.builtin.NavigateToUrlKeyword$_navigateToUrl_closure1.doCall(NavigateToUrlKeyword.groovy:81)
	at com.kms.katalon.core.webui.keyword.builtin.NavigateToUrlKeyword$_navigateToUrl_closure1.call(NavigateToUrlKeyword.groovy)
	at com.kms.katalon.core.webui.keyword.internal.WebUIKeywordMain.runKeyword(WebUIKeywordMain.groovy:20)
	... 19 more
"/>
         <system-out><![CDATA[2023-08-01 14:56:12 - [TEST_CASE][FAILED] - Test Cases/REGISTER/Prefix ID/0877 XL: Test Cases/REGISTER/Prefix ID/0877 XL FAILED.
Reason:
com.kms.katalon.core.exception.StepFailedException: Unable to navigate to 'https://bebeclub.eydendigital.co.id/membership/registration' (Root cause: com.kms.katalon.core.exception.StepFailedException: Unable to navigate to 'https://bebeclub.eydendigital.co.id/membership/registration'
	at com.kms.katalon.core.webui.keyword.internal.WebUIKeywordMain.stepFailed(WebUIKeywordMain.groovy:64)
	at com.kms.katalon.core.webui.keyword.internal.WebUIKeywordMain.runKeyword(WebUIKeywordMain.groovy:26)
	at com.kms.katalon.core.webui.keyword.builtin.NavigateToUrlKeyword.navigateToUrl(NavigateToUrlKeyword.groovy:83)
	at com.kms.katalon.core.webui.keyword.builtin.NavigateToUrlKeyword.execute(NavigateToUrlKeyword.groovy:67)
	at com.kms.katalon.core.keyword.internal.KeywordExecutor.executeKeywordForPlatform(KeywordExecutor.groovy:74)
	at com.kms.katalon.core.webui.keyword.WebUiBuiltInKeywords.navigateToUrl(WebUiBuiltInKeywords.groovy:187)
	at com.kms.katalon.core.webui.keyword.WebUiBuiltInKeywords$navigateToUrl$1.call(Unknown Source)
	at 0877 XL.run(0877 XL:25)
	at com.kms.katalon.core.main.ScriptEngine.run(ScriptEngine.java:194)
	at com.kms.katalon.core.main.ScriptEngine.runScriptAsRawText(ScriptEngine.java:119)
	at com.kms.katalon.core.main.TestCaseExecutor.runScript(TestCaseExecutor.java:448)
	at com.kms.katalon.core.main.TestCaseExecutor.doExecute(TestCaseExecutor.java:439)
	at com.kms.katalon.core.main.TestCaseExecutor.processExecutionPhase(TestCaseExecutor.java:418)
	at com.kms.katalon.core.main.TestCaseExecutor.accessMainPhase(TestCaseExecutor.java:410)
	at com.kms.katalon.core.main.TestCaseExecutor.execute(TestCaseExecutor.java:285)
	at com.kms.katalon.core.common.CommonExecutor.accessTestCaseMainPhase(CommonExecutor.java:65)
	at com.kms.katalon.core.main.TestSuiteExecutor.accessTestSuiteMainPhase(TestSuiteExecutor.java:148)
	at com.kms.katalon.core.main.TestSuiteExecutor.execute(TestSuiteExecutor.java:106)
	at com.kms.katalon.core.main.TestCaseMain.startTestSuite(TestCaseMain.java:187)
	at com.kms.katalon.core.main.TestCaseMain$startTestSuite$0.call(Unknown Source)
	at TempTestSuite1690876169937.run(TempTestSuite1690876169937.groovy:36)
Caused by: org.openqa.selenium.TimeoutException: timeout: Timed out receiving message from renderer: -0.011
  (Session info: headless chrome=115.0.5790.110)
Build info: version: '3.141.59', revision: 'e82be7d358', time: '2018-11-14T08:25:53'
System info: host: 'ZIZAH-EYD', ip: '10.10.10.204', os.name: 'Windows 10', os.arch: 'amd64', os.version: '10.0', java.version: '1.8.0_282'
Driver info: com.kms.katalon.selenium.driver.CChromeDriver
Capabilities {acceptInsecureCerts: false, browserName: chrome, browserVersion: 115.0.5790.110, chrome: {chromedriverVersion: 114.0.5735.90 (386bc09e8f4f..., userDataDir: C:\Users\SARAHN~1\AppData\L...}, goog:chromeOptions: {debuggerAddress: localhost:61195}, javascriptEnabled: true, networkConnectionEnabled: false, pageLoadStrategy: normal, platform: WINDOWS, platformName: WINDOWS, proxy: Proxy(), setWindowRect: true, strictFileInteractability: false, timeouts: {implicit: 0, pageLoad: 300000, script: 30000}, unhandledPromptBehavior: dismiss and notify, webauthn:extension:credBlob: true, webauthn:extension:largeBlob: true, webauthn:extension:minPinLength: true, webauthn:extension:prf: true, webauthn:virtualAuthenticators: true}
Session ID: 0b30aab177f905e6a6d54bb13ffa9577
	at org.openqa.selenium.remote.http.W3CHttpResponseCodec.createException(W3CHttpResponseCodec.java:187)
	at org.openqa.selenium.remote.http.W3CHttpResponseCodec.decode(W3CHttpResponseCodec.java:122)
	at org.openqa.selenium.remote.http.W3CHttpResponseCodec.decode(W3CHttpResponseCodec.java:49)
	at org.openqa.selenium.remote.HttpCommandExecutor.execute(HttpCommandExecutor.java:158)
	at org.openqa.selenium.remote.service.DriverCommandExecutor.execute(DriverCommandExecutor.java:83)
	at org.openqa.selenium.remote.RemoteWebDriver.execute(RemoteWebDriver.java:552)
	at com.kms.katalon.selenium.driver.CChromeDriver.execute(CChromeDriver.java:19)
	at org.openqa.selenium.remote.RemoteWebDriver.get(RemoteWebDriver.java:277)
	at org.openqa.selenium.remote.RemoteWebDriver$RemoteNavigation.to(RemoteWebDriver.java:857)
	at org.openqa.selenium.support.events.EventFiringWebDriver$EventFiringNavigation.to(EventFiringWebDriver.java:569)
	at com.kms.katalon.core.webui.keyword.builtin.NavigateToUrlKeyword$_navigateToUrl_closure1.doCall(NavigateToUrlKeyword.groovy:81)
	at com.kms.katalon.core.webui.keyword.builtin.NavigateToUrlKeyword$_navigateToUrl_closure1.call(NavigateToUrlKeyword.groovy)
	at com.kms.katalon.core.webui.keyword.internal.WebUIKeywordMain.runKeyword(WebUIKeywordMain.groovy:20)
	at com.kms.katalon.core.webui.keyword.builtin.NavigateToUrlKeyword.navigateToUrl(NavigateToUrlKeyword.groovy:83)
	at com.kms.katalon.core.webui.keyword.builtin.NavigateToUrlKeyword.execute(NavigateToUrlKeyword.groovy:67)
	at com.kms.katalon.core.keyword.internal.KeywordExecutor.executeKeywordForPlatform(KeywordExecutor.groovy:74)
	at com.kms.katalon.core.webui.keyword.WebUiBuiltInKeywords.navigateToUrl(WebUiBuiltInKeywords.groovy:187)
	at com.kms.katalon.core.webui.keyword.WebUiBuiltInKeywords$navigateToUrl$1.call(Unknown Source)
	at Script1690869810274.run(Script1690869810274.groovy:25)
	... 13 more
)
	at com.kms.katalon.core.keyword.internal.KeywordMain.stepFailed(KeywordMain.groovy:39)
	at com.kms.katalon.core.webui.keyword.internal.WebUIKeywordMain.stepFailed(WebUIKeywordMain.groovy:64)
	at com.kms.katalon.core.webui.keyword.internal.WebUIKeywordMain.runKeyword(WebUIKeywordMain.groovy:26)
	at com.kms.katalon.core.webui.keyword.builtin.NavigateToUrlKeyword.navigateToUrl(NavigateToUrlKeyword.groovy:83)
	at com.kms.katalon.core.webui.keyword.builtin.NavigateToUrlKeyword.execute(NavigateToUrlKeyword.groovy:67)
	at com.kms.katalon.core.keyword.internal.KeywordExecutor.executeKeywordForPlatform(KeywordExecutor.groovy:74)
	at com.kms.katalon.core.webui.keyword.WebUiBuiltInKeywords.navigateToUrl(WebUiBuiltInKeywords.groovy:187)
	at com.kms.katalon.core.webui.keyword.WebUiBuiltInKeywords$navigateToUrl$1.call(Unknown Source)
	at 0877 XL.run(0877 XL:25)
	at com.kms.katalon.core.main.ScriptEngine.run(ScriptEngine.java:194)
	at com.kms.katalon.core.main.ScriptEngine.runScriptAsRawText(ScriptEngine.java:119)
	at com.kms.katalon.core.main.TestCaseExecutor.runScript(TestCaseExecutor.java:448)
	at com.kms.katalon.core.main.TestCaseExecutor.doExecute(TestCaseExecutor.java:439)
	at com.kms.katalon.core.main.TestCaseExecutor.processExecutionPhase(TestCaseExecutor.java:418)
	at com.kms.katalon.core.main.TestCaseExecutor.accessMainPhase(TestCaseExecutor.java:410)
	at com.kms.katalon.core.main.TestCaseExecutor.execute(TestCaseExecutor.java:285)
	at com.kms.katalon.core.common.CommonExecutor.accessTestCaseMainPhase(CommonExecutor.java:65)
	at com.kms.katalon.core.main.TestSuiteExecutor.accessTestSuiteMainPhase(TestSuiteExecutor.java:148)
	at com.kms.katalon.core.main.TestSuiteExecutor.execute(TestSuiteExecutor.java:106)
	at com.kms.katalon.core.main.TestCaseMain.startTestSuite(TestCaseMain.java:187)
	at com.kms.katalon.core.main.TestCaseMain$startTestSuite$0.call(Unknown Source)
	at TempTestSuite1690876169937.run(TempTestSuite1690876169937.groovy:36)
Caused by: com.kms.katalon.core.exception.StepFailedException: Unable to navigate to 'https://bebeclub.eydendigital.co.id/membership/registration'
	... 21 more
Caused by: org.openqa.selenium.TimeoutException: timeout: Timed out receiving message from renderer: -0.011
  (Session info: headless chrome=115.0.5790.110)
Build info: version: '3.141.59', revision: 'e82be7d358', time: '2018-11-14T08:25:53'
System info: host: 'ZIZAH-EYD', ip: '10.10.10.204', os.name: 'Windows 10', os.arch: 'amd64', os.version: '10.0', java.version: '1.8.0_282'
Driver info: com.kms.katalon.selenium.driver.CChromeDriver
Capabilities {acceptInsecureCerts: false, browserName: chrome, browserVersion: 115.0.5790.110, chrome: {chromedriverVersion: 114.0.5735.90 (386bc09e8f4f..., userDataDir: C:\Users\SARAHN~1\AppData\L...}, goog:chromeOptions: {debuggerAddress: localhost:61195}, javascriptEnabled: true, networkConnectionEnabled: false, pageLoadStrategy: normal, platform: WINDOWS, platformName: WINDOWS, proxy: Proxy(), setWindowRect: true, strictFileInteractability: false, timeouts: {implicit: 0, pageLoad: 300000, script: 30000}, unhandledPromptBehavior: dismiss and notify, webauthn:extension:credBlob: true, webauthn:extension:largeBlob: true, webauthn:extension:minPinLength: true, webauthn:extension:prf: true, webauthn:virtualAuthenticators: true}
Session ID: 0b30aab177f905e6a6d54bb13ffa9577
	at org.openqa.selenium.remote.http.W3CHttpResponseCodec.createException(W3CHttpResponseCodec.java:187)
	at org.openqa.selenium.remote.http.W3CHttpResponseCodec.decode(W3CHttpResponseCodec.java:122)
	at org.openqa.selenium.remote.http.W3CHttpResponseCodec.decode(W3CHttpResponseCodec.java:49)
	at org.openqa.selenium.remote.HttpCommandExecutor.execute(HttpCommandExecutor.java:158)
	at org.openqa.selenium.remote.service.DriverCommandExecutor.execute(DriverCommandExecutor.java:83)
	at org.openqa.selenium.remote.RemoteWebDriver.execute(RemoteWebDriver.java:552)
	at com.kms.katalon.selenium.driver.CChromeDriver.execute(CChromeDriver.java:19)
	at org.openqa.selenium.remote.RemoteWebDriver.get(RemoteWebDriver.java:277)
	at org.openqa.selenium.remote.RemoteWebDriver$RemoteNavigation.to(RemoteWebDriver.java:857)
	at org.openqa.selenium.support.events.EventFiringWebDriver$EventFiringNavigation.to(EventFiringWebDriver.java:569)
	at com.kms.katalon.core.webui.keyword.builtin.NavigateToUrlKeyword$_navigateToUrl_closure1.doCall(NavigateToUrlKeyword.groovy:81)
	at com.kms.katalon.core.webui.keyword.builtin.NavigateToUrlKeyword$_navigateToUrl_closure1.call(NavigateToUrlKeyword.groovy)
	at com.kms.katalon.core.webui.keyword.internal.WebUIKeywordMain.runKeyword(WebUIKeywordMain.groovy:20)
	... 19 more


2023-08-01 14:56:12 - [TEST_STEP][PASSED] - openBrowser(""): Browser is opened with url: ''

2023-08-01 14:56:12 - [MESSAGE][WARNING] - A browser is already opened. Closing browser and opening a new one

2023-08-01 14:56:13 - [MESSAGE][INFO] - Starting 'Chrome (headless)' driver

2023-08-01 14:56:13 - [MESSAGE][INFO] - Action delay is set to 0 milliseconds

2023-08-01 14:56:14 - [MESSAGE][PASSED] - Browser is opened with url: ''

2023-08-01 14:56:14 - [TEST_STEP][PASSED] - maximizeWindow(): Current window maximized

2023-08-01 14:56:14 - [MESSAGE][PASSED] - Current window maximized

2023-08-01 14:56:14 - [TEST_STEP][FAILED] - navigateToUrl("https://bebeclub.eydendigital.co.id/membership/registration"): Unable to navigate to 'https://bebeclub.eydendigital.co.id/membership/registration' (Root cause: com.kms.katalon.core.exception.StepFailedException: Unable to navigate to 'https://bebeclub.eydendigital.co.id/membership/registration'
	at com.kms.katalon.core.webui.keyword.internal.WebUIKeywordMain.stepFailed(WebUIKeywordMain.groovy:64)
	at com.kms.katalon.core.webui.keyword.internal.WebUIKeywordMain.runKeyword(WebUIKeywordMain.groovy:26)
	at com.kms.katalon.core.webui.keyword.builtin.NavigateToUrlKeyword.navigateToUrl(NavigateToUrlKeyword.groovy:83)
	at com.kms.katalon.core.webui.keyword.builtin.NavigateToUrlKeyword.execute(NavigateToUrlKeyword.groovy:67)
	at com.kms.katalon.core.keyword.internal.KeywordExecutor.executeKeywordForPlatform(KeywordExecutor.groovy:74)
	at com.kms.katalon.core.webui.keyword.WebUiBuiltInKeywords.navigateToUrl(WebUiBuiltInKeywords.groovy:187)
	at com.kms.katalon.core.webui.keyword.WebUiBuiltInKeywords$navigateToUrl$1.call(Unknown Source)
	at 0877 XL.run(0877 XL:25)
	at com.kms.katalon.core.main.ScriptEngine.run(ScriptEngine.java:194)
	at com.kms.katalon.core.main.ScriptEngine.runScriptAsRawText(ScriptEngine.java:119)
	at com.kms.katalon.core.main.TestCaseExecutor.runScript(TestCaseExecutor.java:448)
	at com.kms.katalon.core.main.TestCaseExecutor.doExecute(TestCaseExecutor.java:439)
	at com.kms.katalon.core.main.TestCaseExecutor.processExecutionPhase(TestCaseExecutor.java:418)
	at com.kms.katalon.core.main.TestCaseExecutor.accessMainPhase(TestCaseExecutor.java:410)
	at com.kms.katalon.core.main.TestCaseExecutor.execute(TestCaseExecutor.java:285)
	at com.kms.katalon.core.common.CommonExecutor.accessTestCaseMainPhase(CommonExecutor.java:65)
	at com.kms.katalon.core.main.TestSuiteExecutor.accessTestSuiteMainPhase(TestSuiteExecutor.java:148)
	at com.kms.katalon.core.main.TestSuiteExecutor.execute(TestSuiteExecutor.java:106)
	at com.kms.katalon.core.main.TestCaseMain.startTestSuite(TestCaseMain.java:187)
	at com.kms.katalon.core.main.TestCaseMain$startTestSuite$0.call(Unknown Source)
	at TempTestSuite1690876169937.run(TempTestSuite1690876169937.groovy:36)
Caused by: org.openqa.selenium.TimeoutException: timeout: Timed out receiving message from renderer: -0.011
  (Session info: headless chrome=115.0.5790.110)
Build info: version: '3.141.59', revision: 'e82be7d358', time: '2018-11-14T08:25:53'
System info: host: 'ZIZAH-EYD', ip: '10.10.10.204', os.name: 'Windows 10', os.arch: 'amd64', os.version: '10.0', java.version: '1.8.0_282'
Driver info: com.kms.katalon.selenium.driver.CChromeDriver
Capabilities {acceptInsecureCerts: false, browserName: chrome, browserVersion: 115.0.5790.110, chrome: {chromedriverVersion: 114.0.5735.90 (386bc09e8f4f..., userDataDir: C:\Users\SARAHN~1\AppData\L...}, goog:chromeOptions: {debuggerAddress: localhost:61195}, javascriptEnabled: true, networkConnectionEnabled: false, pageLoadStrategy: normal, platform: WINDOWS, platformName: WINDOWS, proxy: Proxy(), setWindowRect: true, strictFileInteractability: false, timeouts: {implicit: 0, pageLoad: 300000, script: 30000}, unhandledPromptBehavior: dismiss and notify, webauthn:extension:credBlob: true, webauthn:extension:largeBlob: true, webauthn:extension:minPinLength: true, webauthn:extension:prf: true, webauthn:virtualAuthenticators: true}
Session ID: 0b30aab177f905e6a6d54bb13ffa9577
	at org.openqa.selenium.remote.http.W3CHttpResponseCodec.createException(W3CHttpResponseCodec.java:187)
	at org.openqa.selenium.remote.http.W3CHttpResponseCodec.decode(W3CHttpResponseCodec.java:122)
	at org.openqa.selenium.remote.http.W3CHttpResponseCodec.decode(W3CHttpResponseCodec.java:49)
	at org.openqa.selenium.remote.HttpCommandExecutor.execute(HttpCommandExecutor.java:158)
	at org.openqa.selenium.remote.service.DriverCommandExecutor.execute(DriverCommandExecutor.java:83)
	at org.openqa.selenium.remote.RemoteWebDriver.execute(RemoteWebDriver.java:552)
	at com.kms.katalon.selenium.driver.CChromeDriver.execute(CChromeDriver.java:19)
	at org.openqa.selenium.remote.RemoteWebDriver.get(RemoteWebDriver.java:277)
	at org.openqa.selenium.remote.RemoteWebDriver$RemoteNavigation.to(RemoteWebDriver.java:857)
	at org.openqa.selenium.support.events.EventFiringWebDriver$EventFiringNavigation.to(EventFiringWebDriver.java:569)
	at com.kms.katalon.core.webui.keyword.builtin.NavigateToUrlKeyword$_navigateToUrl_closure1.doCall(NavigateToUrlKeyword.groovy:81)
	at com.kms.katalon.core.webui.keyword.builtin.NavigateToUrlKeyword$_navigateToUrl_closure1.call(NavigateToUrlKeyword.groovy)
	at com.kms.katalon.core.webui.keyword.internal.WebUIKeywordMain.runKeyword(WebUIKeywordMain.groovy:20)
	at com.kms.katalon.core.webui.keyword.builtin.NavigateToUrlKeyword.navigateToUrl(NavigateToUrlKeyword.groovy:83)
	at com.kms.katalon.core.webui.keyword.builtin.NavigateToUrlKeyword.execute(NavigateToUrlKeyword.groovy:67)
	at com.kms.katalon.core.keyword.internal.KeywordExecutor.executeKeywordForPlatform(KeywordExecutor.groovy:74)
	at com.kms.katalon.core.webui.keyword.WebUiBuiltInKeywords.navigateToUrl(WebUiBuiltInKeywords.groovy:187)
	at com.kms.katalon.core.webui.keyword.WebUiBuiltInKeywords$navigateToUrl$1.call(Unknown Source)
	at Script1690869810274.run(Script1690869810274.groovy:25)
	... 13 more
)

2023-08-01 15:01:14 - [MESSAGE][FAILED] - Unable to navigate to 'https://bebeclub.eydendigital.co.id/membership/registration' (Root cause: com.kms.katalon.core.exception.StepFailedException: Unable to navigate to 'https://bebeclub.eydendigital.co.id/membership/registration'
	at com.kms.katalon.core.webui.keyword.internal.WebUIKeywordMain.stepFailed(WebUIKeywordMain.groovy:64)
	at com.kms.katalon.core.webui.keyword.internal.WebUIKeywordMain.runKeyword(WebUIKeywordMain.groovy:26)
	at com.kms.katalon.core.webui.keyword.builtin.NavigateToUrlKeyword.navigateToUrl(NavigateToUrlKeyword.groovy:83)
	at com.kms.katalon.core.webui.keyword.builtin.NavigateToUrlKeyword.execute(NavigateToUrlKeyword.groovy:67)
	at com.kms.katalon.core.keyword.internal.KeywordExecutor.executeKeywordForPlatform(KeywordExecutor.groovy:74)
	at com.kms.katalon.core.webui.keyword.WebUiBuiltInKeywords.navigateToUrl(WebUiBuiltInKeywords.groovy:187)
	at com.kms.katalon.core.webui.keyword.WebUiBuiltInKeywords$navigateToUrl$1.call(Unknown Source)
	at 0877 XL.run(0877 XL:25)
	at com.kms.katalon.core.main.ScriptEngine.run(ScriptEngine.java:194)
	at com.kms.katalon.core.main.ScriptEngine.runScriptAsRawText(ScriptEngine.java:119)
	at com.kms.katalon.core.main.TestCaseExecutor.runScript(TestCaseExecutor.java:448)
	at com.kms.katalon.core.main.TestCaseExecutor.doExecute(TestCaseExecutor.java:439)
	at com.kms.katalon.core.main.TestCaseExecutor.processExecutionPhase(TestCaseExecutor.java:418)
	at com.kms.katalon.core.main.TestCaseExecutor.accessMainPhase(TestCaseExecutor.java:410)
	at com.kms.katalon.core.main.TestCaseExecutor.execute(TestCaseExecutor.java:285)
	at com.kms.katalon.core.common.CommonExecutor.accessTestCaseMainPhase(CommonExecutor.java:65)
	at com.kms.katalon.core.main.TestSuiteExecutor.accessTestSuiteMainPhase(TestSuiteExecutor.java:148)
	at com.kms.katalon.core.main.TestSuiteExecutor.execute(TestSuiteExecutor.java:106)
	at com.kms.katalon.core.main.TestCaseMain.startTestSuite(TestCaseMain.java:187)
	at com.kms.katalon.core.main.TestCaseMain$startTestSuite$0.call(Unknown Source)
	at TempTestSuite1690876169937.run(TempTestSuite1690876169937.groovy:36)
Caused by: org.openqa.selenium.TimeoutException: timeout: Timed out receiving message from renderer: -0.011
  (Session info: headless chrome=115.0.5790.110)
Build info: version: '3.141.59', revision: 'e82be7d358', time: '2018-11-14T08:25:53'
System info: host: 'ZIZAH-EYD', ip: '10.10.10.204', os.name: 'Windows 10', os.arch: 'amd64', os.version: '10.0', java.version: '1.8.0_282'
Driver info: com.kms.katalon.selenium.driver.CChromeDriver
Capabilities {acceptInsecureCerts: false, browserName: chrome, browserVersion: 115.0.5790.110, chrome: {chromedriverVersion: 114.0.5735.90 (386bc09e8f4f..., userDataDir: C:\Users\SARAHN~1\AppData\L...}, goog:chromeOptions: {debuggerAddress: localhost:61195}, javascriptEnabled: true, networkConnectionEnabled: false, pageLoadStrategy: normal, platform: WINDOWS, platformName: WINDOWS, proxy: Proxy(), setWindowRect: true, strictFileInteractability: false, timeouts: {implicit: 0, pageLoad: 300000, script: 30000}, unhandledPromptBehavior: dismiss and notify, webauthn:extension:credBlob: true, webauthn:extension:largeBlob: true, webauthn:extension:minPinLength: true, webauthn:extension:prf: true, webauthn:virtualAuthenticators: true}
Session ID: 0b30aab177f905e6a6d54bb13ffa9577
	at org.openqa.selenium.remote.http.W3CHttpResponseCodec.createException(W3CHttpResponseCodec.java:187)
	at org.openqa.selenium.remote.http.W3CHttpResponseCodec.decode(W3CHttpResponseCodec.java:122)
	at org.openqa.selenium.remote.http.W3CHttpResponseCodec.decode(W3CHttpResponseCodec.java:49)
	at org.openqa.selenium.remote.HttpCommandExecutor.execute(HttpCommandExecutor.java:158)
	at org.openqa.selenium.remote.service.DriverCommandExecutor.execute(DriverCommandExecutor.java:83)
	at org.openqa.selenium.remote.RemoteWebDriver.execute(RemoteWebDriver.java:552)
	at com.kms.katalon.selenium.driver.CChromeDriver.execute(CChromeDriver.java:19)
	at org.openqa.selenium.remote.RemoteWebDriver.get(RemoteWebDriver.java:277)
	at org.openqa.selenium.remote.RemoteWebDriver$RemoteNavigation.to(RemoteWebDriver.java:857)
	at org.openqa.selenium.support.events.EventFiringWebDriver$EventFiringNavigation.to(EventFiringWebDriver.java:569)
	at com.kms.katalon.core.webui.keyword.builtin.NavigateToUrlKeyword$_navigateToUrl_closure1.doCall(NavigateToUrlKeyword.groovy:81)
	at com.kms.katalon.core.webui.keyword.builtin.NavigateToUrlKeyword$_navigateToUrl_closure1.call(NavigateToUrlKeyword.groovy)
	at com.kms.katalon.core.webui.keyword.internal.WebUIKeywordMain.runKeyword(WebUIKeywordMain.groovy:20)
	at com.kms.katalon.core.webui.keyword.builtin.NavigateToUrlKeyword.navigateToUrl(NavigateToUrlKeyword.groovy:83)
	at com.kms.katalon.core.webui.keyword.builtin.NavigateToUrlKeyword.execute(NavigateToUrlKeyword.groovy:67)
	at com.kms.katalon.core.keyword.internal.KeywordExecutor.executeKeywordForPlatform(KeywordExecutor.groovy:74)
	at com.kms.katalon.core.webui.keyword.WebUiBuiltInKeywords.navigateToUrl(WebUiBuiltInKeywords.groovy:187)
	at com.kms.katalon.core.webui.keyword.WebUiBuiltInKeywords$navigateToUrl$1.call(Unknown Source)
	at Script1690869810274.run(Script1690869810274.groovy:25)
	... 13 more
)
[[ATTACHMENT|C:\\Users\\Sarah Nur Azizah\\git\\test_bebeclub_branchzizah\\Reports\\20230801_144929\\XL\\20230801_144929\\1690876874716.png]]

2023-08-01 15:01:14 - [TEST_STEP][FAILED] - click(findTestObject("Homepage/a_Register")): Unable to click on object 'Object Repository/Homepage/a_Register' (Root cause: com.kms.katalon.core.exception.StepFailedException: Unable to click on object 'Object Repository/Homepage/a_Register'
	at com.kms.katalon.core.webui.keyword.internal.WebUIKeywordMain.stepFailed(WebUIKeywordMain.groovy:64)
	at com.kms.katalon.core.webui.keyword.internal.WebUIKeywordMain.runKeyword(WebUIKeywordMain.groovy:26)
	at com.kms.katalon.core.webui.keyword.builtin.ClickKeyword.click(ClickKeyword.groovy:74)
	at com.kms.katalon.core.webui.keyword.builtin.ClickKeyword.execute(ClickKeyword.groovy:40)
	at com.kms.katalon.core.keyword.internal.KeywordExecutor.executeKeywordForPlatform(KeywordExecutor.groovy:74)
	at com.kms.katalon.core.webui.keyword.WebUiBuiltInKeywords.click(WebUiBuiltInKeywords.groovy:620)
	at com.kms.katalon.core.webui.keyword.WebUiBuiltInKeywords$click$2.call(Unknown Source)
	at 0877 XL.run(0877 XL:27)
	at com.kms.katalon.core.main.ScriptEngine.run(ScriptEngine.java:194)
	at com.kms.katalon.core.main.ScriptEngine.runScriptAsRawText(ScriptEngine.java:119)
	at com.kms.katalon.core.main.TestCaseExecutor.runScript(TestCaseExecutor.java:448)
	at com.kms.katalon.core.main.TestCaseExecutor.doExecute(TestCaseExecutor.java:439)
	at com.kms.katalon.core.main.TestCaseExecutor.processExecutionPhase(TestCaseExecutor.java:418)
	at com.kms.katalon.core.main.TestCaseExecutor.accessMainPhase(TestCaseExecutor.java:410)
	at com.kms.katalon.core.main.TestCaseExecutor.execute(TestCaseExecutor.java:285)
	at com.kms.katalon.core.common.CommonExecutor.accessTestCaseMainPhase(CommonExecutor.java:65)
	at com.kms.katalon.core.main.TestSuiteExecutor.accessTestSuiteMainPhase(TestSuiteExecutor.java:148)
	at com.kms.katalon.core.main.TestSuiteExecutor.execute(TestSuiteExecutor.java:106)
	at com.kms.katalon.core.main.TestCaseMain.startTestSuite(TestCaseMain.java:187)
	at com.kms.katalon.core.main.TestCaseMain$startTestSuite$0.call(Unknown Source)
	at TempTestSuite1690876169937.run(TempTestSuite1690876169937.groovy:36)
Caused by: com.kms.katalon.core.webui.exception.WebElementNotFoundException: Web element with id: 'Object Repository/Homepage/a_Register' located by '(//a[contains(text(),'Register')])[2]' not found
	at com.kms.katalon.core.webui.common.WebUiCommonHelper.findWebElement(WebUiCommonHelper.java:1376)
	at com.kms.katalon.core.webui.keyword.internal.WebUIAbstractKeyword.findWebElement(WebUIAbstractKeyword.groovy:27)
	at com.kms.katalon.core.webui.keyword.builtin.ClickKeyword$_click_closure1.doCall(ClickKeyword.groovy:65)
	at com.kms.katalon.core.webui.keyword.builtin.ClickKeyword$_click_closure1.call(ClickKeyword.groovy)
	at com.kms.katalon.core.webui.keyword.internal.WebUIKeywordMain.runKeyword(WebUIKeywordMain.groovy:20)
	at com.kms.katalon.core.webui.keyword.builtin.ClickKeyword.click(ClickKeyword.groovy:74)
	at com.kms.katalon.core.webui.keyword.builtin.ClickKeyword.execute(ClickKeyword.groovy:40)
	at com.kms.katalon.core.keyword.internal.KeywordExecutor.executeKeywordForPlatform(KeywordExecutor.groovy:74)
	at com.kms.katalon.core.webui.keyword.WebUiBuiltInKeywords.click(WebUiBuiltInKeywords.groovy:620)
	at com.kms.katalon.core.webui.keyword.WebUiBuiltInKeywords$click$2.call(Unknown Source)
	at Script1690869810274.run(Script1690869810274.groovy:27)
	... 13 more
)

2023-08-01 15:01:45 - [MESSAGE][INFO] - Unable to find the element located by 'By.xpath: (//a[contains(text(),'Register')])[2]'. Please recheck the objects properties to make sure the desired element is located. 

2023-08-01 15:01:45 - [MESSAGE][FAILED] - Unable to click on object 'Object Repository/Homepage/a_Register' (Root cause: com.kms.katalon.core.exception.StepFailedException: Unable to click on object 'Object Repository/Homepage/a_Register'
	at com.kms.katalon.core.webui.keyword.internal.WebUIKeywordMain.stepFailed(WebUIKeywordMain.groovy:64)
	at com.kms.katalon.core.webui.keyword.internal.WebUIKeywordMain.runKeyword(WebUIKeywordMain.groovy:26)
	at com.kms.katalon.core.webui.keyword.builtin.ClickKeyword.click(ClickKeyword.groovy:74)
	at com.kms.katalon.core.webui.keyword.builtin.ClickKeyword.execute(ClickKeyword.groovy:40)
	at com.kms.katalon.core.keyword.internal.KeywordExecutor.executeKeywordForPlatform(KeywordExecutor.groovy:74)
	at com.kms.katalon.core.webui.keyword.WebUiBuiltInKeywords.click(WebUiBuiltInKeywords.groovy:620)
	at com.kms.katalon.core.webui.keyword.WebUiBuiltInKeywords$click$2.call(Unknown Source)
	at 0877 XL.run(0877 XL:27)
	at com.kms.katalon.core.main.ScriptEngine.run(ScriptEngine.java:194)
	at com.kms.katalon.core.main.ScriptEngine.runScriptAsRawText(ScriptEngine.java:119)
	at com.kms.katalon.core.main.TestCaseExecutor.runScript(TestCaseExecutor.java:448)
	at com.kms.katalon.core.main.TestCaseExecutor.doExecute(TestCaseExecutor.java:439)
	at com.kms.katalon.core.main.TestCaseExecutor.processExecutionPhase(TestCaseExecutor.java:418)
	at com.kms.katalon.core.main.TestCaseExecutor.accessMainPhase(TestCaseExecutor.java:410)
	at com.kms.katalon.core.main.TestCaseExecutor.execute(TestCaseExecutor.java:285)
	at com.kms.katalon.core.common.CommonExecutor.accessTestCaseMainPhase(CommonExecutor.java:65)
	at com.kms.katalon.core.main.TestSuiteExecutor.accessTestSuiteMainPhase(TestSuiteExecutor.java:148)
	at com.kms.katalon.core.main.TestSuiteExecutor.execute(TestSuiteExecutor.java:106)
	at com.kms.katalon.core.main.TestCaseMain.startTestSuite(TestCaseMain.java:187)
	at com.kms.katalon.core.main.TestCaseMain$startTestSuite$0.call(Unknown Source)
	at TempTestSuite1690876169937.run(TempTestSuite1690876169937.groovy:36)
Caused by: com.kms.katalon.core.webui.exception.WebElementNotFoundException: Web element with id: 'Object Repository/Homepage/a_Register' located by '(//a[contains(text(),'Register')])[2]' not found
	at com.kms.katalon.core.webui.common.WebUiCommonHelper.findWebElement(WebUiCommonHelper.java:1376)
	at com.kms.katalon.core.webui.keyword.internal.WebUIAbstractKeyword.findWebElement(WebUIAbstractKeyword.groovy:27)
	at com.kms.katalon.core.webui.keyword.builtin.ClickKeyword$_click_closure1.doCall(ClickKeyword.groovy:65)
	at com.kms.katalon.core.webui.keyword.builtin.ClickKeyword$_click_closure1.call(ClickKeyword.groovy)
	at com.kms.katalon.core.webui.keyword.internal.WebUIKeywordMain.runKeyword(WebUIKeywordMain.groovy:20)
	at com.kms.katalon.core.webui.keyword.builtin.ClickKeyword.click(ClickKeyword.groovy:74)
	at com.kms.katalon.core.webui.keyword.builtin.ClickKeyword.execute(ClickKeyword.groovy:40)
	at com.kms.katalon.core.keyword.internal.KeywordExecutor.executeKeywordForPlatform(KeywordExecutor.groovy:74)
	at com.kms.katalon.core.webui.keyword.WebUiBuiltInKeywords.click(WebUiBuiltInKeywords.groovy:620)
	at com.kms.katalon.core.webui.keyword.WebUiBuiltInKeywords$click$2.call(Unknown Source)
	at Script1690869810274.run(Script1690869810274.groovy:27)
	... 13 more
)
[[ATTACHMENT|C:\\Users\\Sarah Nur Azizah\\git\\test_bebeclub_branchzizah\\Reports\\20230801_144929\\XL\\20230801_144929\\1690876905828.png]]

2023-08-01 15:01:45 - [TEST_STEP][FAILED] - setText(findTestObject("Page_Bebeclub - Membership Registration/input_Nama Depan_first-name-form"), "aziza"): Unable to set text 'aziza' of object 'Object Repository/Page_Bebeclub - Membership Registration/input_Nama Depan_first-name-form' (Root cause: com.kms.katalon.core.exception.StepFailedException: Unable to set text 'aziza' of object 'Object Repository/Page_Bebeclub - Membership Registration/input_Nama Depan_first-name-form'
	at com.kms.katalon.core.webui.keyword.internal.WebUIKeywordMain.stepFailed(WebUIKeywordMain.groovy:64)
	at com.kms.katalon.core.webui.keyword.internal.WebUIKeywordMain.runKeyword(WebUIKeywordMain.groovy:26)
	at com.kms.katalon.core.webui.keyword.builtin.SetTextKeyword.setText(SetTextKeyword.groovy:66)
	at com.kms.katalon.core.webui.keyword.builtin.SetTextKeyword.execute(SetTextKeyword.groovy:37)
	at com.kms.katalon.core.keyword.internal.KeywordExecutor.executeKeywordForPlatform(KeywordExecutor.groovy:74)
	at com.kms.katalon.core.webui.keyword.WebUiBuiltInKeywords.setText(WebUiBuiltInKeywords.groovy:980)
	at com.kms.katalon.core.webui.keyword.WebUiBuiltInKeywords$setText$3.call(Unknown Source)
	at 0877 XL.run(0877 XL:29)
	at com.kms.katalon.core.main.ScriptEngine.run(ScriptEngine.java:194)
	at com.kms.katalon.core.main.ScriptEngine.runScriptAsRawText(ScriptEngine.java:119)
	at com.kms.katalon.core.main.TestCaseExecutor.runScript(TestCaseExecutor.java:448)
	at com.kms.katalon.core.main.TestCaseExecutor.doExecute(TestCaseExecutor.java:439)
	at com.kms.katalon.core.main.TestCaseExecutor.processExecutionPhase(TestCaseExecutor.java:418)
	at com.kms.katalon.core.main.TestCaseExecutor.accessMainPhase(TestCaseExecutor.java:410)
	at com.kms.katalon.core.main.TestCaseExecutor.execute(TestCaseExecutor.java:285)
	at com.kms.katalon.core.common.CommonExecutor.accessTestCaseMainPhase(CommonExecutor.java:65)
	at com.kms.katalon.core.main.TestSuiteExecutor.accessTestSuiteMainPhase(TestSuiteExecutor.java:148)
	at com.kms.katalon.core.main.TestSuiteExecutor.execute(TestSuiteExecutor.java:106)
	at com.kms.katalon.core.main.TestCaseMain.startTestSuite(TestCaseMain.java:187)
	at com.kms.katalon.core.main.TestCaseMain$startTestSuite$0.call(Unknown Source)
	at TempTestSuite1690876169937.run(TempTestSuite1690876169937.groovy:36)
Caused by: com.kms.katalon.core.webui.exception.WebElementNotFoundException: Web element with id: 'Object Repository/Page_Bebeclub - Membership Registration/input_Nama Depan_first-name-form' located by '//input[@name='first-name-form']' not found
	at com.kms.katalon.core.webui.common.WebUiCommonHelper.findWebElement(WebUiCommonHelper.java:1376)
	at com.kms.katalon.core.webui.keyword.internal.WebUIAbstractKeyword.findWebElement(WebUIAbstractKeyword.groovy:27)
	at com.kms.katalon.core.webui.keyword.internal.WebUIAbstractKeyword.findWebElement(WebUIAbstractKeyword.groovy:26)
	at com.kms.katalon.core.webui.keyword.builtin.SetTextKeyword$_setText_closure1.doCall(SetTextKeyword.groovy:51)
	at com.kms.katalon.core.webui.keyword.builtin.SetTextKeyword$_setText_closure1.call(SetTextKeyword.groovy)
	at com.kms.katalon.core.webui.keyword.internal.WebUIKeywordMain.runKeyword(WebUIKeywordMain.groovy:20)
	at com.kms.katalon.core.webui.keyword.builtin.SetTextKeyword.setText(SetTextKeyword.groovy:66)
	at com.kms.katalon.core.webui.keyword.builtin.SetTextKeyword.execute(SetTextKeyword.groovy:37)
	at com.kms.katalon.core.keyword.internal.KeywordExecutor.executeKeywordForPlatform(KeywordExecutor.groovy:74)
	at com.kms.katalon.core.webui.keyword.WebUiBuiltInKeywords.setText(WebUiBuiltInKeywords.groovy:980)
	at com.kms.katalon.core.webui.keyword.WebUiBuiltInKeywords$setText$3.call(Unknown Source)
	at Script1690869810274.run(Script1690869810274.groovy:29)
	... 13 more
)

2023-08-01 15:02:16 - [MESSAGE][INFO] - Unable to find the element located by 'By.xpath: //input[@name='first-name-form']'. Please recheck the objects properties to make sure the desired element is located. 

2023-08-01 15:02:17 - [MESSAGE][FAILED] - Unable to set text 'aziza' of object 'Object Repository/Page_Bebeclub - Membership Registration/input_Nama Depan_first-name-form' (Root cause: com.kms.katalon.core.exception.StepFailedException: Unable to set text 'aziza' of object 'Object Repository/Page_Bebeclub - Membership Registration/input_Nama Depan_first-name-form'
	at com.kms.katalon.core.webui.keyword.internal.WebUIKeywordMain.stepFailed(WebUIKeywordMain.groovy:64)
	at com.kms.katalon.core.webui.keyword.internal.WebUIKeywordMain.runKeyword(WebUIKeywordMain.groovy:26)
	at com.kms.katalon.core.webui.keyword.builtin.SetTextKeyword.setText(SetTextKeyword.groovy:66)
	at com.kms.katalon.core.webui.keyword.builtin.SetTextKeyword.execute(SetTextKeyword.groovy:37)
	at com.kms.katalon.core.keyword.internal.KeywordExecutor.executeKeywordForPlatform(KeywordExecutor.groovy:74)
	at com.kms.katalon.core.webui.keyword.WebUiBuiltInKeywords.setText(WebUiBuiltInKeywords.groovy:980)
	at com.kms.katalon.core.webui.keyword.WebUiBuiltInKeywords$setText$3.call(Unknown Source)
	at 0877 XL.run(0877 XL:29)
	at com.kms.katalon.core.main.ScriptEngine.run(ScriptEngine.java:194)
	at com.kms.katalon.core.main.ScriptEngine.runScriptAsRawText(ScriptEngine.java:119)
	at com.kms.katalon.core.main.TestCaseExecutor.runScript(TestCaseExecutor.java:448)
	at com.kms.katalon.core.main.TestCaseExecutor.doExecute(TestCaseExecutor.java:439)
	at com.kms.katalon.core.main.TestCaseExecutor.processExecutionPhase(TestCaseExecutor.java:418)
	at com.kms.katalon.core.main.TestCaseExecutor.accessMainPhase(TestCaseExecutor.java:410)
	at com.kms.katalon.core.main.TestCaseExecutor.execute(TestCaseExecutor.java:285)
	at com.kms.katalon.core.common.CommonExecutor.accessTestCaseMainPhase(CommonExecutor.java:65)
	at com.kms.katalon.core.main.TestSuiteExecutor.accessTestSuiteMainPhase(TestSuiteExecutor.java:148)
	at com.kms.katalon.core.main.TestSuiteExecutor.execute(TestSuiteExecutor.java:106)
	at com.kms.katalon.core.main.TestCaseMain.startTestSuite(TestCaseMain.java:187)
	at com.kms.katalon.core.main.TestCaseMain$startTestSuite$0.call(Unknown Source)
	at TempTestSuite1690876169937.run(TempTestSuite1690876169937.groovy:36)
Caused by: com.kms.katalon.core.webui.exception.WebElementNotFoundException: Web element with id: 'Object Repository/Page_Bebeclub - Membership Registration/input_Nama Depan_first-name-form' located by '//input[@name='first-name-form']' not found
	at com.kms.katalon.core.webui.common.WebUiCommonHelper.findWebElement(WebUiCommonHelper.java:1376)
	at com.kms.katalon.core.webui.keyword.internal.WebUIAbstractKeyword.findWebElement(WebUIAbstractKeyword.groovy:27)
	at com.kms.katalon.core.webui.keyword.internal.WebUIAbstractKeyword.findWebElement(WebUIAbstractKeyword.groovy:26)
	at com.kms.katalon.core.webui.keyword.builtin.SetTextKeyword$_setText_closure1.doCall(SetTextKeyword.groovy:51)
	at com.kms.katalon.core.webui.keyword.builtin.SetTextKeyword$_setText_closure1.call(SetTextKeyword.groovy)
	at com.kms.katalon.core.webui.keyword.internal.WebUIKeywordMain.runKeyword(WebUIKeywordMain.groovy:20)
	at com.kms.katalon.core.webui.keyword.builtin.SetTextKeyword.setText(SetTextKeyword.groovy:66)
	at com.kms.katalon.core.webui.keyword.builtin.SetTextKeyword.execute(SetTextKeyword.groovy:37)
	at com.kms.katalon.core.keyword.internal.KeywordExecutor.executeKeywordForPlatform(KeywordExecutor.groovy:74)
	at com.kms.katalon.core.webui.keyword.WebUiBuiltInKeywords.setText(WebUiBuiltInKeywords.groovy:980)
	at com.kms.katalon.core.webui.keyword.WebUiBuiltInKeywords$setText$3.call(Unknown Source)
	at Script1690869810274.run(Script1690869810274.groovy:29)
	... 13 more
)
[[ATTACHMENT|C:\\Users\\Sarah Nur Azizah\\git\\test_bebeclub_branchzizah\\Reports\\20230801_144929\\XL\\20230801_144929\\1690876936982.png]]

2023-08-01 15:02:17 - [TEST_STEP][FAILED] - setText(findTestObject("Page_Bebeclub - Membership Registration/input_Nama Belakang_last-name-form"), "prefix"): Unable to set text 'prefix' of object 'Object Repository/Page_Bebeclub - Membership Registration/input_Nama Belakang_last-name-form' (Root cause: com.kms.katalon.core.exception.StepFailedException: Unable to set text 'prefix' of object 'Object Repository/Page_Bebeclub - Membership Registration/input_Nama Belakang_last-name-form'
	at com.kms.katalon.core.webui.keyword.internal.WebUIKeywordMain.stepFailed(WebUIKeywordMain.groovy:64)
	at com.kms.katalon.core.webui.keyword.internal.WebUIKeywordMain.runKeyword(WebUIKeywordMain.groovy:26)
	at com.kms.katalon.core.webui.keyword.builtin.SetTextKeyword.setText(SetTextKeyword.groovy:66)
	at com.kms.katalon.core.webui.keyword.builtin.SetTextKeyword.execute(SetTextKeyword.groovy:37)
	at com.kms.katalon.core.keyword.internal.KeywordExecutor.executeKeywordForPlatform(KeywordExecutor.groovy:74)
	at com.kms.katalon.core.webui.keyword.WebUiBuiltInKeywords.setText(WebUiBuiltInKeywords.groovy:980)
	at com.kms.katalon.core.webui.keyword.WebUiBuiltInKeywords$setText$3.call(Unknown Source)
	at 0877 XL.run(0877 XL:31)
	at com.kms.katalon.core.main.ScriptEngine.run(ScriptEngine.java:194)
	at com.kms.katalon.core.main.ScriptEngine.runScriptAsRawText(ScriptEngine.java:119)
	at com.kms.katalon.core.main.TestCaseExecutor.runScript(TestCaseExecutor.java:448)
	at com.kms.katalon.core.main.TestCaseExecutor.doExecute(TestCaseExecutor.java:439)
	at com.kms.katalon.core.main.TestCaseExecutor.processExecutionPhase(TestCaseExecutor.java:418)
	at com.kms.katalon.core.main.TestCaseExecutor.accessMainPhase(TestCaseExecutor.java:410)
	at com.kms.katalon.core.main.TestCaseExecutor.execute(TestCaseExecutor.java:285)
	at com.kms.katalon.core.common.CommonExecutor.accessTestCaseMainPhase(CommonExecutor.java:65)
	at com.kms.katalon.core.main.TestSuiteExecutor.accessTestSuiteMainPhase(TestSuiteExecutor.java:148)
	at com.kms.katalon.core.main.TestSuiteExecutor.execute(TestSuiteExecutor.java:106)
	at com.kms.katalon.core.main.TestCaseMain.startTestSuite(TestCaseMain.java:187)
	at com.kms.katalon.core.main.TestCaseMain$startTestSuite$0.call(Unknown Source)
	at TempTestSuite1690876169937.run(TempTestSuite1690876169937.groovy:36)
Caused by: com.kms.katalon.core.webui.exception.WebElementNotFoundException: Web element with id: 'Object Repository/Page_Bebeclub - Membership Registration/input_Nama Belakang_last-name-form' located by '//input[@name='last-name-form']' not found
	at com.kms.katalon.core.webui.common.WebUiCommonHelper.findWebElement(WebUiCommonHelper.java:1376)
	at com.kms.katalon.core.webui.keyword.internal.WebUIAbstractKeyword.findWebElement(WebUIAbstractKeyword.groovy:27)
	at com.kms.katalon.core.webui.keyword.internal.WebUIAbstractKeyword.findWebElement(WebUIAbstractKeyword.groovy:26)
	at com.kms.katalon.core.webui.keyword.builtin.SetTextKeyword$_setText_closure1.doCall(SetTextKeyword.groovy:51)
	at com.kms.katalon.core.webui.keyword.builtin.SetTextKeyword$_setText_closure1.call(SetTextKeyword.groovy)
	at com.kms.katalon.core.webui.keyword.internal.WebUIKeywordMain.runKeyword(WebUIKeywordMain.groovy:20)
	at com.kms.katalon.core.webui.keyword.builtin.SetTextKeyword.setText(SetTextKeyword.groovy:66)
	at com.kms.katalon.core.webui.keyword.builtin.SetTextKeyword.execute(SetTextKeyword.groovy:37)
	at com.kms.katalon.core.keyword.internal.KeywordExecutor.executeKeywordForPlatform(KeywordExecutor.groovy:74)
	at com.kms.katalon.core.webui.keyword.WebUiBuiltInKeywords.setText(WebUiBuiltInKeywords.groovy:980)
	at com.kms.katalon.core.webui.keyword.WebUiBuiltInKeywords$setText$3.call(Unknown Source)
	at Script1690869810274.run(Script1690869810274.groovy:31)
	... 13 more
)

2023-08-01 15:02:48 - [MESSAGE][INFO] - Unable to find the element located by 'By.xpath: //input[@name='last-name-form']'. Please recheck the objects properties to make sure the desired element is located. 

2023-08-01 15:02:48 - [MESSAGE][FAILED] - Unable to set text 'prefix' of object 'Object Repository/Page_Bebeclub - Membership Registration/input_Nama Belakang_last-name-form' (Root cause: com.kms.katalon.core.exception.StepFailedException: Unable to set text 'prefix' of object 'Object Repository/Page_Bebeclub - Membership Registration/input_Nama Belakang_last-name-form'
	at com.kms.katalon.core.webui.keyword.internal.WebUIKeywordMain.stepFailed(WebUIKeywordMain.groovy:64)
	at com.kms.katalon.core.webui.keyword.internal.WebUIKeywordMain.runKeyword(WebUIKeywordMain.groovy:26)
	at com.kms.katalon.core.webui.keyword.builtin.SetTextKeyword.setText(SetTextKeyword.groovy:66)
	at com.kms.katalon.core.webui.keyword.builtin.SetTextKeyword.execute(SetTextKeyword.groovy:37)
	at com.kms.katalon.core.keyword.internal.KeywordExecutor.executeKeywordForPlatform(KeywordExecutor.groovy:74)
	at com.kms.katalon.core.webui.keyword.WebUiBuiltInKeywords.setText(WebUiBuiltInKeywords.groovy:980)
	at com.kms.katalon.core.webui.keyword.WebUiBuiltInKeywords$setText$3.call(Unknown Source)
	at 0877 XL.run(0877 XL:31)
	at com.kms.katalon.core.main.ScriptEngine.run(ScriptEngine.java:194)
	at com.kms.katalon.core.main.ScriptEngine.runScriptAsRawText(ScriptEngine.java:119)
	at com.kms.katalon.core.main.TestCaseExecutor.runScript(TestCaseExecutor.java:448)
	at com.kms.katalon.core.main.TestCaseExecutor.doExecute(TestCaseExecutor.java:439)
	at com.kms.katalon.core.main.TestCaseExecutor.processExecutionPhase(TestCaseExecutor.java:418)
	at com.kms.katalon.core.main.TestCaseExecutor.accessMainPhase(TestCaseExecutor.java:410)
	at com.kms.katalon.core.main.TestCaseExecutor.execute(TestCaseExecutor.java:285)
	at com.kms.katalon.core.common.CommonExecutor.accessTestCaseMainPhase(CommonExecutor.java:65)
	at com.kms.katalon.core.main.TestSuiteExecutor.accessTestSuiteMainPhase(TestSuiteExecutor.java:148)
	at com.kms.katalon.core.main.TestSuiteExecutor.execute(TestSuiteExecutor.java:106)
	at com.kms.katalon.core.main.TestCaseMain.startTestSuite(TestCaseMain.java:187)
	at com.kms.katalon.core.main.TestCaseMain$startTestSuite$0.call(Unknown Source)
	at TempTestSuite1690876169937.run(TempTestSuite1690876169937.groovy:36)
Caused by: com.kms.katalon.core.webui.exception.WebElementNotFoundException: Web element with id: 'Object Repository/Page_Bebeclub - Membership Registration/input_Nama Belakang_last-name-form' located by '//input[@name='last-name-form']' not found
	at com.kms.katalon.core.webui.common.WebUiCommonHelper.findWebElement(WebUiCommonHelper.java:1376)
	at com.kms.katalon.core.webui.keyword.internal.WebUIAbstractKeyword.findWebElement(WebUIAbstractKeyword.groovy:27)
	at com.kms.katalon.core.webui.keyword.internal.WebUIAbstractKeyword.findWebElement(WebUIAbstractKeyword.groovy:26)
	at com.kms.katalon.core.webui.keyword.builtin.SetTextKeyword$_setText_closure1.doCall(SetTextKeyword.groovy:51)
	at com.kms.katalon.core.webui.keyword.builtin.SetTextKeyword$_setText_closure1.call(SetTextKeyword.groovy)
	at com.kms.katalon.core.webui.keyword.internal.WebUIKeywordMain.runKeyword(WebUIKeywordMain.groovy:20)
	at com.kms.katalon.core.webui.keyword.builtin.SetTextKeyword.setText(SetTextKeyword.groovy:66)
	at com.kms.katalon.core.webui.keyword.builtin.SetTextKeyword.execute(SetTextKeyword.groovy:37)
	at com.kms.katalon.core.keyword.internal.KeywordExecutor.executeKeywordForPlatform(KeywordExecutor.groovy:74)
	at com.kms.katalon.core.webui.keyword.WebUiBuiltInKeywords.setText(WebUiBuiltInKeywords.groovy:980)
	at com.kms.katalon.core.webui.keyword.WebUiBuiltInKeywords$setText$3.call(Unknown Source)
	at Script1690869810274.run(Script1690869810274.groovy:31)
	... 13 more
)
[[ATTACHMENT|C:\\Users\\Sarah Nur Azizah\\git\\test_bebeclub_branchzizah\\Reports\\20230801_144929\\XL\\20230801_144929\\1690876968128.png]]

2023-08-01 15:02:48 - [TEST_STEP][PASSED] - randomNum = generateRandomNumber(): null

2023-08-01 15:02:48 - [TEST_STEP][PASSED] - random = new java.util.Random(): null

2023-08-01 15:02:48 - [TEST_STEP][PASSED] - lastNineDigits = String.format("%09d", random.nextInt(1000000000)): null

2023-08-01 15:02:48 - [TEST_STEP][PASSED] - randomNumber = "0877" + lastNineDigits: null

2023-08-01 15:02:48 - [TEST_STEP][PASSED] - return randomNumber: null

2023-08-01 15:02:48 - [TEST_STEP][FAILED] - setText(findTestObject("Page_Bebeclub - Membership Registration/input__number-form"), randomNum): Unable to set text '0877571452393' of object 'Object Repository/Page_Bebeclub - Membership Registration/input__number-form' (Root cause: com.kms.katalon.core.exception.StepFailedException: Unable to set text '0877571452393' of object 'Object Repository/Page_Bebeclub - Membership Registration/input__number-form'
	at com.kms.katalon.core.webui.keyword.internal.WebUIKeywordMain.stepFailed(WebUIKeywordMain.groovy:64)
	at com.kms.katalon.core.webui.keyword.internal.WebUIKeywordMain.runKeyword(WebUIKeywordMain.groovy:26)
	at com.kms.katalon.core.webui.keyword.builtin.SetTextKeyword.setText(SetTextKeyword.groovy:66)
	at com.kms.katalon.core.webui.keyword.builtin.SetTextKeyword.execute(SetTextKeyword.groovy:37)
	at com.kms.katalon.core.keyword.internal.KeywordExecutor.executeKeywordForPlatform(KeywordExecutor.groovy:74)
	at com.kms.katalon.core.webui.keyword.WebUiBuiltInKeywords.setText(WebUiBuiltInKeywords.groovy:980)
	at com.kms.katalon.core.webui.keyword.WebUiBuiltInKeywords$setText$3.call(Unknown Source)
	at 0877 XL.run(0877 XL:39)
	at com.kms.katalon.core.main.ScriptEngine.run(ScriptEngine.java:194)
	at com.kms.katalon.core.main.ScriptEngine.runScriptAsRawText(ScriptEngine.java:119)
	at com.kms.katalon.core.main.TestCaseExecutor.runScript(TestCaseExecutor.java:448)
	at com.kms.katalon.core.main.TestCaseExecutor.doExecute(TestCaseExecutor.java:439)
	at com.kms.katalon.core.main.TestCaseExecutor.processExecutionPhase(TestCaseExecutor.java:418)
	at com.kms.katalon.core.main.TestCaseExecutor.accessMainPhase(TestCaseExecutor.java:410)
	at com.kms.katalon.core.main.TestCaseExecutor.execute(TestCaseExecutor.java:285)
	at com.kms.katalon.core.common.CommonExecutor.accessTestCaseMainPhase(CommonExecutor.java:65)
	at com.kms.katalon.core.main.TestSuiteExecutor.accessTestSuiteMainPhase(TestSuiteExecutor.java:148)
	at com.kms.katalon.core.main.TestSuiteExecutor.execute(TestSuiteExecutor.java:106)
	at com.kms.katalon.core.main.TestCaseMain.startTestSuite(TestCaseMain.java:187)
	at com.kms.katalon.core.main.TestCaseMain$startTestSuite$0.call(Unknown Source)
	at TempTestSuite1690876169937.run(TempTestSuite1690876169937.groovy:36)
Caused by: com.kms.katalon.core.webui.exception.WebElementNotFoundException: Web element with id: 'Object Repository/Page_Bebeclub - Membership Registration/input__number-form' located by '//input[@id='phone_number']' not found
	at com.kms.katalon.core.webui.common.WebUiCommonHelper.findWebElement(WebUiCommonHelper.java:1376)
	at com.kms.katalon.core.webui.keyword.internal.WebUIAbstractKeyword.findWebElement(WebUIAbstractKeyword.groovy:27)
	at com.kms.katalon.core.webui.keyword.internal.WebUIAbstractKeyword.findWebElement(WebUIAbstractKeyword.groovy:26)
	at com.kms.katalon.core.webui.keyword.builtin.SetTextKeyword$_setText_closure1.doCall(SetTextKeyword.groovy:51)
	at com.kms.katalon.core.webui.keyword.builtin.SetTextKeyword$_setText_closure1.call(SetTextKeyword.groovy)
	at com.kms.katalon.core.webui.keyword.internal.WebUIKeywordMain.runKeyword(WebUIKeywordMain.groovy:20)
	at com.kms.katalon.core.webui.keyword.builtin.SetTextKeyword.setText(SetTextKeyword.groovy:66)
	at com.kms.katalon.core.webui.keyword.builtin.SetTextKeyword.execute(SetTextKeyword.groovy:37)
	at com.kms.katalon.core.keyword.internal.KeywordExecutor.executeKeywordForPlatform(KeywordExecutor.groovy:74)
	at com.kms.katalon.core.webui.keyword.WebUiBuiltInKeywords.setText(WebUiBuiltInKeywords.groovy:980)
	at com.kms.katalon.core.webui.keyword.WebUiBuiltInKeywords$setText$3.call(Unknown Source)
	at Script1690869810274.run(Script1690869810274.groovy:39)
	... 13 more
)

2023-08-01 15:03:19 - [MESSAGE][INFO] - Unable to find the element located by 'By.xpath: //input[@id='phone_number']'. Please recheck the objects properties to make sure the desired element is located. 

2023-08-01 15:03:19 - [MESSAGE][FAILED] - Unable to set text '0877571452393' of object 'Object Repository/Page_Bebeclub - Membership Registration/input__number-form' (Root cause: com.kms.katalon.core.exception.StepFailedException: Unable to set text '0877571452393' of object 'Object Repository/Page_Bebeclub - Membership Registration/input__number-form'
	at com.kms.katalon.core.webui.keyword.internal.WebUIKeywordMain.stepFailed(WebUIKeywordMain.groovy:64)
	at com.kms.katalon.core.webui.keyword.internal.WebUIKeywordMain.runKeyword(WebUIKeywordMain.groovy:26)
	at com.kms.katalon.core.webui.keyword.builtin.SetTextKeyword.setText(SetTextKeyword.groovy:66)
	at com.kms.katalon.core.webui.keyword.builtin.SetTextKeyword.execute(SetTextKeyword.groovy:37)
	at com.kms.katalon.core.keyword.internal.KeywordExecutor.executeKeywordForPlatform(KeywordExecutor.groovy:74)
	at com.kms.katalon.core.webui.keyword.WebUiBuiltInKeywords.setText(WebUiBuiltInKeywords.groovy:980)
	at com.kms.katalon.core.webui.keyword.WebUiBuiltInKeywords$setText$3.call(Unknown Source)
	at 0877 XL.run(0877 XL:39)
	at com.kms.katalon.core.main.ScriptEngine.run(ScriptEngine.java:194)
	at com.kms.katalon.core.main.ScriptEngine.runScriptAsRawText(ScriptEngine.java:119)
	at com.kms.katalon.core.main.TestCaseExecutor.runScript(TestCaseExecutor.java:448)
	at com.kms.katalon.core.main.TestCaseExecutor.doExecute(TestCaseExecutor.java:439)
	at com.kms.katalon.core.main.TestCaseExecutor.processExecutionPhase(TestCaseExecutor.java:418)
	at com.kms.katalon.core.main.TestCaseExecutor.accessMainPhase(TestCaseExecutor.java:410)
	at com.kms.katalon.core.main.TestCaseExecutor.execute(TestCaseExecutor.java:285)
	at com.kms.katalon.core.common.CommonExecutor.accessTestCaseMainPhase(CommonExecutor.java:65)
	at com.kms.katalon.core.main.TestSuiteExecutor.accessTestSuiteMainPhase(TestSuiteExecutor.java:148)
	at com.kms.katalon.core.main.TestSuiteExecutor.execute(TestSuiteExecutor.java:106)
	at com.kms.katalon.core.main.TestCaseMain.startTestSuite(TestCaseMain.java:187)
	at com.kms.katalon.core.main.TestCaseMain$startTestSuite$0.call(Unknown Source)
	at TempTestSuite1690876169937.run(TempTestSuite1690876169937.groovy:36)
Caused by: com.kms.katalon.core.webui.exception.WebElementNotFoundException: Web element with id: 'Object Repository/Page_Bebeclub - Membership Registration/input__number-form' located by '//input[@id='phone_number']' not found
	at com.kms.katalon.core.webui.common.WebUiCommonHelper.findWebElement(WebUiCommonHelper.java:1376)
	at com.kms.katalon.core.webui.keyword.internal.WebUIAbstractKeyword.findWebElement(WebUIAbstractKeyword.groovy:27)
	at com.kms.katalon.core.webui.keyword.internal.WebUIAbstractKeyword.findWebElement(WebUIAbstractKeyword.groovy:26)
	at com.kms.katalon.core.webui.keyword.builtin.SetTextKeyword$_setText_closure1.doCall(SetTextKeyword.groovy:51)
	at com.kms.katalon.core.webui.keyword.builtin.SetTextKeyword$_setText_closure1.call(SetTextKeyword.groovy)
	at com.kms.katalon.core.webui.keyword.internal.WebUIKeywordMain.runKeyword(WebUIKeywordMain.groovy:20)
	at com.kms.katalon.core.webui.keyword.builtin.SetTextKeyword.setText(SetTextKeyword.groovy:66)
	at com.kms.katalon.core.webui.keyword.builtin.SetTextKeyword.execute(SetTextKeyword.groovy:37)
	at com.kms.katalon.core.keyword.internal.KeywordExecutor.executeKeywordForPlatform(KeywordExecutor.groovy:74)
	at com.kms.katalon.core.webui.keyword.WebUiBuiltInKeywords.setText(WebUiBuiltInKeywords.groovy:980)
	at com.kms.katalon.core.webui.keyword.WebUiBuiltInKeywords$setText$3.call(Unknown Source)
	at Script1690869810274.run(Script1690869810274.groovy:39)
	... 13 more
)
[[ATTACHMENT|C:\\Users\\Sarah Nur Azizah\\git\\test_bebeclub_branchzizah\\Reports\\20230801_144929\\XL\\20230801_144929\\1690876999254.png]]

2023-08-01 15:03:19 - [TEST_STEP][FAILED] - setEncryptedText(findTestObject("Page_Bebeclub - Membership Registration/input_Password_pass-form"), "iFGeFYmXIrUhQZHvW7P22w=="): Unable to set encrypted text for object 'Object Repository/Page_Bebeclub - Membership Registration/input_Password_pass-form' (Root cause: com.kms.katalon.core.exception.StepFailedException: Unable to set encrypted text for object 'Object Repository/Page_Bebeclub - Membership Registration/input_Password_pass-form'
	at com.kms.katalon.core.webui.keyword.internal.WebUIKeywordMain.stepFailed(WebUIKeywordMain.groovy:64)
	at com.kms.katalon.core.webui.keyword.internal.WebUIKeywordMain.runKeyword(WebUIKeywordMain.groovy:26)
	at com.kms.katalon.core.webui.keyword.builtin.SetEncryptedTextKeyword.setEncryptedText(SetEncryptedTextKeyword.groovy:65)
	at com.kms.katalon.core.webui.keyword.builtin.SetEncryptedTextKeyword.execute(SetEncryptedTextKeyword.groovy:34)
	at com.kms.katalon.core.keyword.internal.KeywordExecutor.executeKeywordForPlatform(KeywordExecutor.groovy:74)
	at com.kms.katalon.core.webui.keyword.WebUiBuiltInKeywords.setEncryptedText(WebUiBuiltInKeywords.groovy:1011)
	at com.kms.katalon.core.webui.keyword.WebUiBuiltInKeywords$setEncryptedText$4.call(Unknown Source)
	at 0877 XL.run(0877 XL:41)
	at com.kms.katalon.core.main.ScriptEngine.run(ScriptEngine.java:194)
	at com.kms.katalon.core.main.ScriptEngine.runScriptAsRawText(ScriptEngine.java:119)
	at com.kms.katalon.core.main.TestCaseExecutor.runScript(TestCaseExecutor.java:448)
	at com.kms.katalon.core.main.TestCaseExecutor.doExecute(TestCaseExecutor.java:439)
	at com.kms.katalon.core.main.TestCaseExecutor.processExecutionPhase(TestCaseExecutor.java:418)
	at com.kms.katalon.core.main.TestCaseExecutor.accessMainPhase(TestCaseExecutor.java:410)
	at com.kms.katalon.core.main.TestCaseExecutor.execute(TestCaseExecutor.java:285)
	at com.kms.katalon.core.common.CommonExecutor.accessTestCaseMainPhase(CommonExecutor.java:65)
	at com.kms.katalon.core.main.TestSuiteExecutor.accessTestSuiteMainPhase(TestSuiteExecutor.java:148)
	at com.kms.katalon.core.main.TestSuiteExecutor.execute(TestSuiteExecutor.java:106)
	at com.kms.katalon.core.main.TestCaseMain.startTestSuite(TestCaseMain.java:187)
	at com.kms.katalon.core.main.TestCaseMain$startTestSuite$0.call(Unknown Source)
	at TempTestSuite1690876169937.run(TempTestSuite1690876169937.groovy:36)
Caused by: com.kms.katalon.core.webui.exception.WebElementNotFoundException: Web element with id: 'Object Repository/Page_Bebeclub - Membership Registration/input_Password_pass-form' located by '//input[@name='pass-form']' not found
	at com.kms.katalon.core.webui.common.WebUiCommonHelper.findWebElement(WebUiCommonHelper.java:1376)
	at com.kms.katalon.core.webui.keyword.internal.WebUIAbstractKeyword.findWebElement(WebUIAbstractKeyword.groovy:27)
	at com.kms.katalon.core.webui.keyword.internal.WebUIAbstractKeyword.findWebElement(WebUIAbstractKeyword.groovy:26)
	at com.kms.katalon.core.webui.keyword.builtin.SetEncryptedTextKeyword$_setEncryptedText_closure1.doCall(SetEncryptedTextKeyword.groovy:51)
	at com.kms.katalon.core.webui.keyword.builtin.SetEncryptedTextKeyword$_setEncryptedText_closure1.call(SetEncryptedTextKeyword.groovy)
	at com.kms.katalon.core.webui.keyword.internal.WebUIKeywordMain.runKeyword(WebUIKeywordMain.groovy:20)
	at com.kms.katalon.core.webui.keyword.builtin.SetEncryptedTextKeyword.setEncryptedText(SetEncryptedTextKeyword.groovy:65)
	at com.kms.katalon.core.webui.keyword.builtin.SetEncryptedTextKeyword.execute(SetEncryptedTextKeyword.groovy:34)
	at com.kms.katalon.core.keyword.internal.KeywordExecutor.executeKeywordForPlatform(KeywordExecutor.groovy:74)
	at com.kms.katalon.core.webui.keyword.WebUiBuiltInKeywords.setEncryptedText(WebUiBuiltInKeywords.groovy:1011)
	at com.kms.katalon.core.webui.keyword.WebUiBuiltInKeywords$setEncryptedText$4.call(Unknown Source)
	at Script1690869810274.run(Script1690869810274.groovy:41)
	... 13 more
)

2023-08-01 15:03:50 - [MESSAGE][INFO] - Unable to find the element located by 'By.xpath: //input[@name='pass-form']'. Please recheck the objects properties to make sure the desired element is located. 

2023-08-01 15:03:50 - [MESSAGE][FAILED] - Unable to set encrypted text for object 'Object Repository/Page_Bebeclub - Membership Registration/input_Password_pass-form' (Root cause: com.kms.katalon.core.exception.StepFailedException: Unable to set encrypted text for object 'Object Repository/Page_Bebeclub - Membership Registration/input_Password_pass-form'
	at com.kms.katalon.core.webui.keyword.internal.WebUIKeywordMain.stepFailed(WebUIKeywordMain.groovy:64)
	at com.kms.katalon.core.webui.keyword.internal.WebUIKeywordMain.runKeyword(WebUIKeywordMain.groovy:26)
	at com.kms.katalon.core.webui.keyword.builtin.SetEncryptedTextKeyword.setEncryptedText(SetEncryptedTextKeyword.groovy:65)
	at com.kms.katalon.core.webui.keyword.builtin.SetEncryptedTextKeyword.execute(SetEncryptedTextKeyword.groovy:34)
	at com.kms.katalon.core.keyword.internal.KeywordExecutor.executeKeywordForPlatform(KeywordExecutor.groovy:74)
	at com.kms.katalon.core.webui.keyword.WebUiBuiltInKeywords.setEncryptedText(WebUiBuiltInKeywords.groovy:1011)
	at com.kms.katalon.core.webui.keyword.WebUiBuiltInKeywords$setEncryptedText$4.call(Unknown Source)
	at 0877 XL.run(0877 XL:41)
	at com.kms.katalon.core.main.ScriptEngine.run(ScriptEngine.java:194)
	at com.kms.katalon.core.main.ScriptEngine.runScriptAsRawText(ScriptEngine.java:119)
	at com.kms.katalon.core.main.TestCaseExecutor.runScript(TestCaseExecutor.java:448)
	at com.kms.katalon.core.main.TestCaseExecutor.doExecute(TestCaseExecutor.java:439)
	at com.kms.katalon.core.main.TestCaseExecutor.processExecutionPhase(TestCaseExecutor.java:418)
	at com.kms.katalon.core.main.TestCaseExecutor.accessMainPhase(TestCaseExecutor.java:410)
	at com.kms.katalon.core.main.TestCaseExecutor.execute(TestCaseExecutor.java:285)
	at com.kms.katalon.core.common.CommonExecutor.accessTestCaseMainPhase(CommonExecutor.java:65)
	at com.kms.katalon.core.main.TestSuiteExecutor.accessTestSuiteMainPhase(TestSuiteExecutor.java:148)
	at com.kms.katalon.core.main.TestSuiteExecutor.execute(TestSuiteExecutor.java:106)
	at com.kms.katalon.core.main.TestCaseMain.startTestSuite(TestCaseMain.java:187)
	at com.kms.katalon.core.main.TestCaseMain$startTestSuite$0.call(Unknown Source)
	at TempTestSuite1690876169937.run(TempTestSuite1690876169937.groovy:36)
Caused by: com.kms.katalon.core.webui.exception.WebElementNotFoundException: Web element with id: 'Object Repository/Page_Bebeclub - Membership Registration/input_Password_pass-form' located by '//input[@name='pass-form']' not found
	at com.kms.katalon.core.webui.common.WebUiCommonHelper.findWebElement(WebUiCommonHelper.java:1376)
	at com.kms.katalon.core.webui.keyword.internal.WebUIAbstractKeyword.findWebElement(WebUIAbstractKeyword.groovy:27)
	at com.kms.katalon.core.webui.keyword.internal.WebUIAbstractKeyword.findWebElement(WebUIAbstractKeyword.groovy:26)
	at com.kms.katalon.core.webui.keyword.builtin.SetEncryptedTextKeyword$_setEncryptedText_closure1.doCall(SetEncryptedTextKeyword.groovy:51)
	at com.kms.katalon.core.webui.keyword.builtin.SetEncryptedTextKeyword$_setEncryptedText_closure1.call(SetEncryptedTextKeyword.groovy)
	at com.kms.katalon.core.webui.keyword.internal.WebUIKeywordMain.runKeyword(WebUIKeywordMain.groovy:20)
	at com.kms.katalon.core.webui.keyword.builtin.SetEncryptedTextKeyword.setEncryptedText(SetEncryptedTextKeyword.groovy:65)
	at com.kms.katalon.core.webui.keyword.builtin.SetEncryptedTextKeyword.execute(SetEncryptedTextKeyword.groovy:34)
	at com.kms.katalon.core.keyword.internal.KeywordExecutor.executeKeywordForPlatform(KeywordExecutor.groovy:74)
	at com.kms.katalon.core.webui.keyword.WebUiBuiltInKeywords.setEncryptedText(WebUiBuiltInKeywords.groovy:1011)
	at com.kms.katalon.core.webui.keyword.WebUiBuiltInKeywords$setEncryptedText$4.call(Unknown Source)
	at Script1690869810274.run(Script1690869810274.groovy:41)
	... 13 more
)
[[ATTACHMENT|C:\\Users\\Sarah Nur Azizah\\git\\test_bebeclub_branchzizah\\Reports\\20230801_144929\\XL\\20230801_144929\\1690877030359.png]]

2023-08-01 15:03:50 - [TEST_STEP][FAILED] - setEncryptedText(findTestObject("Page_Bebeclub - Membership Registration/input_Konfirmasi Password_konfirmasipass-form"), "iFGeFYmXIrUhQZHvW7P22w=="): Unable to set encrypted text for object 'Object Repository/Page_Bebeclub - Membership Registration/input_Konfirmasi Password_konfirmasipass-form' (Root cause: com.kms.katalon.core.exception.StepFailedException: Unable to set encrypted text for object 'Object Repository/Page_Bebeclub - Membership Registration/input_Konfirmasi Password_konfirmasipass-form'
	at com.kms.katalon.core.webui.keyword.internal.WebUIKeywordMain.stepFailed(WebUIKeywordMain.groovy:64)
	at com.kms.katalon.core.webui.keyword.internal.WebUIKeywordMain.runKeyword(WebUIKeywordMain.groovy:26)
	at com.kms.katalon.core.webui.keyword.builtin.SetEncryptedTextKeyword.setEncryptedText(SetEncryptedTextKeyword.groovy:65)
	at com.kms.katalon.core.webui.keyword.builtin.SetEncryptedTextKeyword.execute(SetEncryptedTextKeyword.groovy:34)
	at com.kms.katalon.core.keyword.internal.KeywordExecutor.executeKeywordForPlatform(KeywordExecutor.groovy:74)
	at com.kms.katalon.core.webui.keyword.WebUiBuiltInKeywords.setEncryptedText(WebUiBuiltInKeywords.groovy:1011)
	at com.kms.katalon.core.webui.keyword.WebUiBuiltInKeywords$setEncryptedText$4.call(Unknown Source)
	at 0877 XL.run(0877 XL:43)
	at com.kms.katalon.core.main.ScriptEngine.run(ScriptEngine.java:194)
	at com.kms.katalon.core.main.ScriptEngine.runScriptAsRawText(ScriptEngine.java:119)
	at com.kms.katalon.core.main.TestCaseExecutor.runScript(TestCaseExecutor.java:448)
	at com.kms.katalon.core.main.TestCaseExecutor.doExecute(TestCaseExecutor.java:439)
	at com.kms.katalon.core.main.TestCaseExecutor.processExecutionPhase(TestCaseExecutor.java:418)
	at com.kms.katalon.core.main.TestCaseExecutor.accessMainPhase(TestCaseExecutor.java:410)
	at com.kms.katalon.core.main.TestCaseExecutor.execute(TestCaseExecutor.java:285)
	at com.kms.katalon.core.common.CommonExecutor.accessTestCaseMainPhase(CommonExecutor.java:65)
	at com.kms.katalon.core.main.TestSuiteExecutor.accessTestSuiteMainPhase(TestSuiteExecutor.java:148)
	at com.kms.katalon.core.main.TestSuiteExecutor.execute(TestSuiteExecutor.java:106)
	at com.kms.katalon.core.main.TestCaseMain.startTestSuite(TestCaseMain.java:187)
	at com.kms.katalon.core.main.TestCaseMain$startTestSuite$0.call(Unknown Source)
	at TempTestSuite1690876169937.run(TempTestSuite1690876169937.groovy:36)
Caused by: com.kms.katalon.core.webui.exception.WebElementNotFoundException: Web element with id: 'Object Repository/Page_Bebeclub - Membership Registration/input_Konfirmasi Password_konfirmasipass-form' located by '//input[@name='konfirmasipass-form']' not found
	at com.kms.katalon.core.webui.common.WebUiCommonHelper.findWebElement(WebUiCommonHelper.java:1376)
	at com.kms.katalon.core.webui.keyword.internal.WebUIAbstractKeyword.findWebElement(WebUIAbstractKeyword.groovy:27)
	at com.kms.katalon.core.webui.keyword.internal.WebUIAbstractKeyword.findWebElement(WebUIAbstractKeyword.groovy:26)
	at com.kms.katalon.core.webui.keyword.builtin.SetEncryptedTextKeyword$_setEncryptedText_closure1.doCall(SetEncryptedTextKeyword.groovy:51)
	at com.kms.katalon.core.webui.keyword.builtin.SetEncryptedTextKeyword$_setEncryptedText_closure1.call(SetEncryptedTextKeyword.groovy)
	at com.kms.katalon.core.webui.keyword.internal.WebUIKeywordMain.runKeyword(WebUIKeywordMain.groovy:20)
	at com.kms.katalon.core.webui.keyword.builtin.SetEncryptedTextKeyword.setEncryptedText(SetEncryptedTextKeyword.groovy:65)
	at com.kms.katalon.core.webui.keyword.builtin.SetEncryptedTextKeyword.execute(SetEncryptedTextKeyword.groovy:34)
	at com.kms.katalon.core.keyword.internal.KeywordExecutor.executeKeywordForPlatform(KeywordExecutor.groovy:74)
	at com.kms.katalon.core.webui.keyword.WebUiBuiltInKeywords.setEncryptedText(WebUiBuiltInKeywords.groovy:1011)
	at com.kms.katalon.core.webui.keyword.WebUiBuiltInKeywords$setEncryptedText$4.call(Unknown Source)
	at Script1690869810274.run(Script1690869810274.groovy:43)
	... 13 more
)

2023-08-01 15:04:21 - [MESSAGE][INFO] - Unable to find the element located by 'By.xpath: //input[@name='konfirmasipass-form']'. Please recheck the objects properties to make sure the desired element is located. 

2023-08-01 15:04:21 - [MESSAGE][FAILED] - Unable to set encrypted text for object 'Object Repository/Page_Bebeclub - Membership Registration/input_Konfirmasi Password_konfirmasipass-form' (Root cause: com.kms.katalon.core.exception.StepFailedException: Unable to set encrypted text for object 'Object Repository/Page_Bebeclub - Membership Registration/input_Konfirmasi Password_konfirmasipass-form'
	at com.kms.katalon.core.webui.keyword.internal.WebUIKeywordMain.stepFailed(WebUIKeywordMain.groovy:64)
	at com.kms.katalon.core.webui.keyword.internal.WebUIKeywordMain.runKeyword(WebUIKeywordMain.groovy:26)
	at com.kms.katalon.core.webui.keyword.builtin.SetEncryptedTextKeyword.setEncryptedText(SetEncryptedTextKeyword.groovy:65)
	at com.kms.katalon.core.webui.keyword.builtin.SetEncryptedTextKeyword.execute(SetEncryptedTextKeyword.groovy:34)
	at com.kms.katalon.core.keyword.internal.KeywordExecutor.executeKeywordForPlatform(KeywordExecutor.groovy:74)
	at com.kms.katalon.core.webui.keyword.WebUiBuiltInKeywords.setEncryptedText(WebUiBuiltInKeywords.groovy:1011)
	at com.kms.katalon.core.webui.keyword.WebUiBuiltInKeywords$setEncryptedText$4.call(Unknown Source)
	at 0877 XL.run(0877 XL:43)
	at com.kms.katalon.core.main.ScriptEngine.run(ScriptEngine.java:194)
	at com.kms.katalon.core.main.ScriptEngine.runScriptAsRawText(ScriptEngine.java:119)
	at com.kms.katalon.core.main.TestCaseExecutor.runScript(TestCaseExecutor.java:448)
	at com.kms.katalon.core.main.TestCaseExecutor.doExecute(TestCaseExecutor.java:439)
	at com.kms.katalon.core.main.TestCaseExecutor.processExecutionPhase(TestCaseExecutor.java:418)
	at com.kms.katalon.core.main.TestCaseExecutor.accessMainPhase(TestCaseExecutor.java:410)
	at com.kms.katalon.core.main.TestCaseExecutor.execute(TestCaseExecutor.java:285)
	at com.kms.katalon.core.common.CommonExecutor.accessTestCaseMainPhase(CommonExecutor.java:65)
	at com.kms.katalon.core.main.TestSuiteExecutor.accessTestSuiteMainPhase(TestSuiteExecutor.java:148)
	at com.kms.katalon.core.main.TestSuiteExecutor.execute(TestSuiteExecutor.java:106)
	at com.kms.katalon.core.main.TestCaseMain.startTestSuite(TestCaseMain.java:187)
	at com.kms.katalon.core.main.TestCaseMain$startTestSuite$0.call(Unknown Source)
	at TempTestSuite1690876169937.run(TempTestSuite1690876169937.groovy:36)
Caused by: com.kms.katalon.core.webui.exception.WebElementNotFoundException: Web element with id: 'Object Repository/Page_Bebeclub - Membership Registration/input_Konfirmasi Password_konfirmasipass-form' located by '//input[@name='konfirmasipass-form']' not found
	at com.kms.katalon.core.webui.common.WebUiCommonHelper.findWebElement(WebUiCommonHelper.java:1376)
	at com.kms.katalon.core.webui.keyword.internal.WebUIAbstractKeyword.findWebElement(WebUIAbstractKeyword.groovy:27)
	at com.kms.katalon.core.webui.keyword.internal.WebUIAbstractKeyword.findWebElement(WebUIAbstractKeyword.groovy:26)
	at com.kms.katalon.core.webui.keyword.builtin.SetEncryptedTextKeyword$_setEncryptedText_closure1.doCall(SetEncryptedTextKeyword.groovy:51)
	at com.kms.katalon.core.webui.keyword.builtin.SetEncryptedTextKeyword$_setEncryptedText_closure1.call(SetEncryptedTextKeyword.groovy)
	at com.kms.katalon.core.webui.keyword.internal.WebUIKeywordMain.runKeyword(WebUIKeywordMain.groovy:20)
	at com.kms.katalon.core.webui.keyword.builtin.SetEncryptedTextKeyword.setEncryptedText(SetEncryptedTextKeyword.groovy:65)
	at com.kms.katalon.core.webui.keyword.builtin.SetEncryptedTextKeyword.execute(SetEncryptedTextKeyword.groovy:34)
	at com.kms.katalon.core.keyword.internal.KeywordExecutor.executeKeywordForPlatform(KeywordExecutor.groovy:74)
	at com.kms.katalon.core.webui.keyword.WebUiBuiltInKeywords.setEncryptedText(WebUiBuiltInKeywords.groovy:1011)
	at com.kms.katalon.core.webui.keyword.WebUiBuiltInKeywords$setEncryptedText$4.call(Unknown Source)
	at Script1690869810274.run(Script1690869810274.groovy:43)
	... 13 more
)
[[ATTACHMENT|C:\\Users\\Sarah Nur Azizah\\git\\test_bebeclub_branchzizah\\Reports\\20230801_144929\\XL\\20230801_144929\\1690877061483.png]]

2023-08-01 15:04:21 - [TEST_STEP][FAILED] - selectOptionByLabel(findTestObject("Page_Bebeclub - Membership Registration/select_Pilih Kondisi Ibu Saat Ini"), "Belum Hamil & Tidak Mempunyai Anak", false): Unable to select option by label 'Belum Hamil & Tidak Mempunyai Anak' of object 'Object Repository/Page_Bebeclub - Membership Registration/select_Pilih Kondisi Ibu Saat Ini'  (Root cause: com.kms.katalon.core.exception.StepFailedException: Unable to select option by label 'Belum Hamil & Tidak Mempunyai Anak' of object 'Object Repository/Page_Bebeclub - Membership Registration/select_Pilih Kondisi Ibu Saat Ini' 
	at com.kms.katalon.core.webui.keyword.internal.WebUIKeywordMain.stepFailed(WebUIKeywordMain.groovy:64)
	at com.kms.katalon.core.webui.keyword.internal.WebUIKeywordMain.runKeyword(WebUIKeywordMain.groovy:26)
	at com.kms.katalon.core.webui.keyword.builtin.SelectOptionByLabelKeyword.selectOptionByLabel(SelectOptionByLabelKeyword.groovy:98)
	at com.kms.katalon.core.webui.keyword.builtin.SelectOptionByLabelKeyword.execute(SelectOptionByLabelKeyword.groovy:71)
	at com.kms.katalon.core.keyword.internal.KeywordExecutor.executeKeywordForPlatform(KeywordExecutor.groovy:74)
	at com.kms.katalon.core.webui.keyword.WebUiBuiltInKeywords.selectOptionByLabel(WebUiBuiltInKeywords.groovy:1230)
	at com.kms.katalon.core.webui.keyword.WebUiBuiltInKeywords$selectOptionByLabel$5.call(Unknown Source)
	at 0877 XL.run(0877 XL:46)
	at com.kms.katalon.core.main.ScriptEngine.run(ScriptEngine.java:194)
	at com.kms.katalon.core.main.ScriptEngine.runScriptAsRawText(ScriptEngine.java:119)
	at com.kms.katalon.core.main.TestCaseExecutor.runScript(TestCaseExecutor.java:448)
	at com.kms.katalon.core.main.TestCaseExecutor.doExecute(TestCaseExecutor.java:439)
	at com.kms.katalon.core.main.TestCaseExecutor.processExecutionPhase(TestCaseExecutor.java:418)
	at com.kms.katalon.core.main.TestCaseExecutor.accessMainPhase(TestCaseExecutor.java:410)
	at com.kms.katalon.core.main.TestCaseExecutor.execute(TestCaseExecutor.java:285)
	at com.kms.katalon.core.common.CommonExecutor.accessTestCaseMainPhase(CommonExecutor.java:65)
	at com.kms.katalon.core.main.TestSuiteExecutor.accessTestSuiteMainPhase(TestSuiteExecutor.java:148)
	at com.kms.katalon.core.main.TestSuiteExecutor.execute(TestSuiteExecutor.java:106)
	at com.kms.katalon.core.main.TestCaseMain.startTestSuite(TestCaseMain.java:187)
	at com.kms.katalon.core.main.TestCaseMain$startTestSuite$0.call(Unknown Source)
	at TempTestSuite1690876169937.run(TempTestSuite1690876169937.groovy:36)
Caused by: com.kms.katalon.core.webui.exception.WebElementNotFoundException: Web element with id: 'Object Repository/Page_Bebeclub - Membership Registration/select_Pilih Kondisi Ibu Saat Ini' located by '//select[@id='statusibu-form']' not found
	at com.kms.katalon.core.webui.common.WebUiCommonHelper.findWebElement(WebUiCommonHelper.java:1376)
	at com.kms.katalon.core.webui.keyword.internal.WebUIAbstractKeyword.findWebElement(WebUIAbstractKeyword.groovy:27)
	at com.kms.katalon.core.webui.keyword.internal.WebUIAbstractKeyword.findWebElement(WebUIAbstractKeyword.groovy:26)
	at com.kms.katalon.core.webui.keyword.builtin.SelectOptionByLabelKeyword$_selectOptionByLabel_closure1.doCall(SelectOptionByLabelKeyword.groovy:86)
	at com.kms.katalon.core.webui.keyword.builtin.SelectOptionByLabelKeyword$_selectOptionByLabel_closure1.call(SelectOptionByLabelKeyword.groovy)
	at com.kms.katalon.core.webui.keyword.internal.WebUIKeywordMain.runKeyword(WebUIKeywordMain.groovy:20)
	at com.kms.katalon.core.webui.keyword.builtin.SelectOptionByLabelKeyword.selectOptionByLabel(SelectOptionByLabelKeyword.groovy:98)
	at com.kms.katalon.core.webui.keyword.builtin.SelectOptionByLabelKeyword.execute(SelectOptionByLabelKeyword.groovy:71)
	at com.kms.katalon.core.keyword.internal.KeywordExecutor.executeKeywordForPlatform(KeywordExecutor.groovy:74)
	at com.kms.katalon.core.webui.keyword.WebUiBuiltInKeywords.selectOptionByLabel(WebUiBuiltInKeywords.groovy:1230)
	at com.kms.katalon.core.webui.keyword.WebUiBuiltInKeywords$selectOptionByLabel$5.call(Unknown Source)
	at Script1690869810274.run(Script1690869810274.groovy:46)
	... 13 more
)

2023-08-01 15:04:52 - [MESSAGE][INFO] - Unable to find the element located by 'By.xpath: //select[@id='statusibu-form']'. Please recheck the objects properties to make sure the desired element is located. 

2023-08-01 15:04:52 - [MESSAGE][FAILED] - Unable to select option by label 'Belum Hamil & Tidak Mempunyai Anak' of object 'Object Repository/Page_Bebeclub - Membership Registration/select_Pilih Kondisi Ibu Saat Ini'  (Root cause: com.kms.katalon.core.exception.StepFailedException: Unable to select option by label 'Belum Hamil & Tidak Mempunyai Anak' of object 'Object Repository/Page_Bebeclub - Membership Registration/select_Pilih Kondisi Ibu Saat Ini' 
	at com.kms.katalon.core.webui.keyword.internal.WebUIKeywordMain.stepFailed(WebUIKeywordMain.groovy:64)
	at com.kms.katalon.core.webui.keyword.internal.WebUIKeywordMain.runKeyword(WebUIKeywordMain.groovy:26)
	at com.kms.katalon.core.webui.keyword.builtin.SelectOptionByLabelKeyword.selectOptionByLabel(SelectOptionByLabelKeyword.groovy:98)
	at com.kms.katalon.core.webui.keyword.builtin.SelectOptionByLabelKeyword.execute(SelectOptionByLabelKeyword.groovy:71)
	at com.kms.katalon.core.keyword.internal.KeywordExecutor.executeKeywordForPlatform(KeywordExecutor.groovy:74)
	at com.kms.katalon.core.webui.keyword.WebUiBuiltInKeywords.selectOptionByLabel(WebUiBuiltInKeywords.groovy:1230)
	at com.kms.katalon.core.webui.keyword.WebUiBuiltInKeywords$selectOptionByLabel$5.call(Unknown Source)
	at 0877 XL.run(0877 XL:46)
	at com.kms.katalon.core.main.ScriptEngine.run(ScriptEngine.java:194)
	at com.kms.katalon.core.main.ScriptEngine.runScriptAsRawText(ScriptEngine.java:119)
	at com.kms.katalon.core.main.TestCaseExecutor.runScript(TestCaseExecutor.java:448)
	at com.kms.katalon.core.main.TestCaseExecutor.doExecute(TestCaseExecutor.java:439)
	at com.kms.katalon.core.main.TestCaseExecutor.processExecutionPhase(TestCaseExecutor.java:418)
	at com.kms.katalon.core.main.TestCaseExecutor.accessMainPhase(TestCaseExecutor.java:410)
	at com.kms.katalon.core.main.TestCaseExecutor.execute(TestCaseExecutor.java:285)
	at com.kms.katalon.core.common.CommonExecutor.accessTestCaseMainPhase(CommonExecutor.java:65)
	at com.kms.katalon.core.main.TestSuiteExecutor.accessTestSuiteMainPhase(TestSuiteExecutor.java:148)
	at com.kms.katalon.core.main.TestSuiteExecutor.execute(TestSuiteExecutor.java:106)
	at com.kms.katalon.core.main.TestCaseMain.startTestSuite(TestCaseMain.java:187)
	at com.kms.katalon.core.main.TestCaseMain$startTestSuite$0.call(Unknown Source)
	at TempTestSuite1690876169937.run(TempTestSuite1690876169937.groovy:36)
Caused by: com.kms.katalon.core.webui.exception.WebElementNotFoundException: Web element with id: 'Object Repository/Page_Bebeclub - Membership Registration/select_Pilih Kondisi Ibu Saat Ini' located by '//select[@id='statusibu-form']' not found
	at com.kms.katalon.core.webui.common.WebUiCommonHelper.findWebElement(WebUiCommonHelper.java:1376)
	at com.kms.katalon.core.webui.keyword.internal.WebUIAbstractKeyword.findWebElement(WebUIAbstractKeyword.groovy:27)
	at com.kms.katalon.core.webui.keyword.internal.WebUIAbstractKeyword.findWebElement(WebUIAbstractKeyword.groovy:26)
	at com.kms.katalon.core.webui.keyword.builtin.SelectOptionByLabelKeyword$_selectOptionByLabel_closure1.doCall(SelectOptionByLabelKeyword.groovy:86)
	at com.kms.katalon.core.webui.keyword.builtin.SelectOptionByLabelKeyword$_selectOptionByLabel_closure1.call(SelectOptionByLabelKeyword.groovy)
	at com.kms.katalon.core.webui.keyword.internal.WebUIKeywordMain.runKeyword(WebUIKeywordMain.groovy:20)
	at com.kms.katalon.core.webui.keyword.builtin.SelectOptionByLabelKeyword.selectOptionByLabel(SelectOptionByLabelKeyword.groovy:98)
	at com.kms.katalon.core.webui.keyword.builtin.SelectOptionByLabelKeyword.execute(SelectOptionByLabelKeyword.groovy:71)
	at com.kms.katalon.core.keyword.internal.KeywordExecutor.executeKeywordForPlatform(KeywordExecutor.groovy:74)
	at com.kms.katalon.core.webui.keyword.WebUiBuiltInKeywords.selectOptionByLabel(WebUiBuiltInKeywords.groovy:1230)
	at com.kms.katalon.core.webui.keyword.WebUiBuiltInKeywords$selectOptionByLabel$5.call(Unknown Source)
	at Script1690869810274.run(Script1690869810274.groovy:46)
	... 13 more
)
[[ATTACHMENT|C:\\Users\\Sarah Nur Azizah\\git\\test_bebeclub_branchzizah\\Reports\\20230801_144929\\XL\\20230801_144929\\1690877092563.png]]

2023-08-01 15:04:52 - [TEST_STEP][FAILED] - click(findTestObject("Page_Bebeclub - Membership Registration/button_Kirim Kode OTP")): Unable to click on object 'Object Repository/Page_Bebeclub - Membership Registration/button_Kirim Kode OTP' (Root cause: com.kms.katalon.core.exception.StepFailedException: Unable to click on object 'Object Repository/Page_Bebeclub - Membership Registration/button_Kirim Kode OTP'
	at com.kms.katalon.core.webui.keyword.internal.WebUIKeywordMain.stepFailed(WebUIKeywordMain.groovy:64)
	at com.kms.katalon.core.webui.keyword.internal.WebUIKeywordMain.runKeyword(WebUIKeywordMain.groovy:26)
	at com.kms.katalon.core.webui.keyword.builtin.ClickKeyword.click(ClickKeyword.groovy:74)
	at com.kms.katalon.core.webui.keyword.builtin.ClickKeyword.execute(ClickKeyword.groovy:40)
	at com.kms.katalon.core.keyword.internal.KeywordExecutor.executeKeywordForPlatform(KeywordExecutor.groovy:74)
	at com.kms.katalon.core.webui.keyword.WebUiBuiltInKeywords.click(WebUiBuiltInKeywords.groovy:620)
	at com.kms.katalon.core.webui.keyword.WebUiBuiltInKeywords$click$2.call(Unknown Source)
	at 0877 XL.run(0877 XL:49)
	at com.kms.katalon.core.main.ScriptEngine.run(ScriptEngine.java:194)
	at com.kms.katalon.core.main.ScriptEngine.runScriptAsRawText(ScriptEngine.java:119)
	at com.kms.katalon.core.main.TestCaseExecutor.runScript(TestCaseExecutor.java:448)
	at com.kms.katalon.core.main.TestCaseExecutor.doExecute(TestCaseExecutor.java:439)
	at com.kms.katalon.core.main.TestCaseExecutor.processExecutionPhase(TestCaseExecutor.java:418)
	at com.kms.katalon.core.main.TestCaseExecutor.accessMainPhase(TestCaseExecutor.java:410)
	at com.kms.katalon.core.main.TestCaseExecutor.execute(TestCaseExecutor.java:285)
	at com.kms.katalon.core.common.CommonExecutor.accessTestCaseMainPhase(CommonExecutor.java:65)
	at com.kms.katalon.core.main.TestSuiteExecutor.accessTestSuiteMainPhase(TestSuiteExecutor.java:148)
	at com.kms.katalon.core.main.TestSuiteExecutor.execute(TestSuiteExecutor.java:106)
	at com.kms.katalon.core.main.TestCaseMain.startTestSuite(TestCaseMain.java:187)
	at com.kms.katalon.core.main.TestCaseMain$startTestSuite$0.call(Unknown Source)
	at TempTestSuite1690876169937.run(TempTestSuite1690876169937.groovy:36)
Caused by: com.kms.katalon.core.webui.exception.WebElementNotFoundException: Web element with id: 'Object Repository/Page_Bebeclub - Membership Registration/button_Kirim Kode OTP' located by '(//button[@type='button'])[2]' not found
	at com.kms.katalon.core.webui.common.WebUiCommonHelper.findWebElement(WebUiCommonHelper.java:1376)
	at com.kms.katalon.core.webui.keyword.internal.WebUIAbstractKeyword.findWebElement(WebUIAbstractKeyword.groovy:27)
	at com.kms.katalon.core.webui.keyword.builtin.ClickKeyword$_click_closure1.doCall(ClickKeyword.groovy:65)
	at com.kms.katalon.core.webui.keyword.builtin.ClickKeyword$_click_closure1.call(ClickKeyword.groovy)
	at com.kms.katalon.core.webui.keyword.internal.WebUIKeywordMain.runKeyword(WebUIKeywordMain.groovy:20)
	at com.kms.katalon.core.webui.keyword.builtin.ClickKeyword.click(ClickKeyword.groovy:74)
	at com.kms.katalon.core.webui.keyword.builtin.ClickKeyword.execute(ClickKeyword.groovy:40)
	at com.kms.katalon.core.keyword.internal.KeywordExecutor.executeKeywordForPlatform(KeywordExecutor.groovy:74)
	at com.kms.katalon.core.webui.keyword.WebUiBuiltInKeywords.click(WebUiBuiltInKeywords.groovy:620)
	at com.kms.katalon.core.webui.keyword.WebUiBuiltInKeywords$click$2.call(Unknown Source)
	at Script1690869810274.run(Script1690869810274.groovy:49)
	... 13 more
)

2023-08-01 15:05:23 - [MESSAGE][INFO] - Unable to find the element located by 'By.xpath: (//button[@type='button'])[2]'. Please recheck the objects properties to make sure the desired element is located. 

2023-08-01 15:05:23 - [MESSAGE][FAILED] - Unable to click on object 'Object Repository/Page_Bebeclub - Membership Registration/button_Kirim Kode OTP' (Root cause: com.kms.katalon.core.exception.StepFailedException: Unable to click on object 'Object Repository/Page_Bebeclub - Membership Registration/button_Kirim Kode OTP'
	at com.kms.katalon.core.webui.keyword.internal.WebUIKeywordMain.stepFailed(WebUIKeywordMain.groovy:64)
	at com.kms.katalon.core.webui.keyword.internal.WebUIKeywordMain.runKeyword(WebUIKeywordMain.groovy:26)
	at com.kms.katalon.core.webui.keyword.builtin.ClickKeyword.click(ClickKeyword.groovy:74)
	at com.kms.katalon.core.webui.keyword.builtin.ClickKeyword.execute(ClickKeyword.groovy:40)
	at com.kms.katalon.core.keyword.internal.KeywordExecutor.executeKeywordForPlatform(KeywordExecutor.groovy:74)
	at com.kms.katalon.core.webui.keyword.WebUiBuiltInKeywords.click(WebUiBuiltInKeywords.groovy:620)
	at com.kms.katalon.core.webui.keyword.WebUiBuiltInKeywords$click$2.call(Unknown Source)
	at 0877 XL.run(0877 XL:49)
	at com.kms.katalon.core.main.ScriptEngine.run(ScriptEngine.java:194)
	at com.kms.katalon.core.main.ScriptEngine.runScriptAsRawText(ScriptEngine.java:119)
	at com.kms.katalon.core.main.TestCaseExecutor.runScript(TestCaseExecutor.java:448)
	at com.kms.katalon.core.main.TestCaseExecutor.doExecute(TestCaseExecutor.java:439)
	at com.kms.katalon.core.main.TestCaseExecutor.processExecutionPhase(TestCaseExecutor.java:418)
	at com.kms.katalon.core.main.TestCaseExecutor.accessMainPhase(TestCaseExecutor.java:410)
	at com.kms.katalon.core.main.TestCaseExecutor.execute(TestCaseExecutor.java:285)
	at com.kms.katalon.core.common.CommonExecutor.accessTestCaseMainPhase(CommonExecutor.java:65)
	at com.kms.katalon.core.main.TestSuiteExecutor.accessTestSuiteMainPhase(TestSuiteExecutor.java:148)
	at com.kms.katalon.core.main.TestSuiteExecutor.execute(TestSuiteExecutor.java:106)
	at com.kms.katalon.core.main.TestCaseMain.startTestSuite(TestCaseMain.java:187)
	at com.kms.katalon.core.main.TestCaseMain$startTestSuite$0.call(Unknown Source)
	at TempTestSuite1690876169937.run(TempTestSuite1690876169937.groovy:36)
Caused by: com.kms.katalon.core.webui.exception.WebElementNotFoundException: Web element with id: 'Object Repository/Page_Bebeclub - Membership Registration/button_Kirim Kode OTP' located by '(//button[@type='button'])[2]' not found
	at com.kms.katalon.core.webui.common.WebUiCommonHelper.findWebElement(WebUiCommonHelper.java:1376)
	at com.kms.katalon.core.webui.keyword.internal.WebUIAbstractKeyword.findWebElement(WebUIAbstractKeyword.groovy:27)
	at com.kms.katalon.core.webui.keyword.builtin.ClickKeyword$_click_closure1.doCall(ClickKeyword.groovy:65)
	at com.kms.katalon.core.webui.keyword.builtin.ClickKeyword$_click_closure1.call(ClickKeyword.groovy)
	at com.kms.katalon.core.webui.keyword.internal.WebUIKeywordMain.runKeyword(WebUIKeywordMain.groovy:20)
	at com.kms.katalon.core.webui.keyword.builtin.ClickKeyword.click(ClickKeyword.groovy:74)
	at com.kms.katalon.core.webui.keyword.builtin.ClickKeyword.execute(ClickKeyword.groovy:40)
	at com.kms.katalon.core.keyword.internal.KeywordExecutor.executeKeywordForPlatform(KeywordExecutor.groovy:74)
	at com.kms.katalon.core.webui.keyword.WebUiBuiltInKeywords.click(WebUiBuiltInKeywords.groovy:620)
	at com.kms.katalon.core.webui.keyword.WebUiBuiltInKeywords$click$2.call(Unknown Source)
	at Script1690869810274.run(Script1690869810274.groovy:49)
	... 13 more
)
[[ATTACHMENT|C:\\Users\\Sarah Nur Azizah\\git\\test_bebeclub_branchzizah\\Reports\\20230801_144929\\XL\\20230801_144929\\1690877123664.png]]

2023-08-01 15:05:23 - [TEST_STEP][PASSED] - delay(4): Delayed 4 second(s)

2023-08-01 15:05:27 - [MESSAGE][PASSED] - Delayed 4 second(s)

2023-08-01 15:05:27 - [TEST_STEP][FAILED] - verifyTextPresent("Berhasil", false): Text 'Berhasil' is not present on page  (Root cause: com.kms.katalon.core.exception.StepFailedException: Text 'Berhasil' is not present on page 
	at com.kms.katalon.core.webui.keyword.internal.WebUIKeywordMain.stepFailed(WebUIKeywordMain.groovy:64)
	at com.kms.katalon.core.webui.keyword.builtin.VerifyTextPresentKeyword$_verifyTextPresent_closure1.doCall(VerifyTextPresentKeyword.groovy:79)
	at com.kms.katalon.core.webui.keyword.builtin.VerifyTextPresentKeyword$_verifyTextPresent_closure1.call(VerifyTextPresentKeyword.groovy)
	at com.kms.katalon.core.webui.keyword.internal.WebUIKeywordMain.runKeyword(WebUIKeywordMain.groovy:20)
	at com.kms.katalon.core.webui.keyword.builtin.VerifyTextPresentKeyword.verifyTextPresent(VerifyTextPresentKeyword.groovy:83)
	at com.kms.katalon.core.webui.keyword.builtin.VerifyTextPresentKeyword.execute(VerifyTextPresentKeyword.groovy:68)
	at com.kms.katalon.core.keyword.internal.KeywordExecutor.executeKeywordForPlatform(KeywordExecutor.groovy:74)
	at com.kms.katalon.core.webui.keyword.WebUiBuiltInKeywords.verifyTextPresent(WebUiBuiltInKeywords.groovy:1723)
	at com.kms.katalon.core.webui.keyword.WebUiBuiltInKeywords$verifyTextPresent$6.call(Unknown Source)
	at 0877 XL.run(0877 XL:53)
	at com.kms.katalon.core.main.ScriptEngine.run(ScriptEngine.java:194)
	at com.kms.katalon.core.main.ScriptEngine.runScriptAsRawText(ScriptEngine.java:119)
	at com.kms.katalon.core.main.TestCaseExecutor.runScript(TestCaseExecutor.java:448)
	at com.kms.katalon.core.main.TestCaseExecutor.doExecute(TestCaseExecutor.java:439)
	at com.kms.katalon.core.main.TestCaseExecutor.processExecutionPhase(TestCaseExecutor.java:418)
	at com.kms.katalon.core.main.TestCaseExecutor.accessMainPhase(TestCaseExecutor.java:410)
	at com.kms.katalon.core.main.TestCaseExecutor.execute(TestCaseExecutor.java:285)
	at com.kms.katalon.core.common.CommonExecutor.accessTestCaseMainPhase(CommonExecutor.java:65)
	at com.kms.katalon.core.main.TestSuiteExecutor.accessTestSuiteMainPhase(TestSuiteExecutor.java:148)
	at com.kms.katalon.core.main.TestSuiteExecutor.execute(TestSuiteExecutor.java:106)
	at com.kms.katalon.core.main.TestCaseMain.startTestSuite(TestCaseMain.java:187)
	at com.kms.katalon.core.main.TestCaseMain$startTestSuite$0.call(Unknown Source)
	at TempTestSuite1690876169937.run(TempTestSuite1690876169937.groovy:36)
)

2023-08-01 15:05:27 - [MESSAGE][FAILED] - Text 'Berhasil' is not present on page  (Root cause: com.kms.katalon.core.exception.StepFailedException: Text 'Berhasil' is not present on page 
	at com.kms.katalon.core.webui.keyword.internal.WebUIKeywordMain.stepFailed(WebUIKeywordMain.groovy:64)
	at com.kms.katalon.core.webui.keyword.builtin.VerifyTextPresentKeyword$_verifyTextPresent_closure1.doCall(VerifyTextPresentKeyword.groovy:79)
	at com.kms.katalon.core.webui.keyword.builtin.VerifyTextPresentKeyword$_verifyTextPresent_closure1.call(VerifyTextPresentKeyword.groovy)
	at com.kms.katalon.core.webui.keyword.internal.WebUIKeywordMain.runKeyword(WebUIKeywordMain.groovy:20)
	at com.kms.katalon.core.webui.keyword.builtin.VerifyTextPresentKeyword.verifyTextPresent(VerifyTextPresentKeyword.groovy:83)
	at com.kms.katalon.core.webui.keyword.builtin.VerifyTextPresentKeyword.execute(VerifyTextPresentKeyword.groovy:68)
	at com.kms.katalon.core.keyword.internal.KeywordExecutor.executeKeywordForPlatform(KeywordExecutor.groovy:74)
	at com.kms.katalon.core.webui.keyword.WebUiBuiltInKeywords.verifyTextPresent(WebUiBuiltInKeywords.groovy:1723)
	at com.kms.katalon.core.webui.keyword.WebUiBuiltInKeywords$verifyTextPresent$6.call(Unknown Source)
	at 0877 XL.run(0877 XL:53)
	at com.kms.katalon.core.main.ScriptEngine.run(ScriptEngine.java:194)
	at com.kms.katalon.core.main.ScriptEngine.runScriptAsRawText(ScriptEngine.java:119)
	at com.kms.katalon.core.main.TestCaseExecutor.runScript(TestCaseExecutor.java:448)
	at com.kms.katalon.core.main.TestCaseExecutor.doExecute(TestCaseExecutor.java:439)
	at com.kms.katalon.core.main.TestCaseExecutor.processExecutionPhase(TestCaseExecutor.java:418)
	at com.kms.katalon.core.main.TestCaseExecutor.accessMainPhase(TestCaseExecutor.java:410)
	at com.kms.katalon.core.main.TestCaseExecutor.execute(TestCaseExecutor.java:285)
	at com.kms.katalon.core.common.CommonExecutor.accessTestCaseMainPhase(CommonExecutor.java:65)
	at com.kms.katalon.core.main.TestSuiteExecutor.accessTestSuiteMainPhase(TestSuiteExecutor.java:148)
	at com.kms.katalon.core.main.TestSuiteExecutor.execute(TestSuiteExecutor.java:106)
	at com.kms.katalon.core.main.TestCaseMain.startTestSuite(TestCaseMain.java:187)
	at com.kms.katalon.core.main.TestCaseMain$startTestSuite$0.call(Unknown Source)
	at TempTestSuite1690876169937.run(TempTestSuite1690876169937.groovy:36)
)

2023-08-01 15:05:27 - [TEST_STEP][FAILED] - click(findTestObject("Page_Bebeclub - Membership Registration/img")): Unable to click on object 'Object Repository/Page_Bebeclub - Membership Registration/img' (Root cause: com.kms.katalon.core.exception.StepFailedException: Unable to click on object 'Object Repository/Page_Bebeclub - Membership Registration/img'
	at com.kms.katalon.core.webui.keyword.internal.WebUIKeywordMain.stepFailed(WebUIKeywordMain.groovy:64)
	at com.kms.katalon.core.webui.keyword.internal.WebUIKeywordMain.runKeyword(WebUIKeywordMain.groovy:26)
	at com.kms.katalon.core.webui.keyword.builtin.ClickKeyword.click(ClickKeyword.groovy:74)
	at com.kms.katalon.core.webui.keyword.builtin.ClickKeyword.execute(ClickKeyword.groovy:40)
	at com.kms.katalon.core.keyword.internal.KeywordExecutor.executeKeywordForPlatform(KeywordExecutor.groovy:74)
	at com.kms.katalon.core.webui.keyword.WebUiBuiltInKeywords.click(WebUiBuiltInKeywords.groovy:620)
	at com.kms.katalon.core.webui.keyword.WebUiBuiltInKeywords$click$2.call(Unknown Source)
	at 0877 XL.run(0877 XL:55)
	at com.kms.katalon.core.main.ScriptEngine.run(ScriptEngine.java:194)
	at com.kms.katalon.core.main.ScriptEngine.runScriptAsRawText(ScriptEngine.java:119)
	at com.kms.katalon.core.main.TestCaseExecutor.runScript(TestCaseExecutor.java:448)
	at com.kms.katalon.core.main.TestCaseExecutor.doExecute(TestCaseExecutor.java:439)
	at com.kms.katalon.core.main.TestCaseExecutor.processExecutionPhase(TestCaseExecutor.java:418)
	at com.kms.katalon.core.main.TestCaseExecutor.accessMainPhase(TestCaseExecutor.java:410)
	at com.kms.katalon.core.main.TestCaseExecutor.execute(TestCaseExecutor.java:285)
	at com.kms.katalon.core.common.CommonExecutor.accessTestCaseMainPhase(CommonExecutor.java:65)
	at com.kms.katalon.core.main.TestSuiteExecutor.accessTestSuiteMainPhase(TestSuiteExecutor.java:148)
	at com.kms.katalon.core.main.TestSuiteExecutor.execute(TestSuiteExecutor.java:106)
	at com.kms.katalon.core.main.TestCaseMain.startTestSuite(TestCaseMain.java:187)
	at com.kms.katalon.core.main.TestCaseMain$startTestSuite$0.call(Unknown Source)
	at TempTestSuite1690876169937.run(TempTestSuite1690876169937.groovy:36)
Caused by: com.kms.katalon.core.webui.exception.WebElementNotFoundException: Web element with id: 'Object Repository/Page_Bebeclub - Membership Registration/img' located by '//img[@alt='close']' not found
	at com.kms.katalon.core.webui.common.WebUiCommonHelper.findWebElement(WebUiCommonHelper.java:1376)
	at com.kms.katalon.core.webui.keyword.internal.WebUIAbstractKeyword.findWebElement(WebUIAbstractKeyword.groovy:27)
	at com.kms.katalon.core.webui.keyword.builtin.ClickKeyword$_click_closure1.doCall(ClickKeyword.groovy:65)
	at com.kms.katalon.core.webui.keyword.builtin.ClickKeyword$_click_closure1.call(ClickKeyword.groovy)
	at com.kms.katalon.core.webui.keyword.internal.WebUIKeywordMain.runKeyword(WebUIKeywordMain.groovy:20)
	at com.kms.katalon.core.webui.keyword.builtin.ClickKeyword.click(ClickKeyword.groovy:74)
	at com.kms.katalon.core.webui.keyword.builtin.ClickKeyword.execute(ClickKeyword.groovy:40)
	at com.kms.katalon.core.keyword.internal.KeywordExecutor.executeKeywordForPlatform(KeywordExecutor.groovy:74)
	at com.kms.katalon.core.webui.keyword.WebUiBuiltInKeywords.click(WebUiBuiltInKeywords.groovy:620)
	at com.kms.katalon.core.webui.keyword.WebUiBuiltInKeywords$click$2.call(Unknown Source)
	at Script1690869810274.run(Script1690869810274.groovy:55)
	... 13 more
)

2023-08-01 15:05:58 - [MESSAGE][INFO] - Unable to find the element located by 'By.xpath: //img[@alt='close']'. Please recheck the objects properties to make sure the desired element is located. 

2023-08-01 15:05:58 - [MESSAGE][FAILED] - Unable to click on object 'Object Repository/Page_Bebeclub - Membership Registration/img' (Root cause: com.kms.katalon.core.exception.StepFailedException: Unable to click on object 'Object Repository/Page_Bebeclub - Membership Registration/img'
	at com.kms.katalon.core.webui.keyword.internal.WebUIKeywordMain.stepFailed(WebUIKeywordMain.groovy:64)
	at com.kms.katalon.core.webui.keyword.internal.WebUIKeywordMain.runKeyword(WebUIKeywordMain.groovy:26)
	at com.kms.katalon.core.webui.keyword.builtin.ClickKeyword.click(ClickKeyword.groovy:74)
	at com.kms.katalon.core.webui.keyword.builtin.ClickKeyword.execute(ClickKeyword.groovy:40)
	at com.kms.katalon.core.keyword.internal.KeywordExecutor.executeKeywordForPlatform(KeywordExecutor.groovy:74)
	at com.kms.katalon.core.webui.keyword.WebUiBuiltInKeywords.click(WebUiBuiltInKeywords.groovy:620)
	at com.kms.katalon.core.webui.keyword.WebUiBuiltInKeywords$click$2.call(Unknown Source)
	at 0877 XL.run(0877 XL:55)
	at com.kms.katalon.core.main.ScriptEngine.run(ScriptEngine.java:194)
	at com.kms.katalon.core.main.ScriptEngine.runScriptAsRawText(ScriptEngine.java:119)
	at com.kms.katalon.core.main.TestCaseExecutor.runScript(TestCaseExecutor.java:448)
	at com.kms.katalon.core.main.TestCaseExecutor.doExecute(TestCaseExecutor.java:439)
	at com.kms.katalon.core.main.TestCaseExecutor.processExecutionPhase(TestCaseExecutor.java:418)
	at com.kms.katalon.core.main.TestCaseExecutor.accessMainPhase(TestCaseExecutor.java:410)
	at com.kms.katalon.core.main.TestCaseExecutor.execute(TestCaseExecutor.java:285)
	at com.kms.katalon.core.common.CommonExecutor.accessTestCaseMainPhase(CommonExecutor.java:65)
	at com.kms.katalon.core.main.TestSuiteExecutor.accessTestSuiteMainPhase(TestSuiteExecutor.java:148)
	at com.kms.katalon.core.main.TestSuiteExecutor.execute(TestSuiteExecutor.java:106)
	at com.kms.katalon.core.main.TestCaseMain.startTestSuite(TestCaseMain.java:187)
	at com.kms.katalon.core.main.TestCaseMain$startTestSuite$0.call(Unknown Source)
	at TempTestSuite1690876169937.run(TempTestSuite1690876169937.groovy:36)
Caused by: com.kms.katalon.core.webui.exception.WebElementNotFoundException: Web element with id: 'Object Repository/Page_Bebeclub - Membership Registration/img' located by '//img[@alt='close']' not found
	at com.kms.katalon.core.webui.common.WebUiCommonHelper.findWebElement(WebUiCommonHelper.java:1376)
	at com.kms.katalon.core.webui.keyword.internal.WebUIAbstractKeyword.findWebElement(WebUIAbstractKeyword.groovy:27)
	at com.kms.katalon.core.webui.keyword.builtin.ClickKeyword$_click_closure1.doCall(ClickKeyword.groovy:65)
	at com.kms.katalon.core.webui.keyword.builtin.ClickKeyword$_click_closure1.call(ClickKeyword.groovy)
	at com.kms.katalon.core.webui.keyword.internal.WebUIKeywordMain.runKeyword(WebUIKeywordMain.groovy:20)
	at com.kms.katalon.core.webui.keyword.builtin.ClickKeyword.click(ClickKeyword.groovy:74)
	at com.kms.katalon.core.webui.keyword.builtin.ClickKeyword.execute(ClickKeyword.groovy:40)
	at com.kms.katalon.core.keyword.internal.KeywordExecutor.executeKeywordForPlatform(KeywordExecutor.groovy:74)
	at com.kms.katalon.core.webui.keyword.WebUiBuiltInKeywords.click(WebUiBuiltInKeywords.groovy:620)
	at com.kms.katalon.core.webui.keyword.WebUiBuiltInKeywords$click$2.call(Unknown Source)
	at Script1690869810274.run(Script1690869810274.groovy:55)
	... 13 more
)
[[ATTACHMENT|C:\\Users\\Sarah Nur Azizah\\git\\test_bebeclub_branchzizah\\Reports\\20230801_144929\\XL\\20230801_144929\\1690877158828.png]]]]></system-out>
         <system-err><![CDATA[2023-08-01 14:56:12 - [TEST_CASE][FAILED] - Test Cases/REGISTER/Prefix ID/0877 XL: Test Cases/REGISTER/Prefix ID/0877 XL FAILED.
Reason:
com.kms.katalon.core.exception.StepFailedException: Unable to navigate to 'https://bebeclub.eydendigital.co.id/membership/registration' (Root cause: com.kms.katalon.core.exception.StepFailedException: Unable to navigate to 'https://bebeclub.eydendigital.co.id/membership/registration'
	at com.kms.katalon.core.webui.keyword.internal.WebUIKeywordMain.stepFailed(WebUIKeywordMain.groovy:64)
	at com.kms.katalon.core.webui.keyword.internal.WebUIKeywordMain.runKeyword(WebUIKeywordMain.groovy:26)
	at com.kms.katalon.core.webui.keyword.builtin.NavigateToUrlKeyword.navigateToUrl(NavigateToUrlKeyword.groovy:83)
	at com.kms.katalon.core.webui.keyword.builtin.NavigateToUrlKeyword.execute(NavigateToUrlKeyword.groovy:67)
	at com.kms.katalon.core.keyword.internal.KeywordExecutor.executeKeywordForPlatform(KeywordExecutor.groovy:74)
	at com.kms.katalon.core.webui.keyword.WebUiBuiltInKeywords.navigateToUrl(WebUiBuiltInKeywords.groovy:187)
	at com.kms.katalon.core.webui.keyword.WebUiBuiltInKeywords$navigateToUrl$1.call(Unknown Source)
	at 0877 XL.run(0877 XL:25)
	at com.kms.katalon.core.main.ScriptEngine.run(ScriptEngine.java:194)
	at com.kms.katalon.core.main.ScriptEngine.runScriptAsRawText(ScriptEngine.java:119)
	at com.kms.katalon.core.main.TestCaseExecutor.runScript(TestCaseExecutor.java:448)
	at com.kms.katalon.core.main.TestCaseExecutor.doExecute(TestCaseExecutor.java:439)
	at com.kms.katalon.core.main.TestCaseExecutor.processExecutionPhase(TestCaseExecutor.java:418)
	at com.kms.katalon.core.main.TestCaseExecutor.accessMainPhase(TestCaseExecutor.java:410)
	at com.kms.katalon.core.main.TestCaseExecutor.execute(TestCaseExecutor.java:285)
	at com.kms.katalon.core.common.CommonExecutor.accessTestCaseMainPhase(CommonExecutor.java:65)
	at com.kms.katalon.core.main.TestSuiteExecutor.accessTestSuiteMainPhase(TestSuiteExecutor.java:148)
	at com.kms.katalon.core.main.TestSuiteExecutor.execute(TestSuiteExecutor.java:106)
	at com.kms.katalon.core.main.TestCaseMain.startTestSuite(TestCaseMain.java:187)
	at com.kms.katalon.core.main.TestCaseMain$startTestSuite$0.call(Unknown Source)
	at TempTestSuite1690876169937.run(TempTestSuite1690876169937.groovy:36)
Caused by: org.openqa.selenium.TimeoutException: timeout: Timed out receiving message from renderer: -0.011
  (Session info: headless chrome=115.0.5790.110)
Build info: version: '3.141.59', revision: 'e82be7d358', time: '2018-11-14T08:25:53'
System info: host: 'ZIZAH-EYD', ip: '10.10.10.204', os.name: 'Windows 10', os.arch: 'amd64', os.version: '10.0', java.version: '1.8.0_282'
Driver info: com.kms.katalon.selenium.driver.CChromeDriver
Capabilities {acceptInsecureCerts: false, browserName: chrome, browserVersion: 115.0.5790.110, chrome: {chromedriverVersion: 114.0.5735.90 (386bc09e8f4f..., userDataDir: C:\Users\SARAHN~1\AppData\L...}, goog:chromeOptions: {debuggerAddress: localhost:61195}, javascriptEnabled: true, networkConnectionEnabled: false, pageLoadStrategy: normal, platform: WINDOWS, platformName: WINDOWS, proxy: Proxy(), setWindowRect: true, strictFileInteractability: false, timeouts: {implicit: 0, pageLoad: 300000, script: 30000}, unhandledPromptBehavior: dismiss and notify, webauthn:extension:credBlob: true, webauthn:extension:largeBlob: true, webauthn:extension:minPinLength: true, webauthn:extension:prf: true, webauthn:virtualAuthenticators: true}
Session ID: 0b30aab177f905e6a6d54bb13ffa9577
	at org.openqa.selenium.remote.http.W3CHttpResponseCodec.createException(W3CHttpResponseCodec.java:187)
	at org.openqa.selenium.remote.http.W3CHttpResponseCodec.decode(W3CHttpResponseCodec.java:122)
	at org.openqa.selenium.remote.http.W3CHttpResponseCodec.decode(W3CHttpResponseCodec.java:49)
	at org.openqa.selenium.remote.HttpCommandExecutor.execute(HttpCommandExecutor.java:158)
	at org.openqa.selenium.remote.service.DriverCommandExecutor.execute(DriverCommandExecutor.java:83)
	at org.openqa.selenium.remote.RemoteWebDriver.execute(RemoteWebDriver.java:552)
	at com.kms.katalon.selenium.driver.CChromeDriver.execute(CChromeDriver.java:19)
	at org.openqa.selenium.remote.RemoteWebDriver.get(RemoteWebDriver.java:277)
	at org.openqa.selenium.remote.RemoteWebDriver$RemoteNavigation.to(RemoteWebDriver.java:857)
	at org.openqa.selenium.support.events.EventFiringWebDriver$EventFiringNavigation.to(EventFiringWebDriver.java:569)
	at com.kms.katalon.core.webui.keyword.builtin.NavigateToUrlKeyword$_navigateToUrl_closure1.doCall(NavigateToUrlKeyword.groovy:81)
	at com.kms.katalon.core.webui.keyword.builtin.NavigateToUrlKeyword$_navigateToUrl_closure1.call(NavigateToUrlKeyword.groovy)
	at com.kms.katalon.core.webui.keyword.internal.WebUIKeywordMain.runKeyword(WebUIKeywordMain.groovy:20)
	at com.kms.katalon.core.webui.keyword.builtin.NavigateToUrlKeyword.navigateToUrl(NavigateToUrlKeyword.groovy:83)
	at com.kms.katalon.core.webui.keyword.builtin.NavigateToUrlKeyword.execute(NavigateToUrlKeyword.groovy:67)
	at com.kms.katalon.core.keyword.internal.KeywordExecutor.executeKeywordForPlatform(KeywordExecutor.groovy:74)
	at com.kms.katalon.core.webui.keyword.WebUiBuiltInKeywords.navigateToUrl(WebUiBuiltInKeywords.groovy:187)
	at com.kms.katalon.core.webui.keyword.WebUiBuiltInKeywords$navigateToUrl$1.call(Unknown Source)
	at Script1690869810274.run(Script1690869810274.groovy:25)
	... 13 more
)
	at com.kms.katalon.core.keyword.internal.KeywordMain.stepFailed(KeywordMain.groovy:39)
	at com.kms.katalon.core.webui.keyword.internal.WebUIKeywordMain.stepFailed(WebUIKeywordMain.groovy:64)
	at com.kms.katalon.core.webui.keyword.internal.WebUIKeywordMain.runKeyword(WebUIKeywordMain.groovy:26)
	at com.kms.katalon.core.webui.keyword.builtin.NavigateToUrlKeyword.navigateToUrl(NavigateToUrlKeyword.groovy:83)
	at com.kms.katalon.core.webui.keyword.builtin.NavigateToUrlKeyword.execute(NavigateToUrlKeyword.groovy:67)
	at com.kms.katalon.core.keyword.internal.KeywordExecutor.executeKeywordForPlatform(KeywordExecutor.groovy:74)
	at com.kms.katalon.core.webui.keyword.WebUiBuiltInKeywords.navigateToUrl(WebUiBuiltInKeywords.groovy:187)
	at com.kms.katalon.core.webui.keyword.WebUiBuiltInKeywords$navigateToUrl$1.call(Unknown Source)
	at 0877 XL.run(0877 XL:25)
	at com.kms.katalon.core.main.ScriptEngine.run(ScriptEngine.java:194)
	at com.kms.katalon.core.main.ScriptEngine.runScriptAsRawText(ScriptEngine.java:119)
	at com.kms.katalon.core.main.TestCaseExecutor.runScript(TestCaseExecutor.java:448)
	at com.kms.katalon.core.main.TestCaseExecutor.doExecute(TestCaseExecutor.java:439)
	at com.kms.katalon.core.main.TestCaseExecutor.processExecutionPhase(TestCaseExecutor.java:418)
	at com.kms.katalon.core.main.TestCaseExecutor.accessMainPhase(TestCaseExecutor.java:410)
	at com.kms.katalon.core.main.TestCaseExecutor.execute(TestCaseExecutor.java:285)
	at com.kms.katalon.core.common.CommonExecutor.accessTestCaseMainPhase(CommonExecutor.java:65)
	at com.kms.katalon.core.main.TestSuiteExecutor.accessTestSuiteMainPhase(TestSuiteExecutor.java:148)
	at com.kms.katalon.core.main.TestSuiteExecutor.execute(TestSuiteExecutor.java:106)
	at com.kms.katalon.core.main.TestCaseMain.startTestSuite(TestCaseMain.java:187)
	at com.kms.katalon.core.main.TestCaseMain$startTestSuite$0.call(Unknown Source)
	at TempTestSuite1690876169937.run(TempTestSuite1690876169937.groovy:36)
Caused by: com.kms.katalon.core.exception.StepFailedException: Unable to navigate to 'https://bebeclub.eydendigital.co.id/membership/registration'
	... 21 more
Caused by: org.openqa.selenium.TimeoutException: timeout: Timed out receiving message from renderer: -0.011
  (Session info: headless chrome=115.0.5790.110)
Build info: version: '3.141.59', revision: 'e82be7d358', time: '2018-11-14T08:25:53'
System info: host: 'ZIZAH-EYD', ip: '10.10.10.204', os.name: 'Windows 10', os.arch: 'amd64', os.version: '10.0', java.version: '1.8.0_282'
Driver info: com.kms.katalon.selenium.driver.CChromeDriver
Capabilities {acceptInsecureCerts: false, browserName: chrome, browserVersion: 115.0.5790.110, chrome: {chromedriverVersion: 114.0.5735.90 (386bc09e8f4f..., userDataDir: C:\Users\SARAHN~1\AppData\L...}, goog:chromeOptions: {debuggerAddress: localhost:61195}, javascriptEnabled: true, networkConnectionEnabled: false, pageLoadStrategy: normal, platform: WINDOWS, platformName: WINDOWS, proxy: Proxy(), setWindowRect: true, strictFileInteractability: false, timeouts: {implicit: 0, pageLoad: 300000, script: 30000}, unhandledPromptBehavior: dismiss and notify, webauthn:extension:credBlob: true, webauthn:extension:largeBlob: true, webauthn:extension:minPinLength: true, webauthn:extension:prf: true, webauthn:virtualAuthenticators: true}
Session ID: 0b30aab177f905e6a6d54bb13ffa9577
	at org.openqa.selenium.remote.http.W3CHttpResponseCodec.createException(W3CHttpResponseCodec.java:187)
	at org.openqa.selenium.remote.http.W3CHttpResponseCodec.decode(W3CHttpResponseCodec.java:122)
	at org.openqa.selenium.remote.http.W3CHttpResponseCodec.decode(W3CHttpResponseCodec.java:49)
	at org.openqa.selenium.remote.HttpCommandExecutor.execute(HttpCommandExecutor.java:158)
	at org.openqa.selenium.remote.service.DriverCommandExecutor.execute(DriverCommandExecutor.java:83)
	at org.openqa.selenium.remote.RemoteWebDriver.execute(RemoteWebDriver.java:552)
	at com.kms.katalon.selenium.driver.CChromeDriver.execute(CChromeDriver.java:19)
	at org.openqa.selenium.remote.RemoteWebDriver.get(RemoteWebDriver.java:277)
	at org.openqa.selenium.remote.RemoteWebDriver$RemoteNavigation.to(RemoteWebDriver.java:857)
	at org.openqa.selenium.support.events.EventFiringWebDriver$EventFiringNavigation.to(EventFiringWebDriver.java:569)
	at com.kms.katalon.core.webui.keyword.builtin.NavigateToUrlKeyword$_navigateToUrl_closure1.doCall(NavigateToUrlKeyword.groovy:81)
	at com.kms.katalon.core.webui.keyword.builtin.NavigateToUrlKeyword$_navigateToUrl_closure1.call(NavigateToUrlKeyword.groovy)
	at com.kms.katalon.core.webui.keyword.internal.WebUIKeywordMain.runKeyword(WebUIKeywordMain.groovy:20)
	... 19 more]]></system-err>
      </testcase>
      <testcase name="Test Cases/REGISTER/Prefix ID/0878 XL" time="319.675" classname="Test Cases/REGISTER/Prefix ID/0878 XL" status="FAILED">
         <failure type="FAILED" message="Test Cases/REGISTER/Prefix ID/0878 XL FAILED.
Reason:
com.kms.katalon.core.exception.StepFailedException: Unable to click on object 'Object Repository/Homepage/a_Register' (Root cause: com.kms.katalon.core.exception.StepFailedException: Unable to click on object 'Object Repository/Homepage/a_Register'
	at com.kms.katalon.core.webui.keyword.internal.WebUIKeywordMain.stepFailed(WebUIKeywordMain.groovy:64)
	at com.kms.katalon.core.webui.keyword.internal.WebUIKeywordMain.runKeyword(WebUIKeywordMain.groovy:26)
	at com.kms.katalon.core.webui.keyword.builtin.ClickKeyword.click(ClickKeyword.groovy:74)
	at com.kms.katalon.core.webui.keyword.builtin.ClickKeyword.execute(ClickKeyword.groovy:40)
	at com.kms.katalon.core.keyword.internal.KeywordExecutor.executeKeywordForPlatform(KeywordExecutor.groovy:74)
	at com.kms.katalon.core.webui.keyword.WebUiBuiltInKeywords.click(WebUiBuiltInKeywords.groovy:620)
	at com.kms.katalon.core.webui.keyword.WebUiBuiltInKeywords$click$2.call(Unknown Source)
	at 0878 XL.run(0878 XL:27)
	at com.kms.katalon.core.main.ScriptEngine.run(ScriptEngine.java:194)
	at com.kms.katalon.core.main.ScriptEngine.runScriptAsRawText(ScriptEngine.java:119)
	at com.kms.katalon.core.main.TestCaseExecutor.runScript(TestCaseExecutor.java:448)
	at com.kms.katalon.core.main.TestCaseExecutor.doExecute(TestCaseExecutor.java:439)
	at com.kms.katalon.core.main.TestCaseExecutor.processExecutionPhase(TestCaseExecutor.java:418)
	at com.kms.katalon.core.main.TestCaseExecutor.accessMainPhase(TestCaseExecutor.java:410)
	at com.kms.katalon.core.main.TestCaseExecutor.execute(TestCaseExecutor.java:285)
	at com.kms.katalon.core.common.CommonExecutor.accessTestCaseMainPhase(CommonExecutor.java:65)
	at com.kms.katalon.core.main.TestSuiteExecutor.accessTestSuiteMainPhase(TestSuiteExecutor.java:148)
	at com.kms.katalon.core.main.TestSuiteExecutor.execute(TestSuiteExecutor.java:106)
	at com.kms.katalon.core.main.TestCaseMain.startTestSuite(TestCaseMain.java:187)
	at com.kms.katalon.core.main.TestCaseMain$startTestSuite$0.call(Unknown Source)
	at TempTestSuite1690876169937.run(TempTestSuite1690876169937.groovy:36)
Caused by: com.kms.katalon.core.webui.exception.WebElementNotFoundException: Web element with id: 'Object Repository/Homepage/a_Register' located by '(//a[contains(text(),'Register')])[2]' not found
	at com.kms.katalon.core.webui.common.WebUiCommonHelper.findWebElement(WebUiCommonHelper.java:1376)
	at com.kms.katalon.core.webui.keyword.internal.WebUIAbstractKeyword.findWebElement(WebUIAbstractKeyword.groovy:27)
	at com.kms.katalon.core.webui.keyword.builtin.ClickKeyword$_click_closure1.doCall(ClickKeyword.groovy:65)
	at com.kms.katalon.core.webui.keyword.builtin.ClickKeyword$_click_closure1.call(ClickKeyword.groovy)
	at com.kms.katalon.core.webui.keyword.internal.WebUIKeywordMain.runKeyword(WebUIKeywordMain.groovy:20)
	at com.kms.katalon.core.webui.keyword.builtin.ClickKeyword.click(ClickKeyword.groovy:74)
	at com.kms.katalon.core.webui.keyword.builtin.ClickKeyword.execute(ClickKeyword.groovy:40)
	at com.kms.katalon.core.keyword.internal.KeywordExecutor.executeKeywordForPlatform(KeywordExecutor.groovy:74)
	at com.kms.katalon.core.webui.keyword.WebUiBuiltInKeywords.click(WebUiBuiltInKeywords.groovy:620)
	at com.kms.katalon.core.webui.keyword.WebUiBuiltInKeywords$click$2.call(Unknown Source)
	at Script1690871479980.run(Script1690871479980.groovy:27)
	... 13 more
)
	at com.kms.katalon.core.keyword.internal.KeywordMain.stepFailed(KeywordMain.groovy:39)
	at com.kms.katalon.core.webui.keyword.internal.WebUIKeywordMain.stepFailed(WebUIKeywordMain.groovy:64)
	at com.kms.katalon.core.webui.keyword.internal.WebUIKeywordMain.runKeyword(WebUIKeywordMain.groovy:26)
	at com.kms.katalon.core.webui.keyword.builtin.ClickKeyword.click(ClickKeyword.groovy:74)
	at com.kms.katalon.core.webui.keyword.builtin.ClickKeyword.execute(ClickKeyword.groovy:40)
	at com.kms.katalon.core.keyword.internal.KeywordExecutor.executeKeywordForPlatform(KeywordExecutor.groovy:74)
	at com.kms.katalon.core.webui.keyword.WebUiBuiltInKeywords.click(WebUiBuiltInKeywords.groovy:620)
	at com.kms.katalon.core.webui.keyword.WebUiBuiltInKeywords$click$2.call(Unknown Source)
	at 0878 XL.run(0878 XL:27)
	at com.kms.katalon.core.main.ScriptEngine.run(ScriptEngine.java:194)
	at com.kms.katalon.core.main.ScriptEngine.runScriptAsRawText(ScriptEngine.java:119)
	at com.kms.katalon.core.main.TestCaseExecutor.runScript(TestCaseExecutor.java:448)
	at com.kms.katalon.core.main.TestCaseExecutor.doExecute(TestCaseExecutor.java:439)
	at com.kms.katalon.core.main.TestCaseExecutor.processExecutionPhase(TestCaseExecutor.java:418)
	at com.kms.katalon.core.main.TestCaseExecutor.accessMainPhase(TestCaseExecutor.java:410)
	at com.kms.katalon.core.main.TestCaseExecutor.execute(TestCaseExecutor.java:285)
	at com.kms.katalon.core.common.CommonExecutor.accessTestCaseMainPhase(CommonExecutor.java:65)
	at com.kms.katalon.core.main.TestSuiteExecutor.accessTestSuiteMainPhase(TestSuiteExecutor.java:148)
	at com.kms.katalon.core.main.TestSuiteExecutor.execute(TestSuiteExecutor.java:106)
	at com.kms.katalon.core.main.TestCaseMain.startTestSuite(TestCaseMain.java:187)
	at com.kms.katalon.core.main.TestCaseMain$startTestSuite$0.call(Unknown Source)
	at TempTestSuite1690876169937.run(TempTestSuite1690876169937.groovy:36)
Caused by: com.kms.katalon.core.exception.StepFailedException: Unable to click on object 'Object Repository/Homepage/a_Register'
	... 21 more
Caused by: com.kms.katalon.core.webui.exception.WebElementNotFoundException: Web element with id: 'Object Repository/Homepage/a_Register' located by '(//a[contains(text(),'Register')])[2]' not found
	at com.kms.katalon.core.webui.common.WebUiCommonHelper.findWebElement(WebUiCommonHelper.java:1376)
	at com.kms.katalon.core.webui.keyword.internal.WebUIAbstractKeyword.findWebElement(WebUIAbstractKeyword.groovy:27)
	at com.kms.katalon.core.webui.keyword.builtin.ClickKeyword$_click_closure1.doCall(ClickKeyword.groovy:65)
	at com.kms.katalon.core.webui.keyword.builtin.ClickKeyword$_click_closure1.call(ClickKeyword.groovy)
	at com.kms.katalon.core.webui.keyword.internal.WebUIKeywordMain.runKeyword(WebUIKeywordMain.groovy:20)
	... 19 more
"/>
         <system-out><![CDATA[2023-08-01 15:05:58 - [TEST_CASE][FAILED] - Test Cases/REGISTER/Prefix ID/0878 XL: Test Cases/REGISTER/Prefix ID/0878 XL FAILED.
Reason:
com.kms.katalon.core.exception.StepFailedException: Unable to click on object 'Object Repository/Homepage/a_Register' (Root cause: com.kms.katalon.core.exception.StepFailedException: Unable to click on object 'Object Repository/Homepage/a_Register'
	at com.kms.katalon.core.webui.keyword.internal.WebUIKeywordMain.stepFailed(WebUIKeywordMain.groovy:64)
	at com.kms.katalon.core.webui.keyword.internal.WebUIKeywordMain.runKeyword(WebUIKeywordMain.groovy:26)
	at com.kms.katalon.core.webui.keyword.builtin.ClickKeyword.click(ClickKeyword.groovy:74)
	at com.kms.katalon.core.webui.keyword.builtin.ClickKeyword.execute(ClickKeyword.groovy:40)
	at com.kms.katalon.core.keyword.internal.KeywordExecutor.executeKeywordForPlatform(KeywordExecutor.groovy:74)
	at com.kms.katalon.core.webui.keyword.WebUiBuiltInKeywords.click(WebUiBuiltInKeywords.groovy:620)
	at com.kms.katalon.core.webui.keyword.WebUiBuiltInKeywords$click$2.call(Unknown Source)
	at 0878 XL.run(0878 XL:27)
	at com.kms.katalon.core.main.ScriptEngine.run(ScriptEngine.java:194)
	at com.kms.katalon.core.main.ScriptEngine.runScriptAsRawText(ScriptEngine.java:119)
	at com.kms.katalon.core.main.TestCaseExecutor.runScript(TestCaseExecutor.java:448)
	at com.kms.katalon.core.main.TestCaseExecutor.doExecute(TestCaseExecutor.java:439)
	at com.kms.katalon.core.main.TestCaseExecutor.processExecutionPhase(TestCaseExecutor.java:418)
	at com.kms.katalon.core.main.TestCaseExecutor.accessMainPhase(TestCaseExecutor.java:410)
	at com.kms.katalon.core.main.TestCaseExecutor.execute(TestCaseExecutor.java:285)
	at com.kms.katalon.core.common.CommonExecutor.accessTestCaseMainPhase(CommonExecutor.java:65)
	at com.kms.katalon.core.main.TestSuiteExecutor.accessTestSuiteMainPhase(TestSuiteExecutor.java:148)
	at com.kms.katalon.core.main.TestSuiteExecutor.execute(TestSuiteExecutor.java:106)
	at com.kms.katalon.core.main.TestCaseMain.startTestSuite(TestCaseMain.java:187)
	at com.kms.katalon.core.main.TestCaseMain$startTestSuite$0.call(Unknown Source)
	at TempTestSuite1690876169937.run(TempTestSuite1690876169937.groovy:36)
Caused by: com.kms.katalon.core.webui.exception.WebElementNotFoundException: Web element with id: 'Object Repository/Homepage/a_Register' located by '(//a[contains(text(),'Register')])[2]' not found
	at com.kms.katalon.core.webui.common.WebUiCommonHelper.findWebElement(WebUiCommonHelper.java:1376)
	at com.kms.katalon.core.webui.keyword.internal.WebUIAbstractKeyword.findWebElement(WebUIAbstractKeyword.groovy:27)
	at com.kms.katalon.core.webui.keyword.builtin.ClickKeyword$_click_closure1.doCall(ClickKeyword.groovy:65)
	at com.kms.katalon.core.webui.keyword.builtin.ClickKeyword$_click_closure1.call(ClickKeyword.groovy)
	at com.kms.katalon.core.webui.keyword.internal.WebUIKeywordMain.runKeyword(WebUIKeywordMain.groovy:20)
	at com.kms.katalon.core.webui.keyword.builtin.ClickKeyword.click(ClickKeyword.groovy:74)
	at com.kms.katalon.core.webui.keyword.builtin.ClickKeyword.execute(ClickKeyword.groovy:40)
	at com.kms.katalon.core.keyword.internal.KeywordExecutor.executeKeywordForPlatform(KeywordExecutor.groovy:74)
	at com.kms.katalon.core.webui.keyword.WebUiBuiltInKeywords.click(WebUiBuiltInKeywords.groovy:620)
	at com.kms.katalon.core.webui.keyword.WebUiBuiltInKeywords$click$2.call(Unknown Source)
	at Script1690871479980.run(Script1690871479980.groovy:27)
	... 13 more
)
	at com.kms.katalon.core.keyword.internal.KeywordMain.stepFailed(KeywordMain.groovy:39)
	at com.kms.katalon.core.webui.keyword.internal.WebUIKeywordMain.stepFailed(WebUIKeywordMain.groovy:64)
	at com.kms.katalon.core.webui.keyword.internal.WebUIKeywordMain.runKeyword(WebUIKeywordMain.groovy:26)
	at com.kms.katalon.core.webui.keyword.builtin.ClickKeyword.click(ClickKeyword.groovy:74)
	at com.kms.katalon.core.webui.keyword.builtin.ClickKeyword.execute(ClickKeyword.groovy:40)
	at com.kms.katalon.core.keyword.internal.KeywordExecutor.executeKeywordForPlatform(KeywordExecutor.groovy:74)
	at com.kms.katalon.core.webui.keyword.WebUiBuiltInKeywords.click(WebUiBuiltInKeywords.groovy:620)
	at com.kms.katalon.core.webui.keyword.WebUiBuiltInKeywords$click$2.call(Unknown Source)
	at 0878 XL.run(0878 XL:27)
	at com.kms.katalon.core.main.ScriptEngine.run(ScriptEngine.java:194)
	at com.kms.katalon.core.main.ScriptEngine.runScriptAsRawText(ScriptEngine.java:119)
	at com.kms.katalon.core.main.TestCaseExecutor.runScript(TestCaseExecutor.java:448)
	at com.kms.katalon.core.main.TestCaseExecutor.doExecute(TestCaseExecutor.java:439)
	at com.kms.katalon.core.main.TestCaseExecutor.processExecutionPhase(TestCaseExecutor.java:418)
	at com.kms.katalon.core.main.TestCaseExecutor.accessMainPhase(TestCaseExecutor.java:410)
	at com.kms.katalon.core.main.TestCaseExecutor.execute(TestCaseExecutor.java:285)
	at com.kms.katalon.core.common.CommonExecutor.accessTestCaseMainPhase(CommonExecutor.java:65)
	at com.kms.katalon.core.main.TestSuiteExecutor.accessTestSuiteMainPhase(TestSuiteExecutor.java:148)
	at com.kms.katalon.core.main.TestSuiteExecutor.execute(TestSuiteExecutor.java:106)
	at com.kms.katalon.core.main.TestCaseMain.startTestSuite(TestCaseMain.java:187)
	at com.kms.katalon.core.main.TestCaseMain$startTestSuite$0.call(Unknown Source)
	at TempTestSuite1690876169937.run(TempTestSuite1690876169937.groovy:36)
Caused by: com.kms.katalon.core.exception.StepFailedException: Unable to click on object 'Object Repository/Homepage/a_Register'
	... 21 more
Caused by: com.kms.katalon.core.webui.exception.WebElementNotFoundException: Web element with id: 'Object Repository/Homepage/a_Register' located by '(//a[contains(text(),'Register')])[2]' not found
	at com.kms.katalon.core.webui.common.WebUiCommonHelper.findWebElement(WebUiCommonHelper.java:1376)
	at com.kms.katalon.core.webui.keyword.internal.WebUIAbstractKeyword.findWebElement(WebUIAbstractKeyword.groovy:27)
	at com.kms.katalon.core.webui.keyword.builtin.ClickKeyword$_click_closure1.doCall(ClickKeyword.groovy:65)
	at com.kms.katalon.core.webui.keyword.builtin.ClickKeyword$_click_closure1.call(ClickKeyword.groovy)
	at com.kms.katalon.core.webui.keyword.internal.WebUIKeywordMain.runKeyword(WebUIKeywordMain.groovy:20)
	... 19 more


2023-08-01 15:05:59 - [TEST_STEP][PASSED] - openBrowser(""): Browser is opened with url: ''

2023-08-01 15:05:59 - [MESSAGE][WARNING] - A browser is already opened. Closing browser and opening a new one

2023-08-01 15:05:59 - [MESSAGE][INFO] - Starting 'Chrome (headless)' driver

2023-08-01 15:05:59 - [MESSAGE][INFO] - Action delay is set to 0 milliseconds

2023-08-01 15:06:00 - [MESSAGE][PASSED] - Browser is opened with url: ''

2023-08-01 15:06:00 - [TEST_STEP][PASSED] - maximizeWindow(): Current window maximized

2023-08-01 15:06:01 - [MESSAGE][PASSED] - Current window maximized

2023-08-01 15:06:01 - [TEST_STEP][PASSED] - navigateToUrl("https://bebeclub.eydendigital.co.id/membership/registration"): Navigate to 'https://bebeclub.eydendigital.co.id/membership/registration' successfully

2023-08-01 15:06:34 - [MESSAGE][PASSED] - Navigate to 'https://bebeclub.eydendigital.co.id/membership/registration' successfully

2023-08-01 15:06:34 - [TEST_STEP][FAILED] - click(findTestObject("Homepage/a_Register")): Unable to click on object 'Object Repository/Homepage/a_Register' (Root cause: com.kms.katalon.core.exception.StepFailedException: Unable to click on object 'Object Repository/Homepage/a_Register'
	at com.kms.katalon.core.webui.keyword.internal.WebUIKeywordMain.stepFailed(WebUIKeywordMain.groovy:64)
	at com.kms.katalon.core.webui.keyword.internal.WebUIKeywordMain.runKeyword(WebUIKeywordMain.groovy:26)
	at com.kms.katalon.core.webui.keyword.builtin.ClickKeyword.click(ClickKeyword.groovy:74)
	at com.kms.katalon.core.webui.keyword.builtin.ClickKeyword.execute(ClickKeyword.groovy:40)
	at com.kms.katalon.core.keyword.internal.KeywordExecutor.executeKeywordForPlatform(KeywordExecutor.groovy:74)
	at com.kms.katalon.core.webui.keyword.WebUiBuiltInKeywords.click(WebUiBuiltInKeywords.groovy:620)
	at com.kms.katalon.core.webui.keyword.WebUiBuiltInKeywords$click$2.call(Unknown Source)
	at 0878 XL.run(0878 XL:27)
	at com.kms.katalon.core.main.ScriptEngine.run(ScriptEngine.java:194)
	at com.kms.katalon.core.main.ScriptEngine.runScriptAsRawText(ScriptEngine.java:119)
	at com.kms.katalon.core.main.TestCaseExecutor.runScript(TestCaseExecutor.java:448)
	at com.kms.katalon.core.main.TestCaseExecutor.doExecute(TestCaseExecutor.java:439)
	at com.kms.katalon.core.main.TestCaseExecutor.processExecutionPhase(TestCaseExecutor.java:418)
	at com.kms.katalon.core.main.TestCaseExecutor.accessMainPhase(TestCaseExecutor.java:410)
	at com.kms.katalon.core.main.TestCaseExecutor.execute(TestCaseExecutor.java:285)
	at com.kms.katalon.core.common.CommonExecutor.accessTestCaseMainPhase(CommonExecutor.java:65)
	at com.kms.katalon.core.main.TestSuiteExecutor.accessTestSuiteMainPhase(TestSuiteExecutor.java:148)
	at com.kms.katalon.core.main.TestSuiteExecutor.execute(TestSuiteExecutor.java:106)
	at com.kms.katalon.core.main.TestCaseMain.startTestSuite(TestCaseMain.java:187)
	at com.kms.katalon.core.main.TestCaseMain$startTestSuite$0.call(Unknown Source)
	at TempTestSuite1690876169937.run(TempTestSuite1690876169937.groovy:36)
Caused by: com.kms.katalon.core.webui.exception.WebElementNotFoundException: Web element with id: 'Object Repository/Homepage/a_Register' located by '(//a[contains(text(),'Register')])[2]' not found
	at com.kms.katalon.core.webui.common.WebUiCommonHelper.findWebElement(WebUiCommonHelper.java:1376)
	at com.kms.katalon.core.webui.keyword.internal.WebUIAbstractKeyword.findWebElement(WebUIAbstractKeyword.groovy:27)
	at com.kms.katalon.core.webui.keyword.builtin.ClickKeyword$_click_closure1.doCall(ClickKeyword.groovy:65)
	at com.kms.katalon.core.webui.keyword.builtin.ClickKeyword$_click_closure1.call(ClickKeyword.groovy)
	at com.kms.katalon.core.webui.keyword.internal.WebUIKeywordMain.runKeyword(WebUIKeywordMain.groovy:20)
	at com.kms.katalon.core.webui.keyword.builtin.ClickKeyword.click(ClickKeyword.groovy:74)
	at com.kms.katalon.core.webui.keyword.builtin.ClickKeyword.execute(ClickKeyword.groovy:40)
	at com.kms.katalon.core.keyword.internal.KeywordExecutor.executeKeywordForPlatform(KeywordExecutor.groovy:74)
	at com.kms.katalon.core.webui.keyword.WebUiBuiltInKeywords.click(WebUiBuiltInKeywords.groovy:620)
	at com.kms.katalon.core.webui.keyword.WebUiBuiltInKeywords$click$2.call(Unknown Source)
	at Script1690871479980.run(Script1690871479980.groovy:27)
	... 13 more
)

2023-08-01 15:07:05 - [MESSAGE][INFO] - Unable to find the element located by 'By.xpath: (//a[contains(text(),'Register')])[2]'. Please recheck the objects properties to make sure the desired element is located. 

2023-08-01 15:07:05 - [MESSAGE][FAILED] - Unable to click on object 'Object Repository/Homepage/a_Register' (Root cause: com.kms.katalon.core.exception.StepFailedException: Unable to click on object 'Object Repository/Homepage/a_Register'
	at com.kms.katalon.core.webui.keyword.internal.WebUIKeywordMain.stepFailed(WebUIKeywordMain.groovy:64)
	at com.kms.katalon.core.webui.keyword.internal.WebUIKeywordMain.runKeyword(WebUIKeywordMain.groovy:26)
	at com.kms.katalon.core.webui.keyword.builtin.ClickKeyword.click(ClickKeyword.groovy:74)
	at com.kms.katalon.core.webui.keyword.builtin.ClickKeyword.execute(ClickKeyword.groovy:40)
	at com.kms.katalon.core.keyword.internal.KeywordExecutor.executeKeywordForPlatform(KeywordExecutor.groovy:74)
	at com.kms.katalon.core.webui.keyword.WebUiBuiltInKeywords.click(WebUiBuiltInKeywords.groovy:620)
	at com.kms.katalon.core.webui.keyword.WebUiBuiltInKeywords$click$2.call(Unknown Source)
	at 0878 XL.run(0878 XL:27)
	at com.kms.katalon.core.main.ScriptEngine.run(ScriptEngine.java:194)
	at com.kms.katalon.core.main.ScriptEngine.runScriptAsRawText(ScriptEngine.java:119)
	at com.kms.katalon.core.main.TestCaseExecutor.runScript(TestCaseExecutor.java:448)
	at com.kms.katalon.core.main.TestCaseExecutor.doExecute(TestCaseExecutor.java:439)
	at com.kms.katalon.core.main.TestCaseExecutor.processExecutionPhase(TestCaseExecutor.java:418)
	at com.kms.katalon.core.main.TestCaseExecutor.accessMainPhase(TestCaseExecutor.java:410)
	at com.kms.katalon.core.main.TestCaseExecutor.execute(TestCaseExecutor.java:285)
	at com.kms.katalon.core.common.CommonExecutor.accessTestCaseMainPhase(CommonExecutor.java:65)
	at com.kms.katalon.core.main.TestSuiteExecutor.accessTestSuiteMainPhase(TestSuiteExecutor.java:148)
	at com.kms.katalon.core.main.TestSuiteExecutor.execute(TestSuiteExecutor.java:106)
	at com.kms.katalon.core.main.TestCaseMain.startTestSuite(TestCaseMain.java:187)
	at com.kms.katalon.core.main.TestCaseMain$startTestSuite$0.call(Unknown Source)
	at TempTestSuite1690876169937.run(TempTestSuite1690876169937.groovy:36)
Caused by: com.kms.katalon.core.webui.exception.WebElementNotFoundException: Web element with id: 'Object Repository/Homepage/a_Register' located by '(//a[contains(text(),'Register')])[2]' not found
	at com.kms.katalon.core.webui.common.WebUiCommonHelper.findWebElement(WebUiCommonHelper.java:1376)
	at com.kms.katalon.core.webui.keyword.internal.WebUIAbstractKeyword.findWebElement(WebUIAbstractKeyword.groovy:27)
	at com.kms.katalon.core.webui.keyword.builtin.ClickKeyword$_click_closure1.doCall(ClickKeyword.groovy:65)
	at com.kms.katalon.core.webui.keyword.builtin.ClickKeyword$_click_closure1.call(ClickKeyword.groovy)
	at com.kms.katalon.core.webui.keyword.internal.WebUIKeywordMain.runKeyword(WebUIKeywordMain.groovy:20)
	at com.kms.katalon.core.webui.keyword.builtin.ClickKeyword.click(ClickKeyword.groovy:74)
	at com.kms.katalon.core.webui.keyword.builtin.ClickKeyword.execute(ClickKeyword.groovy:40)
	at com.kms.katalon.core.keyword.internal.KeywordExecutor.executeKeywordForPlatform(KeywordExecutor.groovy:74)
	at com.kms.katalon.core.webui.keyword.WebUiBuiltInKeywords.click(WebUiBuiltInKeywords.groovy:620)
	at com.kms.katalon.core.webui.keyword.WebUiBuiltInKeywords$click$2.call(Unknown Source)
	at Script1690871479980.run(Script1690871479980.groovy:27)
	... 13 more
)
[[ATTACHMENT|C:\\Users\\Sarah Nur Azizah\\git\\test_bebeclub_branchzizah\\Reports\\20230801_144929\\XL\\20230801_144929\\1690877225086.png]]

2023-08-01 15:07:05 - [TEST_STEP][FAILED] - setText(findTestObject("Page_Bebeclub - Membership Registration/input_Nama Depan_first-name-form"), "aziza"): Unable to set text 'aziza' of object 'Object Repository/Page_Bebeclub - Membership Registration/input_Nama Depan_first-name-form' (Root cause: com.kms.katalon.core.exception.StepFailedException: Unable to set text 'aziza' of object 'Object Repository/Page_Bebeclub - Membership Registration/input_Nama Depan_first-name-form'
	at com.kms.katalon.core.webui.keyword.internal.WebUIKeywordMain.stepFailed(WebUIKeywordMain.groovy:64)
	at com.kms.katalon.core.webui.keyword.internal.WebUIKeywordMain.runKeyword(WebUIKeywordMain.groovy:26)
	at com.kms.katalon.core.webui.keyword.builtin.SetTextKeyword.setText(SetTextKeyword.groovy:66)
	at com.kms.katalon.core.webui.keyword.builtin.SetTextKeyword.execute(SetTextKeyword.groovy:37)
	at com.kms.katalon.core.keyword.internal.KeywordExecutor.executeKeywordForPlatform(KeywordExecutor.groovy:74)
	at com.kms.katalon.core.webui.keyword.WebUiBuiltInKeywords.setText(WebUiBuiltInKeywords.groovy:980)
	at com.kms.katalon.core.webui.keyword.WebUiBuiltInKeywords$setText$3.call(Unknown Source)
	at 0878 XL.run(0878 XL:29)
	at com.kms.katalon.core.main.ScriptEngine.run(ScriptEngine.java:194)
	at com.kms.katalon.core.main.ScriptEngine.runScriptAsRawText(ScriptEngine.java:119)
	at com.kms.katalon.core.main.TestCaseExecutor.runScript(TestCaseExecutor.java:448)
	at com.kms.katalon.core.main.TestCaseExecutor.doExecute(TestCaseExecutor.java:439)
	at com.kms.katalon.core.main.TestCaseExecutor.processExecutionPhase(TestCaseExecutor.java:418)
	at com.kms.katalon.core.main.TestCaseExecutor.accessMainPhase(TestCaseExecutor.java:410)
	at com.kms.katalon.core.main.TestCaseExecutor.execute(TestCaseExecutor.java:285)
	at com.kms.katalon.core.common.CommonExecutor.accessTestCaseMainPhase(CommonExecutor.java:65)
	at com.kms.katalon.core.main.TestSuiteExecutor.accessTestSuiteMainPhase(TestSuiteExecutor.java:148)
	at com.kms.katalon.core.main.TestSuiteExecutor.execute(TestSuiteExecutor.java:106)
	at com.kms.katalon.core.main.TestCaseMain.startTestSuite(TestCaseMain.java:187)
	at com.kms.katalon.core.main.TestCaseMain$startTestSuite$0.call(Unknown Source)
	at TempTestSuite1690876169937.run(TempTestSuite1690876169937.groovy:36)
Caused by: com.kms.katalon.core.webui.exception.WebElementNotFoundException: Web element with id: 'Object Repository/Page_Bebeclub - Membership Registration/input_Nama Depan_first-name-form' located by '//input[@name='first-name-form']' not found
	at com.kms.katalon.core.webui.common.WebUiCommonHelper.findWebElement(WebUiCommonHelper.java:1376)
	at com.kms.katalon.core.webui.keyword.internal.WebUIAbstractKeyword.findWebElement(WebUIAbstractKeyword.groovy:27)
	at com.kms.katalon.core.webui.keyword.internal.WebUIAbstractKeyword.findWebElement(WebUIAbstractKeyword.groovy:26)
	at com.kms.katalon.core.webui.keyword.builtin.SetTextKeyword$_setText_closure1.doCall(SetTextKeyword.groovy:51)
	at com.kms.katalon.core.webui.keyword.builtin.SetTextKeyword$_setText_closure1.call(SetTextKeyword.groovy)
	at com.kms.katalon.core.webui.keyword.internal.WebUIKeywordMain.runKeyword(WebUIKeywordMain.groovy:20)
	at com.kms.katalon.core.webui.keyword.builtin.SetTextKeyword.setText(SetTextKeyword.groovy:66)
	at com.kms.katalon.core.webui.keyword.builtin.SetTextKeyword.execute(SetTextKeyword.groovy:37)
	at com.kms.katalon.core.keyword.internal.KeywordExecutor.executeKeywordForPlatform(KeywordExecutor.groovy:74)
	at com.kms.katalon.core.webui.keyword.WebUiBuiltInKeywords.setText(WebUiBuiltInKeywords.groovy:980)
	at com.kms.katalon.core.webui.keyword.WebUiBuiltInKeywords$setText$3.call(Unknown Source)
	at Script1690871479980.run(Script1690871479980.groovy:29)
	... 13 more
)

2023-08-01 15:07:36 - [MESSAGE][INFO] - Unable to find the element located by 'By.xpath: //input[@name='first-name-form']'. Please recheck the objects properties to make sure the desired element is located. 

2023-08-01 15:07:36 - [MESSAGE][FAILED] - Unable to set text 'aziza' of object 'Object Repository/Page_Bebeclub - Membership Registration/input_Nama Depan_first-name-form' (Root cause: com.kms.katalon.core.exception.StepFailedException: Unable to set text 'aziza' of object 'Object Repository/Page_Bebeclub - Membership Registration/input_Nama Depan_first-name-form'
	at com.kms.katalon.core.webui.keyword.internal.WebUIKeywordMain.stepFailed(WebUIKeywordMain.groovy:64)
	at com.kms.katalon.core.webui.keyword.internal.WebUIKeywordMain.runKeyword(WebUIKeywordMain.groovy:26)
	at com.kms.katalon.core.webui.keyword.builtin.SetTextKeyword.setText(SetTextKeyword.groovy:66)
	at com.kms.katalon.core.webui.keyword.builtin.SetTextKeyword.execute(SetTextKeyword.groovy:37)
	at com.kms.katalon.core.keyword.internal.KeywordExecutor.executeKeywordForPlatform(KeywordExecutor.groovy:74)
	at com.kms.katalon.core.webui.keyword.WebUiBuiltInKeywords.setText(WebUiBuiltInKeywords.groovy:980)
	at com.kms.katalon.core.webui.keyword.WebUiBuiltInKeywords$setText$3.call(Unknown Source)
	at 0878 XL.run(0878 XL:29)
	at com.kms.katalon.core.main.ScriptEngine.run(ScriptEngine.java:194)
	at com.kms.katalon.core.main.ScriptEngine.runScriptAsRawText(ScriptEngine.java:119)
	at com.kms.katalon.core.main.TestCaseExecutor.runScript(TestCaseExecutor.java:448)
	at com.kms.katalon.core.main.TestCaseExecutor.doExecute(TestCaseExecutor.java:439)
	at com.kms.katalon.core.main.TestCaseExecutor.processExecutionPhase(TestCaseExecutor.java:418)
	at com.kms.katalon.core.main.TestCaseExecutor.accessMainPhase(TestCaseExecutor.java:410)
	at com.kms.katalon.core.main.TestCaseExecutor.execute(TestCaseExecutor.java:285)
	at com.kms.katalon.core.common.CommonExecutor.accessTestCaseMainPhase(CommonExecutor.java:65)
	at com.kms.katalon.core.main.TestSuiteExecutor.accessTestSuiteMainPhase(TestSuiteExecutor.java:148)
	at com.kms.katalon.core.main.TestSuiteExecutor.execute(TestSuiteExecutor.java:106)
	at com.kms.katalon.core.main.TestCaseMain.startTestSuite(TestCaseMain.java:187)
	at com.kms.katalon.core.main.TestCaseMain$startTestSuite$0.call(Unknown Source)
	at TempTestSuite1690876169937.run(TempTestSuite1690876169937.groovy:36)
Caused by: com.kms.katalon.core.webui.exception.WebElementNotFoundException: Web element with id: 'Object Repository/Page_Bebeclub - Membership Registration/input_Nama Depan_first-name-form' located by '//input[@name='first-name-form']' not found
	at com.kms.katalon.core.webui.common.WebUiCommonHelper.findWebElement(WebUiCommonHelper.java:1376)
	at com.kms.katalon.core.webui.keyword.internal.WebUIAbstractKeyword.findWebElement(WebUIAbstractKeyword.groovy:27)
	at com.kms.katalon.core.webui.keyword.internal.WebUIAbstractKeyword.findWebElement(WebUIAbstractKeyword.groovy:26)
	at com.kms.katalon.core.webui.keyword.builtin.SetTextKeyword$_setText_closure1.doCall(SetTextKeyword.groovy:51)
	at com.kms.katalon.core.webui.keyword.builtin.SetTextKeyword$_setText_closure1.call(SetTextKeyword.groovy)
	at com.kms.katalon.core.webui.keyword.internal.WebUIKeywordMain.runKeyword(WebUIKeywordMain.groovy:20)
	at com.kms.katalon.core.webui.keyword.builtin.SetTextKeyword.setText(SetTextKeyword.groovy:66)
	at com.kms.katalon.core.webui.keyword.builtin.SetTextKeyword.execute(SetTextKeyword.groovy:37)
	at com.kms.katalon.core.keyword.internal.KeywordExecutor.executeKeywordForPlatform(KeywordExecutor.groovy:74)
	at com.kms.katalon.core.webui.keyword.WebUiBuiltInKeywords.setText(WebUiBuiltInKeywords.groovy:980)
	at com.kms.katalon.core.webui.keyword.WebUiBuiltInKeywords$setText$3.call(Unknown Source)
	at Script1690871479980.run(Script1690871479980.groovy:29)
	... 13 more
)
[[ATTACHMENT|C:\\Users\\Sarah Nur Azizah\\git\\test_bebeclub_branchzizah\\Reports\\20230801_144929\\XL\\20230801_144929\\1690877256203.png]]

2023-08-01 15:07:36 - [TEST_STEP][FAILED] - setText(findTestObject("Page_Bebeclub - Membership Registration/input_Nama Belakang_last-name-form"), "prefix"): Unable to set text 'prefix' of object 'Object Repository/Page_Bebeclub - Membership Registration/input_Nama Belakang_last-name-form' (Root cause: com.kms.katalon.core.exception.StepFailedException: Unable to set text 'prefix' of object 'Object Repository/Page_Bebeclub - Membership Registration/input_Nama Belakang_last-name-form'
	at com.kms.katalon.core.webui.keyword.internal.WebUIKeywordMain.stepFailed(WebUIKeywordMain.groovy:64)
	at com.kms.katalon.core.webui.keyword.internal.WebUIKeywordMain.runKeyword(WebUIKeywordMain.groovy:26)
	at com.kms.katalon.core.webui.keyword.builtin.SetTextKeyword.setText(SetTextKeyword.groovy:66)
	at com.kms.katalon.core.webui.keyword.builtin.SetTextKeyword.execute(SetTextKeyword.groovy:37)
	at com.kms.katalon.core.keyword.internal.KeywordExecutor.executeKeywordForPlatform(KeywordExecutor.groovy:74)
	at com.kms.katalon.core.webui.keyword.WebUiBuiltInKeywords.setText(WebUiBuiltInKeywords.groovy:980)
	at com.kms.katalon.core.webui.keyword.WebUiBuiltInKeywords$setText$3.call(Unknown Source)
	at 0878 XL.run(0878 XL:31)
	at com.kms.katalon.core.main.ScriptEngine.run(ScriptEngine.java:194)
	at com.kms.katalon.core.main.ScriptEngine.runScriptAsRawText(ScriptEngine.java:119)
	at com.kms.katalon.core.main.TestCaseExecutor.runScript(TestCaseExecutor.java:448)
	at com.kms.katalon.core.main.TestCaseExecutor.doExecute(TestCaseExecutor.java:439)
	at com.kms.katalon.core.main.TestCaseExecutor.processExecutionPhase(TestCaseExecutor.java:418)
	at com.kms.katalon.core.main.TestCaseExecutor.accessMainPhase(TestCaseExecutor.java:410)
	at com.kms.katalon.core.main.TestCaseExecutor.execute(TestCaseExecutor.java:285)
	at com.kms.katalon.core.common.CommonExecutor.accessTestCaseMainPhase(CommonExecutor.java:65)
	at com.kms.katalon.core.main.TestSuiteExecutor.accessTestSuiteMainPhase(TestSuiteExecutor.java:148)
	at com.kms.katalon.core.main.TestSuiteExecutor.execute(TestSuiteExecutor.java:106)
	at com.kms.katalon.core.main.TestCaseMain.startTestSuite(TestCaseMain.java:187)
	at com.kms.katalon.core.main.TestCaseMain$startTestSuite$0.call(Unknown Source)
	at TempTestSuite1690876169937.run(TempTestSuite1690876169937.groovy:36)
Caused by: com.kms.katalon.core.webui.exception.WebElementNotFoundException: Web element with id: 'Object Repository/Page_Bebeclub - Membership Registration/input_Nama Belakang_last-name-form' located by '//input[@name='last-name-form']' not found
	at com.kms.katalon.core.webui.common.WebUiCommonHelper.findWebElement(WebUiCommonHelper.java:1376)
	at com.kms.katalon.core.webui.keyword.internal.WebUIAbstractKeyword.findWebElement(WebUIAbstractKeyword.groovy:27)
	at com.kms.katalon.core.webui.keyword.internal.WebUIAbstractKeyword.findWebElement(WebUIAbstractKeyword.groovy:26)
	at com.kms.katalon.core.webui.keyword.builtin.SetTextKeyword$_setText_closure1.doCall(SetTextKeyword.groovy:51)
	at com.kms.katalon.core.webui.keyword.builtin.SetTextKeyword$_setText_closure1.call(SetTextKeyword.groovy)
	at com.kms.katalon.core.webui.keyword.internal.WebUIKeywordMain.runKeyword(WebUIKeywordMain.groovy:20)
	at com.kms.katalon.core.webui.keyword.builtin.SetTextKeyword.setText(SetTextKeyword.groovy:66)
	at com.kms.katalon.core.webui.keyword.builtin.SetTextKeyword.execute(SetTextKeyword.groovy:37)
	at com.kms.katalon.core.keyword.internal.KeywordExecutor.executeKeywordForPlatform(KeywordExecutor.groovy:74)
	at com.kms.katalon.core.webui.keyword.WebUiBuiltInKeywords.setText(WebUiBuiltInKeywords.groovy:980)
	at com.kms.katalon.core.webui.keyword.WebUiBuiltInKeywords$setText$3.call(Unknown Source)
	at Script1690871479980.run(Script1690871479980.groovy:31)
	... 13 more
)

2023-08-01 15:08:07 - [MESSAGE][INFO] - Unable to find the element located by 'By.xpath: //input[@name='last-name-form']'. Please recheck the objects properties to make sure the desired element is located. 

2023-08-01 15:08:07 - [MESSAGE][FAILED] - Unable to set text 'prefix' of object 'Object Repository/Page_Bebeclub - Membership Registration/input_Nama Belakang_last-name-form' (Root cause: com.kms.katalon.core.exception.StepFailedException: Unable to set text 'prefix' of object 'Object Repository/Page_Bebeclub - Membership Registration/input_Nama Belakang_last-name-form'
	at com.kms.katalon.core.webui.keyword.internal.WebUIKeywordMain.stepFailed(WebUIKeywordMain.groovy:64)
	at com.kms.katalon.core.webui.keyword.internal.WebUIKeywordMain.runKeyword(WebUIKeywordMain.groovy:26)
	at com.kms.katalon.core.webui.keyword.builtin.SetTextKeyword.setText(SetTextKeyword.groovy:66)
	at com.kms.katalon.core.webui.keyword.builtin.SetTextKeyword.execute(SetTextKeyword.groovy:37)
	at com.kms.katalon.core.keyword.internal.KeywordExecutor.executeKeywordForPlatform(KeywordExecutor.groovy:74)
	at com.kms.katalon.core.webui.keyword.WebUiBuiltInKeywords.setText(WebUiBuiltInKeywords.groovy:980)
	at com.kms.katalon.core.webui.keyword.WebUiBuiltInKeywords$setText$3.call(Unknown Source)
	at 0878 XL.run(0878 XL:31)
	at com.kms.katalon.core.main.ScriptEngine.run(ScriptEngine.java:194)
	at com.kms.katalon.core.main.ScriptEngine.runScriptAsRawText(ScriptEngine.java:119)
	at com.kms.katalon.core.main.TestCaseExecutor.runScript(TestCaseExecutor.java:448)
	at com.kms.katalon.core.main.TestCaseExecutor.doExecute(TestCaseExecutor.java:439)
	at com.kms.katalon.core.main.TestCaseExecutor.processExecutionPhase(TestCaseExecutor.java:418)
	at com.kms.katalon.core.main.TestCaseExecutor.accessMainPhase(TestCaseExecutor.java:410)
	at com.kms.katalon.core.main.TestCaseExecutor.execute(TestCaseExecutor.java:285)
	at com.kms.katalon.core.common.CommonExecutor.accessTestCaseMainPhase(CommonExecutor.java:65)
	at com.kms.katalon.core.main.TestSuiteExecutor.accessTestSuiteMainPhase(TestSuiteExecutor.java:148)
	at com.kms.katalon.core.main.TestSuiteExecutor.execute(TestSuiteExecutor.java:106)
	at com.kms.katalon.core.main.TestCaseMain.startTestSuite(TestCaseMain.java:187)
	at com.kms.katalon.core.main.TestCaseMain$startTestSuite$0.call(Unknown Source)
	at TempTestSuite1690876169937.run(TempTestSuite1690876169937.groovy:36)
Caused by: com.kms.katalon.core.webui.exception.WebElementNotFoundException: Web element with id: 'Object Repository/Page_Bebeclub - Membership Registration/input_Nama Belakang_last-name-form' located by '//input[@name='last-name-form']' not found
	at com.kms.katalon.core.webui.common.WebUiCommonHelper.findWebElement(WebUiCommonHelper.java:1376)
	at com.kms.katalon.core.webui.keyword.internal.WebUIAbstractKeyword.findWebElement(WebUIAbstractKeyword.groovy:27)
	at com.kms.katalon.core.webui.keyword.internal.WebUIAbstractKeyword.findWebElement(WebUIAbstractKeyword.groovy:26)
	at com.kms.katalon.core.webui.keyword.builtin.SetTextKeyword$_setText_closure1.doCall(SetTextKeyword.groovy:51)
	at com.kms.katalon.core.webui.keyword.builtin.SetTextKeyword$_setText_closure1.call(SetTextKeyword.groovy)
	at com.kms.katalon.core.webui.keyword.internal.WebUIKeywordMain.runKeyword(WebUIKeywordMain.groovy:20)
	at com.kms.katalon.core.webui.keyword.builtin.SetTextKeyword.setText(SetTextKeyword.groovy:66)
	at com.kms.katalon.core.webui.keyword.builtin.SetTextKeyword.execute(SetTextKeyword.groovy:37)
	at com.kms.katalon.core.keyword.internal.KeywordExecutor.executeKeywordForPlatform(KeywordExecutor.groovy:74)
	at com.kms.katalon.core.webui.keyword.WebUiBuiltInKeywords.setText(WebUiBuiltInKeywords.groovy:980)
	at com.kms.katalon.core.webui.keyword.WebUiBuiltInKeywords$setText$3.call(Unknown Source)
	at Script1690871479980.run(Script1690871479980.groovy:31)
	... 13 more
)
[[ATTACHMENT|C:\\Users\\Sarah Nur Azizah\\git\\test_bebeclub_branchzizah\\Reports\\20230801_144929\\XL\\20230801_144929\\1690877287374.png]]

2023-08-01 15:08:07 - [TEST_STEP][PASSED] - randomNum = generateRandomNumber(): null

2023-08-01 15:08:07 - [TEST_STEP][PASSED] - random = new java.util.Random(): null

2023-08-01 15:08:07 - [TEST_STEP][PASSED] - lastNineDigits = String.format("%09d", random.nextInt(1000000000)): null

2023-08-01 15:08:07 - [TEST_STEP][PASSED] - randomNumber = "0878" + lastNineDigits: null

2023-08-01 15:08:07 - [TEST_STEP][PASSED] - return randomNumber: null

2023-08-01 15:08:07 - [TEST_STEP][FAILED] - setText(findTestObject("Page_Bebeclub - Membership Registration/input__number-form"), randomNum): Unable to set text '0878781943137' of object 'Object Repository/Page_Bebeclub - Membership Registration/input__number-form' (Root cause: com.kms.katalon.core.exception.StepFailedException: Unable to set text '0878781943137' of object 'Object Repository/Page_Bebeclub - Membership Registration/input__number-form'
	at com.kms.katalon.core.webui.keyword.internal.WebUIKeywordMain.stepFailed(WebUIKeywordMain.groovy:64)
	at com.kms.katalon.core.webui.keyword.internal.WebUIKeywordMain.runKeyword(WebUIKeywordMain.groovy:26)
	at com.kms.katalon.core.webui.keyword.builtin.SetTextKeyword.setText(SetTextKeyword.groovy:66)
	at com.kms.katalon.core.webui.keyword.builtin.SetTextKeyword.execute(SetTextKeyword.groovy:37)
	at com.kms.katalon.core.keyword.internal.KeywordExecutor.executeKeywordForPlatform(KeywordExecutor.groovy:74)
	at com.kms.katalon.core.webui.keyword.WebUiBuiltInKeywords.setText(WebUiBuiltInKeywords.groovy:980)
	at com.kms.katalon.core.webui.keyword.WebUiBuiltInKeywords$setText$3.call(Unknown Source)
	at 0878 XL.run(0878 XL:39)
	at com.kms.katalon.core.main.ScriptEngine.run(ScriptEngine.java:194)
	at com.kms.katalon.core.main.ScriptEngine.runScriptAsRawText(ScriptEngine.java:119)
	at com.kms.katalon.core.main.TestCaseExecutor.runScript(TestCaseExecutor.java:448)
	at com.kms.katalon.core.main.TestCaseExecutor.doExecute(TestCaseExecutor.java:439)
	at com.kms.katalon.core.main.TestCaseExecutor.processExecutionPhase(TestCaseExecutor.java:418)
	at com.kms.katalon.core.main.TestCaseExecutor.accessMainPhase(TestCaseExecutor.java:410)
	at com.kms.katalon.core.main.TestCaseExecutor.execute(TestCaseExecutor.java:285)
	at com.kms.katalon.core.common.CommonExecutor.accessTestCaseMainPhase(CommonExecutor.java:65)
	at com.kms.katalon.core.main.TestSuiteExecutor.accessTestSuiteMainPhase(TestSuiteExecutor.java:148)
	at com.kms.katalon.core.main.TestSuiteExecutor.execute(TestSuiteExecutor.java:106)
	at com.kms.katalon.core.main.TestCaseMain.startTestSuite(TestCaseMain.java:187)
	at com.kms.katalon.core.main.TestCaseMain$startTestSuite$0.call(Unknown Source)
	at TempTestSuite1690876169937.run(TempTestSuite1690876169937.groovy:36)
Caused by: com.kms.katalon.core.webui.exception.WebElementNotFoundException: Web element with id: 'Object Repository/Page_Bebeclub - Membership Registration/input__number-form' located by '//input[@id='phone_number']' not found
	at com.kms.katalon.core.webui.common.WebUiCommonHelper.findWebElement(WebUiCommonHelper.java:1376)
	at com.kms.katalon.core.webui.keyword.internal.WebUIAbstractKeyword.findWebElement(WebUIAbstractKeyword.groovy:27)
	at com.kms.katalon.core.webui.keyword.internal.WebUIAbstractKeyword.findWebElement(WebUIAbstractKeyword.groovy:26)
	at com.kms.katalon.core.webui.keyword.builtin.SetTextKeyword$_setText_closure1.doCall(SetTextKeyword.groovy:51)
	at com.kms.katalon.core.webui.keyword.builtin.SetTextKeyword$_setText_closure1.call(SetTextKeyword.groovy)
	at com.kms.katalon.core.webui.keyword.internal.WebUIKeywordMain.runKeyword(WebUIKeywordMain.groovy:20)
	at com.kms.katalon.core.webui.keyword.builtin.SetTextKeyword.setText(SetTextKeyword.groovy:66)
	at com.kms.katalon.core.webui.keyword.builtin.SetTextKeyword.execute(SetTextKeyword.groovy:37)
	at com.kms.katalon.core.keyword.internal.KeywordExecutor.executeKeywordForPlatform(KeywordExecutor.groovy:74)
	at com.kms.katalon.core.webui.keyword.WebUiBuiltInKeywords.setText(WebUiBuiltInKeywords.groovy:980)
	at com.kms.katalon.core.webui.keyword.WebUiBuiltInKeywords$setText$3.call(Unknown Source)
	at Script1690871479980.run(Script1690871479980.groovy:39)
	... 13 more
)

2023-08-01 15:08:38 - [MESSAGE][INFO] - Unable to find the element located by 'By.xpath: //input[@id='phone_number']'. Please recheck the objects properties to make sure the desired element is located. 

2023-08-01 15:08:38 - [MESSAGE][FAILED] - Unable to set text '0878781943137' of object 'Object Repository/Page_Bebeclub - Membership Registration/input__number-form' (Root cause: com.kms.katalon.core.exception.StepFailedException: Unable to set text '0878781943137' of object 'Object Repository/Page_Bebeclub - Membership Registration/input__number-form'
	at com.kms.katalon.core.webui.keyword.internal.WebUIKeywordMain.stepFailed(WebUIKeywordMain.groovy:64)
	at com.kms.katalon.core.webui.keyword.internal.WebUIKeywordMain.runKeyword(WebUIKeywordMain.groovy:26)
	at com.kms.katalon.core.webui.keyword.builtin.SetTextKeyword.setText(SetTextKeyword.groovy:66)
	at com.kms.katalon.core.webui.keyword.builtin.SetTextKeyword.execute(SetTextKeyword.groovy:37)
	at com.kms.katalon.core.keyword.internal.KeywordExecutor.executeKeywordForPlatform(KeywordExecutor.groovy:74)
	at com.kms.katalon.core.webui.keyword.WebUiBuiltInKeywords.setText(WebUiBuiltInKeywords.groovy:980)
	at com.kms.katalon.core.webui.keyword.WebUiBuiltInKeywords$setText$3.call(Unknown Source)
	at 0878 XL.run(0878 XL:39)
	at com.kms.katalon.core.main.ScriptEngine.run(ScriptEngine.java:194)
	at com.kms.katalon.core.main.ScriptEngine.runScriptAsRawText(ScriptEngine.java:119)
	at com.kms.katalon.core.main.TestCaseExecutor.runScript(TestCaseExecutor.java:448)
	at com.kms.katalon.core.main.TestCaseExecutor.doExecute(TestCaseExecutor.java:439)
	at com.kms.katalon.core.main.TestCaseExecutor.processExecutionPhase(TestCaseExecutor.java:418)
	at com.kms.katalon.core.main.TestCaseExecutor.accessMainPhase(TestCaseExecutor.java:410)
	at com.kms.katalon.core.main.TestCaseExecutor.execute(TestCaseExecutor.java:285)
	at com.kms.katalon.core.common.CommonExecutor.accessTestCaseMainPhase(CommonExecutor.java:65)
	at com.kms.katalon.core.main.TestSuiteExecutor.accessTestSuiteMainPhase(TestSuiteExecutor.java:148)
	at com.kms.katalon.core.main.TestSuiteExecutor.execute(TestSuiteExecutor.java:106)
	at com.kms.katalon.core.main.TestCaseMain.startTestSuite(TestCaseMain.java:187)
	at com.kms.katalon.core.main.TestCaseMain$startTestSuite$0.call(Unknown Source)
	at TempTestSuite1690876169937.run(TempTestSuite1690876169937.groovy:36)
Caused by: com.kms.katalon.core.webui.exception.WebElementNotFoundException: Web element with id: 'Object Repository/Page_Bebeclub - Membership Registration/input__number-form' located by '//input[@id='phone_number']' not found
	at com.kms.katalon.core.webui.common.WebUiCommonHelper.findWebElement(WebUiCommonHelper.java:1376)
	at com.kms.katalon.core.webui.keyword.internal.WebUIAbstractKeyword.findWebElement(WebUIAbstractKeyword.groovy:27)
	at com.kms.katalon.core.webui.keyword.internal.WebUIAbstractKeyword.findWebElement(WebUIAbstractKeyword.groovy:26)
	at com.kms.katalon.core.webui.keyword.builtin.SetTextKeyword$_setText_closure1.doCall(SetTextKeyword.groovy:51)
	at com.kms.katalon.core.webui.keyword.builtin.SetTextKeyword$_setText_closure1.call(SetTextKeyword.groovy)
	at com.kms.katalon.core.webui.keyword.internal.WebUIKeywordMain.runKeyword(WebUIKeywordMain.groovy:20)
	at com.kms.katalon.core.webui.keyword.builtin.SetTextKeyword.setText(SetTextKeyword.groovy:66)
	at com.kms.katalon.core.webui.keyword.builtin.SetTextKeyword.execute(SetTextKeyword.groovy:37)
	at com.kms.katalon.core.keyword.internal.KeywordExecutor.executeKeywordForPlatform(KeywordExecutor.groovy:74)
	at com.kms.katalon.core.webui.keyword.WebUiBuiltInKeywords.setText(WebUiBuiltInKeywords.groovy:980)
	at com.kms.katalon.core.webui.keyword.WebUiBuiltInKeywords$setText$3.call(Unknown Source)
	at Script1690871479980.run(Script1690871479980.groovy:39)
	... 13 more
)
[[ATTACHMENT|C:\\Users\\Sarah Nur Azizah\\git\\test_bebeclub_branchzizah\\Reports\\20230801_144929\\XL\\20230801_144929\\1690877318547.png]]

2023-08-01 15:08:38 - [TEST_STEP][FAILED] - setEncryptedText(findTestObject("Page_Bebeclub - Membership Registration/input_Password_pass-form"), "iFGeFYmXIrUhQZHvW7P22w=="): Unable to set encrypted text for object 'Object Repository/Page_Bebeclub - Membership Registration/input_Password_pass-form' (Root cause: com.kms.katalon.core.exception.StepFailedException: Unable to set encrypted text for object 'Object Repository/Page_Bebeclub - Membership Registration/input_Password_pass-form'
	at com.kms.katalon.core.webui.keyword.internal.WebUIKeywordMain.stepFailed(WebUIKeywordMain.groovy:64)
	at com.kms.katalon.core.webui.keyword.internal.WebUIKeywordMain.runKeyword(WebUIKeywordMain.groovy:26)
	at com.kms.katalon.core.webui.keyword.builtin.SetEncryptedTextKeyword.setEncryptedText(SetEncryptedTextKeyword.groovy:65)
	at com.kms.katalon.core.webui.keyword.builtin.SetEncryptedTextKeyword.execute(SetEncryptedTextKeyword.groovy:34)
	at com.kms.katalon.core.keyword.internal.KeywordExecutor.executeKeywordForPlatform(KeywordExecutor.groovy:74)
	at com.kms.katalon.core.webui.keyword.WebUiBuiltInKeywords.setEncryptedText(WebUiBuiltInKeywords.groovy:1011)
	at com.kms.katalon.core.webui.keyword.WebUiBuiltInKeywords$setEncryptedText$4.call(Unknown Source)
	at 0878 XL.run(0878 XL:41)
	at com.kms.katalon.core.main.ScriptEngine.run(ScriptEngine.java:194)
	at com.kms.katalon.core.main.ScriptEngine.runScriptAsRawText(ScriptEngine.java:119)
	at com.kms.katalon.core.main.TestCaseExecutor.runScript(TestCaseExecutor.java:448)
	at com.kms.katalon.core.main.TestCaseExecutor.doExecute(TestCaseExecutor.java:439)
	at com.kms.katalon.core.main.TestCaseExecutor.processExecutionPhase(TestCaseExecutor.java:418)
	at com.kms.katalon.core.main.TestCaseExecutor.accessMainPhase(TestCaseExecutor.java:410)
	at com.kms.katalon.core.main.TestCaseExecutor.execute(TestCaseExecutor.java:285)
	at com.kms.katalon.core.common.CommonExecutor.accessTestCaseMainPhase(CommonExecutor.java:65)
	at com.kms.katalon.core.main.TestSuiteExecutor.accessTestSuiteMainPhase(TestSuiteExecutor.java:148)
	at com.kms.katalon.core.main.TestSuiteExecutor.execute(TestSuiteExecutor.java:106)
	at com.kms.katalon.core.main.TestCaseMain.startTestSuite(TestCaseMain.java:187)
	at com.kms.katalon.core.main.TestCaseMain$startTestSuite$0.call(Unknown Source)
	at TempTestSuite1690876169937.run(TempTestSuite1690876169937.groovy:36)
Caused by: com.kms.katalon.core.webui.exception.WebElementNotFoundException: Web element with id: 'Object Repository/Page_Bebeclub - Membership Registration/input_Password_pass-form' located by '//input[@name='pass-form']' not found
	at com.kms.katalon.core.webui.common.WebUiCommonHelper.findWebElement(WebUiCommonHelper.java:1376)
	at com.kms.katalon.core.webui.keyword.internal.WebUIAbstractKeyword.findWebElement(WebUIAbstractKeyword.groovy:27)
	at com.kms.katalon.core.webui.keyword.internal.WebUIAbstractKeyword.findWebElement(WebUIAbstractKeyword.groovy:26)
	at com.kms.katalon.core.webui.keyword.builtin.SetEncryptedTextKeyword$_setEncryptedText_closure1.doCall(SetEncryptedTextKeyword.groovy:51)
	at com.kms.katalon.core.webui.keyword.builtin.SetEncryptedTextKeyword$_setEncryptedText_closure1.call(SetEncryptedTextKeyword.groovy)
	at com.kms.katalon.core.webui.keyword.internal.WebUIKeywordMain.runKeyword(WebUIKeywordMain.groovy:20)
	at com.kms.katalon.core.webui.keyword.builtin.SetEncryptedTextKeyword.setEncryptedText(SetEncryptedTextKeyword.groovy:65)
	at com.kms.katalon.core.webui.keyword.builtin.SetEncryptedTextKeyword.execute(SetEncryptedTextKeyword.groovy:34)
	at com.kms.katalon.core.keyword.internal.KeywordExecutor.executeKeywordForPlatform(KeywordExecutor.groovy:74)
	at com.kms.katalon.core.webui.keyword.WebUiBuiltInKeywords.setEncryptedText(WebUiBuiltInKeywords.groovy:1011)
	at com.kms.katalon.core.webui.keyword.WebUiBuiltInKeywords$setEncryptedText$4.call(Unknown Source)
	at Script1690871479980.run(Script1690871479980.groovy:41)
	... 13 more
)

2023-08-01 15:09:09 - [MESSAGE][INFO] - Unable to find the element located by 'By.xpath: //input[@name='pass-form']'. Please recheck the objects properties to make sure the desired element is located. 

2023-08-01 15:09:09 - [MESSAGE][FAILED] - Unable to set encrypted text for object 'Object Repository/Page_Bebeclub - Membership Registration/input_Password_pass-form' (Root cause: com.kms.katalon.core.exception.StepFailedException: Unable to set encrypted text for object 'Object Repository/Page_Bebeclub - Membership Registration/input_Password_pass-form'
	at com.kms.katalon.core.webui.keyword.internal.WebUIKeywordMain.stepFailed(WebUIKeywordMain.groovy:64)
	at com.kms.katalon.core.webui.keyword.internal.WebUIKeywordMain.runKeyword(WebUIKeywordMain.groovy:26)
	at com.kms.katalon.core.webui.keyword.builtin.SetEncryptedTextKeyword.setEncryptedText(SetEncryptedTextKeyword.groovy:65)
	at com.kms.katalon.core.webui.keyword.builtin.SetEncryptedTextKeyword.execute(SetEncryptedTextKeyword.groovy:34)
	at com.kms.katalon.core.keyword.internal.KeywordExecutor.executeKeywordForPlatform(KeywordExecutor.groovy:74)
	at com.kms.katalon.core.webui.keyword.WebUiBuiltInKeywords.setEncryptedText(WebUiBuiltInKeywords.groovy:1011)
	at com.kms.katalon.core.webui.keyword.WebUiBuiltInKeywords$setEncryptedText$4.call(Unknown Source)
	at 0878 XL.run(0878 XL:41)
	at com.kms.katalon.core.main.ScriptEngine.run(ScriptEngine.java:194)
	at com.kms.katalon.core.main.ScriptEngine.runScriptAsRawText(ScriptEngine.java:119)
	at com.kms.katalon.core.main.TestCaseExecutor.runScript(TestCaseExecutor.java:448)
	at com.kms.katalon.core.main.TestCaseExecutor.doExecute(TestCaseExecutor.java:439)
	at com.kms.katalon.core.main.TestCaseExecutor.processExecutionPhase(TestCaseExecutor.java:418)
	at com.kms.katalon.core.main.TestCaseExecutor.accessMainPhase(TestCaseExecutor.java:410)
	at com.kms.katalon.core.main.TestCaseExecutor.execute(TestCaseExecutor.java:285)
	at com.kms.katalon.core.common.CommonExecutor.accessTestCaseMainPhase(CommonExecutor.java:65)
	at com.kms.katalon.core.main.TestSuiteExecutor.accessTestSuiteMainPhase(TestSuiteExecutor.java:148)
	at com.kms.katalon.core.main.TestSuiteExecutor.execute(TestSuiteExecutor.java:106)
	at com.kms.katalon.core.main.TestCaseMain.startTestSuite(TestCaseMain.java:187)
	at com.kms.katalon.core.main.TestCaseMain$startTestSuite$0.call(Unknown Source)
	at TempTestSuite1690876169937.run(TempTestSuite1690876169937.groovy:36)
Caused by: com.kms.katalon.core.webui.exception.WebElementNotFoundException: Web element with id: 'Object Repository/Page_Bebeclub - Membership Registration/input_Password_pass-form' located by '//input[@name='pass-form']' not found
	at com.kms.katalon.core.webui.common.WebUiCommonHelper.findWebElement(WebUiCommonHelper.java:1376)
	at com.kms.katalon.core.webui.keyword.internal.WebUIAbstractKeyword.findWebElement(WebUIAbstractKeyword.groovy:27)
	at com.kms.katalon.core.webui.keyword.internal.WebUIAbstractKeyword.findWebElement(WebUIAbstractKeyword.groovy:26)
	at com.kms.katalon.core.webui.keyword.builtin.SetEncryptedTextKeyword$_setEncryptedText_closure1.doCall(SetEncryptedTextKeyword.groovy:51)
	at com.kms.katalon.core.webui.keyword.builtin.SetEncryptedTextKeyword$_setEncryptedText_closure1.call(SetEncryptedTextKeyword.groovy)
	at com.kms.katalon.core.webui.keyword.internal.WebUIKeywordMain.runKeyword(WebUIKeywordMain.groovy:20)
	at com.kms.katalon.core.webui.keyword.builtin.SetEncryptedTextKeyword.setEncryptedText(SetEncryptedTextKeyword.groovy:65)
	at com.kms.katalon.core.webui.keyword.builtin.SetEncryptedTextKeyword.execute(SetEncryptedTextKeyword.groovy:34)
	at com.kms.katalon.core.keyword.internal.KeywordExecutor.executeKeywordForPlatform(KeywordExecutor.groovy:74)
	at com.kms.katalon.core.webui.keyword.WebUiBuiltInKeywords.setEncryptedText(WebUiBuiltInKeywords.groovy:1011)
	at com.kms.katalon.core.webui.keyword.WebUiBuiltInKeywords$setEncryptedText$4.call(Unknown Source)
	at Script1690871479980.run(Script1690871479980.groovy:41)
	... 13 more
)
[[ATTACHMENT|C:\\Users\\Sarah Nur Azizah\\git\\test_bebeclub_branchzizah\\Reports\\20230801_144929\\XL\\20230801_144929\\1690877349682.png]]

2023-08-01 15:09:09 - [TEST_STEP][FAILED] - setEncryptedText(findTestObject("Page_Bebeclub - Membership Registration/input_Konfirmasi Password_konfirmasipass-form"), "iFGeFYmXIrUhQZHvW7P22w=="): Unable to set encrypted text for object 'Object Repository/Page_Bebeclub - Membership Registration/input_Konfirmasi Password_konfirmasipass-form' (Root cause: com.kms.katalon.core.exception.StepFailedException: Unable to set encrypted text for object 'Object Repository/Page_Bebeclub - Membership Registration/input_Konfirmasi Password_konfirmasipass-form'
	at com.kms.katalon.core.webui.keyword.internal.WebUIKeywordMain.stepFailed(WebUIKeywordMain.groovy:64)
	at com.kms.katalon.core.webui.keyword.internal.WebUIKeywordMain.runKeyword(WebUIKeywordMain.groovy:26)
	at com.kms.katalon.core.webui.keyword.builtin.SetEncryptedTextKeyword.setEncryptedText(SetEncryptedTextKeyword.groovy:65)
	at com.kms.katalon.core.webui.keyword.builtin.SetEncryptedTextKeyword.execute(SetEncryptedTextKeyword.groovy:34)
	at com.kms.katalon.core.keyword.internal.KeywordExecutor.executeKeywordForPlatform(KeywordExecutor.groovy:74)
	at com.kms.katalon.core.webui.keyword.WebUiBuiltInKeywords.setEncryptedText(WebUiBuiltInKeywords.groovy:1011)
	at com.kms.katalon.core.webui.keyword.WebUiBuiltInKeywords$setEncryptedText$4.call(Unknown Source)
	at 0878 XL.run(0878 XL:43)
	at com.kms.katalon.core.main.ScriptEngine.run(ScriptEngine.java:194)
	at com.kms.katalon.core.main.ScriptEngine.runScriptAsRawText(ScriptEngine.java:119)
	at com.kms.katalon.core.main.TestCaseExecutor.runScript(TestCaseExecutor.java:448)
	at com.kms.katalon.core.main.TestCaseExecutor.doExecute(TestCaseExecutor.java:439)
	at com.kms.katalon.core.main.TestCaseExecutor.processExecutionPhase(TestCaseExecutor.java:418)
	at com.kms.katalon.core.main.TestCaseExecutor.accessMainPhase(TestCaseExecutor.java:410)
	at com.kms.katalon.core.main.TestCaseExecutor.execute(TestCaseExecutor.java:285)
	at com.kms.katalon.core.common.CommonExecutor.accessTestCaseMainPhase(CommonExecutor.java:65)
	at com.kms.katalon.core.main.TestSuiteExecutor.accessTestSuiteMainPhase(TestSuiteExecutor.java:148)
	at com.kms.katalon.core.main.TestSuiteExecutor.execute(TestSuiteExecutor.java:106)
	at com.kms.katalon.core.main.TestCaseMain.startTestSuite(TestCaseMain.java:187)
	at com.kms.katalon.core.main.TestCaseMain$startTestSuite$0.call(Unknown Source)
	at TempTestSuite1690876169937.run(TempTestSuite1690876169937.groovy:36)
Caused by: com.kms.katalon.core.webui.exception.WebElementNotFoundException: Web element with id: 'Object Repository/Page_Bebeclub - Membership Registration/input_Konfirmasi Password_konfirmasipass-form' located by '//input[@name='konfirmasipass-form']' not found
	at com.kms.katalon.core.webui.common.WebUiCommonHelper.findWebElement(WebUiCommonHelper.java:1376)
	at com.kms.katalon.core.webui.keyword.internal.WebUIAbstractKeyword.findWebElement(WebUIAbstractKeyword.groovy:27)
	at com.kms.katalon.core.webui.keyword.internal.WebUIAbstractKeyword.findWebElement(WebUIAbstractKeyword.groovy:26)
	at com.kms.katalon.core.webui.keyword.builtin.SetEncryptedTextKeyword$_setEncryptedText_closure1.doCall(SetEncryptedTextKeyword.groovy:51)
	at com.kms.katalon.core.webui.keyword.builtin.SetEncryptedTextKeyword$_setEncryptedText_closure1.call(SetEncryptedTextKeyword.groovy)
	at com.kms.katalon.core.webui.keyword.internal.WebUIKeywordMain.runKeyword(WebUIKeywordMain.groovy:20)
	at com.kms.katalon.core.webui.keyword.builtin.SetEncryptedTextKeyword.setEncryptedText(SetEncryptedTextKeyword.groovy:65)
	at com.kms.katalon.core.webui.keyword.builtin.SetEncryptedTextKeyword.execute(SetEncryptedTextKeyword.groovy:34)
	at com.kms.katalon.core.keyword.internal.KeywordExecutor.executeKeywordForPlatform(KeywordExecutor.groovy:74)
	at com.kms.katalon.core.webui.keyword.WebUiBuiltInKeywords.setEncryptedText(WebUiBuiltInKeywords.groovy:1011)
	at com.kms.katalon.core.webui.keyword.WebUiBuiltInKeywords$setEncryptedText$4.call(Unknown Source)
	at Script1690871479980.run(Script1690871479980.groovy:43)
	... 13 more
)

2023-08-01 15:09:40 - [MESSAGE][INFO] - Unable to find the element located by 'By.xpath: //input[@name='konfirmasipass-form']'. Please recheck the objects properties to make sure the desired element is located. 

2023-08-01 15:09:40 - [MESSAGE][FAILED] - Unable to set encrypted text for object 'Object Repository/Page_Bebeclub - Membership Registration/input_Konfirmasi Password_konfirmasipass-form' (Root cause: com.kms.katalon.core.exception.StepFailedException: Unable to set encrypted text for object 'Object Repository/Page_Bebeclub - Membership Registration/input_Konfirmasi Password_konfirmasipass-form'
	at com.kms.katalon.core.webui.keyword.internal.WebUIKeywordMain.stepFailed(WebUIKeywordMain.groovy:64)
	at com.kms.katalon.core.webui.keyword.internal.WebUIKeywordMain.runKeyword(WebUIKeywordMain.groovy:26)
	at com.kms.katalon.core.webui.keyword.builtin.SetEncryptedTextKeyword.setEncryptedText(SetEncryptedTextKeyword.groovy:65)
	at com.kms.katalon.core.webui.keyword.builtin.SetEncryptedTextKeyword.execute(SetEncryptedTextKeyword.groovy:34)
	at com.kms.katalon.core.keyword.internal.KeywordExecutor.executeKeywordForPlatform(KeywordExecutor.groovy:74)
	at com.kms.katalon.core.webui.keyword.WebUiBuiltInKeywords.setEncryptedText(WebUiBuiltInKeywords.groovy:1011)
	at com.kms.katalon.core.webui.keyword.WebUiBuiltInKeywords$setEncryptedText$4.call(Unknown Source)
	at 0878 XL.run(0878 XL:43)
	at com.kms.katalon.core.main.ScriptEngine.run(ScriptEngine.java:194)
	at com.kms.katalon.core.main.ScriptEngine.runScriptAsRawText(ScriptEngine.java:119)
	at com.kms.katalon.core.main.TestCaseExecutor.runScript(TestCaseExecutor.java:448)
	at com.kms.katalon.core.main.TestCaseExecutor.doExecute(TestCaseExecutor.java:439)
	at com.kms.katalon.core.main.TestCaseExecutor.processExecutionPhase(TestCaseExecutor.java:418)
	at com.kms.katalon.core.main.TestCaseExecutor.accessMainPhase(TestCaseExecutor.java:410)
	at com.kms.katalon.core.main.TestCaseExecutor.execute(TestCaseExecutor.java:285)
	at com.kms.katalon.core.common.CommonExecutor.accessTestCaseMainPhase(CommonExecutor.java:65)
	at com.kms.katalon.core.main.TestSuiteExecutor.accessTestSuiteMainPhase(TestSuiteExecutor.java:148)
	at com.kms.katalon.core.main.TestSuiteExecutor.execute(TestSuiteExecutor.java:106)
	at com.kms.katalon.core.main.TestCaseMain.startTestSuite(TestCaseMain.java:187)
	at com.kms.katalon.core.main.TestCaseMain$startTestSuite$0.call(Unknown Source)
	at TempTestSuite1690876169937.run(TempTestSuite1690876169937.groovy:36)
Caused by: com.kms.katalon.core.webui.exception.WebElementNotFoundException: Web element with id: 'Object Repository/Page_Bebeclub - Membership Registration/input_Konfirmasi Password_konfirmasipass-form' located by '//input[@name='konfirmasipass-form']' not found
	at com.kms.katalon.core.webui.common.WebUiCommonHelper.findWebElement(WebUiCommonHelper.java:1376)
	at com.kms.katalon.core.webui.keyword.internal.WebUIAbstractKeyword.findWebElement(WebUIAbstractKeyword.groovy:27)
	at com.kms.katalon.core.webui.keyword.internal.WebUIAbstractKeyword.findWebElement(WebUIAbstractKeyword.groovy:26)
	at com.kms.katalon.core.webui.keyword.builtin.SetEncryptedTextKeyword$_setEncryptedText_closure1.doCall(SetEncryptedTextKeyword.groovy:51)
	at com.kms.katalon.core.webui.keyword.builtin.SetEncryptedTextKeyword$_setEncryptedText_closure1.call(SetEncryptedTextKeyword.groovy)
	at com.kms.katalon.core.webui.keyword.internal.WebUIKeywordMain.runKeyword(WebUIKeywordMain.groovy:20)
	at com.kms.katalon.core.webui.keyword.builtin.SetEncryptedTextKeyword.setEncryptedText(SetEncryptedTextKeyword.groovy:65)
	at com.kms.katalon.core.webui.keyword.builtin.SetEncryptedTextKeyword.execute(SetEncryptedTextKeyword.groovy:34)
	at com.kms.katalon.core.keyword.internal.KeywordExecutor.executeKeywordForPlatform(KeywordExecutor.groovy:74)
	at com.kms.katalon.core.webui.keyword.WebUiBuiltInKeywords.setEncryptedText(WebUiBuiltInKeywords.groovy:1011)
	at com.kms.katalon.core.webui.keyword.WebUiBuiltInKeywords$setEncryptedText$4.call(Unknown Source)
	at Script1690871479980.run(Script1690871479980.groovy:43)
	... 13 more
)
[[ATTACHMENT|C:\\Users\\Sarah Nur Azizah\\git\\test_bebeclub_branchzizah\\Reports\\20230801_144929\\XL\\20230801_144929\\1690877380871.png]]

2023-08-01 15:09:40 - [TEST_STEP][FAILED] - selectOptionByLabel(findTestObject("Page_Bebeclub - Membership Registration/select_Pilih Kondisi Ibu Saat Ini"), "Belum Hamil & Tidak Mempunyai Anak", false): Unable to select option by label 'Belum Hamil & Tidak Mempunyai Anak' of object 'Object Repository/Page_Bebeclub - Membership Registration/select_Pilih Kondisi Ibu Saat Ini'  (Root cause: com.kms.katalon.core.exception.StepFailedException: Unable to select option by label 'Belum Hamil & Tidak Mempunyai Anak' of object 'Object Repository/Page_Bebeclub - Membership Registration/select_Pilih Kondisi Ibu Saat Ini' 
	at com.kms.katalon.core.webui.keyword.internal.WebUIKeywordMain.stepFailed(WebUIKeywordMain.groovy:64)
	at com.kms.katalon.core.webui.keyword.internal.WebUIKeywordMain.runKeyword(WebUIKeywordMain.groovy:26)
	at com.kms.katalon.core.webui.keyword.builtin.SelectOptionByLabelKeyword.selectOptionByLabel(SelectOptionByLabelKeyword.groovy:98)
	at com.kms.katalon.core.webui.keyword.builtin.SelectOptionByLabelKeyword.execute(SelectOptionByLabelKeyword.groovy:71)
	at com.kms.katalon.core.keyword.internal.KeywordExecutor.executeKeywordForPlatform(KeywordExecutor.groovy:74)
	at com.kms.katalon.core.webui.keyword.WebUiBuiltInKeywords.selectOptionByLabel(WebUiBuiltInKeywords.groovy:1230)
	at com.kms.katalon.core.webui.keyword.WebUiBuiltInKeywords$selectOptionByLabel$5.call(Unknown Source)
	at 0878 XL.run(0878 XL:46)
	at com.kms.katalon.core.main.ScriptEngine.run(ScriptEngine.java:194)
	at com.kms.katalon.core.main.ScriptEngine.runScriptAsRawText(ScriptEngine.java:119)
	at com.kms.katalon.core.main.TestCaseExecutor.runScript(TestCaseExecutor.java:448)
	at com.kms.katalon.core.main.TestCaseExecutor.doExecute(TestCaseExecutor.java:439)
	at com.kms.katalon.core.main.TestCaseExecutor.processExecutionPhase(TestCaseExecutor.java:418)
	at com.kms.katalon.core.main.TestCaseExecutor.accessMainPhase(TestCaseExecutor.java:410)
	at com.kms.katalon.core.main.TestCaseExecutor.execute(TestCaseExecutor.java:285)
	at com.kms.katalon.core.common.CommonExecutor.accessTestCaseMainPhase(CommonExecutor.java:65)
	at com.kms.katalon.core.main.TestSuiteExecutor.accessTestSuiteMainPhase(TestSuiteExecutor.java:148)
	at com.kms.katalon.core.main.TestSuiteExecutor.execute(TestSuiteExecutor.java:106)
	at com.kms.katalon.core.main.TestCaseMain.startTestSuite(TestCaseMain.java:187)
	at com.kms.katalon.core.main.TestCaseMain$startTestSuite$0.call(Unknown Source)
	at TempTestSuite1690876169937.run(TempTestSuite1690876169937.groovy:36)
Caused by: com.kms.katalon.core.webui.exception.WebElementNotFoundException: Web element with id: 'Object Repository/Page_Bebeclub - Membership Registration/select_Pilih Kondisi Ibu Saat Ini' located by '//select[@id='statusibu-form']' not found
	at com.kms.katalon.core.webui.common.WebUiCommonHelper.findWebElement(WebUiCommonHelper.java:1376)
	at com.kms.katalon.core.webui.keyword.internal.WebUIAbstractKeyword.findWebElement(WebUIAbstractKeyword.groovy:27)
	at com.kms.katalon.core.webui.keyword.internal.WebUIAbstractKeyword.findWebElement(WebUIAbstractKeyword.groovy:26)
	at com.kms.katalon.core.webui.keyword.builtin.SelectOptionByLabelKeyword$_selectOptionByLabel_closure1.doCall(SelectOptionByLabelKeyword.groovy:86)
	at com.kms.katalon.core.webui.keyword.builtin.SelectOptionByLabelKeyword$_selectOptionByLabel_closure1.call(SelectOptionByLabelKeyword.groovy)
	at com.kms.katalon.core.webui.keyword.internal.WebUIKeywordMain.runKeyword(WebUIKeywordMain.groovy:20)
	at com.kms.katalon.core.webui.keyword.builtin.SelectOptionByLabelKeyword.selectOptionByLabel(SelectOptionByLabelKeyword.groovy:98)
	at com.kms.katalon.core.webui.keyword.builtin.SelectOptionByLabelKeyword.execute(SelectOptionByLabelKeyword.groovy:71)
	at com.kms.katalon.core.keyword.internal.KeywordExecutor.executeKeywordForPlatform(KeywordExecutor.groovy:74)
	at com.kms.katalon.core.webui.keyword.WebUiBuiltInKeywords.selectOptionByLabel(WebUiBuiltInKeywords.groovy:1230)
	at com.kms.katalon.core.webui.keyword.WebUiBuiltInKeywords$selectOptionByLabel$5.call(Unknown Source)
	at Script1690871479980.run(Script1690871479980.groovy:46)
	... 13 more
)

2023-08-01 15:10:12 - [MESSAGE][INFO] - Unable to find the element located by 'By.xpath: //select[@id='statusibu-form']'. Please recheck the objects properties to make sure the desired element is located. 

2023-08-01 15:10:12 - [MESSAGE][FAILED] - Unable to select option by label 'Belum Hamil & Tidak Mempunyai Anak' of object 'Object Repository/Page_Bebeclub - Membership Registration/select_Pilih Kondisi Ibu Saat Ini'  (Root cause: com.kms.katalon.core.exception.StepFailedException: Unable to select option by label 'Belum Hamil & Tidak Mempunyai Anak' of object 'Object Repository/Page_Bebeclub - Membership Registration/select_Pilih Kondisi Ibu Saat Ini' 
	at com.kms.katalon.core.webui.keyword.internal.WebUIKeywordMain.stepFailed(WebUIKeywordMain.groovy:64)
	at com.kms.katalon.core.webui.keyword.internal.WebUIKeywordMain.runKeyword(WebUIKeywordMain.groovy:26)
	at com.kms.katalon.core.webui.keyword.builtin.SelectOptionByLabelKeyword.selectOptionByLabel(SelectOptionByLabelKeyword.groovy:98)
	at com.kms.katalon.core.webui.keyword.builtin.SelectOptionByLabelKeyword.execute(SelectOptionByLabelKeyword.groovy:71)
	at com.kms.katalon.core.keyword.internal.KeywordExecutor.executeKeywordForPlatform(KeywordExecutor.groovy:74)
	at com.kms.katalon.core.webui.keyword.WebUiBuiltInKeywords.selectOptionByLabel(WebUiBuiltInKeywords.groovy:1230)
	at com.kms.katalon.core.webui.keyword.WebUiBuiltInKeywords$selectOptionByLabel$5.call(Unknown Source)
	at 0878 XL.run(0878 XL:46)
	at com.kms.katalon.core.main.ScriptEngine.run(ScriptEngine.java:194)
	at com.kms.katalon.core.main.ScriptEngine.runScriptAsRawText(ScriptEngine.java:119)
	at com.kms.katalon.core.main.TestCaseExecutor.runScript(TestCaseExecutor.java:448)
	at com.kms.katalon.core.main.TestCaseExecutor.doExecute(TestCaseExecutor.java:439)
	at com.kms.katalon.core.main.TestCaseExecutor.processExecutionPhase(TestCaseExecutor.java:418)
	at com.kms.katalon.core.main.TestCaseExecutor.accessMainPhase(TestCaseExecutor.java:410)
	at com.kms.katalon.core.main.TestCaseExecutor.execute(TestCaseExecutor.java:285)
	at com.kms.katalon.core.common.CommonExecutor.accessTestCaseMainPhase(CommonExecutor.java:65)
	at com.kms.katalon.core.main.TestSuiteExecutor.accessTestSuiteMainPhase(TestSuiteExecutor.java:148)
	at com.kms.katalon.core.main.TestSuiteExecutor.execute(TestSuiteExecutor.java:106)
	at com.kms.katalon.core.main.TestCaseMain.startTestSuite(TestCaseMain.java:187)
	at com.kms.katalon.core.main.TestCaseMain$startTestSuite$0.call(Unknown Source)
	at TempTestSuite1690876169937.run(TempTestSuite1690876169937.groovy:36)
Caused by: com.kms.katalon.core.webui.exception.WebElementNotFoundException: Web element with id: 'Object Repository/Page_Bebeclub - Membership Registration/select_Pilih Kondisi Ibu Saat Ini' located by '//select[@id='statusibu-form']' not found
	at com.kms.katalon.core.webui.common.WebUiCommonHelper.findWebElement(WebUiCommonHelper.java:1376)
	at com.kms.katalon.core.webui.keyword.internal.WebUIAbstractKeyword.findWebElement(WebUIAbstractKeyword.groovy:27)
	at com.kms.katalon.core.webui.keyword.internal.WebUIAbstractKeyword.findWebElement(WebUIAbstractKeyword.groovy:26)
	at com.kms.katalon.core.webui.keyword.builtin.SelectOptionByLabelKeyword$_selectOptionByLabel_closure1.doCall(SelectOptionByLabelKeyword.groovy:86)
	at com.kms.katalon.core.webui.keyword.builtin.SelectOptionByLabelKeyword$_selectOptionByLabel_closure1.call(SelectOptionByLabelKeyword.groovy)
	at com.kms.katalon.core.webui.keyword.internal.WebUIKeywordMain.runKeyword(WebUIKeywordMain.groovy:20)
	at com.kms.katalon.core.webui.keyword.builtin.SelectOptionByLabelKeyword.selectOptionByLabel(SelectOptionByLabelKeyword.groovy:98)
	at com.kms.katalon.core.webui.keyword.builtin.SelectOptionByLabelKeyword.execute(SelectOptionByLabelKeyword.groovy:71)
	at com.kms.katalon.core.keyword.internal.KeywordExecutor.executeKeywordForPlatform(KeywordExecutor.groovy:74)
	at com.kms.katalon.core.webui.keyword.WebUiBuiltInKeywords.selectOptionByLabel(WebUiBuiltInKeywords.groovy:1230)
	at com.kms.katalon.core.webui.keyword.WebUiBuiltInKeywords$selectOptionByLabel$5.call(Unknown Source)
	at Script1690871479980.run(Script1690871479980.groovy:46)
	... 13 more
)
[[ATTACHMENT|C:\\Users\\Sarah Nur Azizah\\git\\test_bebeclub_branchzizah\\Reports\\20230801_144929\\XL\\20230801_144929\\1690877412038.png]]

2023-08-01 15:10:12 - [TEST_STEP][FAILED] - click(findTestObject("Page_Bebeclub - Membership Registration/button_Kirim Kode OTP")): Unable to click on object 'Object Repository/Page_Bebeclub - Membership Registration/button_Kirim Kode OTP' (Root cause: com.kms.katalon.core.exception.StepFailedException: Unable to click on object 'Object Repository/Page_Bebeclub - Membership Registration/button_Kirim Kode OTP'
	at com.kms.katalon.core.webui.keyword.internal.WebUIKeywordMain.stepFailed(WebUIKeywordMain.groovy:64)
	at com.kms.katalon.core.webui.keyword.internal.WebUIKeywordMain.runKeyword(WebUIKeywordMain.groovy:26)
	at com.kms.katalon.core.webui.keyword.builtin.ClickKeyword.click(ClickKeyword.groovy:74)
	at com.kms.katalon.core.webui.keyword.builtin.ClickKeyword.execute(ClickKeyword.groovy:40)
	at com.kms.katalon.core.keyword.internal.KeywordExecutor.executeKeywordForPlatform(KeywordExecutor.groovy:74)
	at com.kms.katalon.core.webui.keyword.WebUiBuiltInKeywords.click(WebUiBuiltInKeywords.groovy:620)
	at com.kms.katalon.core.webui.keyword.WebUiBuiltInKeywords$click$2.call(Unknown Source)
	at 0878 XL.run(0878 XL:49)
	at com.kms.katalon.core.main.ScriptEngine.run(ScriptEngine.java:194)
	at com.kms.katalon.core.main.ScriptEngine.runScriptAsRawText(ScriptEngine.java:119)
	at com.kms.katalon.core.main.TestCaseExecutor.runScript(TestCaseExecutor.java:448)
	at com.kms.katalon.core.main.TestCaseExecutor.doExecute(TestCaseExecutor.java:439)
	at com.kms.katalon.core.main.TestCaseExecutor.processExecutionPhase(TestCaseExecutor.java:418)
	at com.kms.katalon.core.main.TestCaseExecutor.accessMainPhase(TestCaseExecutor.java:410)
	at com.kms.katalon.core.main.TestCaseExecutor.execute(TestCaseExecutor.java:285)
	at com.kms.katalon.core.common.CommonExecutor.accessTestCaseMainPhase(CommonExecutor.java:65)
	at com.kms.katalon.core.main.TestSuiteExecutor.accessTestSuiteMainPhase(TestSuiteExecutor.java:148)
	at com.kms.katalon.core.main.TestSuiteExecutor.execute(TestSuiteExecutor.java:106)
	at com.kms.katalon.core.main.TestCaseMain.startTestSuite(TestCaseMain.java:187)
	at com.kms.katalon.core.main.TestCaseMain$startTestSuite$0.call(Unknown Source)
	at TempTestSuite1690876169937.run(TempTestSuite1690876169937.groovy:36)
Caused by: com.kms.katalon.core.webui.exception.WebElementNotFoundException: Web element with id: 'Object Repository/Page_Bebeclub - Membership Registration/button_Kirim Kode OTP' located by '(//button[@type='button'])[2]' not found
	at com.kms.katalon.core.webui.common.WebUiCommonHelper.findWebElement(WebUiCommonHelper.java:1376)
	at com.kms.katalon.core.webui.keyword.internal.WebUIAbstractKeyword.findWebElement(WebUIAbstractKeyword.groovy:27)
	at com.kms.katalon.core.webui.keyword.builtin.ClickKeyword$_click_closure1.doCall(ClickKeyword.groovy:65)
	at com.kms.katalon.core.webui.keyword.builtin.ClickKeyword$_click_closure1.call(ClickKeyword.groovy)
	at com.kms.katalon.core.webui.keyword.internal.WebUIKeywordMain.runKeyword(WebUIKeywordMain.groovy:20)
	at com.kms.katalon.core.webui.keyword.builtin.ClickKeyword.click(ClickKeyword.groovy:74)
	at com.kms.katalon.core.webui.keyword.builtin.ClickKeyword.execute(ClickKeyword.groovy:40)
	at com.kms.katalon.core.keyword.internal.KeywordExecutor.executeKeywordForPlatform(KeywordExecutor.groovy:74)
	at com.kms.katalon.core.webui.keyword.WebUiBuiltInKeywords.click(WebUiBuiltInKeywords.groovy:620)
	at com.kms.katalon.core.webui.keyword.WebUiBuiltInKeywords$click$2.call(Unknown Source)
	at Script1690871479980.run(Script1690871479980.groovy:49)
	... 13 more
)

2023-08-01 15:10:43 - [MESSAGE][INFO] - Unable to find the element located by 'By.xpath: (//button[@type='button'])[2]'. Please recheck the objects properties to make sure the desired element is located. 

2023-08-01 15:10:43 - [MESSAGE][FAILED] - Unable to click on object 'Object Repository/Page_Bebeclub - Membership Registration/button_Kirim Kode OTP' (Root cause: com.kms.katalon.core.exception.StepFailedException: Unable to click on object 'Object Repository/Page_Bebeclub - Membership Registration/button_Kirim Kode OTP'
	at com.kms.katalon.core.webui.keyword.internal.WebUIKeywordMain.stepFailed(WebUIKeywordMain.groovy:64)
	at com.kms.katalon.core.webui.keyword.internal.WebUIKeywordMain.runKeyword(WebUIKeywordMain.groovy:26)
	at com.kms.katalon.core.webui.keyword.builtin.ClickKeyword.click(ClickKeyword.groovy:74)
	at com.kms.katalon.core.webui.keyword.builtin.ClickKeyword.execute(ClickKeyword.groovy:40)
	at com.kms.katalon.core.keyword.internal.KeywordExecutor.executeKeywordForPlatform(KeywordExecutor.groovy:74)
	at com.kms.katalon.core.webui.keyword.WebUiBuiltInKeywords.click(WebUiBuiltInKeywords.groovy:620)
	at com.kms.katalon.core.webui.keyword.WebUiBuiltInKeywords$click$2.call(Unknown Source)
	at 0878 XL.run(0878 XL:49)
	at com.kms.katalon.core.main.ScriptEngine.run(ScriptEngine.java:194)
	at com.kms.katalon.core.main.ScriptEngine.runScriptAsRawText(ScriptEngine.java:119)
	at com.kms.katalon.core.main.TestCaseExecutor.runScript(TestCaseExecutor.java:448)
	at com.kms.katalon.core.main.TestCaseExecutor.doExecute(TestCaseExecutor.java:439)
	at com.kms.katalon.core.main.TestCaseExecutor.processExecutionPhase(TestCaseExecutor.java:418)
	at com.kms.katalon.core.main.TestCaseExecutor.accessMainPhase(TestCaseExecutor.java:410)
	at com.kms.katalon.core.main.TestCaseExecutor.execute(TestCaseExecutor.java:285)
	at com.kms.katalon.core.common.CommonExecutor.accessTestCaseMainPhase(CommonExecutor.java:65)
	at com.kms.katalon.core.main.TestSuiteExecutor.accessTestSuiteMainPhase(TestSuiteExecutor.java:148)
	at com.kms.katalon.core.main.TestSuiteExecutor.execute(TestSuiteExecutor.java:106)
	at com.kms.katalon.core.main.TestCaseMain.startTestSuite(TestCaseMain.java:187)
	at com.kms.katalon.core.main.TestCaseMain$startTestSuite$0.call(Unknown Source)
	at TempTestSuite1690876169937.run(TempTestSuite1690876169937.groovy:36)
Caused by: com.kms.katalon.core.webui.exception.WebElementNotFoundException: Web element with id: 'Object Repository/Page_Bebeclub - Membership Registration/button_Kirim Kode OTP' located by '(//button[@type='button'])[2]' not found
	at com.kms.katalon.core.webui.common.WebUiCommonHelper.findWebElement(WebUiCommonHelper.java:1376)
	at com.kms.katalon.core.webui.keyword.internal.WebUIAbstractKeyword.findWebElement(WebUIAbstractKeyword.groovy:27)
	at com.kms.katalon.core.webui.keyword.builtin.ClickKeyword$_click_closure1.doCall(ClickKeyword.groovy:65)
	at com.kms.katalon.core.webui.keyword.builtin.ClickKeyword$_click_closure1.call(ClickKeyword.groovy)
	at com.kms.katalon.core.webui.keyword.internal.WebUIKeywordMain.runKeyword(WebUIKeywordMain.groovy:20)
	at com.kms.katalon.core.webui.keyword.builtin.ClickKeyword.click(ClickKeyword.groovy:74)
	at com.kms.katalon.core.webui.keyword.builtin.ClickKeyword.execute(ClickKeyword.groovy:40)
	at com.kms.katalon.core.keyword.internal.KeywordExecutor.executeKeywordForPlatform(KeywordExecutor.groovy:74)
	at com.kms.katalon.core.webui.keyword.WebUiBuiltInKeywords.click(WebUiBuiltInKeywords.groovy:620)
	at com.kms.katalon.core.webui.keyword.WebUiBuiltInKeywords$click$2.call(Unknown Source)
	at Script1690871479980.run(Script1690871479980.groovy:49)
	... 13 more
)
[[ATTACHMENT|C:\\Users\\Sarah Nur Azizah\\git\\test_bebeclub_branchzizah\\Reports\\20230801_144929\\XL\\20230801_144929\\1690877443272.png]]

2023-08-01 15:10:43 - [TEST_STEP][PASSED] - delay(4): Delayed 4 second(s)

2023-08-01 15:10:47 - [MESSAGE][PASSED] - Delayed 4 second(s)

2023-08-01 15:10:47 - [TEST_STEP][FAILED] - verifyTextPresent("Berhasil", false): Text 'Berhasil' is not present on page  (Root cause: com.kms.katalon.core.exception.StepFailedException: Text 'Berhasil' is not present on page 
	at com.kms.katalon.core.webui.keyword.internal.WebUIKeywordMain.stepFailed(WebUIKeywordMain.groovy:64)
	at com.kms.katalon.core.webui.keyword.builtin.VerifyTextPresentKeyword$_verifyTextPresent_closure1.doCall(VerifyTextPresentKeyword.groovy:79)
	at com.kms.katalon.core.webui.keyword.builtin.VerifyTextPresentKeyword$_verifyTextPresent_closure1.call(VerifyTextPresentKeyword.groovy)
	at com.kms.katalon.core.webui.keyword.internal.WebUIKeywordMain.runKeyword(WebUIKeywordMain.groovy:20)
	at com.kms.katalon.core.webui.keyword.builtin.VerifyTextPresentKeyword.verifyTextPresent(VerifyTextPresentKeyword.groovy:83)
	at com.kms.katalon.core.webui.keyword.builtin.VerifyTextPresentKeyword.execute(VerifyTextPresentKeyword.groovy:68)
	at com.kms.katalon.core.keyword.internal.KeywordExecutor.executeKeywordForPlatform(KeywordExecutor.groovy:74)
	at com.kms.katalon.core.webui.keyword.WebUiBuiltInKeywords.verifyTextPresent(WebUiBuiltInKeywords.groovy:1723)
	at com.kms.katalon.core.webui.keyword.WebUiBuiltInKeywords$verifyTextPresent$6.call(Unknown Source)
	at 0878 XL.run(0878 XL:53)
	at com.kms.katalon.core.main.ScriptEngine.run(ScriptEngine.java:194)
	at com.kms.katalon.core.main.ScriptEngine.runScriptAsRawText(ScriptEngine.java:119)
	at com.kms.katalon.core.main.TestCaseExecutor.runScript(TestCaseExecutor.java:448)
	at com.kms.katalon.core.main.TestCaseExecutor.doExecute(TestCaseExecutor.java:439)
	at com.kms.katalon.core.main.TestCaseExecutor.processExecutionPhase(TestCaseExecutor.java:418)
	at com.kms.katalon.core.main.TestCaseExecutor.accessMainPhase(TestCaseExecutor.java:410)
	at com.kms.katalon.core.main.TestCaseExecutor.execute(TestCaseExecutor.java:285)
	at com.kms.katalon.core.common.CommonExecutor.accessTestCaseMainPhase(CommonExecutor.java:65)
	at com.kms.katalon.core.main.TestSuiteExecutor.accessTestSuiteMainPhase(TestSuiteExecutor.java:148)
	at com.kms.katalon.core.main.TestSuiteExecutor.execute(TestSuiteExecutor.java:106)
	at com.kms.katalon.core.main.TestCaseMain.startTestSuite(TestCaseMain.java:187)
	at com.kms.katalon.core.main.TestCaseMain$startTestSuite$0.call(Unknown Source)
	at TempTestSuite1690876169937.run(TempTestSuite1690876169937.groovy:36)
)

2023-08-01 15:10:47 - [MESSAGE][FAILED] - Text 'Berhasil' is not present on page  (Root cause: com.kms.katalon.core.exception.StepFailedException: Text 'Berhasil' is not present on page 
	at com.kms.katalon.core.webui.keyword.internal.WebUIKeywordMain.stepFailed(WebUIKeywordMain.groovy:64)
	at com.kms.katalon.core.webui.keyword.builtin.VerifyTextPresentKeyword$_verifyTextPresent_closure1.doCall(VerifyTextPresentKeyword.groovy:79)
	at com.kms.katalon.core.webui.keyword.builtin.VerifyTextPresentKeyword$_verifyTextPresent_closure1.call(VerifyTextPresentKeyword.groovy)
	at com.kms.katalon.core.webui.keyword.internal.WebUIKeywordMain.runKeyword(WebUIKeywordMain.groovy:20)
	at com.kms.katalon.core.webui.keyword.builtin.VerifyTextPresentKeyword.verifyTextPresent(VerifyTextPresentKeyword.groovy:83)
	at com.kms.katalon.core.webui.keyword.builtin.VerifyTextPresentKeyword.execute(VerifyTextPresentKeyword.groovy:68)
	at com.kms.katalon.core.keyword.internal.KeywordExecutor.executeKeywordForPlatform(KeywordExecutor.groovy:74)
	at com.kms.katalon.core.webui.keyword.WebUiBuiltInKeywords.verifyTextPresent(WebUiBuiltInKeywords.groovy:1723)
	at com.kms.katalon.core.webui.keyword.WebUiBuiltInKeywords$verifyTextPresent$6.call(Unknown Source)
	at 0878 XL.run(0878 XL:53)
	at com.kms.katalon.core.main.ScriptEngine.run(ScriptEngine.java:194)
	at com.kms.katalon.core.main.ScriptEngine.runScriptAsRawText(ScriptEngine.java:119)
	at com.kms.katalon.core.main.TestCaseExecutor.runScript(TestCaseExecutor.java:448)
	at com.kms.katalon.core.main.TestCaseExecutor.doExecute(TestCaseExecutor.java:439)
	at com.kms.katalon.core.main.TestCaseExecutor.processExecutionPhase(TestCaseExecutor.java:418)
	at com.kms.katalon.core.main.TestCaseExecutor.accessMainPhase(TestCaseExecutor.java:410)
	at com.kms.katalon.core.main.TestCaseExecutor.execute(TestCaseExecutor.java:285)
	at com.kms.katalon.core.common.CommonExecutor.accessTestCaseMainPhase(CommonExecutor.java:65)
	at com.kms.katalon.core.main.TestSuiteExecutor.accessTestSuiteMainPhase(TestSuiteExecutor.java:148)
	at com.kms.katalon.core.main.TestSuiteExecutor.execute(TestSuiteExecutor.java:106)
	at com.kms.katalon.core.main.TestCaseMain.startTestSuite(TestCaseMain.java:187)
	at com.kms.katalon.core.main.TestCaseMain$startTestSuite$0.call(Unknown Source)
	at TempTestSuite1690876169937.run(TempTestSuite1690876169937.groovy:36)
)

2023-08-01 15:10:47 - [TEST_STEP][FAILED] - click(findTestObject("Page_Bebeclub - Membership Registration/img")): Unable to click on object 'Object Repository/Page_Bebeclub - Membership Registration/img' (Root cause: com.kms.katalon.core.exception.StepFailedException: Unable to click on object 'Object Repository/Page_Bebeclub - Membership Registration/img'
	at com.kms.katalon.core.webui.keyword.internal.WebUIKeywordMain.stepFailed(WebUIKeywordMain.groovy:64)
	at com.kms.katalon.core.webui.keyword.internal.WebUIKeywordMain.runKeyword(WebUIKeywordMain.groovy:26)
	at com.kms.katalon.core.webui.keyword.builtin.ClickKeyword.click(ClickKeyword.groovy:74)
	at com.kms.katalon.core.webui.keyword.builtin.ClickKeyword.execute(ClickKeyword.groovy:40)
	at com.kms.katalon.core.keyword.internal.KeywordExecutor.executeKeywordForPlatform(KeywordExecutor.groovy:74)
	at com.kms.katalon.core.webui.keyword.WebUiBuiltInKeywords.click(WebUiBuiltInKeywords.groovy:620)
	at com.kms.katalon.core.webui.keyword.WebUiBuiltInKeywords$click$2.call(Unknown Source)
	at 0878 XL.run(0878 XL:55)
	at com.kms.katalon.core.main.ScriptEngine.run(ScriptEngine.java:194)
	at com.kms.katalon.core.main.ScriptEngine.runScriptAsRawText(ScriptEngine.java:119)
	at com.kms.katalon.core.main.TestCaseExecutor.runScript(TestCaseExecutor.java:448)
	at com.kms.katalon.core.main.TestCaseExecutor.doExecute(TestCaseExecutor.java:439)
	at com.kms.katalon.core.main.TestCaseExecutor.processExecutionPhase(TestCaseExecutor.java:418)
	at com.kms.katalon.core.main.TestCaseExecutor.accessMainPhase(TestCaseExecutor.java:410)
	at com.kms.katalon.core.main.TestCaseExecutor.execute(TestCaseExecutor.java:285)
	at com.kms.katalon.core.common.CommonExecutor.accessTestCaseMainPhase(CommonExecutor.java:65)
	at com.kms.katalon.core.main.TestSuiteExecutor.accessTestSuiteMainPhase(TestSuiteExecutor.java:148)
	at com.kms.katalon.core.main.TestSuiteExecutor.execute(TestSuiteExecutor.java:106)
	at com.kms.katalon.core.main.TestCaseMain.startTestSuite(TestCaseMain.java:187)
	at com.kms.katalon.core.main.TestCaseMain$startTestSuite$0.call(Unknown Source)
	at TempTestSuite1690876169937.run(TempTestSuite1690876169937.groovy:36)
Caused by: com.kms.katalon.core.webui.exception.WebElementNotFoundException: Web element with id: 'Object Repository/Page_Bebeclub - Membership Registration/img' located by '//img[@alt='close']' not found
	at com.kms.katalon.core.webui.common.WebUiCommonHelper.findWebElement(WebUiCommonHelper.java:1376)
	at com.kms.katalon.core.webui.keyword.internal.WebUIAbstractKeyword.findWebElement(WebUIAbstractKeyword.groovy:27)
	at com.kms.katalon.core.webui.keyword.builtin.ClickKeyword$_click_closure1.doCall(ClickKeyword.groovy:65)
	at com.kms.katalon.core.webui.keyword.builtin.ClickKeyword$_click_closure1.call(ClickKeyword.groovy)
	at com.kms.katalon.core.webui.keyword.internal.WebUIKeywordMain.runKeyword(WebUIKeywordMain.groovy:20)
	at com.kms.katalon.core.webui.keyword.builtin.ClickKeyword.click(ClickKeyword.groovy:74)
	at com.kms.katalon.core.webui.keyword.builtin.ClickKeyword.execute(ClickKeyword.groovy:40)
	at com.kms.katalon.core.keyword.internal.KeywordExecutor.executeKeywordForPlatform(KeywordExecutor.groovy:74)
	at com.kms.katalon.core.webui.keyword.WebUiBuiltInKeywords.click(WebUiBuiltInKeywords.groovy:620)
	at com.kms.katalon.core.webui.keyword.WebUiBuiltInKeywords$click$2.call(Unknown Source)
	at Script1690871479980.run(Script1690871479980.groovy:55)
	... 13 more
)

2023-08-01 15:11:18 - [MESSAGE][INFO] - Unable to find the element located by 'By.xpath: //img[@alt='close']'. Please recheck the objects properties to make sure the desired element is located. 

2023-08-01 15:11:18 - [MESSAGE][FAILED] - Unable to click on object 'Object Repository/Page_Bebeclub - Membership Registration/img' (Root cause: com.kms.katalon.core.exception.StepFailedException: Unable to click on object 'Object Repository/Page_Bebeclub - Membership Registration/img'
	at com.kms.katalon.core.webui.keyword.internal.WebUIKeywordMain.stepFailed(WebUIKeywordMain.groovy:64)
	at com.kms.katalon.core.webui.keyword.internal.WebUIKeywordMain.runKeyword(WebUIKeywordMain.groovy:26)
	at com.kms.katalon.core.webui.keyword.builtin.ClickKeyword.click(ClickKeyword.groovy:74)
	at com.kms.katalon.core.webui.keyword.builtin.ClickKeyword.execute(ClickKeyword.groovy:40)
	at com.kms.katalon.core.keyword.internal.KeywordExecutor.executeKeywordForPlatform(KeywordExecutor.groovy:74)
	at com.kms.katalon.core.webui.keyword.WebUiBuiltInKeywords.click(WebUiBuiltInKeywords.groovy:620)
	at com.kms.katalon.core.webui.keyword.WebUiBuiltInKeywords$click$2.call(Unknown Source)
	at 0878 XL.run(0878 XL:55)
	at com.kms.katalon.core.main.ScriptEngine.run(ScriptEngine.java:194)
	at com.kms.katalon.core.main.ScriptEngine.runScriptAsRawText(ScriptEngine.java:119)
	at com.kms.katalon.core.main.TestCaseExecutor.runScript(TestCaseExecutor.java:448)
	at com.kms.katalon.core.main.TestCaseExecutor.doExecute(TestCaseExecutor.java:439)
	at com.kms.katalon.core.main.TestCaseExecutor.processExecutionPhase(TestCaseExecutor.java:418)
	at com.kms.katalon.core.main.TestCaseExecutor.accessMainPhase(TestCaseExecutor.java:410)
	at com.kms.katalon.core.main.TestCaseExecutor.execute(TestCaseExecutor.java:285)
	at com.kms.katalon.core.common.CommonExecutor.accessTestCaseMainPhase(CommonExecutor.java:65)
	at com.kms.katalon.core.main.TestSuiteExecutor.accessTestSuiteMainPhase(TestSuiteExecutor.java:148)
	at com.kms.katalon.core.main.TestSuiteExecutor.execute(TestSuiteExecutor.java:106)
	at com.kms.katalon.core.main.TestCaseMain.startTestSuite(TestCaseMain.java:187)
	at com.kms.katalon.core.main.TestCaseMain$startTestSuite$0.call(Unknown Source)
	at TempTestSuite1690876169937.run(TempTestSuite1690876169937.groovy:36)
Caused by: com.kms.katalon.core.webui.exception.WebElementNotFoundException: Web element with id: 'Object Repository/Page_Bebeclub - Membership Registration/img' located by '//img[@alt='close']' not found
	at com.kms.katalon.core.webui.common.WebUiCommonHelper.findWebElement(WebUiCommonHelper.java:1376)
	at com.kms.katalon.core.webui.keyword.internal.WebUIAbstractKeyword.findWebElement(WebUIAbstractKeyword.groovy:27)
	at com.kms.katalon.core.webui.keyword.builtin.ClickKeyword$_click_closure1.doCall(ClickKeyword.groovy:65)
	at com.kms.katalon.core.webui.keyword.builtin.ClickKeyword$_click_closure1.call(ClickKeyword.groovy)
	at com.kms.katalon.core.webui.keyword.internal.WebUIKeywordMain.runKeyword(WebUIKeywordMain.groovy:20)
	at com.kms.katalon.core.webui.keyword.builtin.ClickKeyword.click(ClickKeyword.groovy:74)
	at com.kms.katalon.core.webui.keyword.builtin.ClickKeyword.execute(ClickKeyword.groovy:40)
	at com.kms.katalon.core.keyword.internal.KeywordExecutor.executeKeywordForPlatform(KeywordExecutor.groovy:74)
	at com.kms.katalon.core.webui.keyword.WebUiBuiltInKeywords.click(WebUiBuiltInKeywords.groovy:620)
	at com.kms.katalon.core.webui.keyword.WebUiBuiltInKeywords$click$2.call(Unknown Source)
	at Script1690871479980.run(Script1690871479980.groovy:55)
	... 13 more
)
[[ATTACHMENT|C:\\Users\\Sarah Nur Azizah\\git\\test_bebeclub_branchzizah\\Reports\\20230801_144929\\XL\\20230801_144929\\1690877478516.png]]]]></system-out>
         <system-err><![CDATA[2023-08-01 15:05:58 - [TEST_CASE][FAILED] - Test Cases/REGISTER/Prefix ID/0878 XL: Test Cases/REGISTER/Prefix ID/0878 XL FAILED.
Reason:
com.kms.katalon.core.exception.StepFailedException: Unable to click on object 'Object Repository/Homepage/a_Register' (Root cause: com.kms.katalon.core.exception.StepFailedException: Unable to click on object 'Object Repository/Homepage/a_Register'
	at com.kms.katalon.core.webui.keyword.internal.WebUIKeywordMain.stepFailed(WebUIKeywordMain.groovy:64)
	at com.kms.katalon.core.webui.keyword.internal.WebUIKeywordMain.runKeyword(WebUIKeywordMain.groovy:26)
	at com.kms.katalon.core.webui.keyword.builtin.ClickKeyword.click(ClickKeyword.groovy:74)
	at com.kms.katalon.core.webui.keyword.builtin.ClickKeyword.execute(ClickKeyword.groovy:40)
	at com.kms.katalon.core.keyword.internal.KeywordExecutor.executeKeywordForPlatform(KeywordExecutor.groovy:74)
	at com.kms.katalon.core.webui.keyword.WebUiBuiltInKeywords.click(WebUiBuiltInKeywords.groovy:620)
	at com.kms.katalon.core.webui.keyword.WebUiBuiltInKeywords$click$2.call(Unknown Source)
	at 0878 XL.run(0878 XL:27)
	at com.kms.katalon.core.main.ScriptEngine.run(ScriptEngine.java:194)
	at com.kms.katalon.core.main.ScriptEngine.runScriptAsRawText(ScriptEngine.java:119)
	at com.kms.katalon.core.main.TestCaseExecutor.runScript(TestCaseExecutor.java:448)
	at com.kms.katalon.core.main.TestCaseExecutor.doExecute(TestCaseExecutor.java:439)
	at com.kms.katalon.core.main.TestCaseExecutor.processExecutionPhase(TestCaseExecutor.java:418)
	at com.kms.katalon.core.main.TestCaseExecutor.accessMainPhase(TestCaseExecutor.java:410)
	at com.kms.katalon.core.main.TestCaseExecutor.execute(TestCaseExecutor.java:285)
	at com.kms.katalon.core.common.CommonExecutor.accessTestCaseMainPhase(CommonExecutor.java:65)
	at com.kms.katalon.core.main.TestSuiteExecutor.accessTestSuiteMainPhase(TestSuiteExecutor.java:148)
	at com.kms.katalon.core.main.TestSuiteExecutor.execute(TestSuiteExecutor.java:106)
	at com.kms.katalon.core.main.TestCaseMain.startTestSuite(TestCaseMain.java:187)
	at com.kms.katalon.core.main.TestCaseMain$startTestSuite$0.call(Unknown Source)
	at TempTestSuite1690876169937.run(TempTestSuite1690876169937.groovy:36)
Caused by: com.kms.katalon.core.webui.exception.WebElementNotFoundException: Web element with id: 'Object Repository/Homepage/a_Register' located by '(//a[contains(text(),'Register')])[2]' not found
	at com.kms.katalon.core.webui.common.WebUiCommonHelper.findWebElement(WebUiCommonHelper.java:1376)
	at com.kms.katalon.core.webui.keyword.internal.WebUIAbstractKeyword.findWebElement(WebUIAbstractKeyword.groovy:27)
	at com.kms.katalon.core.webui.keyword.builtin.ClickKeyword$_click_closure1.doCall(ClickKeyword.groovy:65)
	at com.kms.katalon.core.webui.keyword.builtin.ClickKeyword$_click_closure1.call(ClickKeyword.groovy)
	at com.kms.katalon.core.webui.keyword.internal.WebUIKeywordMain.runKeyword(WebUIKeywordMain.groovy:20)
	at com.kms.katalon.core.webui.keyword.builtin.ClickKeyword.click(ClickKeyword.groovy:74)
	at com.kms.katalon.core.webui.keyword.builtin.ClickKeyword.execute(ClickKeyword.groovy:40)
	at com.kms.katalon.core.keyword.internal.KeywordExecutor.executeKeywordForPlatform(KeywordExecutor.groovy:74)
	at com.kms.katalon.core.webui.keyword.WebUiBuiltInKeywords.click(WebUiBuiltInKeywords.groovy:620)
	at com.kms.katalon.core.webui.keyword.WebUiBuiltInKeywords$click$2.call(Unknown Source)
	at Script1690871479980.run(Script1690871479980.groovy:27)
	... 13 more
)
	at com.kms.katalon.core.keyword.internal.KeywordMain.stepFailed(KeywordMain.groovy:39)
	at com.kms.katalon.core.webui.keyword.internal.WebUIKeywordMain.stepFailed(WebUIKeywordMain.groovy:64)
	at com.kms.katalon.core.webui.keyword.internal.WebUIKeywordMain.runKeyword(WebUIKeywordMain.groovy:26)
	at com.kms.katalon.core.webui.keyword.builtin.ClickKeyword.click(ClickKeyword.groovy:74)
	at com.kms.katalon.core.webui.keyword.builtin.ClickKeyword.execute(ClickKeyword.groovy:40)
	at com.kms.katalon.core.keyword.internal.KeywordExecutor.executeKeywordForPlatform(KeywordExecutor.groovy:74)
	at com.kms.katalon.core.webui.keyword.WebUiBuiltInKeywords.click(WebUiBuiltInKeywords.groovy:620)
	at com.kms.katalon.core.webui.keyword.WebUiBuiltInKeywords$click$2.call(Unknown Source)
	at 0878 XL.run(0878 XL:27)
	at com.kms.katalon.core.main.ScriptEngine.run(ScriptEngine.java:194)
	at com.kms.katalon.core.main.ScriptEngine.runScriptAsRawText(ScriptEngine.java:119)
	at com.kms.katalon.core.main.TestCaseExecutor.runScript(TestCaseExecutor.java:448)
	at com.kms.katalon.core.main.TestCaseExecutor.doExecute(TestCaseExecutor.java:439)
	at com.kms.katalon.core.main.TestCaseExecutor.processExecutionPhase(TestCaseExecutor.java:418)
	at com.kms.katalon.core.main.TestCaseExecutor.accessMainPhase(TestCaseExecutor.java:410)
	at com.kms.katalon.core.main.TestCaseExecutor.execute(TestCaseExecutor.java:285)
	at com.kms.katalon.core.common.CommonExecutor.accessTestCaseMainPhase(CommonExecutor.java:65)
	at com.kms.katalon.core.main.TestSuiteExecutor.accessTestSuiteMainPhase(TestSuiteExecutor.java:148)
	at com.kms.katalon.core.main.TestSuiteExecutor.execute(TestSuiteExecutor.java:106)
	at com.kms.katalon.core.main.TestCaseMain.startTestSuite(TestCaseMain.java:187)
	at com.kms.katalon.core.main.TestCaseMain$startTestSuite$0.call(Unknown Source)
	at TempTestSuite1690876169937.run(TempTestSuite1690876169937.groovy:36)
Caused by: com.kms.katalon.core.exception.StepFailedException: Unable to click on object 'Object Repository/Homepage/a_Register'
	... 21 more
Caused by: com.kms.katalon.core.webui.exception.WebElementNotFoundException: Web element with id: 'Object Repository/Homepage/a_Register' located by '(//a[contains(text(),'Register')])[2]' not found
	at com.kms.katalon.core.webui.common.WebUiCommonHelper.findWebElement(WebUiCommonHelper.java:1376)
	at com.kms.katalon.core.webui.keyword.internal.WebUIAbstractKeyword.findWebElement(WebUIAbstractKeyword.groovy:27)
	at com.kms.katalon.core.webui.keyword.builtin.ClickKeyword$_click_closure1.doCall(ClickKeyword.groovy:65)
	at com.kms.katalon.core.webui.keyword.builtin.ClickKeyword$_click_closure1.call(ClickKeyword.groovy)
	at com.kms.katalon.core.webui.keyword.internal.WebUIKeywordMain.runKeyword(WebUIKeywordMain.groovy:20)
	... 19 more]]></system-err>
      </testcase>
      <testcase name="Test Cases/REGISTER/Prefix ID/0881 SMARTFREN" time="317.501" classname="Test Cases/REGISTER/Prefix ID/0881 SMARTFREN" status="FAILED">
         <failure type="FAILED" message="Test Cases/REGISTER/Prefix ID/0881 SMARTFREN FAILED.
Reason:
com.kms.katalon.core.exception.StepFailedException: Unable to click on object 'Object Repository/Homepage/a_Register' (Root cause: com.kms.katalon.core.exception.StepFailedException: Unable to click on object 'Object Repository/Homepage/a_Register'
	at com.kms.katalon.core.webui.keyword.internal.WebUIKeywordMain.stepFailed(WebUIKeywordMain.groovy:64)
	at com.kms.katalon.core.webui.keyword.internal.WebUIKeywordMain.runKeyword(WebUIKeywordMain.groovy:26)
	at com.kms.katalon.core.webui.keyword.builtin.ClickKeyword.click(ClickKeyword.groovy:74)
	at com.kms.katalon.core.webui.keyword.builtin.ClickKeyword.execute(ClickKeyword.groovy:40)
	at com.kms.katalon.core.keyword.internal.KeywordExecutor.executeKeywordForPlatform(KeywordExecutor.groovy:74)
	at com.kms.katalon.core.webui.keyword.WebUiBuiltInKeywords.click(WebUiBuiltInKeywords.groovy:620)
	at com.kms.katalon.core.webui.keyword.WebUiBuiltInKeywords$click$2.call(Unknown Source)
	at 0881 SMARTFREN.run(0881 SMARTFREN:27)
	at com.kms.katalon.core.main.ScriptEngine.run(ScriptEngine.java:194)
	at com.kms.katalon.core.main.ScriptEngine.runScriptAsRawText(ScriptEngine.java:119)
	at com.kms.katalon.core.main.TestCaseExecutor.runScript(TestCaseExecutor.java:448)
	at com.kms.katalon.core.main.TestCaseExecutor.doExecute(TestCaseExecutor.java:439)
	at com.kms.katalon.core.main.TestCaseExecutor.processExecutionPhase(TestCaseExecutor.java:418)
	at com.kms.katalon.core.main.TestCaseExecutor.accessMainPhase(TestCaseExecutor.java:410)
	at com.kms.katalon.core.main.TestCaseExecutor.execute(TestCaseExecutor.java:285)
	at com.kms.katalon.core.common.CommonExecutor.accessTestCaseMainPhase(CommonExecutor.java:65)
	at com.kms.katalon.core.main.TestSuiteExecutor.accessTestSuiteMainPhase(TestSuiteExecutor.java:148)
	at com.kms.katalon.core.main.TestSuiteExecutor.execute(TestSuiteExecutor.java:106)
	at com.kms.katalon.core.main.TestCaseMain.startTestSuite(TestCaseMain.java:187)
	at com.kms.katalon.core.main.TestCaseMain$startTestSuite$0.call(Unknown Source)
	at TempTestSuite1690876169937.run(TempTestSuite1690876169937.groovy:36)
Caused by: com.kms.katalon.core.webui.exception.WebElementNotFoundException: Web element with id: 'Object Repository/Homepage/a_Register' located by '(//a[contains(text(),'Register')])[2]' not found
	at com.kms.katalon.core.webui.common.WebUiCommonHelper.findWebElement(WebUiCommonHelper.java:1376)
	at com.kms.katalon.core.webui.keyword.internal.WebUIAbstractKeyword.findWebElement(WebUIAbstractKeyword.groovy:27)
	at com.kms.katalon.core.webui.keyword.builtin.ClickKeyword$_click_closure1.doCall(ClickKeyword.groovy:65)
	at com.kms.katalon.core.webui.keyword.builtin.ClickKeyword$_click_closure1.call(ClickKeyword.groovy)
	at com.kms.katalon.core.webui.keyword.internal.WebUIKeywordMain.runKeyword(WebUIKeywordMain.groovy:20)
	at com.kms.katalon.core.webui.keyword.builtin.ClickKeyword.click(ClickKeyword.groovy:74)
	at com.kms.katalon.core.webui.keyword.builtin.ClickKeyword.execute(ClickKeyword.groovy:40)
	at com.kms.katalon.core.keyword.internal.KeywordExecutor.executeKeywordForPlatform(KeywordExecutor.groovy:74)
	at com.kms.katalon.core.webui.keyword.WebUiBuiltInKeywords.click(WebUiBuiltInKeywords.groovy:620)
	at com.kms.katalon.core.webui.keyword.WebUiBuiltInKeywords$click$2.call(Unknown Source)
	at Script1690870567003.run(Script1690870567003.groovy:27)
	... 13 more
)
	at com.kms.katalon.core.keyword.internal.KeywordMain.stepFailed(KeywordMain.groovy:39)
	at com.kms.katalon.core.webui.keyword.internal.WebUIKeywordMain.stepFailed(WebUIKeywordMain.groovy:64)
	at com.kms.katalon.core.webui.keyword.internal.WebUIKeywordMain.runKeyword(WebUIKeywordMain.groovy:26)
	at com.kms.katalon.core.webui.keyword.builtin.ClickKeyword.click(ClickKeyword.groovy:74)
	at com.kms.katalon.core.webui.keyword.builtin.ClickKeyword.execute(ClickKeyword.groovy:40)
	at com.kms.katalon.core.keyword.internal.KeywordExecutor.executeKeywordForPlatform(KeywordExecutor.groovy:74)
	at com.kms.katalon.core.webui.keyword.WebUiBuiltInKeywords.click(WebUiBuiltInKeywords.groovy:620)
	at com.kms.katalon.core.webui.keyword.WebUiBuiltInKeywords$click$2.call(Unknown Source)
	at 0881 SMARTFREN.run(0881 SMARTFREN:27)
	at com.kms.katalon.core.main.ScriptEngine.run(ScriptEngine.java:194)
	at com.kms.katalon.core.main.ScriptEngine.runScriptAsRawText(ScriptEngine.java:119)
	at com.kms.katalon.core.main.TestCaseExecutor.runScript(TestCaseExecutor.java:448)
	at com.kms.katalon.core.main.TestCaseExecutor.doExecute(TestCaseExecutor.java:439)
	at com.kms.katalon.core.main.TestCaseExecutor.processExecutionPhase(TestCaseExecutor.java:418)
	at com.kms.katalon.core.main.TestCaseExecutor.accessMainPhase(TestCaseExecutor.java:410)
	at com.kms.katalon.core.main.TestCaseExecutor.execute(TestCaseExecutor.java:285)
	at com.kms.katalon.core.common.CommonExecutor.accessTestCaseMainPhase(CommonExecutor.java:65)
	at com.kms.katalon.core.main.TestSuiteExecutor.accessTestSuiteMainPhase(TestSuiteExecutor.java:148)
	at com.kms.katalon.core.main.TestSuiteExecutor.execute(TestSuiteExecutor.java:106)
	at com.kms.katalon.core.main.TestCaseMain.startTestSuite(TestCaseMain.java:187)
	at com.kms.katalon.core.main.TestCaseMain$startTestSuite$0.call(Unknown Source)
	at TempTestSuite1690876169937.run(TempTestSuite1690876169937.groovy:36)
Caused by: com.kms.katalon.core.exception.StepFailedException: Unable to click on object 'Object Repository/Homepage/a_Register'
	... 21 more
Caused by: com.kms.katalon.core.webui.exception.WebElementNotFoundException: Web element with id: 'Object Repository/Homepage/a_Register' located by '(//a[contains(text(),'Register')])[2]' not found
	at com.kms.katalon.core.webui.common.WebUiCommonHelper.findWebElement(WebUiCommonHelper.java:1376)
	at com.kms.katalon.core.webui.keyword.internal.WebUIAbstractKeyword.findWebElement(WebUIAbstractKeyword.groovy:27)
	at com.kms.katalon.core.webui.keyword.builtin.ClickKeyword$_click_closure1.doCall(ClickKeyword.groovy:65)
	at com.kms.katalon.core.webui.keyword.builtin.ClickKeyword$_click_closure1.call(ClickKeyword.groovy)
	at com.kms.katalon.core.webui.keyword.internal.WebUIKeywordMain.runKeyword(WebUIKeywordMain.groovy:20)
	... 19 more
"/>
         <system-out><![CDATA[2023-08-01 15:11:18 - [TEST_CASE][FAILED] - Test Cases/REGISTER/Prefix ID/0881 SMARTFREN: Test Cases/REGISTER/Prefix ID/0881 SMARTFREN FAILED.
Reason:
com.kms.katalon.core.exception.StepFailedException: Unable to click on object 'Object Repository/Homepage/a_Register' (Root cause: com.kms.katalon.core.exception.StepFailedException: Unable to click on object 'Object Repository/Homepage/a_Register'
	at com.kms.katalon.core.webui.keyword.internal.WebUIKeywordMain.stepFailed(WebUIKeywordMain.groovy:64)
	at com.kms.katalon.core.webui.keyword.internal.WebUIKeywordMain.runKeyword(WebUIKeywordMain.groovy:26)
	at com.kms.katalon.core.webui.keyword.builtin.ClickKeyword.click(ClickKeyword.groovy:74)
	at com.kms.katalon.core.webui.keyword.builtin.ClickKeyword.execute(ClickKeyword.groovy:40)
	at com.kms.katalon.core.keyword.internal.KeywordExecutor.executeKeywordForPlatform(KeywordExecutor.groovy:74)
	at com.kms.katalon.core.webui.keyword.WebUiBuiltInKeywords.click(WebUiBuiltInKeywords.groovy:620)
	at com.kms.katalon.core.webui.keyword.WebUiBuiltInKeywords$click$2.call(Unknown Source)
	at 0881 SMARTFREN.run(0881 SMARTFREN:27)
	at com.kms.katalon.core.main.ScriptEngine.run(ScriptEngine.java:194)
	at com.kms.katalon.core.main.ScriptEngine.runScriptAsRawText(ScriptEngine.java:119)
	at com.kms.katalon.core.main.TestCaseExecutor.runScript(TestCaseExecutor.java:448)
	at com.kms.katalon.core.main.TestCaseExecutor.doExecute(TestCaseExecutor.java:439)
	at com.kms.katalon.core.main.TestCaseExecutor.processExecutionPhase(TestCaseExecutor.java:418)
	at com.kms.katalon.core.main.TestCaseExecutor.accessMainPhase(TestCaseExecutor.java:410)
	at com.kms.katalon.core.main.TestCaseExecutor.execute(TestCaseExecutor.java:285)
	at com.kms.katalon.core.common.CommonExecutor.accessTestCaseMainPhase(CommonExecutor.java:65)
	at com.kms.katalon.core.main.TestSuiteExecutor.accessTestSuiteMainPhase(TestSuiteExecutor.java:148)
	at com.kms.katalon.core.main.TestSuiteExecutor.execute(TestSuiteExecutor.java:106)
	at com.kms.katalon.core.main.TestCaseMain.startTestSuite(TestCaseMain.java:187)
	at com.kms.katalon.core.main.TestCaseMain$startTestSuite$0.call(Unknown Source)
	at TempTestSuite1690876169937.run(TempTestSuite1690876169937.groovy:36)
Caused by: com.kms.katalon.core.webui.exception.WebElementNotFoundException: Web element with id: 'Object Repository/Homepage/a_Register' located by '(//a[contains(text(),'Register')])[2]' not found
	at com.kms.katalon.core.webui.common.WebUiCommonHelper.findWebElement(WebUiCommonHelper.java:1376)
	at com.kms.katalon.core.webui.keyword.internal.WebUIAbstractKeyword.findWebElement(WebUIAbstractKeyword.groovy:27)
	at com.kms.katalon.core.webui.keyword.builtin.ClickKeyword$_click_closure1.doCall(ClickKeyword.groovy:65)
	at com.kms.katalon.core.webui.keyword.builtin.ClickKeyword$_click_closure1.call(ClickKeyword.groovy)
	at com.kms.katalon.core.webui.keyword.internal.WebUIKeywordMain.runKeyword(WebUIKeywordMain.groovy:20)
	at com.kms.katalon.core.webui.keyword.builtin.ClickKeyword.click(ClickKeyword.groovy:74)
	at com.kms.katalon.core.webui.keyword.builtin.ClickKeyword.execute(ClickKeyword.groovy:40)
	at com.kms.katalon.core.keyword.internal.KeywordExecutor.executeKeywordForPlatform(KeywordExecutor.groovy:74)
	at com.kms.katalon.core.webui.keyword.WebUiBuiltInKeywords.click(WebUiBuiltInKeywords.groovy:620)
	at com.kms.katalon.core.webui.keyword.WebUiBuiltInKeywords$click$2.call(Unknown Source)
	at Script1690870567003.run(Script1690870567003.groovy:27)
	... 13 more
)
	at com.kms.katalon.core.keyword.internal.KeywordMain.stepFailed(KeywordMain.groovy:39)
	at com.kms.katalon.core.webui.keyword.internal.WebUIKeywordMain.stepFailed(WebUIKeywordMain.groovy:64)
	at com.kms.katalon.core.webui.keyword.internal.WebUIKeywordMain.runKeyword(WebUIKeywordMain.groovy:26)
	at com.kms.katalon.core.webui.keyword.builtin.ClickKeyword.click(ClickKeyword.groovy:74)
	at com.kms.katalon.core.webui.keyword.builtin.ClickKeyword.execute(ClickKeyword.groovy:40)
	at com.kms.katalon.core.keyword.internal.KeywordExecutor.executeKeywordForPlatform(KeywordExecutor.groovy:74)
	at com.kms.katalon.core.webui.keyword.WebUiBuiltInKeywords.click(WebUiBuiltInKeywords.groovy:620)
	at com.kms.katalon.core.webui.keyword.WebUiBuiltInKeywords$click$2.call(Unknown Source)
	at 0881 SMARTFREN.run(0881 SMARTFREN:27)
	at com.kms.katalon.core.main.ScriptEngine.run(ScriptEngine.java:194)
	at com.kms.katalon.core.main.ScriptEngine.runScriptAsRawText(ScriptEngine.java:119)
	at com.kms.katalon.core.main.TestCaseExecutor.runScript(TestCaseExecutor.java:448)
	at com.kms.katalon.core.main.TestCaseExecutor.doExecute(TestCaseExecutor.java:439)
	at com.kms.katalon.core.main.TestCaseExecutor.processExecutionPhase(TestCaseExecutor.java:418)
	at com.kms.katalon.core.main.TestCaseExecutor.accessMainPhase(TestCaseExecutor.java:410)
	at com.kms.katalon.core.main.TestCaseExecutor.execute(TestCaseExecutor.java:285)
	at com.kms.katalon.core.common.CommonExecutor.accessTestCaseMainPhase(CommonExecutor.java:65)
	at com.kms.katalon.core.main.TestSuiteExecutor.accessTestSuiteMainPhase(TestSuiteExecutor.java:148)
	at com.kms.katalon.core.main.TestSuiteExecutor.execute(TestSuiteExecutor.java:106)
	at com.kms.katalon.core.main.TestCaseMain.startTestSuite(TestCaseMain.java:187)
	at com.kms.katalon.core.main.TestCaseMain$startTestSuite$0.call(Unknown Source)
	at TempTestSuite1690876169937.run(TempTestSuite1690876169937.groovy:36)
Caused by: com.kms.katalon.core.exception.StepFailedException: Unable to click on object 'Object Repository/Homepage/a_Register'
	... 21 more
Caused by: com.kms.katalon.core.webui.exception.WebElementNotFoundException: Web element with id: 'Object Repository/Homepage/a_Register' located by '(//a[contains(text(),'Register')])[2]' not found
	at com.kms.katalon.core.webui.common.WebUiCommonHelper.findWebElement(WebUiCommonHelper.java:1376)
	at com.kms.katalon.core.webui.keyword.internal.WebUIAbstractKeyword.findWebElement(WebUIAbstractKeyword.groovy:27)
	at com.kms.katalon.core.webui.keyword.builtin.ClickKeyword$_click_closure1.doCall(ClickKeyword.groovy:65)
	at com.kms.katalon.core.webui.keyword.builtin.ClickKeyword$_click_closure1.call(ClickKeyword.groovy)
	at com.kms.katalon.core.webui.keyword.internal.WebUIKeywordMain.runKeyword(WebUIKeywordMain.groovy:20)
	... 19 more


2023-08-01 15:11:19 - [TEST_STEP][PASSED] - openBrowser(""): Browser is opened with url: ''

2023-08-01 15:11:19 - [MESSAGE][WARNING] - A browser is already opened. Closing browser and opening a new one

2023-08-01 15:11:19 - [MESSAGE][INFO] - Starting 'Chrome (headless)' driver

2023-08-01 15:11:19 - [MESSAGE][INFO] - Action delay is set to 0 milliseconds

2023-08-01 15:11:20 - [MESSAGE][PASSED] - Browser is opened with url: ''

2023-08-01 15:11:20 - [TEST_STEP][PASSED] - maximizeWindow(): Current window maximized

2023-08-01 15:11:20 - [MESSAGE][PASSED] - Current window maximized

2023-08-01 15:11:20 - [TEST_STEP][PASSED] - navigateToUrl("https://bebeclub.eydendigital.co.id/membership/registration"): Navigate to 'https://bebeclub.eydendigital.co.id/membership/registration' successfully

2023-08-01 15:11:51 - [MESSAGE][PASSED] - Navigate to 'https://bebeclub.eydendigital.co.id/membership/registration' successfully

2023-08-01 15:11:51 - [TEST_STEP][FAILED] - click(findTestObject("Homepage/a_Register")): Unable to click on object 'Object Repository/Homepage/a_Register' (Root cause: com.kms.katalon.core.exception.StepFailedException: Unable to click on object 'Object Repository/Homepage/a_Register'
	at com.kms.katalon.core.webui.keyword.internal.WebUIKeywordMain.stepFailed(WebUIKeywordMain.groovy:64)
	at com.kms.katalon.core.webui.keyword.internal.WebUIKeywordMain.runKeyword(WebUIKeywordMain.groovy:26)
	at com.kms.katalon.core.webui.keyword.builtin.ClickKeyword.click(ClickKeyword.groovy:74)
	at com.kms.katalon.core.webui.keyword.builtin.ClickKeyword.execute(ClickKeyword.groovy:40)
	at com.kms.katalon.core.keyword.internal.KeywordExecutor.executeKeywordForPlatform(KeywordExecutor.groovy:74)
	at com.kms.katalon.core.webui.keyword.WebUiBuiltInKeywords.click(WebUiBuiltInKeywords.groovy:620)
	at com.kms.katalon.core.webui.keyword.WebUiBuiltInKeywords$click$2.call(Unknown Source)
	at 0881 SMARTFREN.run(0881 SMARTFREN:27)
	at com.kms.katalon.core.main.ScriptEngine.run(ScriptEngine.java:194)
	at com.kms.katalon.core.main.ScriptEngine.runScriptAsRawText(ScriptEngine.java:119)
	at com.kms.katalon.core.main.TestCaseExecutor.runScript(TestCaseExecutor.java:448)
	at com.kms.katalon.core.main.TestCaseExecutor.doExecute(TestCaseExecutor.java:439)
	at com.kms.katalon.core.main.TestCaseExecutor.processExecutionPhase(TestCaseExecutor.java:418)
	at com.kms.katalon.core.main.TestCaseExecutor.accessMainPhase(TestCaseExecutor.java:410)
	at com.kms.katalon.core.main.TestCaseExecutor.execute(TestCaseExecutor.java:285)
	at com.kms.katalon.core.common.CommonExecutor.accessTestCaseMainPhase(CommonExecutor.java:65)
	at com.kms.katalon.core.main.TestSuiteExecutor.accessTestSuiteMainPhase(TestSuiteExecutor.java:148)
	at com.kms.katalon.core.main.TestSuiteExecutor.execute(TestSuiteExecutor.java:106)
	at com.kms.katalon.core.main.TestCaseMain.startTestSuite(TestCaseMain.java:187)
	at com.kms.katalon.core.main.TestCaseMain$startTestSuite$0.call(Unknown Source)
	at TempTestSuite1690876169937.run(TempTestSuite1690876169937.groovy:36)
Caused by: com.kms.katalon.core.webui.exception.WebElementNotFoundException: Web element with id: 'Object Repository/Homepage/a_Register' located by '(//a[contains(text(),'Register')])[2]' not found
	at com.kms.katalon.core.webui.common.WebUiCommonHelper.findWebElement(WebUiCommonHelper.java:1376)
	at com.kms.katalon.core.webui.keyword.internal.WebUIAbstractKeyword.findWebElement(WebUIAbstractKeyword.groovy:27)
	at com.kms.katalon.core.webui.keyword.builtin.ClickKeyword$_click_closure1.doCall(ClickKeyword.groovy:65)
	at com.kms.katalon.core.webui.keyword.builtin.ClickKeyword$_click_closure1.call(ClickKeyword.groovy)
	at com.kms.katalon.core.webui.keyword.internal.WebUIKeywordMain.runKeyword(WebUIKeywordMain.groovy:20)
	at com.kms.katalon.core.webui.keyword.builtin.ClickKeyword.click(ClickKeyword.groovy:74)
	at com.kms.katalon.core.webui.keyword.builtin.ClickKeyword.execute(ClickKeyword.groovy:40)
	at com.kms.katalon.core.keyword.internal.KeywordExecutor.executeKeywordForPlatform(KeywordExecutor.groovy:74)
	at com.kms.katalon.core.webui.keyword.WebUiBuiltInKeywords.click(WebUiBuiltInKeywords.groovy:620)
	at com.kms.katalon.core.webui.keyword.WebUiBuiltInKeywords$click$2.call(Unknown Source)
	at Script1690870567003.run(Script1690870567003.groovy:27)
	... 13 more
)

2023-08-01 15:12:22 - [MESSAGE][INFO] - Unable to find the element located by 'By.xpath: (//a[contains(text(),'Register')])[2]'. Please recheck the objects properties to make sure the desired element is located. 

2023-08-01 15:12:22 - [MESSAGE][FAILED] - Unable to click on object 'Object Repository/Homepage/a_Register' (Root cause: com.kms.katalon.core.exception.StepFailedException: Unable to click on object 'Object Repository/Homepage/a_Register'
	at com.kms.katalon.core.webui.keyword.internal.WebUIKeywordMain.stepFailed(WebUIKeywordMain.groovy:64)
	at com.kms.katalon.core.webui.keyword.internal.WebUIKeywordMain.runKeyword(WebUIKeywordMain.groovy:26)
	at com.kms.katalon.core.webui.keyword.builtin.ClickKeyword.click(ClickKeyword.groovy:74)
	at com.kms.katalon.core.webui.keyword.builtin.ClickKeyword.execute(ClickKeyword.groovy:40)
	at com.kms.katalon.core.keyword.internal.KeywordExecutor.executeKeywordForPlatform(KeywordExecutor.groovy:74)
	at com.kms.katalon.core.webui.keyword.WebUiBuiltInKeywords.click(WebUiBuiltInKeywords.groovy:620)
	at com.kms.katalon.core.webui.keyword.WebUiBuiltInKeywords$click$2.call(Unknown Source)
	at 0881 SMARTFREN.run(0881 SMARTFREN:27)
	at com.kms.katalon.core.main.ScriptEngine.run(ScriptEngine.java:194)
	at com.kms.katalon.core.main.ScriptEngine.runScriptAsRawText(ScriptEngine.java:119)
	at com.kms.katalon.core.main.TestCaseExecutor.runScript(TestCaseExecutor.java:448)
	at com.kms.katalon.core.main.TestCaseExecutor.doExecute(TestCaseExecutor.java:439)
	at com.kms.katalon.core.main.TestCaseExecutor.processExecutionPhase(TestCaseExecutor.java:418)
	at com.kms.katalon.core.main.TestCaseExecutor.accessMainPhase(TestCaseExecutor.java:410)
	at com.kms.katalon.core.main.TestCaseExecutor.execute(TestCaseExecutor.java:285)
	at com.kms.katalon.core.common.CommonExecutor.accessTestCaseMainPhase(CommonExecutor.java:65)
	at com.kms.katalon.core.main.TestSuiteExecutor.accessTestSuiteMainPhase(TestSuiteExecutor.java:148)
	at com.kms.katalon.core.main.TestSuiteExecutor.execute(TestSuiteExecutor.java:106)
	at com.kms.katalon.core.main.TestCaseMain.startTestSuite(TestCaseMain.java:187)
	at com.kms.katalon.core.main.TestCaseMain$startTestSuite$0.call(Unknown Source)
	at TempTestSuite1690876169937.run(TempTestSuite1690876169937.groovy:36)
Caused by: com.kms.katalon.core.webui.exception.WebElementNotFoundException: Web element with id: 'Object Repository/Homepage/a_Register' located by '(//a[contains(text(),'Register')])[2]' not found
	at com.kms.katalon.core.webui.common.WebUiCommonHelper.findWebElement(WebUiCommonHelper.java:1376)
	at com.kms.katalon.core.webui.keyword.internal.WebUIAbstractKeyword.findWebElement(WebUIAbstractKeyword.groovy:27)
	at com.kms.katalon.core.webui.keyword.builtin.ClickKeyword$_click_closure1.doCall(ClickKeyword.groovy:65)
	at com.kms.katalon.core.webui.keyword.builtin.ClickKeyword$_click_closure1.call(ClickKeyword.groovy)
	at com.kms.katalon.core.webui.keyword.internal.WebUIKeywordMain.runKeyword(WebUIKeywordMain.groovy:20)
	at com.kms.katalon.core.webui.keyword.builtin.ClickKeyword.click(ClickKeyword.groovy:74)
	at com.kms.katalon.core.webui.keyword.builtin.ClickKeyword.execute(ClickKeyword.groovy:40)
	at com.kms.katalon.core.keyword.internal.KeywordExecutor.executeKeywordForPlatform(KeywordExecutor.groovy:74)
	at com.kms.katalon.core.webui.keyword.WebUiBuiltInKeywords.click(WebUiBuiltInKeywords.groovy:620)
	at com.kms.katalon.core.webui.keyword.WebUiBuiltInKeywords$click$2.call(Unknown Source)
	at Script1690870567003.run(Script1690870567003.groovy:27)
	... 13 more
)
[[ATTACHMENT|C:\\Users\\Sarah Nur Azizah\\git\\test_bebeclub_branchzizah\\Reports\\20230801_144929\\XL\\20230801_144929\\1690877542617.png]]

2023-08-01 15:12:22 - [TEST_STEP][FAILED] - setText(findTestObject("Page_Bebeclub - Membership Registration/input_Nama Depan_first-name-form"), "aziza"): Unable to set text 'aziza' of object 'Object Repository/Page_Bebeclub - Membership Registration/input_Nama Depan_first-name-form' (Root cause: com.kms.katalon.core.exception.StepFailedException: Unable to set text 'aziza' of object 'Object Repository/Page_Bebeclub - Membership Registration/input_Nama Depan_first-name-form'
	at com.kms.katalon.core.webui.keyword.internal.WebUIKeywordMain.stepFailed(WebUIKeywordMain.groovy:64)
	at com.kms.katalon.core.webui.keyword.internal.WebUIKeywordMain.runKeyword(WebUIKeywordMain.groovy:26)
	at com.kms.katalon.core.webui.keyword.builtin.SetTextKeyword.setText(SetTextKeyword.groovy:66)
	at com.kms.katalon.core.webui.keyword.builtin.SetTextKeyword.execute(SetTextKeyword.groovy:37)
	at com.kms.katalon.core.keyword.internal.KeywordExecutor.executeKeywordForPlatform(KeywordExecutor.groovy:74)
	at com.kms.katalon.core.webui.keyword.WebUiBuiltInKeywords.setText(WebUiBuiltInKeywords.groovy:980)
	at com.kms.katalon.core.webui.keyword.WebUiBuiltInKeywords$setText$3.call(Unknown Source)
	at 0881 SMARTFREN.run(0881 SMARTFREN:29)
	at com.kms.katalon.core.main.ScriptEngine.run(ScriptEngine.java:194)
	at com.kms.katalon.core.main.ScriptEngine.runScriptAsRawText(ScriptEngine.java:119)
	at com.kms.katalon.core.main.TestCaseExecutor.runScript(TestCaseExecutor.java:448)
	at com.kms.katalon.core.main.TestCaseExecutor.doExecute(TestCaseExecutor.java:439)
	at com.kms.katalon.core.main.TestCaseExecutor.processExecutionPhase(TestCaseExecutor.java:418)
	at com.kms.katalon.core.main.TestCaseExecutor.accessMainPhase(TestCaseExecutor.java:410)
	at com.kms.katalon.core.main.TestCaseExecutor.execute(TestCaseExecutor.java:285)
	at com.kms.katalon.core.common.CommonExecutor.accessTestCaseMainPhase(CommonExecutor.java:65)
	at com.kms.katalon.core.main.TestSuiteExecutor.accessTestSuiteMainPhase(TestSuiteExecutor.java:148)
	at com.kms.katalon.core.main.TestSuiteExecutor.execute(TestSuiteExecutor.java:106)
	at com.kms.katalon.core.main.TestCaseMain.startTestSuite(TestCaseMain.java:187)
	at com.kms.katalon.core.main.TestCaseMain$startTestSuite$0.call(Unknown Source)
	at TempTestSuite1690876169937.run(TempTestSuite1690876169937.groovy:36)
Caused by: com.kms.katalon.core.webui.exception.WebElementNotFoundException: Web element with id: 'Object Repository/Page_Bebeclub - Membership Registration/input_Nama Depan_first-name-form' located by '//input[@name='first-name-form']' not found
	at com.kms.katalon.core.webui.common.WebUiCommonHelper.findWebElement(WebUiCommonHelper.java:1376)
	at com.kms.katalon.core.webui.keyword.internal.WebUIAbstractKeyword.findWebElement(WebUIAbstractKeyword.groovy:27)
	at com.kms.katalon.core.webui.keyword.internal.WebUIAbstractKeyword.findWebElement(WebUIAbstractKeyword.groovy:26)
	at com.kms.katalon.core.webui.keyword.builtin.SetTextKeyword$_setText_closure1.doCall(SetTextKeyword.groovy:51)
	at com.kms.katalon.core.webui.keyword.builtin.SetTextKeyword$_setText_closure1.call(SetTextKeyword.groovy)
	at com.kms.katalon.core.webui.keyword.internal.WebUIKeywordMain.runKeyword(WebUIKeywordMain.groovy:20)
	at com.kms.katalon.core.webui.keyword.builtin.SetTextKeyword.setText(SetTextKeyword.groovy:66)
	at com.kms.katalon.core.webui.keyword.builtin.SetTextKeyword.execute(SetTextKeyword.groovy:37)
	at com.kms.katalon.core.keyword.internal.KeywordExecutor.executeKeywordForPlatform(KeywordExecutor.groovy:74)
	at com.kms.katalon.core.webui.keyword.WebUiBuiltInKeywords.setText(WebUiBuiltInKeywords.groovy:980)
	at com.kms.katalon.core.webui.keyword.WebUiBuiltInKeywords$setText$3.call(Unknown Source)
	at Script1690870567003.run(Script1690870567003.groovy:29)
	... 13 more
)

2023-08-01 15:12:53 - [MESSAGE][INFO] - Unable to find the element located by 'By.xpath: //input[@name='first-name-form']'. Please recheck the objects properties to make sure the desired element is located. 

2023-08-01 15:12:53 - [MESSAGE][FAILED] - Unable to set text 'aziza' of object 'Object Repository/Page_Bebeclub - Membership Registration/input_Nama Depan_first-name-form' (Root cause: com.kms.katalon.core.exception.StepFailedException: Unable to set text 'aziza' of object 'Object Repository/Page_Bebeclub - Membership Registration/input_Nama Depan_first-name-form'
	at com.kms.katalon.core.webui.keyword.internal.WebUIKeywordMain.stepFailed(WebUIKeywordMain.groovy:64)
	at com.kms.katalon.core.webui.keyword.internal.WebUIKeywordMain.runKeyword(WebUIKeywordMain.groovy:26)
	at com.kms.katalon.core.webui.keyword.builtin.SetTextKeyword.setText(SetTextKeyword.groovy:66)
	at com.kms.katalon.core.webui.keyword.builtin.SetTextKeyword.execute(SetTextKeyword.groovy:37)
	at com.kms.katalon.core.keyword.internal.KeywordExecutor.executeKeywordForPlatform(KeywordExecutor.groovy:74)
	at com.kms.katalon.core.webui.keyword.WebUiBuiltInKeywords.setText(WebUiBuiltInKeywords.groovy:980)
	at com.kms.katalon.core.webui.keyword.WebUiBuiltInKeywords$setText$3.call(Unknown Source)
	at 0881 SMARTFREN.run(0881 SMARTFREN:29)
	at com.kms.katalon.core.main.ScriptEngine.run(ScriptEngine.java:194)
	at com.kms.katalon.core.main.ScriptEngine.runScriptAsRawText(ScriptEngine.java:119)
	at com.kms.katalon.core.main.TestCaseExecutor.runScript(TestCaseExecutor.java:448)
	at com.kms.katalon.core.main.TestCaseExecutor.doExecute(TestCaseExecutor.java:439)
	at com.kms.katalon.core.main.TestCaseExecutor.processExecutionPhase(TestCaseExecutor.java:418)
	at com.kms.katalon.core.main.TestCaseExecutor.accessMainPhase(TestCaseExecutor.java:410)
	at com.kms.katalon.core.main.TestCaseExecutor.execute(TestCaseExecutor.java:285)
	at com.kms.katalon.core.common.CommonExecutor.accessTestCaseMainPhase(CommonExecutor.java:65)
	at com.kms.katalon.core.main.TestSuiteExecutor.accessTestSuiteMainPhase(TestSuiteExecutor.java:148)
	at com.kms.katalon.core.main.TestSuiteExecutor.execute(TestSuiteExecutor.java:106)
	at com.kms.katalon.core.main.TestCaseMain.startTestSuite(TestCaseMain.java:187)
	at com.kms.katalon.core.main.TestCaseMain$startTestSuite$0.call(Unknown Source)
	at TempTestSuite1690876169937.run(TempTestSuite1690876169937.groovy:36)
Caused by: com.kms.katalon.core.webui.exception.WebElementNotFoundException: Web element with id: 'Object Repository/Page_Bebeclub - Membership Registration/input_Nama Depan_first-name-form' located by '//input[@name='first-name-form']' not found
	at com.kms.katalon.core.webui.common.WebUiCommonHelper.findWebElement(WebUiCommonHelper.java:1376)
	at com.kms.katalon.core.webui.keyword.internal.WebUIAbstractKeyword.findWebElement(WebUIAbstractKeyword.groovy:27)
	at com.kms.katalon.core.webui.keyword.internal.WebUIAbstractKeyword.findWebElement(WebUIAbstractKeyword.groovy:26)
	at com.kms.katalon.core.webui.keyword.builtin.SetTextKeyword$_setText_closure1.doCall(SetTextKeyword.groovy:51)
	at com.kms.katalon.core.webui.keyword.builtin.SetTextKeyword$_setText_closure1.call(SetTextKeyword.groovy)
	at com.kms.katalon.core.webui.keyword.internal.WebUIKeywordMain.runKeyword(WebUIKeywordMain.groovy:20)
	at com.kms.katalon.core.webui.keyword.builtin.SetTextKeyword.setText(SetTextKeyword.groovy:66)
	at com.kms.katalon.core.webui.keyword.builtin.SetTextKeyword.execute(SetTextKeyword.groovy:37)
	at com.kms.katalon.core.keyword.internal.KeywordExecutor.executeKeywordForPlatform(KeywordExecutor.groovy:74)
	at com.kms.katalon.core.webui.keyword.WebUiBuiltInKeywords.setText(WebUiBuiltInKeywords.groovy:980)
	at com.kms.katalon.core.webui.keyword.WebUiBuiltInKeywords$setText$3.call(Unknown Source)
	at Script1690870567003.run(Script1690870567003.groovy:29)
	... 13 more
)
[[ATTACHMENT|C:\\Users\\Sarah Nur Azizah\\git\\test_bebeclub_branchzizah\\Reports\\20230801_144929\\XL\\20230801_144929\\1690877573824.png]]

2023-08-01 15:12:53 - [TEST_STEP][FAILED] - setText(findTestObject("Page_Bebeclub - Membership Registration/input_Nama Belakang_last-name-form"), "prefix"): Unable to set text 'prefix' of object 'Object Repository/Page_Bebeclub - Membership Registration/input_Nama Belakang_last-name-form' (Root cause: com.kms.katalon.core.exception.StepFailedException: Unable to set text 'prefix' of object 'Object Repository/Page_Bebeclub - Membership Registration/input_Nama Belakang_last-name-form'
	at com.kms.katalon.core.webui.keyword.internal.WebUIKeywordMain.stepFailed(WebUIKeywordMain.groovy:64)
	at com.kms.katalon.core.webui.keyword.internal.WebUIKeywordMain.runKeyword(WebUIKeywordMain.groovy:26)
	at com.kms.katalon.core.webui.keyword.builtin.SetTextKeyword.setText(SetTextKeyword.groovy:66)
	at com.kms.katalon.core.webui.keyword.builtin.SetTextKeyword.execute(SetTextKeyword.groovy:37)
	at com.kms.katalon.core.keyword.internal.KeywordExecutor.executeKeywordForPlatform(KeywordExecutor.groovy:74)
	at com.kms.katalon.core.webui.keyword.WebUiBuiltInKeywords.setText(WebUiBuiltInKeywords.groovy:980)
	at com.kms.katalon.core.webui.keyword.WebUiBuiltInKeywords$setText$3.call(Unknown Source)
	at 0881 SMARTFREN.run(0881 SMARTFREN:31)
	at com.kms.katalon.core.main.ScriptEngine.run(ScriptEngine.java:194)
	at com.kms.katalon.core.main.ScriptEngine.runScriptAsRawText(ScriptEngine.java:119)
	at com.kms.katalon.core.main.TestCaseExecutor.runScript(TestCaseExecutor.java:448)
	at com.kms.katalon.core.main.TestCaseExecutor.doExecute(TestCaseExecutor.java:439)
	at com.kms.katalon.core.main.TestCaseExecutor.processExecutionPhase(TestCaseExecutor.java:418)
	at com.kms.katalon.core.main.TestCaseExecutor.accessMainPhase(TestCaseExecutor.java:410)
	at com.kms.katalon.core.main.TestCaseExecutor.execute(TestCaseExecutor.java:285)
	at com.kms.katalon.core.common.CommonExecutor.accessTestCaseMainPhase(CommonExecutor.java:65)
	at com.kms.katalon.core.main.TestSuiteExecutor.accessTestSuiteMainPhase(TestSuiteExecutor.java:148)
	at com.kms.katalon.core.main.TestSuiteExecutor.execute(TestSuiteExecutor.java:106)
	at com.kms.katalon.core.main.TestCaseMain.startTestSuite(TestCaseMain.java:187)
	at com.kms.katalon.core.main.TestCaseMain$startTestSuite$0.call(Unknown Source)
	at TempTestSuite1690876169937.run(TempTestSuite1690876169937.groovy:36)
Caused by: com.kms.katalon.core.webui.exception.WebElementNotFoundException: Web element with id: 'Object Repository/Page_Bebeclub - Membership Registration/input_Nama Belakang_last-name-form' located by '//input[@name='last-name-form']' not found
	at com.kms.katalon.core.webui.common.WebUiCommonHelper.findWebElement(WebUiCommonHelper.java:1376)
	at com.kms.katalon.core.webui.keyword.internal.WebUIAbstractKeyword.findWebElement(WebUIAbstractKeyword.groovy:27)
	at com.kms.katalon.core.webui.keyword.internal.WebUIAbstractKeyword.findWebElement(WebUIAbstractKeyword.groovy:26)
	at com.kms.katalon.core.webui.keyword.builtin.SetTextKeyword$_setText_closure1.doCall(SetTextKeyword.groovy:51)
	at com.kms.katalon.core.webui.keyword.builtin.SetTextKeyword$_setText_closure1.call(SetTextKeyword.groovy)
	at com.kms.katalon.core.webui.keyword.internal.WebUIKeywordMain.runKeyword(WebUIKeywordMain.groovy:20)
	at com.kms.katalon.core.webui.keyword.builtin.SetTextKeyword.setText(SetTextKeyword.groovy:66)
	at com.kms.katalon.core.webui.keyword.builtin.SetTextKeyword.execute(SetTextKeyword.groovy:37)
	at com.kms.katalon.core.keyword.internal.KeywordExecutor.executeKeywordForPlatform(KeywordExecutor.groovy:74)
	at com.kms.katalon.core.webui.keyword.WebUiBuiltInKeywords.setText(WebUiBuiltInKeywords.groovy:980)
	at com.kms.katalon.core.webui.keyword.WebUiBuiltInKeywords$setText$3.call(Unknown Source)
	at Script1690870567003.run(Script1690870567003.groovy:31)
	... 13 more
)

2023-08-01 15:13:24 - [MESSAGE][INFO] - Unable to find the element located by 'By.xpath: //input[@name='last-name-form']'. Please recheck the objects properties to make sure the desired element is located. 

2023-08-01 15:13:25 - [MESSAGE][FAILED] - Unable to set text 'prefix' of object 'Object Repository/Page_Bebeclub - Membership Registration/input_Nama Belakang_last-name-form' (Root cause: com.kms.katalon.core.exception.StepFailedException: Unable to set text 'prefix' of object 'Object Repository/Page_Bebeclub - Membership Registration/input_Nama Belakang_last-name-form'
	at com.kms.katalon.core.webui.keyword.internal.WebUIKeywordMain.stepFailed(WebUIKeywordMain.groovy:64)
	at com.kms.katalon.core.webui.keyword.internal.WebUIKeywordMain.runKeyword(WebUIKeywordMain.groovy:26)
	at com.kms.katalon.core.webui.keyword.builtin.SetTextKeyword.setText(SetTextKeyword.groovy:66)
	at com.kms.katalon.core.webui.keyword.builtin.SetTextKeyword.execute(SetTextKeyword.groovy:37)
	at com.kms.katalon.core.keyword.internal.KeywordExecutor.executeKeywordForPlatform(KeywordExecutor.groovy:74)
	at com.kms.katalon.core.webui.keyword.WebUiBuiltInKeywords.setText(WebUiBuiltInKeywords.groovy:980)
	at com.kms.katalon.core.webui.keyword.WebUiBuiltInKeywords$setText$3.call(Unknown Source)
	at 0881 SMARTFREN.run(0881 SMARTFREN:31)
	at com.kms.katalon.core.main.ScriptEngine.run(ScriptEngine.java:194)
	at com.kms.katalon.core.main.ScriptEngine.runScriptAsRawText(ScriptEngine.java:119)
	at com.kms.katalon.core.main.TestCaseExecutor.runScript(TestCaseExecutor.java:448)
	at com.kms.katalon.core.main.TestCaseExecutor.doExecute(TestCaseExecutor.java:439)
	at com.kms.katalon.core.main.TestCaseExecutor.processExecutionPhase(TestCaseExecutor.java:418)
	at com.kms.katalon.core.main.TestCaseExecutor.accessMainPhase(TestCaseExecutor.java:410)
	at com.kms.katalon.core.main.TestCaseExecutor.execute(TestCaseExecutor.java:285)
	at com.kms.katalon.core.common.CommonExecutor.accessTestCaseMainPhase(CommonExecutor.java:65)
	at com.kms.katalon.core.main.TestSuiteExecutor.accessTestSuiteMainPhase(TestSuiteExecutor.java:148)
	at com.kms.katalon.core.main.TestSuiteExecutor.execute(TestSuiteExecutor.java:106)
	at com.kms.katalon.core.main.TestCaseMain.startTestSuite(TestCaseMain.java:187)
	at com.kms.katalon.core.main.TestCaseMain$startTestSuite$0.call(Unknown Source)
	at TempTestSuite1690876169937.run(TempTestSuite1690876169937.groovy:36)
Caused by: com.kms.katalon.core.webui.exception.WebElementNotFoundException: Web element with id: 'Object Repository/Page_Bebeclub - Membership Registration/input_Nama Belakang_last-name-form' located by '//input[@name='last-name-form']' not found
	at com.kms.katalon.core.webui.common.WebUiCommonHelper.findWebElement(WebUiCommonHelper.java:1376)
	at com.kms.katalon.core.webui.keyword.internal.WebUIAbstractKeyword.findWebElement(WebUIAbstractKeyword.groovy:27)
	at com.kms.katalon.core.webui.keyword.internal.WebUIAbstractKeyword.findWebElement(WebUIAbstractKeyword.groovy:26)
	at com.kms.katalon.core.webui.keyword.builtin.SetTextKeyword$_setText_closure1.doCall(SetTextKeyword.groovy:51)
	at com.kms.katalon.core.webui.keyword.builtin.SetTextKeyword$_setText_closure1.call(SetTextKeyword.groovy)
	at com.kms.katalon.core.webui.keyword.internal.WebUIKeywordMain.runKeyword(WebUIKeywordMain.groovy:20)
	at com.kms.katalon.core.webui.keyword.builtin.SetTextKeyword.setText(SetTextKeyword.groovy:66)
	at com.kms.katalon.core.webui.keyword.builtin.SetTextKeyword.execute(SetTextKeyword.groovy:37)
	at com.kms.katalon.core.keyword.internal.KeywordExecutor.executeKeywordForPlatform(KeywordExecutor.groovy:74)
	at com.kms.katalon.core.webui.keyword.WebUiBuiltInKeywords.setText(WebUiBuiltInKeywords.groovy:980)
	at com.kms.katalon.core.webui.keyword.WebUiBuiltInKeywords$setText$3.call(Unknown Source)
	at Script1690870567003.run(Script1690870567003.groovy:31)
	... 13 more
)
[[ATTACHMENT|C:\\Users\\Sarah Nur Azizah\\git\\test_bebeclub_branchzizah\\Reports\\20230801_144929\\XL\\20230801_144929\\1690877604947.png]]

2023-08-01 15:13:25 - [TEST_STEP][PASSED] - randomNum = generateRandomNumber(): null

2023-08-01 15:13:25 - [TEST_STEP][PASSED] - random = new java.util.Random(): null

2023-08-01 15:13:25 - [TEST_STEP][PASSED] - lastNineDigits = String.format("%09d", random.nextInt(1000000000)): null

2023-08-01 15:13:25 - [TEST_STEP][PASSED] - randomNumber = "0881" + lastNineDigits: null

2023-08-01 15:13:25 - [TEST_STEP][PASSED] - return randomNumber: null

2023-08-01 15:13:25 - [TEST_STEP][FAILED] - setText(findTestObject("Page_Bebeclub - Membership Registration/input__number-form"), randomNum): Unable to set text '0881768352666' of object 'Object Repository/Page_Bebeclub - Membership Registration/input__number-form' (Root cause: com.kms.katalon.core.exception.StepFailedException: Unable to set text '0881768352666' of object 'Object Repository/Page_Bebeclub - Membership Registration/input__number-form'
	at com.kms.katalon.core.webui.keyword.internal.WebUIKeywordMain.stepFailed(WebUIKeywordMain.groovy:64)
	at com.kms.katalon.core.webui.keyword.internal.WebUIKeywordMain.runKeyword(WebUIKeywordMain.groovy:26)
	at com.kms.katalon.core.webui.keyword.builtin.SetTextKeyword.setText(SetTextKeyword.groovy:66)
	at com.kms.katalon.core.webui.keyword.builtin.SetTextKeyword.execute(SetTextKeyword.groovy:37)
	at com.kms.katalon.core.keyword.internal.KeywordExecutor.executeKeywordForPlatform(KeywordExecutor.groovy:74)
	at com.kms.katalon.core.webui.keyword.WebUiBuiltInKeywords.setText(WebUiBuiltInKeywords.groovy:980)
	at com.kms.katalon.core.webui.keyword.WebUiBuiltInKeywords$setText$3.call(Unknown Source)
	at 0881 SMARTFREN.run(0881 SMARTFREN:39)
	at com.kms.katalon.core.main.ScriptEngine.run(ScriptEngine.java:194)
	at com.kms.katalon.core.main.ScriptEngine.runScriptAsRawText(ScriptEngine.java:119)
	at com.kms.katalon.core.main.TestCaseExecutor.runScript(TestCaseExecutor.java:448)
	at com.kms.katalon.core.main.TestCaseExecutor.doExecute(TestCaseExecutor.java:439)
	at com.kms.katalon.core.main.TestCaseExecutor.processExecutionPhase(TestCaseExecutor.java:418)
	at com.kms.katalon.core.main.TestCaseExecutor.accessMainPhase(TestCaseExecutor.java:410)
	at com.kms.katalon.core.main.TestCaseExecutor.execute(TestCaseExecutor.java:285)
	at com.kms.katalon.core.common.CommonExecutor.accessTestCaseMainPhase(CommonExecutor.java:65)
	at com.kms.katalon.core.main.TestSuiteExecutor.accessTestSuiteMainPhase(TestSuiteExecutor.java:148)
	at com.kms.katalon.core.main.TestSuiteExecutor.execute(TestSuiteExecutor.java:106)
	at com.kms.katalon.core.main.TestCaseMain.startTestSuite(TestCaseMain.java:187)
	at com.kms.katalon.core.main.TestCaseMain$startTestSuite$0.call(Unknown Source)
	at TempTestSuite1690876169937.run(TempTestSuite1690876169937.groovy:36)
Caused by: com.kms.katalon.core.webui.exception.WebElementNotFoundException: Web element with id: 'Object Repository/Page_Bebeclub - Membership Registration/input__number-form' located by '//input[@id='phone_number']' not found
	at com.kms.katalon.core.webui.common.WebUiCommonHelper.findWebElement(WebUiCommonHelper.java:1376)
	at com.kms.katalon.core.webui.keyword.internal.WebUIAbstractKeyword.findWebElement(WebUIAbstractKeyword.groovy:27)
	at com.kms.katalon.core.webui.keyword.internal.WebUIAbstractKeyword.findWebElement(WebUIAbstractKeyword.groovy:26)
	at com.kms.katalon.core.webui.keyword.builtin.SetTextKeyword$_setText_closure1.doCall(SetTextKeyword.groovy:51)
	at com.kms.katalon.core.webui.keyword.builtin.SetTextKeyword$_setText_closure1.call(SetTextKeyword.groovy)
	at com.kms.katalon.core.webui.keyword.internal.WebUIKeywordMain.runKeyword(WebUIKeywordMain.groovy:20)
	at com.kms.katalon.core.webui.keyword.builtin.SetTextKeyword.setText(SetTextKeyword.groovy:66)
	at com.kms.katalon.core.webui.keyword.builtin.SetTextKeyword.execute(SetTextKeyword.groovy:37)
	at com.kms.katalon.core.keyword.internal.KeywordExecutor.executeKeywordForPlatform(KeywordExecutor.groovy:74)
	at com.kms.katalon.core.webui.keyword.WebUiBuiltInKeywords.setText(WebUiBuiltInKeywords.groovy:980)
	at com.kms.katalon.core.webui.keyword.WebUiBuiltInKeywords$setText$3.call(Unknown Source)
	at Script1690870567003.run(Script1690870567003.groovy:39)
	... 13 more
)

2023-08-01 15:13:56 - [MESSAGE][INFO] - Unable to find the element located by 'By.xpath: //input[@id='phone_number']'. Please recheck the objects properties to make sure the desired element is located. 

2023-08-01 15:13:56 - [MESSAGE][FAILED] - Unable to set text '0881768352666' of object 'Object Repository/Page_Bebeclub - Membership Registration/input__number-form' (Root cause: com.kms.katalon.core.exception.StepFailedException: Unable to set text '0881768352666' of object 'Object Repository/Page_Bebeclub - Membership Registration/input__number-form'
	at com.kms.katalon.core.webui.keyword.internal.WebUIKeywordMain.stepFailed(WebUIKeywordMain.groovy:64)
	at com.kms.katalon.core.webui.keyword.internal.WebUIKeywordMain.runKeyword(WebUIKeywordMain.groovy:26)
	at com.kms.katalon.core.webui.keyword.builtin.SetTextKeyword.setText(SetTextKeyword.groovy:66)
	at com.kms.katalon.core.webui.keyword.builtin.SetTextKeyword.execute(SetTextKeyword.groovy:37)
	at com.kms.katalon.core.keyword.internal.KeywordExecutor.executeKeywordForPlatform(KeywordExecutor.groovy:74)
	at com.kms.katalon.core.webui.keyword.WebUiBuiltInKeywords.setText(WebUiBuiltInKeywords.groovy:980)
	at com.kms.katalon.core.webui.keyword.WebUiBuiltInKeywords$setText$3.call(Unknown Source)
	at 0881 SMARTFREN.run(0881 SMARTFREN:39)
	at com.kms.katalon.core.main.ScriptEngine.run(ScriptEngine.java:194)
	at com.kms.katalon.core.main.ScriptEngine.runScriptAsRawText(ScriptEngine.java:119)
	at com.kms.katalon.core.main.TestCaseExecutor.runScript(TestCaseExecutor.java:448)
	at com.kms.katalon.core.main.TestCaseExecutor.doExecute(TestCaseExecutor.java:439)
	at com.kms.katalon.core.main.TestCaseExecutor.processExecutionPhase(TestCaseExecutor.java:418)
	at com.kms.katalon.core.main.TestCaseExecutor.accessMainPhase(TestCaseExecutor.java:410)
	at com.kms.katalon.core.main.TestCaseExecutor.execute(TestCaseExecutor.java:285)
	at com.kms.katalon.core.common.CommonExecutor.accessTestCaseMainPhase(CommonExecutor.java:65)
	at com.kms.katalon.core.main.TestSuiteExecutor.accessTestSuiteMainPhase(TestSuiteExecutor.java:148)
	at com.kms.katalon.core.main.TestSuiteExecutor.execute(TestSuiteExecutor.java:106)
	at com.kms.katalon.core.main.TestCaseMain.startTestSuite(TestCaseMain.java:187)
	at com.kms.katalon.core.main.TestCaseMain$startTestSuite$0.call(Unknown Source)
	at TempTestSuite1690876169937.run(TempTestSuite1690876169937.groovy:36)
Caused by: com.kms.katalon.core.webui.exception.WebElementNotFoundException: Web element with id: 'Object Repository/Page_Bebeclub - Membership Registration/input__number-form' located by '//input[@id='phone_number']' not found
	at com.kms.katalon.core.webui.common.WebUiCommonHelper.findWebElement(WebUiCommonHelper.java:1376)
	at com.kms.katalon.core.webui.keyword.internal.WebUIAbstractKeyword.findWebElement(WebUIAbstractKeyword.groovy:27)
	at com.kms.katalon.core.webui.keyword.internal.WebUIAbstractKeyword.findWebElement(WebUIAbstractKeyword.groovy:26)
	at com.kms.katalon.core.webui.keyword.builtin.SetTextKeyword$_setText_closure1.doCall(SetTextKeyword.groovy:51)
	at com.kms.katalon.core.webui.keyword.builtin.SetTextKeyword$_setText_closure1.call(SetTextKeyword.groovy)
	at com.kms.katalon.core.webui.keyword.internal.WebUIKeywordMain.runKeyword(WebUIKeywordMain.groovy:20)
	at com.kms.katalon.core.webui.keyword.builtin.SetTextKeyword.setText(SetTextKeyword.groovy:66)
	at com.kms.katalon.core.webui.keyword.builtin.SetTextKeyword.execute(SetTextKeyword.groovy:37)
	at com.kms.katalon.core.keyword.internal.KeywordExecutor.executeKeywordForPlatform(KeywordExecutor.groovy:74)
	at com.kms.katalon.core.webui.keyword.WebUiBuiltInKeywords.setText(WebUiBuiltInKeywords.groovy:980)
	at com.kms.katalon.core.webui.keyword.WebUiBuiltInKeywords$setText$3.call(Unknown Source)
	at Script1690870567003.run(Script1690870567003.groovy:39)
	... 13 more
)
[[ATTACHMENT|C:\\Users\\Sarah Nur Azizah\\git\\test_bebeclub_branchzizah\\Reports\\20230801_144929\\XL\\20230801_144929\\1690877636109.png]]

2023-08-01 15:13:56 - [TEST_STEP][FAILED] - setEncryptedText(findTestObject("Page_Bebeclub - Membership Registration/input_Password_pass-form"), "iFGeFYmXIrUhQZHvW7P22w=="): Unable to set encrypted text for object 'Object Repository/Page_Bebeclub - Membership Registration/input_Password_pass-form' (Root cause: com.kms.katalon.core.exception.StepFailedException: Unable to set encrypted text for object 'Object Repository/Page_Bebeclub - Membership Registration/input_Password_pass-form'
	at com.kms.katalon.core.webui.keyword.internal.WebUIKeywordMain.stepFailed(WebUIKeywordMain.groovy:64)
	at com.kms.katalon.core.webui.keyword.internal.WebUIKeywordMain.runKeyword(WebUIKeywordMain.groovy:26)
	at com.kms.katalon.core.webui.keyword.builtin.SetEncryptedTextKeyword.setEncryptedText(SetEncryptedTextKeyword.groovy:65)
	at com.kms.katalon.core.webui.keyword.builtin.SetEncryptedTextKeyword.execute(SetEncryptedTextKeyword.groovy:34)
	at com.kms.katalon.core.keyword.internal.KeywordExecutor.executeKeywordForPlatform(KeywordExecutor.groovy:74)
	at com.kms.katalon.core.webui.keyword.WebUiBuiltInKeywords.setEncryptedText(WebUiBuiltInKeywords.groovy:1011)
	at com.kms.katalon.core.webui.keyword.WebUiBuiltInKeywords$setEncryptedText$4.call(Unknown Source)
	at 0881 SMARTFREN.run(0881 SMARTFREN:41)
	at com.kms.katalon.core.main.ScriptEngine.run(ScriptEngine.java:194)
	at com.kms.katalon.core.main.ScriptEngine.runScriptAsRawText(ScriptEngine.java:119)
	at com.kms.katalon.core.main.TestCaseExecutor.runScript(TestCaseExecutor.java:448)
	at com.kms.katalon.core.main.TestCaseExecutor.doExecute(TestCaseExecutor.java:439)
	at com.kms.katalon.core.main.TestCaseExecutor.processExecutionPhase(TestCaseExecutor.java:418)
	at com.kms.katalon.core.main.TestCaseExecutor.accessMainPhase(TestCaseExecutor.java:410)
	at com.kms.katalon.core.main.TestCaseExecutor.execute(TestCaseExecutor.java:285)
	at com.kms.katalon.core.common.CommonExecutor.accessTestCaseMainPhase(CommonExecutor.java:65)
	at com.kms.katalon.core.main.TestSuiteExecutor.accessTestSuiteMainPhase(TestSuiteExecutor.java:148)
	at com.kms.katalon.core.main.TestSuiteExecutor.execute(TestSuiteExecutor.java:106)
	at com.kms.katalon.core.main.TestCaseMain.startTestSuite(TestCaseMain.java:187)
	at com.kms.katalon.core.main.TestCaseMain$startTestSuite$0.call(Unknown Source)
	at TempTestSuite1690876169937.run(TempTestSuite1690876169937.groovy:36)
Caused by: com.kms.katalon.core.webui.exception.WebElementNotFoundException: Web element with id: 'Object Repository/Page_Bebeclub - Membership Registration/input_Password_pass-form' located by '//input[@name='pass-form']' not found
	at com.kms.katalon.core.webui.common.WebUiCommonHelper.findWebElement(WebUiCommonHelper.java:1376)
	at com.kms.katalon.core.webui.keyword.internal.WebUIAbstractKeyword.findWebElement(WebUIAbstractKeyword.groovy:27)
	at com.kms.katalon.core.webui.keyword.internal.WebUIAbstractKeyword.findWebElement(WebUIAbstractKeyword.groovy:26)
	at com.kms.katalon.core.webui.keyword.builtin.SetEncryptedTextKeyword$_setEncryptedText_closure1.doCall(SetEncryptedTextKeyword.groovy:51)
	at com.kms.katalon.core.webui.keyword.builtin.SetEncryptedTextKeyword$_setEncryptedText_closure1.call(SetEncryptedTextKeyword.groovy)
	at com.kms.katalon.core.webui.keyword.internal.WebUIKeywordMain.runKeyword(WebUIKeywordMain.groovy:20)
	at com.kms.katalon.core.webui.keyword.builtin.SetEncryptedTextKeyword.setEncryptedText(SetEncryptedTextKeyword.groovy:65)
	at com.kms.katalon.core.webui.keyword.builtin.SetEncryptedTextKeyword.execute(SetEncryptedTextKeyword.groovy:34)
	at com.kms.katalon.core.keyword.internal.KeywordExecutor.executeKeywordForPlatform(KeywordExecutor.groovy:74)
	at com.kms.katalon.core.webui.keyword.WebUiBuiltInKeywords.setEncryptedText(WebUiBuiltInKeywords.groovy:1011)
	at com.kms.katalon.core.webui.keyword.WebUiBuiltInKeywords$setEncryptedText$4.call(Unknown Source)
	at Script1690870567003.run(Script1690870567003.groovy:41)
	... 13 more
)

2023-08-01 15:14:27 - [MESSAGE][INFO] - Unable to find the element located by 'By.xpath: //input[@name='pass-form']'. Please recheck the objects properties to make sure the desired element is located. 

2023-08-01 15:14:27 - [MESSAGE][FAILED] - Unable to set encrypted text for object 'Object Repository/Page_Bebeclub - Membership Registration/input_Password_pass-form' (Root cause: com.kms.katalon.core.exception.StepFailedException: Unable to set encrypted text for object 'Object Repository/Page_Bebeclub - Membership Registration/input_Password_pass-form'
	at com.kms.katalon.core.webui.keyword.internal.WebUIKeywordMain.stepFailed(WebUIKeywordMain.groovy:64)
	at com.kms.katalon.core.webui.keyword.internal.WebUIKeywordMain.runKeyword(WebUIKeywordMain.groovy:26)
	at com.kms.katalon.core.webui.keyword.builtin.SetEncryptedTextKeyword.setEncryptedText(SetEncryptedTextKeyword.groovy:65)
	at com.kms.katalon.core.webui.keyword.builtin.SetEncryptedTextKeyword.execute(SetEncryptedTextKeyword.groovy:34)
	at com.kms.katalon.core.keyword.internal.KeywordExecutor.executeKeywordForPlatform(KeywordExecutor.groovy:74)
	at com.kms.katalon.core.webui.keyword.WebUiBuiltInKeywords.setEncryptedText(WebUiBuiltInKeywords.groovy:1011)
	at com.kms.katalon.core.webui.keyword.WebUiBuiltInKeywords$setEncryptedText$4.call(Unknown Source)
	at 0881 SMARTFREN.run(0881 SMARTFREN:41)
	at com.kms.katalon.core.main.ScriptEngine.run(ScriptEngine.java:194)
	at com.kms.katalon.core.main.ScriptEngine.runScriptAsRawText(ScriptEngine.java:119)
	at com.kms.katalon.core.main.TestCaseExecutor.runScript(TestCaseExecutor.java:448)
	at com.kms.katalon.core.main.TestCaseExecutor.doExecute(TestCaseExecutor.java:439)
	at com.kms.katalon.core.main.TestCaseExecutor.processExecutionPhase(TestCaseExecutor.java:418)
	at com.kms.katalon.core.main.TestCaseExecutor.accessMainPhase(TestCaseExecutor.java:410)
	at com.kms.katalon.core.main.TestCaseExecutor.execute(TestCaseExecutor.java:285)
	at com.kms.katalon.core.common.CommonExecutor.accessTestCaseMainPhase(CommonExecutor.java:65)
	at com.kms.katalon.core.main.TestSuiteExecutor.accessTestSuiteMainPhase(TestSuiteExecutor.java:148)
	at com.kms.katalon.core.main.TestSuiteExecutor.execute(TestSuiteExecutor.java:106)
	at com.kms.katalon.core.main.TestCaseMain.startTestSuite(TestCaseMain.java:187)
	at com.kms.katalon.core.main.TestCaseMain$startTestSuite$0.call(Unknown Source)
	at TempTestSuite1690876169937.run(TempTestSuite1690876169937.groovy:36)
Caused by: com.kms.katalon.core.webui.exception.WebElementNotFoundException: Web element with id: 'Object Repository/Page_Bebeclub - Membership Registration/input_Password_pass-form' located by '//input[@name='pass-form']' not found
	at com.kms.katalon.core.webui.common.WebUiCommonHelper.findWebElement(WebUiCommonHelper.java:1376)
	at com.kms.katalon.core.webui.keyword.internal.WebUIAbstractKeyword.findWebElement(WebUIAbstractKeyword.groovy:27)
	at com.kms.katalon.core.webui.keyword.internal.WebUIAbstractKeyword.findWebElement(WebUIAbstractKeyword.groovy:26)
	at com.kms.katalon.core.webui.keyword.builtin.SetEncryptedTextKeyword$_setEncryptedText_closure1.doCall(SetEncryptedTextKeyword.groovy:51)
	at com.kms.katalon.core.webui.keyword.builtin.SetEncryptedTextKeyword$_setEncryptedText_closure1.call(SetEncryptedTextKeyword.groovy)
	at com.kms.katalon.core.webui.keyword.internal.WebUIKeywordMain.runKeyword(WebUIKeywordMain.groovy:20)
	at com.kms.katalon.core.webui.keyword.builtin.SetEncryptedTextKeyword.setEncryptedText(SetEncryptedTextKeyword.groovy:65)
	at com.kms.katalon.core.webui.keyword.builtin.SetEncryptedTextKeyword.execute(SetEncryptedTextKeyword.groovy:34)
	at com.kms.katalon.core.keyword.internal.KeywordExecutor.executeKeywordForPlatform(KeywordExecutor.groovy:74)
	at com.kms.katalon.core.webui.keyword.WebUiBuiltInKeywords.setEncryptedText(WebUiBuiltInKeywords.groovy:1011)
	at com.kms.katalon.core.webui.keyword.WebUiBuiltInKeywords$setEncryptedText$4.call(Unknown Source)
	at Script1690870567003.run(Script1690870567003.groovy:41)
	... 13 more
)
[[ATTACHMENT|C:\\Users\\Sarah Nur Azizah\\git\\test_bebeclub_branchzizah\\Reports\\20230801_144929\\XL\\20230801_144929\\1690877667286.png]]

2023-08-01 15:14:27 - [TEST_STEP][FAILED] - setEncryptedText(findTestObject("Page_Bebeclub - Membership Registration/input_Konfirmasi Password_konfirmasipass-form"), "iFGeFYmXIrUhQZHvW7P22w=="): Unable to set encrypted text for object 'Object Repository/Page_Bebeclub - Membership Registration/input_Konfirmasi Password_konfirmasipass-form' (Root cause: com.kms.katalon.core.exception.StepFailedException: Unable to set encrypted text for object 'Object Repository/Page_Bebeclub - Membership Registration/input_Konfirmasi Password_konfirmasipass-form'
	at com.kms.katalon.core.webui.keyword.internal.WebUIKeywordMain.stepFailed(WebUIKeywordMain.groovy:64)
	at com.kms.katalon.core.webui.keyword.internal.WebUIKeywordMain.runKeyword(WebUIKeywordMain.groovy:26)
	at com.kms.katalon.core.webui.keyword.builtin.SetEncryptedTextKeyword.setEncryptedText(SetEncryptedTextKeyword.groovy:65)
	at com.kms.katalon.core.webui.keyword.builtin.SetEncryptedTextKeyword.execute(SetEncryptedTextKeyword.groovy:34)
	at com.kms.katalon.core.keyword.internal.KeywordExecutor.executeKeywordForPlatform(KeywordExecutor.groovy:74)
	at com.kms.katalon.core.webui.keyword.WebUiBuiltInKeywords.setEncryptedText(WebUiBuiltInKeywords.groovy:1011)
	at com.kms.katalon.core.webui.keyword.WebUiBuiltInKeywords$setEncryptedText$4.call(Unknown Source)
	at 0881 SMARTFREN.run(0881 SMARTFREN:43)
	at com.kms.katalon.core.main.ScriptEngine.run(ScriptEngine.java:194)
	at com.kms.katalon.core.main.ScriptEngine.runScriptAsRawText(ScriptEngine.java:119)
	at com.kms.katalon.core.main.TestCaseExecutor.runScript(TestCaseExecutor.java:448)
	at com.kms.katalon.core.main.TestCaseExecutor.doExecute(TestCaseExecutor.java:439)
	at com.kms.katalon.core.main.TestCaseExecutor.processExecutionPhase(TestCaseExecutor.java:418)
	at com.kms.katalon.core.main.TestCaseExecutor.accessMainPhase(TestCaseExecutor.java:410)
	at com.kms.katalon.core.main.TestCaseExecutor.execute(TestCaseExecutor.java:285)
	at com.kms.katalon.core.common.CommonExecutor.accessTestCaseMainPhase(CommonExecutor.java:65)
	at com.kms.katalon.core.main.TestSuiteExecutor.accessTestSuiteMainPhase(TestSuiteExecutor.java:148)
	at com.kms.katalon.core.main.TestSuiteExecutor.execute(TestSuiteExecutor.java:106)
	at com.kms.katalon.core.main.TestCaseMain.startTestSuite(TestCaseMain.java:187)
	at com.kms.katalon.core.main.TestCaseMain$startTestSuite$0.call(Unknown Source)
	at TempTestSuite1690876169937.run(TempTestSuite1690876169937.groovy:36)
Caused by: com.kms.katalon.core.webui.exception.WebElementNotFoundException: Web element with id: 'Object Repository/Page_Bebeclub - Membership Registration/input_Konfirmasi Password_konfirmasipass-form' located by '//input[@name='konfirmasipass-form']' not found
	at com.kms.katalon.core.webui.common.WebUiCommonHelper.findWebElement(WebUiCommonHelper.java:1376)
	at com.kms.katalon.core.webui.keyword.internal.WebUIAbstractKeyword.findWebElement(WebUIAbstractKeyword.groovy:27)
	at com.kms.katalon.core.webui.keyword.internal.WebUIAbstractKeyword.findWebElement(WebUIAbstractKeyword.groovy:26)
	at com.kms.katalon.core.webui.keyword.builtin.SetEncryptedTextKeyword$_setEncryptedText_closure1.doCall(SetEncryptedTextKeyword.groovy:51)
	at com.kms.katalon.core.webui.keyword.builtin.SetEncryptedTextKeyword$_setEncryptedText_closure1.call(SetEncryptedTextKeyword.groovy)
	at com.kms.katalon.core.webui.keyword.internal.WebUIKeywordMain.runKeyword(WebUIKeywordMain.groovy:20)
	at com.kms.katalon.core.webui.keyword.builtin.SetEncryptedTextKeyword.setEncryptedText(SetEncryptedTextKeyword.groovy:65)
	at com.kms.katalon.core.webui.keyword.builtin.SetEncryptedTextKeyword.execute(SetEncryptedTextKeyword.groovy:34)
	at com.kms.katalon.core.keyword.internal.KeywordExecutor.executeKeywordForPlatform(KeywordExecutor.groovy:74)
	at com.kms.katalon.core.webui.keyword.WebUiBuiltInKeywords.setEncryptedText(WebUiBuiltInKeywords.groovy:1011)
	at com.kms.katalon.core.webui.keyword.WebUiBuiltInKeywords$setEncryptedText$4.call(Unknown Source)
	at Script1690870567003.run(Script1690870567003.groovy:43)
	... 13 more
)

2023-08-01 15:14:58 - [MESSAGE][INFO] - Unable to find the element located by 'By.xpath: //input[@name='konfirmasipass-form']'. Please recheck the objects properties to make sure the desired element is located. 

2023-08-01 15:14:58 - [MESSAGE][FAILED] - Unable to set encrypted text for object 'Object Repository/Page_Bebeclub - Membership Registration/input_Konfirmasi Password_konfirmasipass-form' (Root cause: com.kms.katalon.core.exception.StepFailedException: Unable to set encrypted text for object 'Object Repository/Page_Bebeclub - Membership Registration/input_Konfirmasi Password_konfirmasipass-form'
	at com.kms.katalon.core.webui.keyword.internal.WebUIKeywordMain.stepFailed(WebUIKeywordMain.groovy:64)
	at com.kms.katalon.core.webui.keyword.internal.WebUIKeywordMain.runKeyword(WebUIKeywordMain.groovy:26)
	at com.kms.katalon.core.webui.keyword.builtin.SetEncryptedTextKeyword.setEncryptedText(SetEncryptedTextKeyword.groovy:65)
	at com.kms.katalon.core.webui.keyword.builtin.SetEncryptedTextKeyword.execute(SetEncryptedTextKeyword.groovy:34)
	at com.kms.katalon.core.keyword.internal.KeywordExecutor.executeKeywordForPlatform(KeywordExecutor.groovy:74)
	at com.kms.katalon.core.webui.keyword.WebUiBuiltInKeywords.setEncryptedText(WebUiBuiltInKeywords.groovy:1011)
	at com.kms.katalon.core.webui.keyword.WebUiBuiltInKeywords$setEncryptedText$4.call(Unknown Source)
	at 0881 SMARTFREN.run(0881 SMARTFREN:43)
	at com.kms.katalon.core.main.ScriptEngine.run(ScriptEngine.java:194)
	at com.kms.katalon.core.main.ScriptEngine.runScriptAsRawText(ScriptEngine.java:119)
	at com.kms.katalon.core.main.TestCaseExecutor.runScript(TestCaseExecutor.java:448)
	at com.kms.katalon.core.main.TestCaseExecutor.doExecute(TestCaseExecutor.java:439)
	at com.kms.katalon.core.main.TestCaseExecutor.processExecutionPhase(TestCaseExecutor.java:418)
	at com.kms.katalon.core.main.TestCaseExecutor.accessMainPhase(TestCaseExecutor.java:410)
	at com.kms.katalon.core.main.TestCaseExecutor.execute(TestCaseExecutor.java:285)
	at com.kms.katalon.core.common.CommonExecutor.accessTestCaseMainPhase(CommonExecutor.java:65)
	at com.kms.katalon.core.main.TestSuiteExecutor.accessTestSuiteMainPhase(TestSuiteExecutor.java:148)
	at com.kms.katalon.core.main.TestSuiteExecutor.execute(TestSuiteExecutor.java:106)
	at com.kms.katalon.core.main.TestCaseMain.startTestSuite(TestCaseMain.java:187)
	at com.kms.katalon.core.main.TestCaseMain$startTestSuite$0.call(Unknown Source)
	at TempTestSuite1690876169937.run(TempTestSuite1690876169937.groovy:36)
Caused by: com.kms.katalon.core.webui.exception.WebElementNotFoundException: Web element with id: 'Object Repository/Page_Bebeclub - Membership Registration/input_Konfirmasi Password_konfirmasipass-form' located by '//input[@name='konfirmasipass-form']' not found
	at com.kms.katalon.core.webui.common.WebUiCommonHelper.findWebElement(WebUiCommonHelper.java:1376)
	at com.kms.katalon.core.webui.keyword.internal.WebUIAbstractKeyword.findWebElement(WebUIAbstractKeyword.groovy:27)
	at com.kms.katalon.core.webui.keyword.internal.WebUIAbstractKeyword.findWebElement(WebUIAbstractKeyword.groovy:26)
	at com.kms.katalon.core.webui.keyword.builtin.SetEncryptedTextKeyword$_setEncryptedText_closure1.doCall(SetEncryptedTextKeyword.groovy:51)
	at com.kms.katalon.core.webui.keyword.builtin.SetEncryptedTextKeyword$_setEncryptedText_closure1.call(SetEncryptedTextKeyword.groovy)
	at com.kms.katalon.core.webui.keyword.internal.WebUIKeywordMain.runKeyword(WebUIKeywordMain.groovy:20)
	at com.kms.katalon.core.webui.keyword.builtin.SetEncryptedTextKeyword.setEncryptedText(SetEncryptedTextKeyword.groovy:65)
	at com.kms.katalon.core.webui.keyword.builtin.SetEncryptedTextKeyword.execute(SetEncryptedTextKeyword.groovy:34)
	at com.kms.katalon.core.keyword.internal.KeywordExecutor.executeKeywordForPlatform(KeywordExecutor.groovy:74)
	at com.kms.katalon.core.webui.keyword.WebUiBuiltInKeywords.setEncryptedText(WebUiBuiltInKeywords.groovy:1011)
	at com.kms.katalon.core.webui.keyword.WebUiBuiltInKeywords$setEncryptedText$4.call(Unknown Source)
	at Script1690870567003.run(Script1690870567003.groovy:43)
	... 13 more
)
[[ATTACHMENT|C:\\Users\\Sarah Nur Azizah\\git\\test_bebeclub_branchzizah\\Reports\\20230801_144929\\XL\\20230801_144929\\1690877698454.png]]

2023-08-01 15:14:58 - [TEST_STEP][FAILED] - selectOptionByLabel(findTestObject("Page_Bebeclub - Membership Registration/select_Pilih Kondisi Ibu Saat Ini"), "Belum Hamil & Tidak Mempunyai Anak", false): Unable to select option by label 'Belum Hamil & Tidak Mempunyai Anak' of object 'Object Repository/Page_Bebeclub - Membership Registration/select_Pilih Kondisi Ibu Saat Ini'  (Root cause: com.kms.katalon.core.exception.StepFailedException: Unable to select option by label 'Belum Hamil & Tidak Mempunyai Anak' of object 'Object Repository/Page_Bebeclub - Membership Registration/select_Pilih Kondisi Ibu Saat Ini' 
	at com.kms.katalon.core.webui.keyword.internal.WebUIKeywordMain.stepFailed(WebUIKeywordMain.groovy:64)
	at com.kms.katalon.core.webui.keyword.internal.WebUIKeywordMain.runKeyword(WebUIKeywordMain.groovy:26)
	at com.kms.katalon.core.webui.keyword.builtin.SelectOptionByLabelKeyword.selectOptionByLabel(SelectOptionByLabelKeyword.groovy:98)
	at com.kms.katalon.core.webui.keyword.builtin.SelectOptionByLabelKeyword.execute(SelectOptionByLabelKeyword.groovy:71)
	at com.kms.katalon.core.keyword.internal.KeywordExecutor.executeKeywordForPlatform(KeywordExecutor.groovy:74)
	at com.kms.katalon.core.webui.keyword.WebUiBuiltInKeywords.selectOptionByLabel(WebUiBuiltInKeywords.groovy:1230)
	at com.kms.katalon.core.webui.keyword.WebUiBuiltInKeywords$selectOptionByLabel$5.call(Unknown Source)
	at 0881 SMARTFREN.run(0881 SMARTFREN:46)
	at com.kms.katalon.core.main.ScriptEngine.run(ScriptEngine.java:194)
	at com.kms.katalon.core.main.ScriptEngine.runScriptAsRawText(ScriptEngine.java:119)
	at com.kms.katalon.core.main.TestCaseExecutor.runScript(TestCaseExecutor.java:448)
	at com.kms.katalon.core.main.TestCaseExecutor.doExecute(TestCaseExecutor.java:439)
	at com.kms.katalon.core.main.TestCaseExecutor.processExecutionPhase(TestCaseExecutor.java:418)
	at com.kms.katalon.core.main.TestCaseExecutor.accessMainPhase(TestCaseExecutor.java:410)
	at com.kms.katalon.core.main.TestCaseExecutor.execute(TestCaseExecutor.java:285)
	at com.kms.katalon.core.common.CommonExecutor.accessTestCaseMainPhase(CommonExecutor.java:65)
	at com.kms.katalon.core.main.TestSuiteExecutor.accessTestSuiteMainPhase(TestSuiteExecutor.java:148)
	at com.kms.katalon.core.main.TestSuiteExecutor.execute(TestSuiteExecutor.java:106)
	at com.kms.katalon.core.main.TestCaseMain.startTestSuite(TestCaseMain.java:187)
	at com.kms.katalon.core.main.TestCaseMain$startTestSuite$0.call(Unknown Source)
	at TempTestSuite1690876169937.run(TempTestSuite1690876169937.groovy:36)
Caused by: com.kms.katalon.core.webui.exception.WebElementNotFoundException: Web element with id: 'Object Repository/Page_Bebeclub - Membership Registration/select_Pilih Kondisi Ibu Saat Ini' located by '//select[@id='statusibu-form']' not found
	at com.kms.katalon.core.webui.common.WebUiCommonHelper.findWebElement(WebUiCommonHelper.java:1376)
	at com.kms.katalon.core.webui.keyword.internal.WebUIAbstractKeyword.findWebElement(WebUIAbstractKeyword.groovy:27)
	at com.kms.katalon.core.webui.keyword.internal.WebUIAbstractKeyword.findWebElement(WebUIAbstractKeyword.groovy:26)
	at com.kms.katalon.core.webui.keyword.builtin.SelectOptionByLabelKeyword$_selectOptionByLabel_closure1.doCall(SelectOptionByLabelKeyword.groovy:86)
	at com.kms.katalon.core.webui.keyword.builtin.SelectOptionByLabelKeyword$_selectOptionByLabel_closure1.call(SelectOptionByLabelKeyword.groovy)
	at com.kms.katalon.core.webui.keyword.internal.WebUIKeywordMain.runKeyword(WebUIKeywordMain.groovy:20)
	at com.kms.katalon.core.webui.keyword.builtin.SelectOptionByLabelKeyword.selectOptionByLabel(SelectOptionByLabelKeyword.groovy:98)
	at com.kms.katalon.core.webui.keyword.builtin.SelectOptionByLabelKeyword.execute(SelectOptionByLabelKeyword.groovy:71)
	at com.kms.katalon.core.keyword.internal.KeywordExecutor.executeKeywordForPlatform(KeywordExecutor.groovy:74)
	at com.kms.katalon.core.webui.keyword.WebUiBuiltInKeywords.selectOptionByLabel(WebUiBuiltInKeywords.groovy:1230)
	at com.kms.katalon.core.webui.keyword.WebUiBuiltInKeywords$selectOptionByLabel$5.call(Unknown Source)
	at Script1690870567003.run(Script1690870567003.groovy:46)
	... 13 more
)

2023-08-01 15:15:29 - [MESSAGE][INFO] - Unable to find the element located by 'By.xpath: //select[@id='statusibu-form']'. Please recheck the objects properties to make sure the desired element is located. 

2023-08-01 15:15:29 - [MESSAGE][FAILED] - Unable to select option by label 'Belum Hamil & Tidak Mempunyai Anak' of object 'Object Repository/Page_Bebeclub - Membership Registration/select_Pilih Kondisi Ibu Saat Ini'  (Root cause: com.kms.katalon.core.exception.StepFailedException: Unable to select option by label 'Belum Hamil & Tidak Mempunyai Anak' of object 'Object Repository/Page_Bebeclub - Membership Registration/select_Pilih Kondisi Ibu Saat Ini' 
	at com.kms.katalon.core.webui.keyword.internal.WebUIKeywordMain.stepFailed(WebUIKeywordMain.groovy:64)
	at com.kms.katalon.core.webui.keyword.internal.WebUIKeywordMain.runKeyword(WebUIKeywordMain.groovy:26)
	at com.kms.katalon.core.webui.keyword.builtin.SelectOptionByLabelKeyword.selectOptionByLabel(SelectOptionByLabelKeyword.groovy:98)
	at com.kms.katalon.core.webui.keyword.builtin.SelectOptionByLabelKeyword.execute(SelectOptionByLabelKeyword.groovy:71)
	at com.kms.katalon.core.keyword.internal.KeywordExecutor.executeKeywordForPlatform(KeywordExecutor.groovy:74)
	at com.kms.katalon.core.webui.keyword.WebUiBuiltInKeywords.selectOptionByLabel(WebUiBuiltInKeywords.groovy:1230)
	at com.kms.katalon.core.webui.keyword.WebUiBuiltInKeywords$selectOptionByLabel$5.call(Unknown Source)
	at 0881 SMARTFREN.run(0881 SMARTFREN:46)
	at com.kms.katalon.core.main.ScriptEngine.run(ScriptEngine.java:194)
	at com.kms.katalon.core.main.ScriptEngine.runScriptAsRawText(ScriptEngine.java:119)
	at com.kms.katalon.core.main.TestCaseExecutor.runScript(TestCaseExecutor.java:448)
	at com.kms.katalon.core.main.TestCaseExecutor.doExecute(TestCaseExecutor.java:439)
	at com.kms.katalon.core.main.TestCaseExecutor.processExecutionPhase(TestCaseExecutor.java:418)
	at com.kms.katalon.core.main.TestCaseExecutor.accessMainPhase(TestCaseExecutor.java:410)
	at com.kms.katalon.core.main.TestCaseExecutor.execute(TestCaseExecutor.java:285)
	at com.kms.katalon.core.common.CommonExecutor.accessTestCaseMainPhase(CommonExecutor.java:65)
	at com.kms.katalon.core.main.TestSuiteExecutor.accessTestSuiteMainPhase(TestSuiteExecutor.java:148)
	at com.kms.katalon.core.main.TestSuiteExecutor.execute(TestSuiteExecutor.java:106)
	at com.kms.katalon.core.main.TestCaseMain.startTestSuite(TestCaseMain.java:187)
	at com.kms.katalon.core.main.TestCaseMain$startTestSuite$0.call(Unknown Source)
	at TempTestSuite1690876169937.run(TempTestSuite1690876169937.groovy:36)
Caused by: com.kms.katalon.core.webui.exception.WebElementNotFoundException: Web element with id: 'Object Repository/Page_Bebeclub - Membership Registration/select_Pilih Kondisi Ibu Saat Ini' located by '//select[@id='statusibu-form']' not found
	at com.kms.katalon.core.webui.common.WebUiCommonHelper.findWebElement(WebUiCommonHelper.java:1376)
	at com.kms.katalon.core.webui.keyword.internal.WebUIAbstractKeyword.findWebElement(WebUIAbstractKeyword.groovy:27)
	at com.kms.katalon.core.webui.keyword.internal.WebUIAbstractKeyword.findWebElement(WebUIAbstractKeyword.groovy:26)
	at com.kms.katalon.core.webui.keyword.builtin.SelectOptionByLabelKeyword$_selectOptionByLabel_closure1.doCall(SelectOptionByLabelKeyword.groovy:86)
	at com.kms.katalon.core.webui.keyword.builtin.SelectOptionByLabelKeyword$_selectOptionByLabel_closure1.call(SelectOptionByLabelKeyword.groovy)
	at com.kms.katalon.core.webui.keyword.internal.WebUIKeywordMain.runKeyword(WebUIKeywordMain.groovy:20)
	at com.kms.katalon.core.webui.keyword.builtin.SelectOptionByLabelKeyword.selectOptionByLabel(SelectOptionByLabelKeyword.groovy:98)
	at com.kms.katalon.core.webui.keyword.builtin.SelectOptionByLabelKeyword.execute(SelectOptionByLabelKeyword.groovy:71)
	at com.kms.katalon.core.keyword.internal.KeywordExecutor.executeKeywordForPlatform(KeywordExecutor.groovy:74)
	at com.kms.katalon.core.webui.keyword.WebUiBuiltInKeywords.selectOptionByLabel(WebUiBuiltInKeywords.groovy:1230)
	at com.kms.katalon.core.webui.keyword.WebUiBuiltInKeywords$selectOptionByLabel$5.call(Unknown Source)
	at Script1690870567003.run(Script1690870567003.groovy:46)
	... 13 more
)
[[ATTACHMENT|C:\\Users\\Sarah Nur Azizah\\git\\test_bebeclub_branchzizah\\Reports\\20230801_144929\\XL\\20230801_144929\\1690877729569.png]]

2023-08-01 15:15:29 - [TEST_STEP][FAILED] - click(findTestObject("Page_Bebeclub - Membership Registration/button_Kirim Kode OTP")): Unable to click on object 'Object Repository/Page_Bebeclub - Membership Registration/button_Kirim Kode OTP' (Root cause: com.kms.katalon.core.exception.StepFailedException: Unable to click on object 'Object Repository/Page_Bebeclub - Membership Registration/button_Kirim Kode OTP'
	at com.kms.katalon.core.webui.keyword.internal.WebUIKeywordMain.stepFailed(WebUIKeywordMain.groovy:64)
	at com.kms.katalon.core.webui.keyword.internal.WebUIKeywordMain.runKeyword(WebUIKeywordMain.groovy:26)
	at com.kms.katalon.core.webui.keyword.builtin.ClickKeyword.click(ClickKeyword.groovy:74)
	at com.kms.katalon.core.webui.keyword.builtin.ClickKeyword.execute(ClickKeyword.groovy:40)
	at com.kms.katalon.core.keyword.internal.KeywordExecutor.executeKeywordForPlatform(KeywordExecutor.groovy:74)
	at com.kms.katalon.core.webui.keyword.WebUiBuiltInKeywords.click(WebUiBuiltInKeywords.groovy:620)
	at com.kms.katalon.core.webui.keyword.WebUiBuiltInKeywords$click$2.call(Unknown Source)
	at 0881 SMARTFREN.run(0881 SMARTFREN:49)
	at com.kms.katalon.core.main.ScriptEngine.run(ScriptEngine.java:194)
	at com.kms.katalon.core.main.ScriptEngine.runScriptAsRawText(ScriptEngine.java:119)
	at com.kms.katalon.core.main.TestCaseExecutor.runScript(TestCaseExecutor.java:448)
	at com.kms.katalon.core.main.TestCaseExecutor.doExecute(TestCaseExecutor.java:439)
	at com.kms.katalon.core.main.TestCaseExecutor.processExecutionPhase(TestCaseExecutor.java:418)
	at com.kms.katalon.core.main.TestCaseExecutor.accessMainPhase(TestCaseExecutor.java:410)
	at com.kms.katalon.core.main.TestCaseExecutor.execute(TestCaseExecutor.java:285)
	at com.kms.katalon.core.common.CommonExecutor.accessTestCaseMainPhase(CommonExecutor.java:65)
	at com.kms.katalon.core.main.TestSuiteExecutor.accessTestSuiteMainPhase(TestSuiteExecutor.java:148)
	at com.kms.katalon.core.main.TestSuiteExecutor.execute(TestSuiteExecutor.java:106)
	at com.kms.katalon.core.main.TestCaseMain.startTestSuite(TestCaseMain.java:187)
	at com.kms.katalon.core.main.TestCaseMain$startTestSuite$0.call(Unknown Source)
	at TempTestSuite1690876169937.run(TempTestSuite1690876169937.groovy:36)
Caused by: com.kms.katalon.core.webui.exception.WebElementNotFoundException: Web element with id: 'Object Repository/Page_Bebeclub - Membership Registration/button_Kirim Kode OTP' located by '(//button[@type='button'])[2]' not found
	at com.kms.katalon.core.webui.common.WebUiCommonHelper.findWebElement(WebUiCommonHelper.java:1376)
	at com.kms.katalon.core.webui.keyword.internal.WebUIAbstractKeyword.findWebElement(WebUIAbstractKeyword.groovy:27)
	at com.kms.katalon.core.webui.keyword.builtin.ClickKeyword$_click_closure1.doCall(ClickKeyword.groovy:65)
	at com.kms.katalon.core.webui.keyword.builtin.ClickKeyword$_click_closure1.call(ClickKeyword.groovy)
	at com.kms.katalon.core.webui.keyword.internal.WebUIKeywordMain.runKeyword(WebUIKeywordMain.groovy:20)
	at com.kms.katalon.core.webui.keyword.builtin.ClickKeyword.click(ClickKeyword.groovy:74)
	at com.kms.katalon.core.webui.keyword.builtin.ClickKeyword.execute(ClickKeyword.groovy:40)
	at com.kms.katalon.core.keyword.internal.KeywordExecutor.executeKeywordForPlatform(KeywordExecutor.groovy:74)
	at com.kms.katalon.core.webui.keyword.WebUiBuiltInKeywords.click(WebUiBuiltInKeywords.groovy:620)
	at com.kms.katalon.core.webui.keyword.WebUiBuiltInKeywords$click$2.call(Unknown Source)
	at Script1690870567003.run(Script1690870567003.groovy:49)
	... 13 more
)

2023-08-01 15:16:00 - [MESSAGE][INFO] - Unable to find the element located by 'By.xpath: (//button[@type='button'])[2]'. Please recheck the objects properties to make sure the desired element is located. 

2023-08-01 15:16:00 - [MESSAGE][FAILED] - Unable to click on object 'Object Repository/Page_Bebeclub - Membership Registration/button_Kirim Kode OTP' (Root cause: com.kms.katalon.core.exception.StepFailedException: Unable to click on object 'Object Repository/Page_Bebeclub - Membership Registration/button_Kirim Kode OTP'
	at com.kms.katalon.core.webui.keyword.internal.WebUIKeywordMain.stepFailed(WebUIKeywordMain.groovy:64)
	at com.kms.katalon.core.webui.keyword.internal.WebUIKeywordMain.runKeyword(WebUIKeywordMain.groovy:26)
	at com.kms.katalon.core.webui.keyword.builtin.ClickKeyword.click(ClickKeyword.groovy:74)
	at com.kms.katalon.core.webui.keyword.builtin.ClickKeyword.execute(ClickKeyword.groovy:40)
	at com.kms.katalon.core.keyword.internal.KeywordExecutor.executeKeywordForPlatform(KeywordExecutor.groovy:74)
	at com.kms.katalon.core.webui.keyword.WebUiBuiltInKeywords.click(WebUiBuiltInKeywords.groovy:620)
	at com.kms.katalon.core.webui.keyword.WebUiBuiltInKeywords$click$2.call(Unknown Source)
	at 0881 SMARTFREN.run(0881 SMARTFREN:49)
	at com.kms.katalon.core.main.ScriptEngine.run(ScriptEngine.java:194)
	at com.kms.katalon.core.main.ScriptEngine.runScriptAsRawText(ScriptEngine.java:119)
	at com.kms.katalon.core.main.TestCaseExecutor.runScript(TestCaseExecutor.java:448)
	at com.kms.katalon.core.main.TestCaseExecutor.doExecute(TestCaseExecutor.java:439)
	at com.kms.katalon.core.main.TestCaseExecutor.processExecutionPhase(TestCaseExecutor.java:418)
	at com.kms.katalon.core.main.TestCaseExecutor.accessMainPhase(TestCaseExecutor.java:410)
	at com.kms.katalon.core.main.TestCaseExecutor.execute(TestCaseExecutor.java:285)
	at com.kms.katalon.core.common.CommonExecutor.accessTestCaseMainPhase(CommonExecutor.java:65)
	at com.kms.katalon.core.main.TestSuiteExecutor.accessTestSuiteMainPhase(TestSuiteExecutor.java:148)
	at com.kms.katalon.core.main.TestSuiteExecutor.execute(TestSuiteExecutor.java:106)
	at com.kms.katalon.core.main.TestCaseMain.startTestSuite(TestCaseMain.java:187)
	at com.kms.katalon.core.main.TestCaseMain$startTestSuite$0.call(Unknown Source)
	at TempTestSuite1690876169937.run(TempTestSuite1690876169937.groovy:36)
Caused by: com.kms.katalon.core.webui.exception.WebElementNotFoundException: Web element with id: 'Object Repository/Page_Bebeclub - Membership Registration/button_Kirim Kode OTP' located by '(//button[@type='button'])[2]' not found
	at com.kms.katalon.core.webui.common.WebUiCommonHelper.findWebElement(WebUiCommonHelper.java:1376)
	at com.kms.katalon.core.webui.keyword.internal.WebUIAbstractKeyword.findWebElement(WebUIAbstractKeyword.groovy:27)
	at com.kms.katalon.core.webui.keyword.builtin.ClickKeyword$_click_closure1.doCall(ClickKeyword.groovy:65)
	at com.kms.katalon.core.webui.keyword.builtin.ClickKeyword$_click_closure1.call(ClickKeyword.groovy)
	at com.kms.katalon.core.webui.keyword.internal.WebUIKeywordMain.runKeyword(WebUIKeywordMain.groovy:20)
	at com.kms.katalon.core.webui.keyword.builtin.ClickKeyword.click(ClickKeyword.groovy:74)
	at com.kms.katalon.core.webui.keyword.builtin.ClickKeyword.execute(ClickKeyword.groovy:40)
	at com.kms.katalon.core.keyword.internal.KeywordExecutor.executeKeywordForPlatform(KeywordExecutor.groovy:74)
	at com.kms.katalon.core.webui.keyword.WebUiBuiltInKeywords.click(WebUiBuiltInKeywords.groovy:620)
	at com.kms.katalon.core.webui.keyword.WebUiBuiltInKeywords$click$2.call(Unknown Source)
	at Script1690870567003.run(Script1690870567003.groovy:49)
	... 13 more
)
[[ATTACHMENT|C:\\Users\\Sarah Nur Azizah\\git\\test_bebeclub_branchzizah\\Reports\\20230801_144929\\XL\\20230801_144929\\1690877760709.png]]

2023-08-01 15:16:00 - [TEST_STEP][PASSED] - delay(4): Delayed 4 second(s)

2023-08-01 15:16:04 - [MESSAGE][PASSED] - Delayed 4 second(s)

2023-08-01 15:16:04 - [TEST_STEP][FAILED] - verifyTextPresent("Berhasil", false): Text 'Berhasil' is not present on page  (Root cause: com.kms.katalon.core.exception.StepFailedException: Text 'Berhasil' is not present on page 
	at com.kms.katalon.core.webui.keyword.internal.WebUIKeywordMain.stepFailed(WebUIKeywordMain.groovy:64)
	at com.kms.katalon.core.webui.keyword.builtin.VerifyTextPresentKeyword$_verifyTextPresent_closure1.doCall(VerifyTextPresentKeyword.groovy:79)
	at com.kms.katalon.core.webui.keyword.builtin.VerifyTextPresentKeyword$_verifyTextPresent_closure1.call(VerifyTextPresentKeyword.groovy)
	at com.kms.katalon.core.webui.keyword.internal.WebUIKeywordMain.runKeyword(WebUIKeywordMain.groovy:20)
	at com.kms.katalon.core.webui.keyword.builtin.VerifyTextPresentKeyword.verifyTextPresent(VerifyTextPresentKeyword.groovy:83)
	at com.kms.katalon.core.webui.keyword.builtin.VerifyTextPresentKeyword.execute(VerifyTextPresentKeyword.groovy:68)
	at com.kms.katalon.core.keyword.internal.KeywordExecutor.executeKeywordForPlatform(KeywordExecutor.groovy:74)
	at com.kms.katalon.core.webui.keyword.WebUiBuiltInKeywords.verifyTextPresent(WebUiBuiltInKeywords.groovy:1723)
	at com.kms.katalon.core.webui.keyword.WebUiBuiltInKeywords$verifyTextPresent$6.call(Unknown Source)
	at 0881 SMARTFREN.run(0881 SMARTFREN:53)
	at com.kms.katalon.core.main.ScriptEngine.run(ScriptEngine.java:194)
	at com.kms.katalon.core.main.ScriptEngine.runScriptAsRawText(ScriptEngine.java:119)
	at com.kms.katalon.core.main.TestCaseExecutor.runScript(TestCaseExecutor.java:448)
	at com.kms.katalon.core.main.TestCaseExecutor.doExecute(TestCaseExecutor.java:439)
	at com.kms.katalon.core.main.TestCaseExecutor.processExecutionPhase(TestCaseExecutor.java:418)
	at com.kms.katalon.core.main.TestCaseExecutor.accessMainPhase(TestCaseExecutor.java:410)
	at com.kms.katalon.core.main.TestCaseExecutor.execute(TestCaseExecutor.java:285)
	at com.kms.katalon.core.common.CommonExecutor.accessTestCaseMainPhase(CommonExecutor.java:65)
	at com.kms.katalon.core.main.TestSuiteExecutor.accessTestSuiteMainPhase(TestSuiteExecutor.java:148)
	at com.kms.katalon.core.main.TestSuiteExecutor.execute(TestSuiteExecutor.java:106)
	at com.kms.katalon.core.main.TestCaseMain.startTestSuite(TestCaseMain.java:187)
	at com.kms.katalon.core.main.TestCaseMain$startTestSuite$0.call(Unknown Source)
	at TempTestSuite1690876169937.run(TempTestSuite1690876169937.groovy:36)
)

2023-08-01 15:16:04 - [MESSAGE][FAILED] - Text 'Berhasil' is not present on page  (Root cause: com.kms.katalon.core.exception.StepFailedException: Text 'Berhasil' is not present on page 
	at com.kms.katalon.core.webui.keyword.internal.WebUIKeywordMain.stepFailed(WebUIKeywordMain.groovy:64)
	at com.kms.katalon.core.webui.keyword.builtin.VerifyTextPresentKeyword$_verifyTextPresent_closure1.doCall(VerifyTextPresentKeyword.groovy:79)
	at com.kms.katalon.core.webui.keyword.builtin.VerifyTextPresentKeyword$_verifyTextPresent_closure1.call(VerifyTextPresentKeyword.groovy)
	at com.kms.katalon.core.webui.keyword.internal.WebUIKeywordMain.runKeyword(WebUIKeywordMain.groovy:20)
	at com.kms.katalon.core.webui.keyword.builtin.VerifyTextPresentKeyword.verifyTextPresent(VerifyTextPresentKeyword.groovy:83)
	at com.kms.katalon.core.webui.keyword.builtin.VerifyTextPresentKeyword.execute(VerifyTextPresentKeyword.groovy:68)
	at com.kms.katalon.core.keyword.internal.KeywordExecutor.executeKeywordForPlatform(KeywordExecutor.groovy:74)
	at com.kms.katalon.core.webui.keyword.WebUiBuiltInKeywords.verifyTextPresent(WebUiBuiltInKeywords.groovy:1723)
	at com.kms.katalon.core.webui.keyword.WebUiBuiltInKeywords$verifyTextPresent$6.call(Unknown Source)
	at 0881 SMARTFREN.run(0881 SMARTFREN:53)
	at com.kms.katalon.core.main.ScriptEngine.run(ScriptEngine.java:194)
	at com.kms.katalon.core.main.ScriptEngine.runScriptAsRawText(ScriptEngine.java:119)
	at com.kms.katalon.core.main.TestCaseExecutor.runScript(TestCaseExecutor.java:448)
	at com.kms.katalon.core.main.TestCaseExecutor.doExecute(TestCaseExecutor.java:439)
	at com.kms.katalon.core.main.TestCaseExecutor.processExecutionPhase(TestCaseExecutor.java:418)
	at com.kms.katalon.core.main.TestCaseExecutor.accessMainPhase(TestCaseExecutor.java:410)
	at com.kms.katalon.core.main.TestCaseExecutor.execute(TestCaseExecutor.java:285)
	at com.kms.katalon.core.common.CommonExecutor.accessTestCaseMainPhase(CommonExecutor.java:65)
	at com.kms.katalon.core.main.TestSuiteExecutor.accessTestSuiteMainPhase(TestSuiteExecutor.java:148)
	at com.kms.katalon.core.main.TestSuiteExecutor.execute(TestSuiteExecutor.java:106)
	at com.kms.katalon.core.main.TestCaseMain.startTestSuite(TestCaseMain.java:187)
	at com.kms.katalon.core.main.TestCaseMain$startTestSuite$0.call(Unknown Source)
	at TempTestSuite1690876169937.run(TempTestSuite1690876169937.groovy:36)
)

2023-08-01 15:16:04 - [TEST_STEP][FAILED] - click(findTestObject("Page_Bebeclub - Membership Registration/img")): Unable to click on object 'Object Repository/Page_Bebeclub - Membership Registration/img' (Root cause: com.kms.katalon.core.exception.StepFailedException: Unable to click on object 'Object Repository/Page_Bebeclub - Membership Registration/img'
	at com.kms.katalon.core.webui.keyword.internal.WebUIKeywordMain.stepFailed(WebUIKeywordMain.groovy:64)
	at com.kms.katalon.core.webui.keyword.internal.WebUIKeywordMain.runKeyword(WebUIKeywordMain.groovy:26)
	at com.kms.katalon.core.webui.keyword.builtin.ClickKeyword.click(ClickKeyword.groovy:74)
	at com.kms.katalon.core.webui.keyword.builtin.ClickKeyword.execute(ClickKeyword.groovy:40)
	at com.kms.katalon.core.keyword.internal.KeywordExecutor.executeKeywordForPlatform(KeywordExecutor.groovy:74)
	at com.kms.katalon.core.webui.keyword.WebUiBuiltInKeywords.click(WebUiBuiltInKeywords.groovy:620)
	at com.kms.katalon.core.webui.keyword.WebUiBuiltInKeywords$click$2.call(Unknown Source)
	at 0881 SMARTFREN.run(0881 SMARTFREN:55)
	at com.kms.katalon.core.main.ScriptEngine.run(ScriptEngine.java:194)
	at com.kms.katalon.core.main.ScriptEngine.runScriptAsRawText(ScriptEngine.java:119)
	at com.kms.katalon.core.main.TestCaseExecutor.runScript(TestCaseExecutor.java:448)
	at com.kms.katalon.core.main.TestCaseExecutor.doExecute(TestCaseExecutor.java:439)
	at com.kms.katalon.core.main.TestCaseExecutor.processExecutionPhase(TestCaseExecutor.java:418)
	at com.kms.katalon.core.main.TestCaseExecutor.accessMainPhase(TestCaseExecutor.java:410)
	at com.kms.katalon.core.main.TestCaseExecutor.execute(TestCaseExecutor.java:285)
	at com.kms.katalon.core.common.CommonExecutor.accessTestCaseMainPhase(CommonExecutor.java:65)
	at com.kms.katalon.core.main.TestSuiteExecutor.accessTestSuiteMainPhase(TestSuiteExecutor.java:148)
	at com.kms.katalon.core.main.TestSuiteExecutor.execute(TestSuiteExecutor.java:106)
	at com.kms.katalon.core.main.TestCaseMain.startTestSuite(TestCaseMain.java:187)
	at com.kms.katalon.core.main.TestCaseMain$startTestSuite$0.call(Unknown Source)
	at TempTestSuite1690876169937.run(TempTestSuite1690876169937.groovy:36)
Caused by: com.kms.katalon.core.webui.exception.WebElementNotFoundException: Web element with id: 'Object Repository/Page_Bebeclub - Membership Registration/img' located by '//img[@alt='close']' not found
	at com.kms.katalon.core.webui.common.WebUiCommonHelper.findWebElement(WebUiCommonHelper.java:1376)
	at com.kms.katalon.core.webui.keyword.internal.WebUIAbstractKeyword.findWebElement(WebUIAbstractKeyword.groovy:27)
	at com.kms.katalon.core.webui.keyword.builtin.ClickKeyword$_click_closure1.doCall(ClickKeyword.groovy:65)
	at com.kms.katalon.core.webui.keyword.builtin.ClickKeyword$_click_closure1.call(ClickKeyword.groovy)
	at com.kms.katalon.core.webui.keyword.internal.WebUIKeywordMain.runKeyword(WebUIKeywordMain.groovy:20)
	at com.kms.katalon.core.webui.keyword.builtin.ClickKeyword.click(ClickKeyword.groovy:74)
	at com.kms.katalon.core.webui.keyword.builtin.ClickKeyword.execute(ClickKeyword.groovy:40)
	at com.kms.katalon.core.keyword.internal.KeywordExecutor.executeKeywordForPlatform(KeywordExecutor.groovy:74)
	at com.kms.katalon.core.webui.keyword.WebUiBuiltInKeywords.click(WebUiBuiltInKeywords.groovy:620)
	at com.kms.katalon.core.webui.keyword.WebUiBuiltInKeywords$click$2.call(Unknown Source)
	at Script1690870567003.run(Script1690870567003.groovy:55)
	... 13 more
)

2023-08-01 15:16:35 - [MESSAGE][INFO] - Unable to find the element located by 'By.xpath: //img[@alt='close']'. Please recheck the objects properties to make sure the desired element is located. 

2023-08-01 15:16:36 - [MESSAGE][FAILED] - Unable to click on object 'Object Repository/Page_Bebeclub - Membership Registration/img' (Root cause: com.kms.katalon.core.exception.StepFailedException: Unable to click on object 'Object Repository/Page_Bebeclub - Membership Registration/img'
	at com.kms.katalon.core.webui.keyword.internal.WebUIKeywordMain.stepFailed(WebUIKeywordMain.groovy:64)
	at com.kms.katalon.core.webui.keyword.internal.WebUIKeywordMain.runKeyword(WebUIKeywordMain.groovy:26)
	at com.kms.katalon.core.webui.keyword.builtin.ClickKeyword.click(ClickKeyword.groovy:74)
	at com.kms.katalon.core.webui.keyword.builtin.ClickKeyword.execute(ClickKeyword.groovy:40)
	at com.kms.katalon.core.keyword.internal.KeywordExecutor.executeKeywordForPlatform(KeywordExecutor.groovy:74)
	at com.kms.katalon.core.webui.keyword.WebUiBuiltInKeywords.click(WebUiBuiltInKeywords.groovy:620)
	at com.kms.katalon.core.webui.keyword.WebUiBuiltInKeywords$click$2.call(Unknown Source)
	at 0881 SMARTFREN.run(0881 SMARTFREN:55)
	at com.kms.katalon.core.main.ScriptEngine.run(ScriptEngine.java:194)
	at com.kms.katalon.core.main.ScriptEngine.runScriptAsRawText(ScriptEngine.java:119)
	at com.kms.katalon.core.main.TestCaseExecutor.runScript(TestCaseExecutor.java:448)
	at com.kms.katalon.core.main.TestCaseExecutor.doExecute(TestCaseExecutor.java:439)
	at com.kms.katalon.core.main.TestCaseExecutor.processExecutionPhase(TestCaseExecutor.java:418)
	at com.kms.katalon.core.main.TestCaseExecutor.accessMainPhase(TestCaseExecutor.java:410)
	at com.kms.katalon.core.main.TestCaseExecutor.execute(TestCaseExecutor.java:285)
	at com.kms.katalon.core.common.CommonExecutor.accessTestCaseMainPhase(CommonExecutor.java:65)
	at com.kms.katalon.core.main.TestSuiteExecutor.accessTestSuiteMainPhase(TestSuiteExecutor.java:148)
	at com.kms.katalon.core.main.TestSuiteExecutor.execute(TestSuiteExecutor.java:106)
	at com.kms.katalon.core.main.TestCaseMain.startTestSuite(TestCaseMain.java:187)
	at com.kms.katalon.core.main.TestCaseMain$startTestSuite$0.call(Unknown Source)
	at TempTestSuite1690876169937.run(TempTestSuite1690876169937.groovy:36)
Caused by: com.kms.katalon.core.webui.exception.WebElementNotFoundException: Web element with id: 'Object Repository/Page_Bebeclub - Membership Registration/img' located by '//img[@alt='close']' not found
	at com.kms.katalon.core.webui.common.WebUiCommonHelper.findWebElement(WebUiCommonHelper.java:1376)
	at com.kms.katalon.core.webui.keyword.internal.WebUIAbstractKeyword.findWebElement(WebUIAbstractKeyword.groovy:27)
	at com.kms.katalon.core.webui.keyword.builtin.ClickKeyword$_click_closure1.doCall(ClickKeyword.groovy:65)
	at com.kms.katalon.core.webui.keyword.builtin.ClickKeyword$_click_closure1.call(ClickKeyword.groovy)
	at com.kms.katalon.core.webui.keyword.internal.WebUIKeywordMain.runKeyword(WebUIKeywordMain.groovy:20)
	at com.kms.katalon.core.webui.keyword.builtin.ClickKeyword.click(ClickKeyword.groovy:74)
	at com.kms.katalon.core.webui.keyword.builtin.ClickKeyword.execute(ClickKeyword.groovy:40)
	at com.kms.katalon.core.keyword.internal.KeywordExecutor.executeKeywordForPlatform(KeywordExecutor.groovy:74)
	at com.kms.katalon.core.webui.keyword.WebUiBuiltInKeywords.click(WebUiBuiltInKeywords.groovy:620)
	at com.kms.katalon.core.webui.keyword.WebUiBuiltInKeywords$click$2.call(Unknown Source)
	at Script1690870567003.run(Script1690870567003.groovy:55)
	... 13 more
)
[[ATTACHMENT|C:\\Users\\Sarah Nur Azizah\\git\\test_bebeclub_branchzizah\\Reports\\20230801_144929\\XL\\20230801_144929\\1690877795955.png]]]]></system-out>
         <system-err><![CDATA[2023-08-01 15:11:18 - [TEST_CASE][FAILED] - Test Cases/REGISTER/Prefix ID/0881 SMARTFREN: Test Cases/REGISTER/Prefix ID/0881 SMARTFREN FAILED.
Reason:
com.kms.katalon.core.exception.StepFailedException: Unable to click on object 'Object Repository/Homepage/a_Register' (Root cause: com.kms.katalon.core.exception.StepFailedException: Unable to click on object 'Object Repository/Homepage/a_Register'
	at com.kms.katalon.core.webui.keyword.internal.WebUIKeywordMain.stepFailed(WebUIKeywordMain.groovy:64)
	at com.kms.katalon.core.webui.keyword.internal.WebUIKeywordMain.runKeyword(WebUIKeywordMain.groovy:26)
	at com.kms.katalon.core.webui.keyword.builtin.ClickKeyword.click(ClickKeyword.groovy:74)
	at com.kms.katalon.core.webui.keyword.builtin.ClickKeyword.execute(ClickKeyword.groovy:40)
	at com.kms.katalon.core.keyword.internal.KeywordExecutor.executeKeywordForPlatform(KeywordExecutor.groovy:74)
	at com.kms.katalon.core.webui.keyword.WebUiBuiltInKeywords.click(WebUiBuiltInKeywords.groovy:620)
	at com.kms.katalon.core.webui.keyword.WebUiBuiltInKeywords$click$2.call(Unknown Source)
	at 0881 SMARTFREN.run(0881 SMARTFREN:27)
	at com.kms.katalon.core.main.ScriptEngine.run(ScriptEngine.java:194)
	at com.kms.katalon.core.main.ScriptEngine.runScriptAsRawText(ScriptEngine.java:119)
	at com.kms.katalon.core.main.TestCaseExecutor.runScript(TestCaseExecutor.java:448)
	at com.kms.katalon.core.main.TestCaseExecutor.doExecute(TestCaseExecutor.java:439)
	at com.kms.katalon.core.main.TestCaseExecutor.processExecutionPhase(TestCaseExecutor.java:418)
	at com.kms.katalon.core.main.TestCaseExecutor.accessMainPhase(TestCaseExecutor.java:410)
	at com.kms.katalon.core.main.TestCaseExecutor.execute(TestCaseExecutor.java:285)
	at com.kms.katalon.core.common.CommonExecutor.accessTestCaseMainPhase(CommonExecutor.java:65)
	at com.kms.katalon.core.main.TestSuiteExecutor.accessTestSuiteMainPhase(TestSuiteExecutor.java:148)
	at com.kms.katalon.core.main.TestSuiteExecutor.execute(TestSuiteExecutor.java:106)
	at com.kms.katalon.core.main.TestCaseMain.startTestSuite(TestCaseMain.java:187)
	at com.kms.katalon.core.main.TestCaseMain$startTestSuite$0.call(Unknown Source)
	at TempTestSuite1690876169937.run(TempTestSuite1690876169937.groovy:36)
Caused by: com.kms.katalon.core.webui.exception.WebElementNotFoundException: Web element with id: 'Object Repository/Homepage/a_Register' located by '(//a[contains(text(),'Register')])[2]' not found
	at com.kms.katalon.core.webui.common.WebUiCommonHelper.findWebElement(WebUiCommonHelper.java:1376)
	at com.kms.katalon.core.webui.keyword.internal.WebUIAbstractKeyword.findWebElement(WebUIAbstractKeyword.groovy:27)
	at com.kms.katalon.core.webui.keyword.builtin.ClickKeyword$_click_closure1.doCall(ClickKeyword.groovy:65)
	at com.kms.katalon.core.webui.keyword.builtin.ClickKeyword$_click_closure1.call(ClickKeyword.groovy)
	at com.kms.katalon.core.webui.keyword.internal.WebUIKeywordMain.runKeyword(WebUIKeywordMain.groovy:20)
	at com.kms.katalon.core.webui.keyword.builtin.ClickKeyword.click(ClickKeyword.groovy:74)
	at com.kms.katalon.core.webui.keyword.builtin.ClickKeyword.execute(ClickKeyword.groovy:40)
	at com.kms.katalon.core.keyword.internal.KeywordExecutor.executeKeywordForPlatform(KeywordExecutor.groovy:74)
	at com.kms.katalon.core.webui.keyword.WebUiBuiltInKeywords.click(WebUiBuiltInKeywords.groovy:620)
	at com.kms.katalon.core.webui.keyword.WebUiBuiltInKeywords$click$2.call(Unknown Source)
	at Script1690870567003.run(Script1690870567003.groovy:27)
	... 13 more
)
	at com.kms.katalon.core.keyword.internal.KeywordMain.stepFailed(KeywordMain.groovy:39)
	at com.kms.katalon.core.webui.keyword.internal.WebUIKeywordMain.stepFailed(WebUIKeywordMain.groovy:64)
	at com.kms.katalon.core.webui.keyword.internal.WebUIKeywordMain.runKeyword(WebUIKeywordMain.groovy:26)
	at com.kms.katalon.core.webui.keyword.builtin.ClickKeyword.click(ClickKeyword.groovy:74)
	at com.kms.katalon.core.webui.keyword.builtin.ClickKeyword.execute(ClickKeyword.groovy:40)
	at com.kms.katalon.core.keyword.internal.KeywordExecutor.executeKeywordForPlatform(KeywordExecutor.groovy:74)
	at com.kms.katalon.core.webui.keyword.WebUiBuiltInKeywords.click(WebUiBuiltInKeywords.groovy:620)
	at com.kms.katalon.core.webui.keyword.WebUiBuiltInKeywords$click$2.call(Unknown Source)
	at 0881 SMARTFREN.run(0881 SMARTFREN:27)
	at com.kms.katalon.core.main.ScriptEngine.run(ScriptEngine.java:194)
	at com.kms.katalon.core.main.ScriptEngine.runScriptAsRawText(ScriptEngine.java:119)
	at com.kms.katalon.core.main.TestCaseExecutor.runScript(TestCaseExecutor.java:448)
	at com.kms.katalon.core.main.TestCaseExecutor.doExecute(TestCaseExecutor.java:439)
	at com.kms.katalon.core.main.TestCaseExecutor.processExecutionPhase(TestCaseExecutor.java:418)
	at com.kms.katalon.core.main.TestCaseExecutor.accessMainPhase(TestCaseExecutor.java:410)
	at com.kms.katalon.core.main.TestCaseExecutor.execute(TestCaseExecutor.java:285)
	at com.kms.katalon.core.common.CommonExecutor.accessTestCaseMainPhase(CommonExecutor.java:65)
	at com.kms.katalon.core.main.TestSuiteExecutor.accessTestSuiteMainPhase(TestSuiteExecutor.java:148)
	at com.kms.katalon.core.main.TestSuiteExecutor.execute(TestSuiteExecutor.java:106)
	at com.kms.katalon.core.main.TestCaseMain.startTestSuite(TestCaseMain.java:187)
	at com.kms.katalon.core.main.TestCaseMain$startTestSuite$0.call(Unknown Source)
	at TempTestSuite1690876169937.run(TempTestSuite1690876169937.groovy:36)
Caused by: com.kms.katalon.core.exception.StepFailedException: Unable to click on object 'Object Repository/Homepage/a_Register'
	... 21 more
Caused by: com.kms.katalon.core.webui.exception.WebElementNotFoundException: Web element with id: 'Object Repository/Homepage/a_Register' located by '(//a[contains(text(),'Register')])[2]' not found
	at com.kms.katalon.core.webui.common.WebUiCommonHelper.findWebElement(WebUiCommonHelper.java:1376)
	at com.kms.katalon.core.webui.keyword.internal.WebUIAbstractKeyword.findWebElement(WebUIAbstractKeyword.groovy:27)
	at com.kms.katalon.core.webui.keyword.builtin.ClickKeyword$_click_closure1.doCall(ClickKeyword.groovy:65)
	at com.kms.katalon.core.webui.keyword.builtin.ClickKeyword$_click_closure1.call(ClickKeyword.groovy)
	at com.kms.katalon.core.webui.keyword.internal.WebUIKeywordMain.runKeyword(WebUIKeywordMain.groovy:20)
	... 19 more]]></system-err>
      </testcase>
      <testcase name="Test Cases/REGISTER/Prefix ID/0882 SMARTFREN" time="15.125" classname="Test Cases/REGISTER/Prefix ID/0882 SMARTFREN" status="PASSED">
         <system-out><![CDATA[2023-08-01 15:16:36 - [TEST_CASE][PASSED] - Test Cases/REGISTER/Prefix ID/0882 SMARTFREN: Test Cases/REGISTER/Prefix ID/0882 SMARTFREN

2023-08-01 15:16:36 - [TEST_STEP][PASSED] - openBrowser(""): Browser is opened with url: ''

2023-08-01 15:16:36 - [MESSAGE][WARNING] - A browser is already opened. Closing browser and opening a new one

2023-08-01 15:16:37 - [MESSAGE][INFO] - Starting 'Chrome (headless)' driver

2023-08-01 15:16:37 - [MESSAGE][INFO] - Action delay is set to 0 milliseconds

2023-08-01 15:16:38 - [MESSAGE][PASSED] - Browser is opened with url: ''

2023-08-01 15:16:38 - [TEST_STEP][PASSED] - maximizeWindow(): Current window maximized

2023-08-01 15:16:38 - [MESSAGE][PASSED] - Current window maximized

2023-08-01 15:16:38 - [TEST_STEP][PASSED] - navigateToUrl("https://bebeclub.eydendigital.co.id/membership/registration"): Navigate to 'https://bebeclub.eydendigital.co.id/membership/registration' successfully

2023-08-01 15:16:44 - [MESSAGE][PASSED] - Navigate to 'https://bebeclub.eydendigital.co.id/membership/registration' successfully

2023-08-01 15:16:44 - [TEST_STEP][PASSED] - click(findTestObject("Homepage/a_Register")): Object: 'Object Repository/Homepage/a_Register' is clicked on

2023-08-01 15:16:45 - [MESSAGE][PASSED] - Object: 'Object Repository/Homepage/a_Register' is clicked on

2023-08-01 15:16:45 - [TEST_STEP][PASSED] - setText(findTestObject("Page_Bebeclub - Membership Registration/input_Nama Depan_first-name-form"), "aziza"): Text 'aziza' is set on object 'Object Repository/Page_Bebeclub - Membership Registration/input_Nama Depan_first-name-form'

2023-08-01 15:16:45 - [MESSAGE][PASSED] - Text 'aziza' is set on object 'Object Repository/Page_Bebeclub - Membership Registration/input_Nama Depan_first-name-form'

2023-08-01 15:16:45 - [TEST_STEP][PASSED] - setText(findTestObject("Page_Bebeclub - Membership Registration/input_Nama Belakang_last-name-form"), "prefix"): Text 'prefix' is set on object 'Object Repository/Page_Bebeclub - Membership Registration/input_Nama Belakang_last-name-form'

2023-08-01 15:16:45 - [MESSAGE][PASSED] - Text 'prefix' is set on object 'Object Repository/Page_Bebeclub - Membership Registration/input_Nama Belakang_last-name-form'

2023-08-01 15:16:45 - [TEST_STEP][PASSED] - randomNum = generateRandomNumber(): null

2023-08-01 15:16:45 - [TEST_STEP][PASSED] - random = new java.util.Random(): null

2023-08-01 15:16:45 - [TEST_STEP][PASSED] - lastNineDigits = String.format("%09d", random.nextInt(1000000000)): null

2023-08-01 15:16:45 - [TEST_STEP][PASSED] - randomNumber = "0882" + lastNineDigits: null

2023-08-01 15:16:45 - [TEST_STEP][PASSED] - return randomNumber: null

2023-08-01 15:16:45 - [TEST_STEP][PASSED] - setText(findTestObject("Page_Bebeclub - Membership Registration/input__number-form"), randomNum): Text '0882476541696' is set on object 'Object Repository/Page_Bebeclub - Membership Registration/input__number-form'

2023-08-01 15:16:46 - [MESSAGE][PASSED] - Text '0882476541696' is set on object 'Object Repository/Page_Bebeclub - Membership Registration/input__number-form'

2023-08-01 15:16:46 - [TEST_STEP][PASSED] - setEncryptedText(findTestObject("Page_Bebeclub - Membership Registration/input_Password_pass-form"), "iFGeFYmXIrUhQZHvW7P22w=="): Text ****** has been set on object 'Object Repository/Page_Bebeclub - Membership Registration/input_Password_pass-form'

2023-08-01 15:16:46 - [MESSAGE][PASSED] - Text ****** has been set on object 'Object Repository/Page_Bebeclub - Membership Registration/input_Password_pass-form'

2023-08-01 15:16:46 - [TEST_STEP][PASSED] - setEncryptedText(findTestObject("Page_Bebeclub - Membership Registration/input_Konfirmasi Password_konfirmasipass-form"), "iFGeFYmXIrUhQZHvW7P22w=="): Text ****** has been set on object 'Object Repository/Page_Bebeclub - Membership Registration/input_Konfirmasi Password_konfirmasipass-form'

2023-08-01 15:16:46 - [MESSAGE][PASSED] - Text ****** has been set on object 'Object Repository/Page_Bebeclub - Membership Registration/input_Konfirmasi Password_konfirmasipass-form'

2023-08-01 15:16:46 - [TEST_STEP][PASSED] - selectOptionByLabel(findTestObject("Page_Bebeclub - Membership Registration/select_Pilih Kondisi Ibu Saat Ini"), "Belum Hamil & Tidak Mempunyai Anak", false): All options with label 'Belum Hamil & Tidak Mempunyai Anak' are selected in object 'Object Repository/Page_Bebeclub - Membership Registration/select_Pilih Kondisi Ibu Saat Ini' 

2023-08-01 15:16:46 - [MESSAGE][PASSED] - All options with label 'Belum Hamil & Tidak Mempunyai Anak' are selected in object 'Object Repository/Page_Bebeclub - Membership Registration/select_Pilih Kondisi Ibu Saat Ini' 

2023-08-01 15:16:46 - [TEST_STEP][PASSED] - click(findTestObject("Page_Bebeclub - Membership Registration/button_Kirim Kode OTP")): Object: 'Object Repository/Page_Bebeclub - Membership Registration/button_Kirim Kode OTP' is clicked on

2023-08-01 15:16:46 - [MESSAGE][PASSED] - Object: 'Object Repository/Page_Bebeclub - Membership Registration/button_Kirim Kode OTP' is clicked on

2023-08-01 15:16:46 - [TEST_STEP][PASSED] - delay(4): Delayed 4 second(s)

2023-08-01 15:16:50 - [MESSAGE][PASSED] - Delayed 4 second(s)

2023-08-01 15:16:50 - [TEST_STEP][PASSED] - verifyTextPresent("Berhasil", false): Text 'Berhasil' is present on page 

2023-08-01 15:16:51 - [MESSAGE][PASSED] - Text 'Berhasil' is present on page 

2023-08-01 15:16:51 - [TEST_STEP][PASSED] - click(findTestObject("Page_Bebeclub - Membership Registration/img")): Object: 'Object Repository/Page_Bebeclub - Membership Registration/img' is clicked on

2023-08-01 15:16:51 - [MESSAGE][PASSED] - Object: 'Object Repository/Page_Bebeclub - Membership Registration/img' is clicked on]]></system-out>
         <system-err><![CDATA[]]></system-err>
      </testcase>
      <testcase name="Test Cases/REGISTER/Prefix ID/0883 SMARTFREN" time="12.537" classname="Test Cases/REGISTER/Prefix ID/0883 SMARTFREN" status="PASSED">
         <system-out><![CDATA[2023-08-01 15:16:51 - [TEST_CASE][PASSED] - Test Cases/REGISTER/Prefix ID/0883 SMARTFREN: Test Cases/REGISTER/Prefix ID/0883 SMARTFREN

2023-08-01 15:16:51 - [TEST_STEP][PASSED] - openBrowser(""): Browser is opened with url: ''

2023-08-01 15:16:51 - [MESSAGE][WARNING] - A browser is already opened. Closing browser and opening a new one

2023-08-01 15:16:52 - [MESSAGE][INFO] - Starting 'Chrome (headless)' driver

2023-08-01 15:16:52 - [MESSAGE][INFO] - Action delay is set to 0 milliseconds

2023-08-01 15:16:53 - [MESSAGE][PASSED] - Browser is opened with url: ''

2023-08-01 15:16:53 - [TEST_STEP][PASSED] - maximizeWindow(): Current window maximized

2023-08-01 15:16:53 - [MESSAGE][PASSED] - Current window maximized

2023-08-01 15:16:53 - [TEST_STEP][PASSED] - navigateToUrl("https://bebeclub.eydendigital.co.id/membership/registration"): Navigate to 'https://bebeclub.eydendigital.co.id/membership/registration' successfully

2023-08-01 15:16:56 - [MESSAGE][PASSED] - Navigate to 'https://bebeclub.eydendigital.co.id/membership/registration' successfully

2023-08-01 15:16:56 - [TEST_STEP][PASSED] - click(findTestObject("Homepage/a_Register")): Object: 'Object Repository/Homepage/a_Register' is clicked on

2023-08-01 15:16:57 - [MESSAGE][PASSED] - Object: 'Object Repository/Homepage/a_Register' is clicked on

2023-08-01 15:16:57 - [TEST_STEP][PASSED] - setText(findTestObject("Page_Bebeclub - Membership Registration/input_Nama Depan_first-name-form"), "aziza"): Text 'aziza' is set on object 'Object Repository/Page_Bebeclub - Membership Registration/input_Nama Depan_first-name-form'

2023-08-01 15:16:57 - [MESSAGE][PASSED] - Text 'aziza' is set on object 'Object Repository/Page_Bebeclub - Membership Registration/input_Nama Depan_first-name-form'

2023-08-01 15:16:57 - [TEST_STEP][PASSED] - setText(findTestObject("Page_Bebeclub - Membership Registration/input_Nama Belakang_last-name-form"), "prefix"): Text 'prefix' is set on object 'Object Repository/Page_Bebeclub - Membership Registration/input_Nama Belakang_last-name-form'

2023-08-01 15:16:58 - [MESSAGE][PASSED] - Text 'prefix' is set on object 'Object Repository/Page_Bebeclub - Membership Registration/input_Nama Belakang_last-name-form'

2023-08-01 15:16:58 - [TEST_STEP][PASSED] - randomNum = generateRandomNumber(): null

2023-08-01 15:16:58 - [TEST_STEP][PASSED] - random = new java.util.Random(): null

2023-08-01 15:16:58 - [TEST_STEP][PASSED] - lastNineDigits = String.format("%09d", random.nextInt(1000000000)): null

2023-08-01 15:16:58 - [TEST_STEP][PASSED] - randomNumber = "0883" + lastNineDigits: null

2023-08-01 15:16:58 - [TEST_STEP][PASSED] - return randomNumber: null

2023-08-01 15:16:58 - [TEST_STEP][PASSED] - setText(findTestObject("Page_Bebeclub - Membership Registration/input__number-form"), randomNum): Text '0883154809257' is set on object 'Object Repository/Page_Bebeclub - Membership Registration/input__number-form'

2023-08-01 15:16:58 - [MESSAGE][PASSED] - Text '0883154809257' is set on object 'Object Repository/Page_Bebeclub - Membership Registration/input__number-form'

2023-08-01 15:16:58 - [TEST_STEP][PASSED] - setEncryptedText(findTestObject("Page_Bebeclub - Membership Registration/input_Password_pass-form"), "iFGeFYmXIrUhQZHvW7P22w=="): Text ****** has been set on object 'Object Repository/Page_Bebeclub - Membership Registration/input_Password_pass-form'

2023-08-01 15:16:58 - [MESSAGE][PASSED] - Text ****** has been set on object 'Object Repository/Page_Bebeclub - Membership Registration/input_Password_pass-form'

2023-08-01 15:16:58 - [TEST_STEP][PASSED] - setEncryptedText(findTestObject("Page_Bebeclub - Membership Registration/input_Konfirmasi Password_konfirmasipass-form"), "iFGeFYmXIrUhQZHvW7P22w=="): Text ****** has been set on object 'Object Repository/Page_Bebeclub - Membership Registration/input_Konfirmasi Password_konfirmasipass-form'

2023-08-01 15:16:58 - [MESSAGE][PASSED] - Text ****** has been set on object 'Object Repository/Page_Bebeclub - Membership Registration/input_Konfirmasi Password_konfirmasipass-form'

2023-08-01 15:16:58 - [TEST_STEP][PASSED] - selectOptionByLabel(findTestObject("Page_Bebeclub - Membership Registration/select_Pilih Kondisi Ibu Saat Ini"), "Belum Hamil & Tidak Mempunyai Anak", false): All options with label 'Belum Hamil & Tidak Mempunyai Anak' are selected in object 'Object Repository/Page_Bebeclub - Membership Registration/select_Pilih Kondisi Ibu Saat Ini' 

2023-08-01 15:16:59 - [MESSAGE][PASSED] - All options with label 'Belum Hamil & Tidak Mempunyai Anak' are selected in object 'Object Repository/Page_Bebeclub - Membership Registration/select_Pilih Kondisi Ibu Saat Ini' 

2023-08-01 15:16:59 - [TEST_STEP][PASSED] - click(findTestObject("Page_Bebeclub - Membership Registration/button_Kirim Kode OTP")): Object: 'Object Repository/Page_Bebeclub - Membership Registration/button_Kirim Kode OTP' is clicked on

2023-08-01 15:16:59 - [MESSAGE][PASSED] - Object: 'Object Repository/Page_Bebeclub - Membership Registration/button_Kirim Kode OTP' is clicked on

2023-08-01 15:16:59 - [TEST_STEP][PASSED] - delay(4): Delayed 4 second(s)

2023-08-01 15:17:03 - [MESSAGE][PASSED] - Delayed 4 second(s)

2023-08-01 15:17:03 - [TEST_STEP][PASSED] - verifyTextPresent("Berhasil", false): Text 'Berhasil' is present on page 

2023-08-01 15:17:03 - [MESSAGE][PASSED] - Text 'Berhasil' is present on page 

2023-08-01 15:17:03 - [TEST_STEP][PASSED] - click(findTestObject("Page_Bebeclub - Membership Registration/img")): Object: 'Object Repository/Page_Bebeclub - Membership Registration/img' is clicked on

2023-08-01 15:17:03 - [MESSAGE][PASSED] - Object: 'Object Repository/Page_Bebeclub - Membership Registration/img' is clicked on]]></system-out>
         <system-err><![CDATA[]]></system-err>
      </testcase>
      <testcase name="Test Cases/REGISTER/Prefix ID/0884 SMARTFREN" time="12.034" classname="Test Cases/REGISTER/Prefix ID/0884 SMARTFREN" status="PASSED">
         <system-out><![CDATA[2023-08-01 15:17:03 - [TEST_CASE][PASSED] - Test Cases/REGISTER/Prefix ID/0884 SMARTFREN: Test Cases/REGISTER/Prefix ID/0884 SMARTFREN

2023-08-01 15:17:04 - [TEST_STEP][PASSED] - openBrowser(""): Browser is opened with url: ''

2023-08-01 15:17:04 - [MESSAGE][WARNING] - A browser is already opened. Closing browser and opening a new one

2023-08-01 15:17:04 - [MESSAGE][INFO] - Starting 'Chrome (headless)' driver

2023-08-01 15:17:04 - [MESSAGE][INFO] - Action delay is set to 0 milliseconds

2023-08-01 15:17:06 - [MESSAGE][PASSED] - Browser is opened with url: ''

2023-08-01 15:17:06 - [TEST_STEP][PASSED] - maximizeWindow(): Current window maximized

2023-08-01 15:17:06 - [MESSAGE][PASSED] - Current window maximized

2023-08-01 15:17:06 - [TEST_STEP][PASSED] - navigateToUrl("https://bebeclub.eydendigital.co.id/membership/registration"): Navigate to 'https://bebeclub.eydendigital.co.id/membership/registration' successfully

2023-08-01 15:17:08 - [MESSAGE][PASSED] - Navigate to 'https://bebeclub.eydendigital.co.id/membership/registration' successfully

2023-08-01 15:17:08 - [TEST_STEP][PASSED] - click(findTestObject("Homepage/a_Register")): Object: 'Object Repository/Homepage/a_Register' is clicked on

2023-08-01 15:17:09 - [MESSAGE][PASSED] - Object: 'Object Repository/Homepage/a_Register' is clicked on

2023-08-01 15:17:09 - [TEST_STEP][PASSED] - setText(findTestObject("Page_Bebeclub - Membership Registration/input_Nama Depan_first-name-form"), "aziza"): Text 'aziza' is set on object 'Object Repository/Page_Bebeclub - Membership Registration/input_Nama Depan_first-name-form'

2023-08-01 15:17:09 - [MESSAGE][PASSED] - Text 'aziza' is set on object 'Object Repository/Page_Bebeclub - Membership Registration/input_Nama Depan_first-name-form'

2023-08-01 15:17:09 - [TEST_STEP][PASSED] - setText(findTestObject("Page_Bebeclub - Membership Registration/input_Nama Belakang_last-name-form"), "prefix"): Text 'prefix' is set on object 'Object Repository/Page_Bebeclub - Membership Registration/input_Nama Belakang_last-name-form'

2023-08-01 15:17:10 - [MESSAGE][PASSED] - Text 'prefix' is set on object 'Object Repository/Page_Bebeclub - Membership Registration/input_Nama Belakang_last-name-form'

2023-08-01 15:17:10 - [TEST_STEP][PASSED] - randomNum = generateRandomNumber(): null

2023-08-01 15:17:10 - [TEST_STEP][PASSED] - random = new java.util.Random(): null

2023-08-01 15:17:10 - [TEST_STEP][PASSED] - lastNineDigits = String.format("%09d", random.nextInt(1000000000)): null

2023-08-01 15:17:10 - [TEST_STEP][PASSED] - randomNumber = "0884" + lastNineDigits: null

2023-08-01 15:17:10 - [TEST_STEP][PASSED] - return randomNumber: null

2023-08-01 15:17:10 - [TEST_STEP][PASSED] - setText(findTestObject("Page_Bebeclub - Membership Registration/input__number-form"), randomNum): Text '0884959319709' is set on object 'Object Repository/Page_Bebeclub - Membership Registration/input__number-form'

2023-08-01 15:17:10 - [MESSAGE][PASSED] - Text '0884959319709' is set on object 'Object Repository/Page_Bebeclub - Membership Registration/input__number-form'

2023-08-01 15:17:10 - [TEST_STEP][PASSED] - setEncryptedText(findTestObject("Page_Bebeclub - Membership Registration/input_Password_pass-form"), "iFGeFYmXIrUhQZHvW7P22w=="): Text ****** has been set on object 'Object Repository/Page_Bebeclub - Membership Registration/input_Password_pass-form'

2023-08-01 15:17:10 - [MESSAGE][PASSED] - Text ****** has been set on object 'Object Repository/Page_Bebeclub - Membership Registration/input_Password_pass-form'

2023-08-01 15:17:10 - [TEST_STEP][PASSED] - setEncryptedText(findTestObject("Page_Bebeclub - Membership Registration/input_Konfirmasi Password_konfirmasipass-form"), "iFGeFYmXIrUhQZHvW7P22w=="): Text ****** has been set on object 'Object Repository/Page_Bebeclub - Membership Registration/input_Konfirmasi Password_konfirmasipass-form'

2023-08-01 15:17:10 - [MESSAGE][PASSED] - Text ****** has been set on object 'Object Repository/Page_Bebeclub - Membership Registration/input_Konfirmasi Password_konfirmasipass-form'

2023-08-01 15:17:10 - [TEST_STEP][PASSED] - selectOptionByLabel(findTestObject("Page_Bebeclub - Membership Registration/select_Pilih Kondisi Ibu Saat Ini"), "Belum Hamil & Tidak Mempunyai Anak", false): All options with label 'Belum Hamil & Tidak Mempunyai Anak' are selected in object 'Object Repository/Page_Bebeclub - Membership Registration/select_Pilih Kondisi Ibu Saat Ini' 

2023-08-01 15:17:11 - [MESSAGE][PASSED] - All options with label 'Belum Hamil & Tidak Mempunyai Anak' are selected in object 'Object Repository/Page_Bebeclub - Membership Registration/select_Pilih Kondisi Ibu Saat Ini' 

2023-08-01 15:17:11 - [TEST_STEP][PASSED] - click(findTestObject("Page_Bebeclub - Membership Registration/button_Kirim Kode OTP")): Object: 'Object Repository/Page_Bebeclub - Membership Registration/button_Kirim Kode OTP' is clicked on

2023-08-01 15:17:11 - [MESSAGE][PASSED] - Object: 'Object Repository/Page_Bebeclub - Membership Registration/button_Kirim Kode OTP' is clicked on

2023-08-01 15:17:11 - [TEST_STEP][PASSED] - delay(4): Delayed 4 second(s)

2023-08-01 15:17:15 - [MESSAGE][PASSED] - Delayed 4 second(s)

2023-08-01 15:17:15 - [TEST_STEP][PASSED] - verifyTextPresent("Berhasil", false): Text 'Berhasil' is present on page 

2023-08-01 15:17:15 - [MESSAGE][PASSED] - Text 'Berhasil' is present on page 

2023-08-01 15:17:15 - [TEST_STEP][PASSED] - click(findTestObject("Page_Bebeclub - Membership Registration/img")): Object: 'Object Repository/Page_Bebeclub - Membership Registration/img' is clicked on

2023-08-01 15:17:15 - [MESSAGE][PASSED] - Object: 'Object Repository/Page_Bebeclub - Membership Registration/img' is clicked on]]></system-out>
         <system-err><![CDATA[]]></system-err>
      </testcase>
      <testcase name="Test Cases/REGISTER/Prefix ID/0885 SMARTFREN" time="11.724" classname="Test Cases/REGISTER/Prefix ID/0885 SMARTFREN" status="PASSED">
         <system-out><![CDATA[2023-08-01 15:17:15 - [TEST_CASE][PASSED] - Test Cases/REGISTER/Prefix ID/0885 SMARTFREN: Test Cases/REGISTER/Prefix ID/0885 SMARTFREN

2023-08-01 15:17:16 - [TEST_STEP][PASSED] - openBrowser(""): Browser is opened with url: ''

2023-08-01 15:17:16 - [MESSAGE][WARNING] - A browser is already opened. Closing browser and opening a new one

2023-08-01 15:17:16 - [MESSAGE][INFO] - Starting 'Chrome (headless)' driver

2023-08-01 15:17:16 - [MESSAGE][INFO] - Action delay is set to 0 milliseconds

2023-08-01 15:17:18 - [MESSAGE][PASSED] - Browser is opened with url: ''

2023-08-01 15:17:18 - [TEST_STEP][PASSED] - maximizeWindow(): Current window maximized

2023-08-01 15:17:18 - [MESSAGE][PASSED] - Current window maximized

2023-08-01 15:17:18 - [TEST_STEP][PASSED] - navigateToUrl("https://bebeclub.eydendigital.co.id/membership/registration"): Navigate to 'https://bebeclub.eydendigital.co.id/membership/registration' successfully

2023-08-01 15:17:20 - [MESSAGE][PASSED] - Navigate to 'https://bebeclub.eydendigital.co.id/membership/registration' successfully

2023-08-01 15:17:20 - [TEST_STEP][PASSED] - click(findTestObject("Homepage/a_Register")): Object: 'Object Repository/Homepage/a_Register' is clicked on

2023-08-01 15:17:21 - [MESSAGE][PASSED] - Object: 'Object Repository/Homepage/a_Register' is clicked on

2023-08-01 15:17:21 - [TEST_STEP][PASSED] - setText(findTestObject("Page_Bebeclub - Membership Registration/input_Nama Depan_first-name-form"), "aziza"): Text 'aziza' is set on object 'Object Repository/Page_Bebeclub - Membership Registration/input_Nama Depan_first-name-form'

2023-08-01 15:17:21 - [MESSAGE][PASSED] - Text 'aziza' is set on object 'Object Repository/Page_Bebeclub - Membership Registration/input_Nama Depan_first-name-form'

2023-08-01 15:17:21 - [TEST_STEP][PASSED] - setText(findTestObject("Page_Bebeclub - Membership Registration/input_Nama Belakang_last-name-form"), "prefix"): Text 'prefix' is set on object 'Object Repository/Page_Bebeclub - Membership Registration/input_Nama Belakang_last-name-form'

2023-08-01 15:17:21 - [MESSAGE][PASSED] - Text 'prefix' is set on object 'Object Repository/Page_Bebeclub - Membership Registration/input_Nama Belakang_last-name-form'

2023-08-01 15:17:21 - [TEST_STEP][PASSED] - randomNum = generateRandomNumber(): null

2023-08-01 15:17:21 - [TEST_STEP][PASSED] - random = new java.util.Random(): null

2023-08-01 15:17:21 - [TEST_STEP][PASSED] - lastNineDigits = String.format("%09d", random.nextInt(1000000000)): null

2023-08-01 15:17:21 - [TEST_STEP][PASSED] - randomNumber = "0885" + lastNineDigits: null

2023-08-01 15:17:21 - [TEST_STEP][PASSED] - return randomNumber: null

2023-08-01 15:17:21 - [TEST_STEP][PASSED] - setText(findTestObject("Page_Bebeclub - Membership Registration/input__number-form"), randomNum): Text '0885904078043' is set on object 'Object Repository/Page_Bebeclub - Membership Registration/input__number-form'

2023-08-01 15:17:22 - [MESSAGE][PASSED] - Text '0885904078043' is set on object 'Object Repository/Page_Bebeclub - Membership Registration/input__number-form'

2023-08-01 15:17:22 - [TEST_STEP][PASSED] - setEncryptedText(findTestObject("Page_Bebeclub - Membership Registration/input_Password_pass-form"), "iFGeFYmXIrUhQZHvW7P22w=="): Text ****** has been set on object 'Object Repository/Page_Bebeclub - Membership Registration/input_Password_pass-form'

2023-08-01 15:17:22 - [MESSAGE][PASSED] - Text ****** has been set on object 'Object Repository/Page_Bebeclub - Membership Registration/input_Password_pass-form'

2023-08-01 15:17:22 - [TEST_STEP][PASSED] - setEncryptedText(findTestObject("Page_Bebeclub - Membership Registration/input_Konfirmasi Password_konfirmasipass-form"), "iFGeFYmXIrUhQZHvW7P22w=="): Text ****** has been set on object 'Object Repository/Page_Bebeclub - Membership Registration/input_Konfirmasi Password_konfirmasipass-form'

2023-08-01 15:17:22 - [MESSAGE][PASSED] - Text ****** has been set on object 'Object Repository/Page_Bebeclub - Membership Registration/input_Konfirmasi Password_konfirmasipass-form'

2023-08-01 15:17:22 - [TEST_STEP][PASSED] - selectOptionByLabel(findTestObject("Page_Bebeclub - Membership Registration/select_Pilih Kondisi Ibu Saat Ini"), "Belum Hamil & Tidak Mempunyai Anak", false): All options with label 'Belum Hamil & Tidak Mempunyai Anak' are selected in object 'Object Repository/Page_Bebeclub - Membership Registration/select_Pilih Kondisi Ibu Saat Ini' 

2023-08-01 15:17:22 - [MESSAGE][PASSED] - All options with label 'Belum Hamil & Tidak Mempunyai Anak' are selected in object 'Object Repository/Page_Bebeclub - Membership Registration/select_Pilih Kondisi Ibu Saat Ini' 

2023-08-01 15:17:22 - [TEST_STEP][PASSED] - click(findTestObject("Page_Bebeclub - Membership Registration/button_Kirim Kode OTP")): Object: 'Object Repository/Page_Bebeclub - Membership Registration/button_Kirim Kode OTP' is clicked on

2023-08-01 15:17:23 - [MESSAGE][PASSED] - Object: 'Object Repository/Page_Bebeclub - Membership Registration/button_Kirim Kode OTP' is clicked on

2023-08-01 15:17:23 - [TEST_STEP][PASSED] - delay(4): Delayed 4 second(s)

2023-08-01 15:17:27 - [MESSAGE][PASSED] - Delayed 4 second(s)

2023-08-01 15:17:27 - [TEST_STEP][PASSED] - verifyTextPresent("Berhasil", false): Text 'Berhasil' is present on page 

2023-08-01 15:17:27 - [MESSAGE][PASSED] - Text 'Berhasil' is present on page 

2023-08-01 15:17:27 - [TEST_STEP][PASSED] - click(findTestObject("Page_Bebeclub - Membership Registration/img")): Object: 'Object Repository/Page_Bebeclub - Membership Registration/img' is clicked on

2023-08-01 15:17:27 - [MESSAGE][PASSED] - Object: 'Object Repository/Page_Bebeclub - Membership Registration/img' is clicked on]]></system-out>
         <system-err><![CDATA[]]></system-err>
      </testcase>
      <testcase name="Test Cases/REGISTER/Prefix ID/0886 SMARTFREN" time="31.926" classname="Test Cases/REGISTER/Prefix ID/0886 SMARTFREN" status="PASSED">
         <system-out><![CDATA[2023-08-01 15:17:27 - [TEST_CASE][PASSED] - Test Cases/REGISTER/Prefix ID/0886 SMARTFREN: Test Cases/REGISTER/Prefix ID/0886 SMARTFREN

2023-08-01 15:17:27 - [TEST_STEP][PASSED] - openBrowser(""): Browser is opened with url: ''

2023-08-01 15:17:27 - [MESSAGE][WARNING] - A browser is already opened. Closing browser and opening a new one

2023-08-01 15:17:28 - [MESSAGE][INFO] - Starting 'Chrome (headless)' driver

2023-08-01 15:17:28 - [MESSAGE][INFO] - Action delay is set to 0 milliseconds

2023-08-01 15:17:29 - [MESSAGE][PASSED] - Browser is opened with url: ''

2023-08-01 15:17:29 - [TEST_STEP][PASSED] - maximizeWindow(): Current window maximized

2023-08-01 15:17:29 - [MESSAGE][PASSED] - Current window maximized

2023-08-01 15:17:29 - [TEST_STEP][PASSED] - navigateToUrl("https://bebeclub.eydendigital.co.id/membership/registration"): Navigate to 'https://bebeclub.eydendigital.co.id/membership/registration' successfully

2023-08-01 15:17:52 - [MESSAGE][PASSED] - Navigate to 'https://bebeclub.eydendigital.co.id/membership/registration' successfully

2023-08-01 15:17:52 - [TEST_STEP][PASSED] - click(findTestObject("Homepage/a_Register")): Object: 'Object Repository/Homepage/a_Register' is clicked on

2023-08-01 15:17:53 - [MESSAGE][PASSED] - Object: 'Object Repository/Homepage/a_Register' is clicked on

2023-08-01 15:17:53 - [TEST_STEP][PASSED] - setText(findTestObject("Page_Bebeclub - Membership Registration/input_Nama Depan_first-name-form"), "aziza"): Text 'aziza' is set on object 'Object Repository/Page_Bebeclub - Membership Registration/input_Nama Depan_first-name-form'

2023-08-01 15:17:53 - [MESSAGE][PASSED] - Text 'aziza' is set on object 'Object Repository/Page_Bebeclub - Membership Registration/input_Nama Depan_first-name-form'

2023-08-01 15:17:53 - [TEST_STEP][PASSED] - setText(findTestObject("Page_Bebeclub - Membership Registration/input_Nama Belakang_last-name-form"), "prefix"): Text 'prefix' is set on object 'Object Repository/Page_Bebeclub - Membership Registration/input_Nama Belakang_last-name-form'

2023-08-01 15:17:53 - [MESSAGE][PASSED] - Text 'prefix' is set on object 'Object Repository/Page_Bebeclub - Membership Registration/input_Nama Belakang_last-name-form'

2023-08-01 15:17:53 - [TEST_STEP][PASSED] - randomNum = generateRandomNumber(): null

2023-08-01 15:17:53 - [TEST_STEP][PASSED] - random = new java.util.Random(): null

2023-08-01 15:17:53 - [TEST_STEP][PASSED] - lastNineDigits = String.format("%09d", random.nextInt(1000000000)): null

2023-08-01 15:17:53 - [TEST_STEP][PASSED] - randomNumber = "0886" + lastNineDigits: null

2023-08-01 15:17:53 - [TEST_STEP][PASSED] - return randomNumber: null

2023-08-01 15:17:53 - [TEST_STEP][PASSED] - setText(findTestObject("Page_Bebeclub - Membership Registration/input__number-form"), randomNum): Text '0886071122793' is set on object 'Object Repository/Page_Bebeclub - Membership Registration/input__number-form'

2023-08-01 15:17:54 - [MESSAGE][PASSED] - Text '0886071122793' is set on object 'Object Repository/Page_Bebeclub - Membership Registration/input__number-form'

2023-08-01 15:17:54 - [TEST_STEP][PASSED] - setEncryptedText(findTestObject("Page_Bebeclub - Membership Registration/input_Password_pass-form"), "iFGeFYmXIrUhQZHvW7P22w=="): Text ****** has been set on object 'Object Repository/Page_Bebeclub - Membership Registration/input_Password_pass-form'

2023-08-01 15:17:54 - [MESSAGE][PASSED] - Text ****** has been set on object 'Object Repository/Page_Bebeclub - Membership Registration/input_Password_pass-form'

2023-08-01 15:17:54 - [TEST_STEP][PASSED] - setEncryptedText(findTestObject("Page_Bebeclub - Membership Registration/input_Konfirmasi Password_konfirmasipass-form"), "iFGeFYmXIrUhQZHvW7P22w=="): Text ****** has been set on object 'Object Repository/Page_Bebeclub - Membership Registration/input_Konfirmasi Password_konfirmasipass-form'

2023-08-01 15:17:54 - [MESSAGE][PASSED] - Text ****** has been set on object 'Object Repository/Page_Bebeclub - Membership Registration/input_Konfirmasi Password_konfirmasipass-form'

2023-08-01 15:17:54 - [TEST_STEP][PASSED] - selectOptionByLabel(findTestObject("Page_Bebeclub - Membership Registration/select_Pilih Kondisi Ibu Saat Ini"), "Belum Hamil & Tidak Mempunyai Anak", false): All options with label 'Belum Hamil & Tidak Mempunyai Anak' are selected in object 'Object Repository/Page_Bebeclub - Membership Registration/select_Pilih Kondisi Ibu Saat Ini' 

2023-08-01 15:17:54 - [MESSAGE][PASSED] - All options with label 'Belum Hamil & Tidak Mempunyai Anak' are selected in object 'Object Repository/Page_Bebeclub - Membership Registration/select_Pilih Kondisi Ibu Saat Ini' 

2023-08-01 15:17:54 - [TEST_STEP][PASSED] - click(findTestObject("Page_Bebeclub - Membership Registration/button_Kirim Kode OTP")): Object: 'Object Repository/Page_Bebeclub - Membership Registration/button_Kirim Kode OTP' is clicked on

2023-08-01 15:17:55 - [MESSAGE][PASSED] - Object: 'Object Repository/Page_Bebeclub - Membership Registration/button_Kirim Kode OTP' is clicked on

2023-08-01 15:17:55 - [TEST_STEP][PASSED] - delay(4): Delayed 4 second(s)

2023-08-01 15:17:59 - [MESSAGE][PASSED] - Delayed 4 second(s)

2023-08-01 15:17:59 - [TEST_STEP][PASSED] - verifyTextPresent("Berhasil", false): Text 'Berhasil' is present on page 

2023-08-01 15:17:59 - [MESSAGE][PASSED] - Text 'Berhasil' is present on page 

2023-08-01 15:17:59 - [TEST_STEP][PASSED] - click(findTestObject("Page_Bebeclub - Membership Registration/img")): Object: 'Object Repository/Page_Bebeclub - Membership Registration/img' is clicked on

2023-08-01 15:17:59 - [MESSAGE][PASSED] - Object: 'Object Repository/Page_Bebeclub - Membership Registration/img' is clicked on]]></system-out>
         <system-err><![CDATA[]]></system-err>
      </testcase>
      <testcase name="Test Cases/REGISTER/Prefix ID/0887 SMARTFREN" time="11.735" classname="Test Cases/REGISTER/Prefix ID/0887 SMARTFREN" status="PASSED">
         <system-out><![CDATA[2023-08-01 15:17:59 - [TEST_CASE][PASSED] - Test Cases/REGISTER/Prefix ID/0887 SMARTFREN: Test Cases/REGISTER/Prefix ID/0887 SMARTFREN

2023-08-01 15:17:59 - [TEST_STEP][PASSED] - openBrowser(""): Browser is opened with url: ''

2023-08-01 15:17:59 - [MESSAGE][WARNING] - A browser is already opened. Closing browser and opening a new one

2023-08-01 15:18:00 - [MESSAGE][INFO] - Starting 'Chrome (headless)' driver

2023-08-01 15:18:00 - [MESSAGE][INFO] - Action delay is set to 0 milliseconds

2023-08-01 15:18:01 - [MESSAGE][PASSED] - Browser is opened with url: ''

2023-08-01 15:18:01 - [TEST_STEP][PASSED] - maximizeWindow(): Current window maximized

2023-08-01 15:18:01 - [MESSAGE][PASSED] - Current window maximized

2023-08-01 15:18:01 - [TEST_STEP][PASSED] - navigateToUrl("https://bebeclub.eydendigital.co.id/membership/registration"): Navigate to 'https://bebeclub.eydendigital.co.id/membership/registration' successfully

2023-08-01 15:18:04 - [MESSAGE][PASSED] - Navigate to 'https://bebeclub.eydendigital.co.id/membership/registration' successfully

2023-08-01 15:18:04 - [TEST_STEP][PASSED] - click(findTestObject("Homepage/a_Register")): Object: 'Object Repository/Homepage/a_Register' is clicked on

2023-08-01 15:18:04 - [MESSAGE][PASSED] - Object: 'Object Repository/Homepage/a_Register' is clicked on

2023-08-01 15:18:04 - [TEST_STEP][PASSED] - setText(findTestObject("Page_Bebeclub - Membership Registration/input_Nama Depan_first-name-form"), "aziza"): Text 'aziza' is set on object 'Object Repository/Page_Bebeclub - Membership Registration/input_Nama Depan_first-name-form'

2023-08-01 15:18:05 - [MESSAGE][PASSED] - Text 'aziza' is set on object 'Object Repository/Page_Bebeclub - Membership Registration/input_Nama Depan_first-name-form'

2023-08-01 15:18:05 - [TEST_STEP][PASSED] - setText(findTestObject("Page_Bebeclub - Membership Registration/input_Nama Belakang_last-name-form"), "prefix"): Text 'prefix' is set on object 'Object Repository/Page_Bebeclub - Membership Registration/input_Nama Belakang_last-name-form'

2023-08-01 15:18:05 - [MESSAGE][PASSED] - Text 'prefix' is set on object 'Object Repository/Page_Bebeclub - Membership Registration/input_Nama Belakang_last-name-form'

2023-08-01 15:18:05 - [TEST_STEP][PASSED] - randomNum = generateRandomNumber(): null

2023-08-01 15:18:05 - [TEST_STEP][PASSED] - random = new java.util.Random(): null

2023-08-01 15:18:05 - [TEST_STEP][PASSED] - lastNineDigits = String.format("%09d", random.nextInt(1000000000)): null

2023-08-01 15:18:05 - [TEST_STEP][PASSED] - randomNumber = "0887" + lastNineDigits: null

2023-08-01 15:18:05 - [TEST_STEP][PASSED] - return randomNumber: null

2023-08-01 15:18:05 - [TEST_STEP][PASSED] - setText(findTestObject("Page_Bebeclub - Membership Registration/input__number-form"), randomNum): Text '0887853610091' is set on object 'Object Repository/Page_Bebeclub - Membership Registration/input__number-form'

2023-08-01 15:18:05 - [MESSAGE][PASSED] - Text '0887853610091' is set on object 'Object Repository/Page_Bebeclub - Membership Registration/input__number-form'

2023-08-01 15:18:05 - [TEST_STEP][PASSED] - setEncryptedText(findTestObject("Page_Bebeclub - Membership Registration/input_Password_pass-form"), "iFGeFYmXIrUhQZHvW7P22w=="): Text ****** has been set on object 'Object Repository/Page_Bebeclub - Membership Registration/input_Password_pass-form'

2023-08-01 15:18:06 - [MESSAGE][PASSED] - Text ****** has been set on object 'Object Repository/Page_Bebeclub - Membership Registration/input_Password_pass-form'

2023-08-01 15:18:06 - [TEST_STEP][PASSED] - setEncryptedText(findTestObject("Page_Bebeclub - Membership Registration/input_Konfirmasi Password_konfirmasipass-form"), "iFGeFYmXIrUhQZHvW7P22w=="): Text ****** has been set on object 'Object Repository/Page_Bebeclub - Membership Registration/input_Konfirmasi Password_konfirmasipass-form'

2023-08-01 15:18:06 - [MESSAGE][PASSED] - Text ****** has been set on object 'Object Repository/Page_Bebeclub - Membership Registration/input_Konfirmasi Password_konfirmasipass-form'

2023-08-01 15:18:06 - [TEST_STEP][PASSED] - selectOptionByLabel(findTestObject("Page_Bebeclub - Membership Registration/select_Pilih Kondisi Ibu Saat Ini"), "Belum Hamil & Tidak Mempunyai Anak", false): All options with label 'Belum Hamil & Tidak Mempunyai Anak' are selected in object 'Object Repository/Page_Bebeclub - Membership Registration/select_Pilih Kondisi Ibu Saat Ini' 

2023-08-01 15:18:06 - [MESSAGE][PASSED] - All options with label 'Belum Hamil & Tidak Mempunyai Anak' are selected in object 'Object Repository/Page_Bebeclub - Membership Registration/select_Pilih Kondisi Ibu Saat Ini' 

2023-08-01 15:18:06 - [TEST_STEP][PASSED] - click(findTestObject("Page_Bebeclub - Membership Registration/button_Kirim Kode OTP")): Object: 'Object Repository/Page_Bebeclub - Membership Registration/button_Kirim Kode OTP' is clicked on

2023-08-01 15:18:06 - [MESSAGE][PASSED] - Object: 'Object Repository/Page_Bebeclub - Membership Registration/button_Kirim Kode OTP' is clicked on

2023-08-01 15:18:06 - [TEST_STEP][PASSED] - delay(4): Delayed 4 second(s)

2023-08-01 15:18:10 - [MESSAGE][PASSED] - Delayed 4 second(s)

2023-08-01 15:18:10 - [TEST_STEP][PASSED] - verifyTextPresent("Berhasil", false): Text 'Berhasil' is present on page 

2023-08-01 15:18:11 - [MESSAGE][PASSED] - Text 'Berhasil' is present on page 

2023-08-01 15:18:11 - [TEST_STEP][PASSED] - click(findTestObject("Page_Bebeclub - Membership Registration/img")): Object: 'Object Repository/Page_Bebeclub - Membership Registration/img' is clicked on

2023-08-01 15:18:11 - [MESSAGE][PASSED] - Object: 'Object Repository/Page_Bebeclub - Membership Registration/img' is clicked on]]></system-out>
         <system-err><![CDATA[]]></system-err>
      </testcase>
      <testcase name="Test Cases/REGISTER/Prefix ID/0888 SMARTFREN" time="12.209" classname="Test Cases/REGISTER/Prefix ID/0888 SMARTFREN" status="PASSED">
         <system-out><![CDATA[2023-08-01 15:18:11 - [TEST_CASE][PASSED] - Test Cases/REGISTER/Prefix ID/0888 SMARTFREN: Test Cases/REGISTER/Prefix ID/0888 SMARTFREN

2023-08-01 15:18:11 - [TEST_STEP][PASSED] - openBrowser(""): Browser is opened with url: ''

2023-08-01 15:18:11 - [MESSAGE][WARNING] - A browser is already opened. Closing browser and opening a new one

2023-08-01 15:18:12 - [MESSAGE][INFO] - Starting 'Chrome (headless)' driver

2023-08-01 15:18:12 - [MESSAGE][INFO] - Action delay is set to 0 milliseconds

2023-08-01 15:18:13 - [MESSAGE][PASSED] - Browser is opened with url: ''

2023-08-01 15:18:13 - [TEST_STEP][PASSED] - maximizeWindow(): Current window maximized

2023-08-01 15:18:13 - [MESSAGE][PASSED] - Current window maximized

2023-08-01 15:18:13 - [TEST_STEP][PASSED] - navigateToUrl("https://bebeclub.eydendigital.co.id/membership/registration"): Navigate to 'https://bebeclub.eydendigital.co.id/membership/registration' successfully

2023-08-01 15:18:16 - [MESSAGE][PASSED] - Navigate to 'https://bebeclub.eydendigital.co.id/membership/registration' successfully

2023-08-01 15:18:16 - [TEST_STEP][PASSED] - click(findTestObject("Homepage/a_Register")): Object: 'Object Repository/Homepage/a_Register' is clicked on

2023-08-01 15:18:16 - [MESSAGE][PASSED] - Object: 'Object Repository/Homepage/a_Register' is clicked on

2023-08-01 15:18:16 - [TEST_STEP][PASSED] - setText(findTestObject("Page_Bebeclub - Membership Registration/input_Nama Depan_first-name-form"), "aziza"): Text 'aziza' is set on object 'Object Repository/Page_Bebeclub - Membership Registration/input_Nama Depan_first-name-form'

2023-08-01 15:18:17 - [MESSAGE][PASSED] - Text 'aziza' is set on object 'Object Repository/Page_Bebeclub - Membership Registration/input_Nama Depan_first-name-form'

2023-08-01 15:18:17 - [TEST_STEP][PASSED] - setText(findTestObject("Page_Bebeclub - Membership Registration/input_Nama Belakang_last-name-form"), "prefix"): Text 'prefix' is set on object 'Object Repository/Page_Bebeclub - Membership Registration/input_Nama Belakang_last-name-form'

2023-08-01 15:18:17 - [MESSAGE][PASSED] - Text 'prefix' is set on object 'Object Repository/Page_Bebeclub - Membership Registration/input_Nama Belakang_last-name-form'

2023-08-01 15:18:17 - [TEST_STEP][PASSED] - randomNum = generateRandomNumber(): null

2023-08-01 15:18:17 - [TEST_STEP][PASSED] - random = new java.util.Random(): null

2023-08-01 15:18:17 - [TEST_STEP][PASSED] - lastNineDigits = String.format("%09d", random.nextInt(1000000000)): null

2023-08-01 15:18:17 - [TEST_STEP][PASSED] - randomNumber = "0888" + lastNineDigits: null

2023-08-01 15:18:17 - [TEST_STEP][PASSED] - return randomNumber: null

2023-08-01 15:18:17 - [TEST_STEP][PASSED] - setText(findTestObject("Page_Bebeclub - Membership Registration/input__number-form"), randomNum): Text '0888890929663' is set on object 'Object Repository/Page_Bebeclub - Membership Registration/input__number-form'

2023-08-01 15:18:17 - [MESSAGE][PASSED] - Text '0888890929663' is set on object 'Object Repository/Page_Bebeclub - Membership Registration/input__number-form'

2023-08-01 15:18:17 - [TEST_STEP][PASSED] - setEncryptedText(findTestObject("Page_Bebeclub - Membership Registration/input_Password_pass-form"), "iFGeFYmXIrUhQZHvW7P22w=="): Text ****** has been set on object 'Object Repository/Page_Bebeclub - Membership Registration/input_Password_pass-form'

2023-08-01 15:18:18 - [MESSAGE][PASSED] - Text ****** has been set on object 'Object Repository/Page_Bebeclub - Membership Registration/input_Password_pass-form'

2023-08-01 15:18:18 - [TEST_STEP][PASSED] - setEncryptedText(findTestObject("Page_Bebeclub - Membership Registration/input_Konfirmasi Password_konfirmasipass-form"), "iFGeFYmXIrUhQZHvW7P22w=="): Text ****** has been set on object 'Object Repository/Page_Bebeclub - Membership Registration/input_Konfirmasi Password_konfirmasipass-form'

2023-08-01 15:18:18 - [MESSAGE][PASSED] - Text ****** has been set on object 'Object Repository/Page_Bebeclub - Membership Registration/input_Konfirmasi Password_konfirmasipass-form'

2023-08-01 15:18:18 - [TEST_STEP][PASSED] - selectOptionByLabel(findTestObject("Page_Bebeclub - Membership Registration/select_Pilih Kondisi Ibu Saat Ini"), "Belum Hamil & Tidak Mempunyai Anak", false): All options with label 'Belum Hamil & Tidak Mempunyai Anak' are selected in object 'Object Repository/Page_Bebeclub - Membership Registration/select_Pilih Kondisi Ibu Saat Ini' 

2023-08-01 15:18:18 - [MESSAGE][PASSED] - All options with label 'Belum Hamil & Tidak Mempunyai Anak' are selected in object 'Object Repository/Page_Bebeclub - Membership Registration/select_Pilih Kondisi Ibu Saat Ini' 

2023-08-01 15:18:18 - [TEST_STEP][PASSED] - click(findTestObject("Page_Bebeclub - Membership Registration/button_Kirim Kode OTP")): Object: 'Object Repository/Page_Bebeclub - Membership Registration/button_Kirim Kode OTP' is clicked on

2023-08-01 15:18:19 - [MESSAGE][PASSED] - Object: 'Object Repository/Page_Bebeclub - Membership Registration/button_Kirim Kode OTP' is clicked on

2023-08-01 15:18:19 - [TEST_STEP][PASSED] - delay(4): Delayed 4 second(s)

2023-08-01 15:18:23 - [MESSAGE][PASSED] - Delayed 4 second(s)

2023-08-01 15:18:23 - [TEST_STEP][PASSED] - verifyTextPresent("Berhasil", false): Text 'Berhasil' is present on page 

2023-08-01 15:18:23 - [MESSAGE][PASSED] - Text 'Berhasil' is present on page 

2023-08-01 15:18:23 - [TEST_STEP][PASSED] - click(findTestObject("Page_Bebeclub - Membership Registration/img")): Object: 'Object Repository/Page_Bebeclub - Membership Registration/img' is clicked on

2023-08-01 15:18:23 - [MESSAGE][PASSED] - Object: 'Object Repository/Page_Bebeclub - Membership Registration/img' is clicked on]]></system-out>
         <system-err><![CDATA[]]></system-err>
      </testcase>
      <testcase name="Test Cases/REGISTER/Prefix ID/0889 SMARTFREN" time="11.733" classname="Test Cases/REGISTER/Prefix ID/0889 SMARTFREN" status="PASSED">
         <system-out><![CDATA[2023-08-01 15:18:23 - [TEST_CASE][PASSED] - Test Cases/REGISTER/Prefix ID/0889 SMARTFREN: Test Cases/REGISTER/Prefix ID/0889 SMARTFREN

2023-08-01 15:18:23 - [TEST_STEP][PASSED] - openBrowser(""): Browser is opened with url: ''

2023-08-01 15:18:23 - [MESSAGE][WARNING] - A browser is already opened. Closing browser and opening a new one

2023-08-01 15:18:24 - [MESSAGE][INFO] - Starting 'Chrome (headless)' driver

2023-08-01 15:18:24 - [MESSAGE][INFO] - Action delay is set to 0 milliseconds

2023-08-01 15:18:25 - [MESSAGE][PASSED] - Browser is opened with url: ''

2023-08-01 15:18:25 - [TEST_STEP][PASSED] - maximizeWindow(): Current window maximized

2023-08-01 15:18:25 - [MESSAGE][PASSED] - Current window maximized

2023-08-01 15:18:25 - [TEST_STEP][PASSED] - navigateToUrl("https://bebeclub.eydendigital.co.id/membership/registration"): Navigate to 'https://bebeclub.eydendigital.co.id/membership/registration' successfully

2023-08-01 15:18:27 - [MESSAGE][PASSED] - Navigate to 'https://bebeclub.eydendigital.co.id/membership/registration' successfully

2023-08-01 15:18:27 - [TEST_STEP][PASSED] - click(findTestObject("Homepage/a_Register")): Object: 'Object Repository/Homepage/a_Register' is clicked on

2023-08-01 15:18:28 - [MESSAGE][PASSED] - Object: 'Object Repository/Homepage/a_Register' is clicked on

2023-08-01 15:18:28 - [TEST_STEP][PASSED] - setText(findTestObject("Page_Bebeclub - Membership Registration/input_Nama Depan_first-name-form"), "aziza"): Text 'aziza' is set on object 'Object Repository/Page_Bebeclub - Membership Registration/input_Nama Depan_first-name-form'

2023-08-01 15:18:29 - [MESSAGE][PASSED] - Text 'aziza' is set on object 'Object Repository/Page_Bebeclub - Membership Registration/input_Nama Depan_first-name-form'

2023-08-01 15:18:29 - [TEST_STEP][PASSED] - setText(findTestObject("Page_Bebeclub - Membership Registration/input_Nama Belakang_last-name-form"), "prefix"): Text 'prefix' is set on object 'Object Repository/Page_Bebeclub - Membership Registration/input_Nama Belakang_last-name-form'

2023-08-01 15:18:29 - [MESSAGE][PASSED] - Text 'prefix' is set on object 'Object Repository/Page_Bebeclub - Membership Registration/input_Nama Belakang_last-name-form'

2023-08-01 15:18:29 - [TEST_STEP][PASSED] - randomNum = generateRandomNumber(): null

2023-08-01 15:18:29 - [TEST_STEP][PASSED] - random = new java.util.Random(): null

2023-08-01 15:18:29 - [TEST_STEP][PASSED] - lastNineDigits = String.format("%09d", random.nextInt(1000000000)): null

2023-08-01 15:18:29 - [TEST_STEP][PASSED] - randomNumber = "0889" + lastNineDigits: null

2023-08-01 15:18:29 - [TEST_STEP][PASSED] - return randomNumber: null

2023-08-01 15:18:29 - [TEST_STEP][PASSED] - setText(findTestObject("Page_Bebeclub - Membership Registration/input__number-form"), randomNum): Text '0889707824947' is set on object 'Object Repository/Page_Bebeclub - Membership Registration/input__number-form'

2023-08-01 15:18:29 - [MESSAGE][PASSED] - Text '0889707824947' is set on object 'Object Repository/Page_Bebeclub - Membership Registration/input__number-form'

2023-08-01 15:18:29 - [TEST_STEP][PASSED] - setEncryptedText(findTestObject("Page_Bebeclub - Membership Registration/input_Password_pass-form"), "iFGeFYmXIrUhQZHvW7P22w=="): Text ****** has been set on object 'Object Repository/Page_Bebeclub - Membership Registration/input_Password_pass-form'

2023-08-01 15:18:30 - [MESSAGE][PASSED] - Text ****** has been set on object 'Object Repository/Page_Bebeclub - Membership Registration/input_Password_pass-form'

2023-08-01 15:18:30 - [TEST_STEP][PASSED] - setEncryptedText(findTestObject("Page_Bebeclub - Membership Registration/input_Konfirmasi Password_konfirmasipass-form"), "iFGeFYmXIrUhQZHvW7P22w=="): Text ****** has been set on object 'Object Repository/Page_Bebeclub - Membership Registration/input_Konfirmasi Password_konfirmasipass-form'

2023-08-01 15:18:30 - [MESSAGE][PASSED] - Text ****** has been set on object 'Object Repository/Page_Bebeclub - Membership Registration/input_Konfirmasi Password_konfirmasipass-form'

2023-08-01 15:18:30 - [TEST_STEP][PASSED] - selectOptionByLabel(findTestObject("Page_Bebeclub - Membership Registration/select_Pilih Kondisi Ibu Saat Ini"), "Belum Hamil & Tidak Mempunyai Anak", false): All options with label 'Belum Hamil & Tidak Mempunyai Anak' are selected in object 'Object Repository/Page_Bebeclub - Membership Registration/select_Pilih Kondisi Ibu Saat Ini' 

2023-08-01 15:18:30 - [MESSAGE][PASSED] - All options with label 'Belum Hamil & Tidak Mempunyai Anak' are selected in object 'Object Repository/Page_Bebeclub - Membership Registration/select_Pilih Kondisi Ibu Saat Ini' 

2023-08-01 15:18:30 - [TEST_STEP][PASSED] - click(findTestObject("Page_Bebeclub - Membership Registration/button_Kirim Kode OTP")): Object: 'Object Repository/Page_Bebeclub - Membership Registration/button_Kirim Kode OTP' is clicked on

2023-08-01 15:18:30 - [MESSAGE][PASSED] - Object: 'Object Repository/Page_Bebeclub - Membership Registration/button_Kirim Kode OTP' is clicked on

2023-08-01 15:18:30 - [TEST_STEP][PASSED] - delay(4): Delayed 4 second(s)

2023-08-01 15:18:34 - [MESSAGE][PASSED] - Delayed 4 second(s)

2023-08-01 15:18:34 - [TEST_STEP][PASSED] - verifyTextPresent("Berhasil", false): Text 'Berhasil' is present on page 

2023-08-01 15:18:34 - [MESSAGE][PASSED] - Text 'Berhasil' is present on page 

2023-08-01 15:18:34 - [TEST_STEP][PASSED] - click(findTestObject("Page_Bebeclub - Membership Registration/img")): Object: 'Object Repository/Page_Bebeclub - Membership Registration/img' is clicked on

2023-08-01 15:18:35 - [MESSAGE][PASSED] - Object: 'Object Repository/Page_Bebeclub - Membership Registration/img' is clicked on]]></system-out>
         <system-err><![CDATA[]]></system-err>
      </testcase>
      <testcase name="Test Cases/REGISTER/Prefix ID/0895 TRI" time="12.118" classname="Test Cases/REGISTER/Prefix ID/0895 TRI" status="PASSED">
         <system-out><![CDATA[2023-08-01 15:18:35 - [TEST_CASE][PASSED] - Test Cases/REGISTER/Prefix ID/0895 TRI: Test Cases/REGISTER/Prefix ID/0895 TRI

2023-08-01 15:18:35 - [TEST_STEP][PASSED] - openBrowser(""): Browser is opened with url: ''

2023-08-01 15:18:35 - [MESSAGE][WARNING] - A browser is already opened. Closing browser and opening a new one

2023-08-01 15:18:36 - [MESSAGE][INFO] - Starting 'Chrome (headless)' driver

2023-08-01 15:18:36 - [MESSAGE][INFO] - Action delay is set to 0 milliseconds

2023-08-01 15:18:37 - [MESSAGE][PASSED] - Browser is opened with url: ''

2023-08-01 15:18:37 - [TEST_STEP][PASSED] - maximizeWindow(): Current window maximized

2023-08-01 15:18:37 - [MESSAGE][PASSED] - Current window maximized

2023-08-01 15:18:37 - [TEST_STEP][PASSED] - navigateToUrl("https://bebeclub.eydendigital.co.id/membership/registration"): Navigate to 'https://bebeclub.eydendigital.co.id/membership/registration' successfully

2023-08-01 15:18:40 - [MESSAGE][PASSED] - Navigate to 'https://bebeclub.eydendigital.co.id/membership/registration' successfully

2023-08-01 15:18:40 - [TEST_STEP][PASSED] - click(findTestObject("Homepage/a_Register")): Object: 'Object Repository/Homepage/a_Register' is clicked on

2023-08-01 15:18:41 - [MESSAGE][PASSED] - Object: 'Object Repository/Homepage/a_Register' is clicked on

2023-08-01 15:18:41 - [TEST_STEP][PASSED] - setText(findTestObject("Page_Bebeclub - Membership Registration/input_Nama Depan_first-name-form"), "aziza"): Text 'aziza' is set on object 'Object Repository/Page_Bebeclub - Membership Registration/input_Nama Depan_first-name-form'

2023-08-01 15:18:41 - [MESSAGE][PASSED] - Text 'aziza' is set on object 'Object Repository/Page_Bebeclub - Membership Registration/input_Nama Depan_first-name-form'

2023-08-01 15:18:41 - [TEST_STEP][PASSED] - setText(findTestObject("Page_Bebeclub - Membership Registration/input_Nama Belakang_last-name-form"), "prefix"): Text 'prefix' is set on object 'Object Repository/Page_Bebeclub - Membership Registration/input_Nama Belakang_last-name-form'

2023-08-01 15:18:41 - [MESSAGE][PASSED] - Text 'prefix' is set on object 'Object Repository/Page_Bebeclub - Membership Registration/input_Nama Belakang_last-name-form'

2023-08-01 15:18:41 - [TEST_STEP][PASSED] - randomNum = generateRandomNumber(): null

2023-08-01 15:18:41 - [TEST_STEP][PASSED] - random = new java.util.Random(): null

2023-08-01 15:18:41 - [TEST_STEP][PASSED] - lastNineDigits = String.format("%09d", random.nextInt(1000000000)): null

2023-08-01 15:18:41 - [TEST_STEP][PASSED] - randomNumber = "0895" + lastNineDigits: null

2023-08-01 15:18:41 - [TEST_STEP][PASSED] - return randomNumber: null

2023-08-01 15:18:41 - [TEST_STEP][PASSED] - setText(findTestObject("Page_Bebeclub - Membership Registration/input__number-form"), randomNum): Text '0895646776938' is set on object 'Object Repository/Page_Bebeclub - Membership Registration/input__number-form'

2023-08-01 15:18:41 - [MESSAGE][PASSED] - Text '0895646776938' is set on object 'Object Repository/Page_Bebeclub - Membership Registration/input__number-form'

2023-08-01 15:18:41 - [TEST_STEP][PASSED] - setEncryptedText(findTestObject("Page_Bebeclub - Membership Registration/input_Password_pass-form"), "iFGeFYmXIrUhQZHvW7P22w=="): Text ****** has been set on object 'Object Repository/Page_Bebeclub - Membership Registration/input_Password_pass-form'

2023-08-01 15:18:42 - [MESSAGE][PASSED] - Text ****** has been set on object 'Object Repository/Page_Bebeclub - Membership Registration/input_Password_pass-form'

2023-08-01 15:18:42 - [TEST_STEP][PASSED] - setEncryptedText(findTestObject("Page_Bebeclub - Membership Registration/input_Konfirmasi Password_konfirmasipass-form"), "iFGeFYmXIrUhQZHvW7P22w=="): Text ****** has been set on object 'Object Repository/Page_Bebeclub - Membership Registration/input_Konfirmasi Password_konfirmasipass-form'

2023-08-01 15:18:42 - [MESSAGE][PASSED] - Text ****** has been set on object 'Object Repository/Page_Bebeclub - Membership Registration/input_Konfirmasi Password_konfirmasipass-form'

2023-08-01 15:18:42 - [TEST_STEP][PASSED] - selectOptionByLabel(findTestObject("Page_Bebeclub - Membership Registration/select_Pilih Kondisi Ibu Saat Ini"), "Belum Hamil & Tidak Mempunyai Anak", false): All options with label 'Belum Hamil & Tidak Mempunyai Anak' are selected in object 'Object Repository/Page_Bebeclub - Membership Registration/select_Pilih Kondisi Ibu Saat Ini' 

2023-08-01 15:18:42 - [MESSAGE][PASSED] - All options with label 'Belum Hamil & Tidak Mempunyai Anak' are selected in object 'Object Repository/Page_Bebeclub - Membership Registration/select_Pilih Kondisi Ibu Saat Ini' 

2023-08-01 15:18:42 - [TEST_STEP][PASSED] - click(findTestObject("Page_Bebeclub - Membership Registration/button_Kirim Kode OTP")): Object: 'Object Repository/Page_Bebeclub - Membership Registration/button_Kirim Kode OTP' is clicked on

2023-08-01 15:18:42 - [MESSAGE][PASSED] - Object: 'Object Repository/Page_Bebeclub - Membership Registration/button_Kirim Kode OTP' is clicked on

2023-08-01 15:18:42 - [TEST_STEP][PASSED] - delay(4): Delayed 4 second(s)

2023-08-01 15:18:46 - [MESSAGE][PASSED] - Delayed 4 second(s)

2023-08-01 15:18:46 - [TEST_STEP][PASSED] - verifyTextPresent("Berhasil", false): Text 'Berhasil' is present on page 

2023-08-01 15:18:47 - [MESSAGE][PASSED] - Text 'Berhasil' is present on page 

2023-08-01 15:18:47 - [TEST_STEP][PASSED] - click(findTestObject("Page_Bebeclub - Membership Registration/img")): Object: 'Object Repository/Page_Bebeclub - Membership Registration/img' is clicked on

2023-08-01 15:18:47 - [MESSAGE][PASSED] - Object: 'Object Repository/Page_Bebeclub - Membership Registration/img' is clicked on]]></system-out>
         <system-err><![CDATA[]]></system-err>
      </testcase>
      <testcase name="Test Cases/REGISTER/Prefix ID/0896 TRI" time="16.11" classname="Test Cases/REGISTER/Prefix ID/0896 TRI" status="PASSED">
         <system-out><![CDATA[2023-08-01 15:18:47 - [TEST_CASE][PASSED] - Test Cases/REGISTER/Prefix ID/0896 TRI: Test Cases/REGISTER/Prefix ID/0896 TRI

2023-08-01 15:18:47 - [TEST_STEP][PASSED] - openBrowser(""): Browser is opened with url: ''

2023-08-01 15:18:47 - [MESSAGE][WARNING] - A browser is already opened. Closing browser and opening a new one

2023-08-01 15:18:48 - [MESSAGE][INFO] - Starting 'Chrome (headless)' driver

2023-08-01 15:18:48 - [MESSAGE][INFO] - Action delay is set to 0 milliseconds

2023-08-01 15:18:49 - [MESSAGE][PASSED] - Browser is opened with url: ''

2023-08-01 15:18:49 - [TEST_STEP][PASSED] - maximizeWindow(): Current window maximized

2023-08-01 15:18:49 - [MESSAGE][PASSED] - Current window maximized

2023-08-01 15:18:49 - [TEST_STEP][PASSED] - navigateToUrl("https://bebeclub.eydendigital.co.id/membership/registration"): Navigate to 'https://bebeclub.eydendigital.co.id/membership/registration' successfully

2023-08-01 15:18:56 - [MESSAGE][PASSED] - Navigate to 'https://bebeclub.eydendigital.co.id/membership/registration' successfully

2023-08-01 15:18:56 - [TEST_STEP][PASSED] - click(findTestObject("Homepage/a_Register")): Object: 'Object Repository/Homepage/a_Register' is clicked on

2023-08-01 15:18:57 - [MESSAGE][PASSED] - Object: 'Object Repository/Homepage/a_Register' is clicked on

2023-08-01 15:18:57 - [TEST_STEP][PASSED] - setText(findTestObject("Page_Bebeclub - Membership Registration/input_Nama Depan_first-name-form"), "aziza"): Text 'aziza' is set on object 'Object Repository/Page_Bebeclub - Membership Registration/input_Nama Depan_first-name-form'

2023-08-01 15:18:57 - [MESSAGE][PASSED] - Text 'aziza' is set on object 'Object Repository/Page_Bebeclub - Membership Registration/input_Nama Depan_first-name-form'

2023-08-01 15:18:57 - [TEST_STEP][PASSED] - setText(findTestObject("Page_Bebeclub - Membership Registration/input_Nama Belakang_last-name-form"), "prefix"): Text 'prefix' is set on object 'Object Repository/Page_Bebeclub - Membership Registration/input_Nama Belakang_last-name-form'

2023-08-01 15:18:57 - [MESSAGE][PASSED] - Text 'prefix' is set on object 'Object Repository/Page_Bebeclub - Membership Registration/input_Nama Belakang_last-name-form'

2023-08-01 15:18:57 - [TEST_STEP][PASSED] - randomNum = generateRandomNumber(): null

2023-08-01 15:18:57 - [TEST_STEP][PASSED] - random = new java.util.Random(): null

2023-08-01 15:18:57 - [TEST_STEP][PASSED] - lastNineDigits = String.format("%09d", random.nextInt(1000000000)): null

2023-08-01 15:18:57 - [TEST_STEP][PASSED] - randomNumber = "0896" + lastNineDigits: null

2023-08-01 15:18:57 - [TEST_STEP][PASSED] - return randomNumber: null

2023-08-01 15:18:57 - [TEST_STEP][PASSED] - setText(findTestObject("Page_Bebeclub - Membership Registration/input__number-form"), randomNum): Text '0896729113187' is set on object 'Object Repository/Page_Bebeclub - Membership Registration/input__number-form'

2023-08-01 15:18:58 - [MESSAGE][PASSED] - Text '0896729113187' is set on object 'Object Repository/Page_Bebeclub - Membership Registration/input__number-form'

2023-08-01 15:18:58 - [TEST_STEP][PASSED] - setEncryptedText(findTestObject("Page_Bebeclub - Membership Registration/input_Password_pass-form"), "iFGeFYmXIrUhQZHvW7P22w=="): Text ****** has been set on object 'Object Repository/Page_Bebeclub - Membership Registration/input_Password_pass-form'

2023-08-01 15:18:58 - [MESSAGE][PASSED] - Text ****** has been set on object 'Object Repository/Page_Bebeclub - Membership Registration/input_Password_pass-form'

2023-08-01 15:18:58 - [TEST_STEP][PASSED] - setEncryptedText(findTestObject("Page_Bebeclub - Membership Registration/input_Konfirmasi Password_konfirmasipass-form"), "iFGeFYmXIrUhQZHvW7P22w=="): Text ****** has been set on object 'Object Repository/Page_Bebeclub - Membership Registration/input_Konfirmasi Password_konfirmasipass-form'

2023-08-01 15:18:58 - [MESSAGE][PASSED] - Text ****** has been set on object 'Object Repository/Page_Bebeclub - Membership Registration/input_Konfirmasi Password_konfirmasipass-form'

2023-08-01 15:18:58 - [TEST_STEP][PASSED] - selectOptionByLabel(findTestObject("Page_Bebeclub - Membership Registration/select_Pilih Kondisi Ibu Saat Ini"), "Belum Hamil & Tidak Mempunyai Anak", false): All options with label 'Belum Hamil & Tidak Mempunyai Anak' are selected in object 'Object Repository/Page_Bebeclub - Membership Registration/select_Pilih Kondisi Ibu Saat Ini' 

2023-08-01 15:18:58 - [MESSAGE][PASSED] - All options with label 'Belum Hamil & Tidak Mempunyai Anak' are selected in object 'Object Repository/Page_Bebeclub - Membership Registration/select_Pilih Kondisi Ibu Saat Ini' 

2023-08-01 15:18:58 - [TEST_STEP][PASSED] - click(findTestObject("Page_Bebeclub - Membership Registration/button_Kirim Kode OTP")): Object: 'Object Repository/Page_Bebeclub - Membership Registration/button_Kirim Kode OTP' is clicked on

2023-08-01 15:18:59 - [MESSAGE][PASSED] - Object: 'Object Repository/Page_Bebeclub - Membership Registration/button_Kirim Kode OTP' is clicked on

2023-08-01 15:18:59 - [TEST_STEP][PASSED] - delay(4): Delayed 4 second(s)

2023-08-01 15:19:03 - [MESSAGE][PASSED] - Delayed 4 second(s)

2023-08-01 15:19:03 - [TEST_STEP][PASSED] - verifyTextPresent("Berhasil", false): Text 'Berhasil' is present on page 

2023-08-01 15:19:03 - [MESSAGE][PASSED] - Text 'Berhasil' is present on page 

2023-08-01 15:19:03 - [TEST_STEP][PASSED] - click(findTestObject("Page_Bebeclub - Membership Registration/img")): Object: 'Object Repository/Page_Bebeclub - Membership Registration/img' is clicked on

2023-08-01 15:19:03 - [MESSAGE][PASSED] - Object: 'Object Repository/Page_Bebeclub - Membership Registration/img' is clicked on]]></system-out>
         <system-err><![CDATA[]]></system-err>
      </testcase>
      <testcase name="Test Cases/REGISTER/Prefix ID/0897 TRI" time="12.233" classname="Test Cases/REGISTER/Prefix ID/0897 TRI" status="PASSED">
         <system-out><![CDATA[2023-08-01 15:19:03 - [TEST_CASE][PASSED] - Test Cases/REGISTER/Prefix ID/0897 TRI: Test Cases/REGISTER/Prefix ID/0897 TRI

2023-08-01 15:19:03 - [TEST_STEP][PASSED] - openBrowser(""): Browser is opened with url: ''

2023-08-01 15:19:03 - [MESSAGE][WARNING] - A browser is already opened. Closing browser and opening a new one

2023-08-01 15:19:04 - [MESSAGE][INFO] - Starting 'Chrome (headless)' driver

2023-08-01 15:19:04 - [MESSAGE][INFO] - Action delay is set to 0 milliseconds

2023-08-01 15:19:05 - [MESSAGE][PASSED] - Browser is opened with url: ''

2023-08-01 15:19:05 - [TEST_STEP][PASSED] - maximizeWindow(): Current window maximized

2023-08-01 15:19:05 - [MESSAGE][PASSED] - Current window maximized

2023-08-01 15:19:05 - [TEST_STEP][PASSED] - navigateToUrl("https://bebeclub.eydendigital.co.id/membership/registration"): Navigate to 'https://bebeclub.eydendigital.co.id/membership/registration' successfully

2023-08-01 15:19:08 - [MESSAGE][PASSED] - Navigate to 'https://bebeclub.eydendigital.co.id/membership/registration' successfully

2023-08-01 15:19:08 - [TEST_STEP][PASSED] - click(findTestObject("Homepage/a_Register")): Object: 'Object Repository/Homepage/a_Register' is clicked on

2023-08-01 15:19:09 - [MESSAGE][PASSED] - Object: 'Object Repository/Homepage/a_Register' is clicked on

2023-08-01 15:19:09 - [TEST_STEP][PASSED] - setText(findTestObject("Page_Bebeclub - Membership Registration/input_Nama Depan_first-name-form"), "aziza"): Text 'aziza' is set on object 'Object Repository/Page_Bebeclub - Membership Registration/input_Nama Depan_first-name-form'

2023-08-01 15:19:09 - [MESSAGE][PASSED] - Text 'aziza' is set on object 'Object Repository/Page_Bebeclub - Membership Registration/input_Nama Depan_first-name-form'

2023-08-01 15:19:09 - [TEST_STEP][PASSED] - setText(findTestObject("Page_Bebeclub - Membership Registration/input_Nama Belakang_last-name-form"), "prefix"): Text 'prefix' is set on object 'Object Repository/Page_Bebeclub - Membership Registration/input_Nama Belakang_last-name-form'

2023-08-01 15:19:09 - [MESSAGE][PASSED] - Text 'prefix' is set on object 'Object Repository/Page_Bebeclub - Membership Registration/input_Nama Belakang_last-name-form'

2023-08-01 15:19:09 - [TEST_STEP][PASSED] - randomNum = generateRandomNumber(): null

2023-08-01 15:19:09 - [TEST_STEP][PASSED] - random = new java.util.Random(): null

2023-08-01 15:19:09 - [TEST_STEP][PASSED] - lastNineDigits = String.format("%09d", random.nextInt(1000000000)): null

2023-08-01 15:19:09 - [TEST_STEP][PASSED] - randomNumber = "0897" + lastNineDigits: null

2023-08-01 15:19:09 - [TEST_STEP][PASSED] - return randomNumber: null

2023-08-01 15:19:09 - [TEST_STEP][PASSED] - setText(findTestObject("Page_Bebeclub - Membership Registration/input__number-form"), randomNum): Text '0897096380866' is set on object 'Object Repository/Page_Bebeclub - Membership Registration/input__number-form'

2023-08-01 15:19:10 - [MESSAGE][PASSED] - Text '0897096380866' is set on object 'Object Repository/Page_Bebeclub - Membership Registration/input__number-form'

2023-08-01 15:19:10 - [TEST_STEP][PASSED] - setEncryptedText(findTestObject("Page_Bebeclub - Membership Registration/input_Password_pass-form"), "iFGeFYmXIrUhQZHvW7P22w=="): Text ****** has been set on object 'Object Repository/Page_Bebeclub - Membership Registration/input_Password_pass-form'

2023-08-01 15:19:10 - [MESSAGE][PASSED] - Text ****** has been set on object 'Object Repository/Page_Bebeclub - Membership Registration/input_Password_pass-form'

2023-08-01 15:19:10 - [TEST_STEP][PASSED] - setEncryptedText(findTestObject("Page_Bebeclub - Membership Registration/input_Konfirmasi Password_konfirmasipass-form"), "iFGeFYmXIrUhQZHvW7P22w=="): Text ****** has been set on object 'Object Repository/Page_Bebeclub - Membership Registration/input_Konfirmasi Password_konfirmasipass-form'

2023-08-01 15:19:10 - [MESSAGE][PASSED] - Text ****** has been set on object 'Object Repository/Page_Bebeclub - Membership Registration/input_Konfirmasi Password_konfirmasipass-form'

2023-08-01 15:19:10 - [TEST_STEP][PASSED] - selectOptionByLabel(findTestObject("Page_Bebeclub - Membership Registration/select_Pilih Kondisi Ibu Saat Ini"), "Belum Hamil & Tidak Mempunyai Anak", false): All options with label 'Belum Hamil & Tidak Mempunyai Anak' are selected in object 'Object Repository/Page_Bebeclub - Membership Registration/select_Pilih Kondisi Ibu Saat Ini' 

2023-08-01 15:19:11 - [MESSAGE][PASSED] - All options with label 'Belum Hamil & Tidak Mempunyai Anak' are selected in object 'Object Repository/Page_Bebeclub - Membership Registration/select_Pilih Kondisi Ibu Saat Ini' 

2023-08-01 15:19:11 - [TEST_STEP][PASSED] - click(findTestObject("Page_Bebeclub - Membership Registration/button_Kirim Kode OTP")): Object: 'Object Repository/Page_Bebeclub - Membership Registration/button_Kirim Kode OTP' is clicked on

2023-08-01 15:19:11 - [MESSAGE][PASSED] - Object: 'Object Repository/Page_Bebeclub - Membership Registration/button_Kirim Kode OTP' is clicked on

2023-08-01 15:19:11 - [TEST_STEP][PASSED] - delay(4): Delayed 4 second(s)

2023-08-01 15:19:15 - [MESSAGE][PASSED] - Delayed 4 second(s)

2023-08-01 15:19:15 - [TEST_STEP][PASSED] - verifyTextPresent("Berhasil", false): Text 'Berhasil' is present on page 

2023-08-01 15:19:15 - [MESSAGE][PASSED] - Text 'Berhasil' is present on page 

2023-08-01 15:19:15 - [TEST_STEP][PASSED] - click(findTestObject("Page_Bebeclub - Membership Registration/img")): Object: 'Object Repository/Page_Bebeclub - Membership Registration/img' is clicked on

2023-08-01 15:19:15 - [MESSAGE][PASSED] - Object: 'Object Repository/Page_Bebeclub - Membership Registration/img' is clicked on]]></system-out>
         <system-err><![CDATA[]]></system-err>
      </testcase>
      <testcase name="Test Cases/REGISTER/Prefix ID/0898 TRI" time="14.337" classname="Test Cases/REGISTER/Prefix ID/0898 TRI" status="PASSED">
         <system-out><![CDATA[2023-08-01 15:19:15 - [TEST_CASE][PASSED] - Test Cases/REGISTER/Prefix ID/0898 TRI: Test Cases/REGISTER/Prefix ID/0898 TRI

2023-08-01 15:19:15 - [TEST_STEP][PASSED] - openBrowser(""): Browser is opened with url: ''

2023-08-01 15:19:15 - [MESSAGE][WARNING] - A browser is already opened. Closing browser and opening a new one

2023-08-01 15:19:16 - [MESSAGE][INFO] - Starting 'Chrome (headless)' driver

2023-08-01 15:19:16 - [MESSAGE][INFO] - Action delay is set to 0 milliseconds

2023-08-01 15:19:17 - [MESSAGE][PASSED] - Browser is opened with url: ''

2023-08-01 15:19:17 - [TEST_STEP][PASSED] - maximizeWindow(): Current window maximized

2023-08-01 15:19:18 - [MESSAGE][PASSED] - Current window maximized

2023-08-01 15:19:18 - [TEST_STEP][PASSED] - navigateToUrl("https://bebeclub.eydendigital.co.id/membership/registration"): Navigate to 'https://bebeclub.eydendigital.co.id/membership/registration' successfully

2023-08-01 15:19:22 - [MESSAGE][PASSED] - Navigate to 'https://bebeclub.eydendigital.co.id/membership/registration' successfully

2023-08-01 15:19:22 - [TEST_STEP][PASSED] - click(findTestObject("Homepage/a_Register")): Object: 'Object Repository/Homepage/a_Register' is clicked on

2023-08-01 15:19:23 - [MESSAGE][PASSED] - Object: 'Object Repository/Homepage/a_Register' is clicked on

2023-08-01 15:19:23 - [TEST_STEP][PASSED] - setText(findTestObject("Page_Bebeclub - Membership Registration/input_Nama Depan_first-name-form"), "aziza"): Text 'aziza' is set on object 'Object Repository/Page_Bebeclub - Membership Registration/input_Nama Depan_first-name-form'

2023-08-01 15:19:23 - [MESSAGE][PASSED] - Text 'aziza' is set on object 'Object Repository/Page_Bebeclub - Membership Registration/input_Nama Depan_first-name-form'

2023-08-01 15:19:23 - [TEST_STEP][PASSED] - setText(findTestObject("Page_Bebeclub - Membership Registration/input_Nama Belakang_last-name-form"), "prefix"): Text 'prefix' is set on object 'Object Repository/Page_Bebeclub - Membership Registration/input_Nama Belakang_last-name-form'

2023-08-01 15:19:24 - [MESSAGE][PASSED] - Text 'prefix' is set on object 'Object Repository/Page_Bebeclub - Membership Registration/input_Nama Belakang_last-name-form'

2023-08-01 15:19:24 - [TEST_STEP][PASSED] - randomNum = generateRandomNumber(): null

2023-08-01 15:19:24 - [TEST_STEP][PASSED] - random = new java.util.Random(): null

2023-08-01 15:19:24 - [TEST_STEP][PASSED] - lastNineDigits = String.format("%09d", random.nextInt(1000000000)): null

2023-08-01 15:19:24 - [TEST_STEP][PASSED] - randomNumber = "0898" + lastNineDigits: null

2023-08-01 15:19:24 - [TEST_STEP][PASSED] - return randomNumber: null

2023-08-01 15:19:24 - [TEST_STEP][PASSED] - setText(findTestObject("Page_Bebeclub - Membership Registration/input__number-form"), randomNum): Text '0898027600223' is set on object 'Object Repository/Page_Bebeclub - Membership Registration/input__number-form'

2023-08-01 15:19:24 - [MESSAGE][PASSED] - Text '0898027600223' is set on object 'Object Repository/Page_Bebeclub - Membership Registration/input__number-form'

2023-08-01 15:19:24 - [TEST_STEP][PASSED] - setEncryptedText(findTestObject("Page_Bebeclub - Membership Registration/input_Password_pass-form"), "iFGeFYmXIrUhQZHvW7P22w=="): Text ****** has been set on object 'Object Repository/Page_Bebeclub - Membership Registration/input_Password_pass-form'

2023-08-01 15:19:24 - [MESSAGE][PASSED] - Text ****** has been set on object 'Object Repository/Page_Bebeclub - Membership Registration/input_Password_pass-form'

2023-08-01 15:19:24 - [TEST_STEP][PASSED] - setEncryptedText(findTestObject("Page_Bebeclub - Membership Registration/input_Konfirmasi Password_konfirmasipass-form"), "iFGeFYmXIrUhQZHvW7P22w=="): Text ****** has been set on object 'Object Repository/Page_Bebeclub - Membership Registration/input_Konfirmasi Password_konfirmasipass-form'

2023-08-01 15:19:25 - [MESSAGE][PASSED] - Text ****** has been set on object 'Object Repository/Page_Bebeclub - Membership Registration/input_Konfirmasi Password_konfirmasipass-form'

2023-08-01 15:19:25 - [TEST_STEP][PASSED] - selectOptionByLabel(findTestObject("Page_Bebeclub - Membership Registration/select_Pilih Kondisi Ibu Saat Ini"), "Belum Hamil & Tidak Mempunyai Anak", false): All options with label 'Belum Hamil & Tidak Mempunyai Anak' are selected in object 'Object Repository/Page_Bebeclub - Membership Registration/select_Pilih Kondisi Ibu Saat Ini' 

2023-08-01 15:19:25 - [MESSAGE][PASSED] - All options with label 'Belum Hamil & Tidak Mempunyai Anak' are selected in object 'Object Repository/Page_Bebeclub - Membership Registration/select_Pilih Kondisi Ibu Saat Ini' 

2023-08-01 15:19:25 - [TEST_STEP][PASSED] - click(findTestObject("Page_Bebeclub - Membership Registration/button_Kirim Kode OTP")): Object: 'Object Repository/Page_Bebeclub - Membership Registration/button_Kirim Kode OTP' is clicked on

2023-08-01 15:19:25 - [MESSAGE][PASSED] - Object: 'Object Repository/Page_Bebeclub - Membership Registration/button_Kirim Kode OTP' is clicked on

2023-08-01 15:19:25 - [TEST_STEP][PASSED] - delay(4): Delayed 4 second(s)

2023-08-01 15:19:29 - [MESSAGE][PASSED] - Delayed 4 second(s)

2023-08-01 15:19:29 - [TEST_STEP][PASSED] - verifyTextPresent("Berhasil", false): Text 'Berhasil' is present on page 

2023-08-01 15:19:29 - [MESSAGE][PASSED] - Text 'Berhasil' is present on page 

2023-08-01 15:19:29 - [TEST_STEP][PASSED] - click(findTestObject("Page_Bebeclub - Membership Registration/img")): Object: 'Object Repository/Page_Bebeclub - Membership Registration/img' is clicked on

2023-08-01 15:19:29 - [MESSAGE][PASSED] - Object: 'Object Repository/Page_Bebeclub - Membership Registration/img' is clicked on]]></system-out>
         <system-err><![CDATA[]]></system-err>
      </testcase>
      <testcase name="Test Cases/REGISTER/Prefix ID/0899 TRI" time="14.254" classname="Test Cases/REGISTER/Prefix ID/0899 TRI" status="PASSED">
         <system-out><![CDATA[2023-08-01 15:19:29 - [TEST_CASE][PASSED] - Test Cases/REGISTER/Prefix ID/0899 TRI: Test Cases/REGISTER/Prefix ID/0899 TRI

2023-08-01 15:19:30 - [TEST_STEP][PASSED] - openBrowser(""): Browser is opened with url: ''

2023-08-01 15:19:30 - [MESSAGE][WARNING] - A browser is already opened. Closing browser and opening a new one

2023-08-01 15:19:30 - [MESSAGE][INFO] - Starting 'Chrome (headless)' driver

2023-08-01 15:19:30 - [MESSAGE][INFO] - Action delay is set to 0 milliseconds

2023-08-01 15:19:32 - [MESSAGE][PASSED] - Browser is opened with url: ''

2023-08-01 15:19:32 - [TEST_STEP][PASSED] - maximizeWindow(): Current window maximized

2023-08-01 15:19:32 - [MESSAGE][PASSED] - Current window maximized

2023-08-01 15:19:32 - [TEST_STEP][PASSED] - navigateToUrl("https://bebeclub.eydendigital.co.id/membership/registration"): Navigate to 'https://bebeclub.eydendigital.co.id/membership/registration' successfully

2023-08-01 15:19:36 - [MESSAGE][PASSED] - Navigate to 'https://bebeclub.eydendigital.co.id/membership/registration' successfully

2023-08-01 15:19:36 - [TEST_STEP][PASSED] - click(findTestObject("Homepage/a_Register")): Object: 'Object Repository/Homepage/a_Register' is clicked on

2023-08-01 15:19:37 - [MESSAGE][PASSED] - Object: 'Object Repository/Homepage/a_Register' is clicked on

2023-08-01 15:19:37 - [TEST_STEP][PASSED] - setText(findTestObject("Page_Bebeclub - Membership Registration/input_Nama Depan_first-name-form"), "aziza"): Text 'aziza' is set on object 'Object Repository/Page_Bebeclub - Membership Registration/input_Nama Depan_first-name-form'

2023-08-01 15:19:38 - [MESSAGE][PASSED] - Text 'aziza' is set on object 'Object Repository/Page_Bebeclub - Membership Registration/input_Nama Depan_first-name-form'

2023-08-01 15:19:38 - [TEST_STEP][PASSED] - setText(findTestObject("Page_Bebeclub - Membership Registration/input_Nama Belakang_last-name-form"), "prefix"): Text 'prefix' is set on object 'Object Repository/Page_Bebeclub - Membership Registration/input_Nama Belakang_last-name-form'

2023-08-01 15:19:38 - [MESSAGE][PASSED] - Text 'prefix' is set on object 'Object Repository/Page_Bebeclub - Membership Registration/input_Nama Belakang_last-name-form'

2023-08-01 15:19:38 - [TEST_STEP][PASSED] - randomNum = generateRandomNumber(): null

2023-08-01 15:19:38 - [TEST_STEP][PASSED] - random = new java.util.Random(): null

2023-08-01 15:19:38 - [TEST_STEP][PASSED] - lastNineDigits = String.format("%09d", random.nextInt(1000000000)): null

2023-08-01 15:19:38 - [TEST_STEP][PASSED] - randomNumber = "0899" + lastNineDigits: null

2023-08-01 15:19:38 - [TEST_STEP][PASSED] - return randomNumber: null

2023-08-01 15:19:38 - [TEST_STEP][PASSED] - setText(findTestObject("Page_Bebeclub - Membership Registration/input__number-form"), randomNum): Text '0899150452971' is set on object 'Object Repository/Page_Bebeclub - Membership Registration/input__number-form'

2023-08-01 15:19:38 - [MESSAGE][PASSED] - Text '0899150452971' is set on object 'Object Repository/Page_Bebeclub - Membership Registration/input__number-form'

2023-08-01 15:19:38 - [TEST_STEP][PASSED] - setEncryptedText(findTestObject("Page_Bebeclub - Membership Registration/input_Password_pass-form"), "iFGeFYmXIrUhQZHvW7P22w=="): Text ****** has been set on object 'Object Repository/Page_Bebeclub - Membership Registration/input_Password_pass-form'

2023-08-01 15:19:39 - [MESSAGE][PASSED] - Text ****** has been set on object 'Object Repository/Page_Bebeclub - Membership Registration/input_Password_pass-form'

2023-08-01 15:19:39 - [TEST_STEP][PASSED] - setEncryptedText(findTestObject("Page_Bebeclub - Membership Registration/input_Konfirmasi Password_konfirmasipass-form"), "iFGeFYmXIrUhQZHvW7P22w=="): Text ****** has been set on object 'Object Repository/Page_Bebeclub - Membership Registration/input_Konfirmasi Password_konfirmasipass-form'

2023-08-01 15:19:39 - [MESSAGE][PASSED] - Text ****** has been set on object 'Object Repository/Page_Bebeclub - Membership Registration/input_Konfirmasi Password_konfirmasipass-form'

2023-08-01 15:19:39 - [TEST_STEP][PASSED] - selectOptionByLabel(findTestObject("Page_Bebeclub - Membership Registration/select_Pilih Kondisi Ibu Saat Ini"), "Belum Hamil & Tidak Mempunyai Anak", false): All options with label 'Belum Hamil & Tidak Mempunyai Anak' are selected in object 'Object Repository/Page_Bebeclub - Membership Registration/select_Pilih Kondisi Ibu Saat Ini' 

2023-08-01 15:19:39 - [MESSAGE][PASSED] - All options with label 'Belum Hamil & Tidak Mempunyai Anak' are selected in object 'Object Repository/Page_Bebeclub - Membership Registration/select_Pilih Kondisi Ibu Saat Ini' 

2023-08-01 15:19:39 - [TEST_STEP][PASSED] - click(findTestObject("Page_Bebeclub - Membership Registration/button_Kirim Kode OTP")): Object: 'Object Repository/Page_Bebeclub - Membership Registration/button_Kirim Kode OTP' is clicked on

2023-08-01 15:19:39 - [MESSAGE][PASSED] - Object: 'Object Repository/Page_Bebeclub - Membership Registration/button_Kirim Kode OTP' is clicked on

2023-08-01 15:19:39 - [TEST_STEP][PASSED] - delay(4): Delayed 4 second(s)

2023-08-01 15:19:43 - [MESSAGE][PASSED] - Delayed 4 second(s)

2023-08-01 15:19:43 - [TEST_STEP][PASSED] - verifyTextPresent("Berhasil", false): Text 'Berhasil' is present on page 

2023-08-01 15:19:43 - [MESSAGE][PASSED] - Text 'Berhasil' is present on page 

2023-08-01 15:19:43 - [TEST_STEP][PASSED] - click(findTestObject("Page_Bebeclub - Membership Registration/img")): Object: 'Object Repository/Page_Bebeclub - Membership Registration/img' is clicked on

2023-08-01 15:19:44 - [MESSAGE][PASSED] - Object: 'Object Repository/Page_Bebeclub - Membership Registration/img' is clicked on]]></system-out>
         <system-err><![CDATA[]]></system-err>
      </testcase>
      <system-out><![CDATA[2023-08-01 14:49:41 - [TEST_SUITE][FAILED] - XL: Test Cases/REGISTER/Prefix ID/0817 XL FAILED.
Reason:
com.kms.katalon.core.exception.StepFailedException: Unable to navigate to 'https://bebeclub.eydendigital.co.id/membership/registration' (Root cause: com.kms.katalon.core.exception.StepFailedException: Unable to navigate to 'https://bebeclub.eydendigital.co.id/membership/registration'
	at com.kms.katalon.core.webui.keyword.internal.WebUIKeywordMain.stepFailed(WebUIKeywordMain.groovy:64)
	at com.kms.katalon.core.webui.keyword.internal.WebUIKeywordMain.runKeyword(WebUIKeywordMain.groovy:26)
	at com.kms.katalon.core.webui.keyword.builtin.NavigateToUrlKeyword.navigateToUrl(NavigateToUrlKeyword.groovy:83)
	at com.kms.katalon.core.webui.keyword.builtin.NavigateToUrlKeyword.execute(NavigateToUrlKeyword.groovy:67)
	at com.kms.katalon.core.keyword.internal.KeywordExecutor.executeKeywordForPlatform(KeywordExecutor.groovy:74)
	at com.kms.katalon.core.webui.keyword.WebUiBuiltInKeywords.navigateToUrl(WebUiBuiltInKeywords.groovy:187)
	at com.kms.katalon.core.webui.keyword.WebUiBuiltInKeywords$navigateToUrl$1.call(Unknown Source)
	at 0817 XL.run(0817 XL:25)
	at com.kms.katalon.core.main.ScriptEngine.run(ScriptEngine.java:194)
	at com.kms.katalon.core.main.ScriptEngine.runScriptAsRawText(ScriptEngine.java:119)
	at com.kms.katalon.core.main.TestCaseExecutor.runScript(TestCaseExecutor.java:448)
	at com.kms.katalon.core.main.TestCaseExecutor.doExecute(TestCaseExecutor.java:439)
	at com.kms.katalon.core.main.TestCaseExecutor.processExecutionPhase(TestCaseExecutor.java:418)
	at com.kms.katalon.core.main.TestCaseExecutor.accessMainPhase(TestCaseExecutor.java:410)
	at com.kms.katalon.core.main.TestCaseExecutor.execute(TestCaseExecutor.java:285)
	at com.kms.katalon.core.common.CommonExecutor.accessTestCaseMainPhase(CommonExecutor.java:65)
	at com.kms.katalon.core.main.TestSuiteExecutor.accessTestSuiteMainPhase(TestSuiteExecutor.java:148)
	at com.kms.katalon.core.main.TestSuiteExecutor.execute(TestSuiteExecutor.java:106)
	at com.kms.katalon.core.main.TestCaseMain.startTestSuite(TestCaseMain.java:187)
	at com.kms.katalon.core.main.TestCaseMain$startTestSuite$0.call(Unknown Source)
	at TempTestSuite1690876169937.run(TempTestSuite1690876169937.groovy:36)
Caused by: org.openqa.selenium.WebDriverException: unknown error: net::ERR_NAME_NOT_RESOLVED
  (Session info: headless chrome=115.0.5790.110)
Build info: version: '3.141.59', revision: 'e82be7d358', time: '2018-11-14T08:25:53'
System info: host: 'ZIZAH-EYD', ip: '10.10.10.204', os.name: 'Windows 10', os.arch: 'amd64', os.version: '10.0', java.version: '1.8.0_282'
Driver info: com.kms.katalon.selenium.driver.CChromeDriver
Capabilities {acceptInsecureCerts: false, browserName: chrome, browserVersion: 115.0.5790.110, chrome: {chromedriverVersion: 114.0.5735.90 (386bc09e8f4f..., userDataDir: C:\Users\SARAHN~1\AppData\L...}, goog:chromeOptions: {debuggerAddress: localhost:59688}, javascriptEnabled: true, networkConnectionEnabled: false, pageLoadStrategy: normal, platform: WINDOWS, platformName: WINDOWS, proxy: Proxy(), setWindowRect: true, strictFileInteractability: false, timeouts: {implicit: 0, pageLoad: 300000, script: 30000}, unhandledPromptBehavior: dismiss and notify, webauthn:extension:credBlob: true, webauthn:extension:largeBlob: true, webauthn:extension:minPinLength: true, webauthn:extension:prf: true, webauthn:virtualAuthenticators: true}
Session ID: 7a994167c1dd50448452de1886ee5b34
	at org.openqa.selenium.remote.http.W3CHttpResponseCodec.createException(W3CHttpResponseCodec.java:187)
	at org.openqa.selenium.remote.http.W3CHttpResponseCodec.decode(W3CHttpResponseCodec.java:122)
	at org.openqa.selenium.remote.http.W3CHttpResponseCodec.decode(W3CHttpResponseCodec.java:49)
	at org.openqa.selenium.remote.HttpCommandExecutor.execute(HttpCommandExecutor.java:158)
	at org.openqa.selenium.remote.service.DriverCommandExecutor.execute(DriverCommandExecutor.java:83)
	at org.openqa.selenium.remote.RemoteWebDriver.execute(RemoteWebDriver.java:552)
	at com.kms.katalon.selenium.driver.CChromeDriver.execute(CChromeDriver.java:19)
	at org.openqa.selenium.remote.RemoteWebDriver.get(RemoteWebDriver.java:277)
	at org.openqa.selenium.remote.RemoteWebDriver$RemoteNavigation.to(RemoteWebDriver.java:857)
	at org.openqa.selenium.support.events.EventFiringWebDriver$EventFiringNavigation.to(EventFiringWebDriver.java:569)
	at com.kms.katalon.core.webui.keyword.builtin.NavigateToUrlKeyword$_navigateToUrl_closure1.doCall(NavigateToUrlKeyword.groovy:81)
	at com.kms.katalon.core.webui.keyword.builtin.NavigateToUrlKeyword$_navigateToUrl_closure1.call(NavigateToUrlKeyword.groovy)
	at com.kms.katalon.core.webui.keyword.internal.WebUIKeywordMain.runKeyword(WebUIKeywordMain.groovy:20)
	at com.kms.katalon.core.webui.keyword.builtin.NavigateToUrlKeyword.navigateToUrl(NavigateToUrlKeyword.groovy:83)
	at com.kms.katalon.core.webui.keyword.builtin.NavigateToUrlKeyword.execute(NavigateToUrlKeyword.groovy:67)
	at com.kms.katalon.core.keyword.internal.KeywordExecutor.executeKeywordForPlatform(KeywordExecutor.groovy:74)
	at com.kms.katalon.core.webui.keyword.WebUiBuiltInKeywords.navigateToUrl(WebUiBuiltInKeywords.groovy:187)
	at com.kms.katalon.core.webui.keyword.WebUiBuiltInKeywords$navigateToUrl$1.call(Unknown Source)
	at Script1690871222353.run(Script1690871222353.groovy:25)
	... 13 more
)
	at com.kms.katalon.core.keyword.internal.KeywordMain.stepFailed(KeywordMain.groovy:39)
	at com.kms.katalon.core.webui.keyword.internal.WebUIKeywordMain.stepFailed(WebUIKeywordMain.groovy:64)
	at com.kms.katalon.core.webui.keyword.internal.WebUIKeywordMain.runKeyword(WebUIKeywordMain.groovy:26)
	at com.kms.katalon.core.webui.keyword.builtin.NavigateToUrlKeyword.navigateToUrl(NavigateToUrlKeyword.groovy:83)
	at com.kms.katalon.core.webui.keyword.builtin.NavigateToUrlKeyword.execute(NavigateToUrlKeyword.groovy:67)
	at com.kms.katalon.core.keyword.internal.KeywordExecutor.executeKeywordForPlatform(KeywordExecutor.groovy:74)
	at com.kms.katalon.core.webui.keyword.WebUiBuiltInKeywords.navigateToUrl(WebUiBuiltInKeywords.groovy:187)
	at com.kms.katalon.core.webui.keyword.WebUiBuiltInKeywords$navigateToUrl$1.call(Unknown Source)
	at 0817 XL.run(0817 XL:25)
	at com.kms.katalon.core.main.ScriptEngine.run(ScriptEngine.java:194)
	at com.kms.katalon.core.main.ScriptEngine.runScriptAsRawText(ScriptEngine.java:119)
	at com.kms.katalon.core.main.TestCaseExecutor.runScript(TestCaseExecutor.java:448)
	at com.kms.katalon.core.main.TestCaseExecutor.doExecute(TestCaseExecutor.java:439)
	at com.kms.katalon.core.main.TestCaseExecutor.processExecutionPhase(TestCaseExecutor.java:418)
	at com.kms.katalon.core.main.TestCaseExecutor.accessMainPhase(TestCaseExecutor.java:410)
	at com.kms.katalon.core.main.TestCaseExecutor.execute(TestCaseExecutor.java:285)
	at com.kms.katalon.core.common.CommonExecutor.accessTestCaseMainPhase(CommonExecutor.java:65)
	at com.kms.katalon.core.main.TestSuiteExecutor.accessTestSuiteMainPhase(TestSuiteExecutor.java:148)
	at com.kms.katalon.core.main.TestSuiteExecutor.execute(TestSuiteExecutor.java:106)
	at com.kms.katalon.core.main.TestCaseMain.startTestSuite(TestCaseMain.java:187)
	at com.kms.katalon.core.main.TestCaseMain$startTestSuite$0.call(Unknown Source)
	at TempTestSuite1690876169937.run(TempTestSuite1690876169937.groovy:36)
Caused by: com.kms.katalon.core.exception.StepFailedException: Unable to navigate to 'https://bebeclub.eydendigital.co.id/membership/registration'
	... 21 more
Caused by: org.openqa.selenium.WebDriverException: unknown error: net::ERR_NAME_NOT_RESOLVED
  (Session info: headless chrome=115.0.5790.110)
Build info: version: '3.141.59', revision: 'e82be7d358', time: '2018-11-14T08:25:53'
System info: host: 'ZIZAH-EYD', ip: '10.10.10.204', os.name: 'Windows 10', os.arch: 'amd64', os.version: '10.0', java.version: '1.8.0_282'
Driver info: com.kms.katalon.selenium.driver.CChromeDriver
Capabilities {acceptInsecureCerts: false, browserName: chrome, browserVersion: 115.0.5790.110, chrome: {chromedriverVersion: 114.0.5735.90 (386bc09e8f4f..., userDataDir: C:\Users\SARAHN~1\AppData\L...}, goog:chromeOptions: {debuggerAddress: localhost:59688}, javascriptEnabled: true, networkConnectionEnabled: false, pageLoadStrategy: normal, platform: WINDOWS, platformName: WINDOWS, proxy: Proxy(), setWindowRect: true, strictFileInteractability: false, timeouts: {implicit: 0, pageLoad: 300000, script: 30000}, unhandledPromptBehavior: dismiss and notify, webauthn:extension:credBlob: true, webauthn:extension:largeBlob: true, webauthn:extension:minPinLength: true, webauthn:extension:prf: true, webauthn:virtualAuthenticators: true}
Session ID: 7a994167c1dd50448452de1886ee5b34
	at org.openqa.selenium.remote.http.W3CHttpResponseCodec.createException(W3CHttpResponseCodec.java:187)
	at org.openqa.selenium.remote.http.W3CHttpResponseCodec.decode(W3CHttpResponseCodec.java:122)
	at org.openqa.selenium.remote.http.W3CHttpResponseCodec.decode(W3CHttpResponseCodec.java:49)
	at org.openqa.selenium.remote.HttpCommandExecutor.execute(HttpCommandExecutor.java:158)
	at org.openqa.selenium.remote.service.DriverCommandExecutor.execute(DriverCommandExecutor.java:83)
	at org.openqa.selenium.remote.RemoteWebDriver.execute(RemoteWebDriver.java:552)
	at com.kms.katalon.selenium.driver.CChromeDriver.execute(CChromeDriver.java:19)
	at org.openqa.selenium.remote.RemoteWebDriver.get(RemoteWebDriver.java:277)
	at org.openqa.selenium.remote.RemoteWebDriver$RemoteNavigation.to(RemoteWebDriver.java:857)
	at org.openqa.selenium.support.events.EventFiringWebDriver$EventFiringNavigation.to(EventFiringWebDriver.java:569)
	at com.kms.katalon.core.webui.keyword.builtin.NavigateToUrlKeyword$_navigateToUrl_closure1.doCall(NavigateToUrlKeyword.groovy:81)
	at com.kms.katalon.core.webui.keyword.builtin.NavigateToUrlKeyword$_navigateToUrl_closure1.call(NavigateToUrlKeyword.groovy)
	at com.kms.katalon.core.webui.keyword.internal.WebUIKeywordMain.runKeyword(WebUIKeywordMain.groovy:20)
	... 19 more]]></system-out>
      <system-err><![CDATA[2023-08-01 14:49:41 - [TEST_SUITE][FAILED] - XL: Test Cases/REGISTER/Prefix ID/0817 XL FAILED.
Reason:
com.kms.katalon.core.exception.StepFailedException: Unable to navigate to 'https://bebeclub.eydendigital.co.id/membership/registration' (Root cause: com.kms.katalon.core.exception.StepFailedException: Unable to navigate to 'https://bebeclub.eydendigital.co.id/membership/registration'
	at com.kms.katalon.core.webui.keyword.internal.WebUIKeywordMain.stepFailed(WebUIKeywordMain.groovy:64)
	at com.kms.katalon.core.webui.keyword.internal.WebUIKeywordMain.runKeyword(WebUIKeywordMain.groovy:26)
	at com.kms.katalon.core.webui.keyword.builtin.NavigateToUrlKeyword.navigateToUrl(NavigateToUrlKeyword.groovy:83)
	at com.kms.katalon.core.webui.keyword.builtin.NavigateToUrlKeyword.execute(NavigateToUrlKeyword.groovy:67)
	at com.kms.katalon.core.keyword.internal.KeywordExecutor.executeKeywordForPlatform(KeywordExecutor.groovy:74)
	at com.kms.katalon.core.webui.keyword.WebUiBuiltInKeywords.navigateToUrl(WebUiBuiltInKeywords.groovy:187)
	at com.kms.katalon.core.webui.keyword.WebUiBuiltInKeywords$navigateToUrl$1.call(Unknown Source)
	at 0817 XL.run(0817 XL:25)
	at com.kms.katalon.core.main.ScriptEngine.run(ScriptEngine.java:194)
	at com.kms.katalon.core.main.ScriptEngine.runScriptAsRawText(ScriptEngine.java:119)
	at com.kms.katalon.core.main.TestCaseExecutor.runScript(TestCaseExecutor.java:448)
	at com.kms.katalon.core.main.TestCaseExecutor.doExecute(TestCaseExecutor.java:439)
	at com.kms.katalon.core.main.TestCaseExecutor.processExecutionPhase(TestCaseExecutor.java:418)
	at com.kms.katalon.core.main.TestCaseExecutor.accessMainPhase(TestCaseExecutor.java:410)
	at com.kms.katalon.core.main.TestCaseExecutor.execute(TestCaseExecutor.java:285)
	at com.kms.katalon.core.common.CommonExecutor.accessTestCaseMainPhase(CommonExecutor.java:65)
	at com.kms.katalon.core.main.TestSuiteExecutor.accessTestSuiteMainPhase(TestSuiteExecutor.java:148)
	at com.kms.katalon.core.main.TestSuiteExecutor.execute(TestSuiteExecutor.java:106)
	at com.kms.katalon.core.main.TestCaseMain.startTestSuite(TestCaseMain.java:187)
	at com.kms.katalon.core.main.TestCaseMain$startTestSuite$0.call(Unknown Source)
	at TempTestSuite1690876169937.run(TempTestSuite1690876169937.groovy:36)
Caused by: org.openqa.selenium.WebDriverException: unknown error: net::ERR_NAME_NOT_RESOLVED
  (Session info: headless chrome=115.0.5790.110)
Build info: version: '3.141.59', revision: 'e82be7d358', time: '2018-11-14T08:25:53'
System info: host: 'ZIZAH-EYD', ip: '10.10.10.204', os.name: 'Windows 10', os.arch: 'amd64', os.version: '10.0', java.version: '1.8.0_282'
Driver info: com.kms.katalon.selenium.driver.CChromeDriver
Capabilities {acceptInsecureCerts: false, browserName: chrome, browserVersion: 115.0.5790.110, chrome: {chromedriverVersion: 114.0.5735.90 (386bc09e8f4f..., userDataDir: C:\Users\SARAHN~1\AppData\L...}, goog:chromeOptions: {debuggerAddress: localhost:59688}, javascriptEnabled: true, networkConnectionEnabled: false, pageLoadStrategy: normal, platform: WINDOWS, platformName: WINDOWS, proxy: Proxy(), setWindowRect: true, strictFileInteractability: false, timeouts: {implicit: 0, pageLoad: 300000, script: 30000}, unhandledPromptBehavior: dismiss and notify, webauthn:extension:credBlob: true, webauthn:extension:largeBlob: true, webauthn:extension:minPinLength: true, webauthn:extension:prf: true, webauthn:virtualAuthenticators: true}
Session ID: 7a994167c1dd50448452de1886ee5b34
	at org.openqa.selenium.remote.http.W3CHttpResponseCodec.createException(W3CHttpResponseCodec.java:187)
	at org.openqa.selenium.remote.http.W3CHttpResponseCodec.decode(W3CHttpResponseCodec.java:122)
	at org.openqa.selenium.remote.http.W3CHttpResponseCodec.decode(W3CHttpResponseCodec.java:49)
	at org.openqa.selenium.remote.HttpCommandExecutor.execute(HttpCommandExecutor.java:158)
	at org.openqa.selenium.remote.service.DriverCommandExecutor.execute(DriverCommandExecutor.java:83)
	at org.openqa.selenium.remote.RemoteWebDriver.execute(RemoteWebDriver.java:552)
	at com.kms.katalon.selenium.driver.CChromeDriver.execute(CChromeDriver.java:19)
	at org.openqa.selenium.remote.RemoteWebDriver.get(RemoteWebDriver.java:277)
	at org.openqa.selenium.remote.RemoteWebDriver$RemoteNavigation.to(RemoteWebDriver.java:857)
	at org.openqa.selenium.support.events.EventFiringWebDriver$EventFiringNavigation.to(EventFiringWebDriver.java:569)
	at com.kms.katalon.core.webui.keyword.builtin.NavigateToUrlKeyword$_navigateToUrl_closure1.doCall(NavigateToUrlKeyword.groovy:81)
	at com.kms.katalon.core.webui.keyword.builtin.NavigateToUrlKeyword$_navigateToUrl_closure1.call(NavigateToUrlKeyword.groovy)
	at com.kms.katalon.core.webui.keyword.internal.WebUIKeywordMain.runKeyword(WebUIKeywordMain.groovy:20)
	at com.kms.katalon.core.webui.keyword.builtin.NavigateToUrlKeyword.navigateToUrl(NavigateToUrlKeyword.groovy:83)
	at com.kms.katalon.core.webui.keyword.builtin.NavigateToUrlKeyword.execute(NavigateToUrlKeyword.groovy:67)
	at com.kms.katalon.core.keyword.internal.KeywordExecutor.executeKeywordForPlatform(KeywordExecutor.groovy:74)
	at com.kms.katalon.core.webui.keyword.WebUiBuiltInKeywords.navigateToUrl(WebUiBuiltInKeywords.groovy:187)
	at com.kms.katalon.core.webui.keyword.WebUiBuiltInKeywords$navigateToUrl$1.call(Unknown Source)
	at Script1690871222353.run(Script1690871222353.groovy:25)
	... 13 more
)
	at com.kms.katalon.core.keyword.internal.KeywordMain.stepFailed(KeywordMain.groovy:39)
	at com.kms.katalon.core.webui.keyword.internal.WebUIKeywordMain.stepFailed(WebUIKeywordMain.groovy:64)
	at com.kms.katalon.core.webui.keyword.internal.WebUIKeywordMain.runKeyword(WebUIKeywordMain.groovy:26)
	at com.kms.katalon.core.webui.keyword.builtin.NavigateToUrlKeyword.navigateToUrl(NavigateToUrlKeyword.groovy:83)
	at com.kms.katalon.core.webui.keyword.builtin.NavigateToUrlKeyword.execute(NavigateToUrlKeyword.groovy:67)
	at com.kms.katalon.core.keyword.internal.KeywordExecutor.executeKeywordForPlatform(KeywordExecutor.groovy:74)
	at com.kms.katalon.core.webui.keyword.WebUiBuiltInKeywords.navigateToUrl(WebUiBuiltInKeywords.groovy:187)
	at com.kms.katalon.core.webui.keyword.WebUiBuiltInKeywords$navigateToUrl$1.call(Unknown Source)
	at 0817 XL.run(0817 XL:25)
	at com.kms.katalon.core.main.ScriptEngine.run(ScriptEngine.java:194)
	at com.kms.katalon.core.main.ScriptEngine.runScriptAsRawText(ScriptEngine.java:119)
	at com.kms.katalon.core.main.TestCaseExecutor.runScript(TestCaseExecutor.java:448)
	at com.kms.katalon.core.main.TestCaseExecutor.doExecute(TestCaseExecutor.java:439)
	at com.kms.katalon.core.main.TestCaseExecutor.processExecutionPhase(TestCaseExecutor.java:418)
	at com.kms.katalon.core.main.TestCaseExecutor.accessMainPhase(TestCaseExecutor.java:410)
	at com.kms.katalon.core.main.TestCaseExecutor.execute(TestCaseExecutor.java:285)
	at com.kms.katalon.core.common.CommonExecutor.accessTestCaseMainPhase(CommonExecutor.java:65)
	at com.kms.katalon.core.main.TestSuiteExecutor.accessTestSuiteMainPhase(TestSuiteExecutor.java:148)
	at com.kms.katalon.core.main.TestSuiteExecutor.execute(TestSuiteExecutor.java:106)
	at com.kms.katalon.core.main.TestCaseMain.startTestSuite(TestCaseMain.java:187)
	at com.kms.katalon.core.main.TestCaseMain$startTestSuite$0.call(Unknown Source)
	at TempTestSuite1690876169937.run(TempTestSuite1690876169937.groovy:36)
Caused by: com.kms.katalon.core.exception.StepFailedException: Unable to navigate to 'https://bebeclub.eydendigital.co.id/membership/registration'
	... 21 more
Caused by: org.openqa.selenium.WebDriverException: unknown error: net::ERR_NAME_NOT_RESOLVED
  (Session info: headless chrome=115.0.5790.110)
Build info: version: '3.141.59', revision: 'e82be7d358', time: '2018-11-14T08:25:53'
System info: host: 'ZIZAH-EYD', ip: '10.10.10.204', os.name: 'Windows 10', os.arch: 'amd64', os.version: '10.0', java.version: '1.8.0_282'
Driver info: com.kms.katalon.selenium.driver.CChromeDriver
Capabilities {acceptInsecureCerts: false, browserName: chrome, browserVersion: 115.0.5790.110, chrome: {chromedriverVersion: 114.0.5735.90 (386bc09e8f4f..., userDataDir: C:\Users\SARAHN~1\AppData\L...}, goog:chromeOptions: {debuggerAddress: localhost:59688}, javascriptEnabled: true, networkConnectionEnabled: false, pageLoadStrategy: normal, platform: WINDOWS, platformName: WINDOWS, proxy: Proxy(), setWindowRect: true, strictFileInteractability: false, timeouts: {implicit: 0, pageLoad: 300000, script: 30000}, unhandledPromptBehavior: dismiss and notify, webauthn:extension:credBlob: true, webauthn:extension:largeBlob: true, webauthn:extension:minPinLength: true, webauthn:extension:prf: true, webauthn:virtualAuthenticators: true}
Session ID: 7a994167c1dd50448452de1886ee5b34
	at org.openqa.selenium.remote.http.W3CHttpResponseCodec.createException(W3CHttpResponseCodec.java:187)
	at org.openqa.selenium.remote.http.W3CHttpResponseCodec.decode(W3CHttpResponseCodec.java:122)
	at org.openqa.selenium.remote.http.W3CHttpResponseCodec.decode(W3CHttpResponseCodec.java:49)
	at org.openqa.selenium.remote.HttpCommandExecutor.execute(HttpCommandExecutor.java:158)
	at org.openqa.selenium.remote.service.DriverCommandExecutor.execute(DriverCommandExecutor.java:83)
	at org.openqa.selenium.remote.RemoteWebDriver.execute(RemoteWebDriver.java:552)
	at com.kms.katalon.selenium.driver.CChromeDriver.execute(CChromeDriver.java:19)
	at org.openqa.selenium.remote.RemoteWebDriver.get(RemoteWebDriver.java:277)
	at org.openqa.selenium.remote.RemoteWebDriver$RemoteNavigation.to(RemoteWebDriver.java:857)
	at org.openqa.selenium.support.events.EventFiringWebDriver$EventFiringNavigation.to(EventFiringWebDriver.java:569)
	at com.kms.katalon.core.webui.keyword.builtin.NavigateToUrlKeyword$_navigateToUrl_closure1.doCall(NavigateToUrlKeyword.groovy:81)
	at com.kms.katalon.core.webui.keyword.builtin.NavigateToUrlKeyword$_navigateToUrl_closure1.call(NavigateToUrlKeyword.groovy)
	at com.kms.katalon.core.webui.keyword.internal.WebUIKeywordMain.runKeyword(WebUIKeywordMain.groovy:20)
	... 19 more]]></system-err>
   </testsuite>
</testsuites>
