<?xml version="1.0" encoding="UTF-8"?>
<testsuites name="HALO TELKOMSEL" time="130.46" tests="8" failures="0" errors="0">
   <testsuite name="HALO TELKOMSEL" tests="8" failures="0" errors="0" time="130.46" skipped="0" timestamp="2023-08-01 13:42:05" hostname="Sarah Nur Azizah - Sarah-Magnus" id="Test Suites/HALO TELKOMSEL">
      <properties>
         <property name="deviceName" value=""/>
         <property name="devicePlatform" value=""/>
         <property name="logFolder" value="C:\\Users\\Sarah Nur Azizah\\git\\test_bebeclub_branchzizah\\Reports\\20230801_134151\\HALO TELKOMSEL\\20230801_134151"/>
         <property name="logFiles" value="C:\\Users\\Sarah Nur Azizah\\git\\test_bebeclub_branchzizah\\Reports\\20230801_134151\\HALO TELKOMSEL\\20230801_134151\\execution0.log"/>
         <property name="attachments" value=""/>
         <property name="hostName" value="Sarah Nur Azizah - Sarah-Magnus"/>
         <property name="os" value="Windows 10 64bit"/>
         <property name="katalonVersion" value="8.6.0.208"/>
         <property name="browser" value="Chrome 115.0.5790.110"/>
         <property name="hostAddress" value="10.10.10.204"/>
         <property name="sessionId" value="17b90b909b7a4e5d80401b54576cdde4"/>
         <property name="seleniumVersion" value="3.141.59"/>
         <property name="proxyInformation" value="ProxyInformation { proxyOption=NO_PROXY, proxyServerType=HTTP, username=, password=********, proxyServerAddress=, proxyServerPort=0, executionList=&quot;&quot;, isApplyToDesiredCapabilities=true }"/>
         <property name="platform" value="Windows 10"/>
      </properties>
      <testcase name="Test Cases/REGISTER/Prefix ID/0811 KARTU HALO" time="16.654" classname="Test Cases/REGISTER/Prefix ID/0811 KARTU HALO" status="PASSED">
         <system-out><![CDATA[2023-08-01 13:42:06 - [TEST_CASE][PASSED] - Test Cases/REGISTER/Prefix ID/0811 KARTU HALO: Test Cases/REGISTER/Prefix ID/0811 KARTU HALO

2023-08-01 13:42:07 - [TEST_STEP][PASSED] - openBrowser(""): Browser is opened with url: ''

2023-08-01 13:42:07 - [MESSAGE][INFO] - Starting 'Chrome (headless)' driver

2023-08-01 13:42:07 - [MESSAGE][INFO] - Action delay is set to 0 milliseconds

2023-08-01 13:42:09 - [MESSAGE][PASSED] - Browser is opened with url: ''

2023-08-01 13:42:09 - [TEST_STEP][PASSED] - maximizeWindow(): Current window maximized

2023-08-01 13:42:09 - [MESSAGE][PASSED] - Current window maximized

2023-08-01 13:42:09 - [TEST_STEP][PASSED] - navigateToUrl("https://bebeclub.eydendigital.co.id/membership/registration"): Navigate to 'https://bebeclub.eydendigital.co.id/membership/registration' successfully

2023-08-01 13:42:12 - [MESSAGE][PASSED] - Navigate to 'https://bebeclub.eydendigital.co.id/membership/registration' successfully

2023-08-01 13:42:12 - [TEST_STEP][PASSED] - click(findTestObject("Homepage/a_Register")): Object: 'Object Repository/Homepage/a_Register' is clicked on

2023-08-01 13:42:14 - [MESSAGE][PASSED] - Object: 'Object Repository/Homepage/a_Register' is clicked on

2023-08-01 13:42:14 - [TEST_STEP][PASSED] - setText(findTestObject("Page_Bebeclub - Membership Registration/input_Nama Depan_first-name-form"), "aziza"): Text 'aziza' is set on object 'Object Repository/Page_Bebeclub - Membership Registration/input_Nama Depan_first-name-form'

2023-08-01 13:42:14 - [MESSAGE][PASSED] - Text 'aziza' is set on object 'Object Repository/Page_Bebeclub - Membership Registration/input_Nama Depan_first-name-form'

2023-08-01 13:42:14 - [TEST_STEP][PASSED] - setText(findTestObject("Page_Bebeclub - Membership Registration/input_Nama Belakang_last-name-form"), "prefix"): Text 'prefix' is set on object 'Object Repository/Page_Bebeclub - Membership Registration/input_Nama Belakang_last-name-form'

2023-08-01 13:42:15 - [MESSAGE][PASSED] - Text 'prefix' is set on object 'Object Repository/Page_Bebeclub - Membership Registration/input_Nama Belakang_last-name-form'

2023-08-01 13:42:15 - [TEST_STEP][PASSED] - randomNum = generateRandomNumber(): null

2023-08-01 13:42:15 - [TEST_STEP][PASSED] - random = new java.util.Random(): null

2023-08-01 13:42:15 - [TEST_STEP][PASSED] - lastNineDigits = String.format("%09d", random.nextInt(1000000000)): null

2023-08-01 13:42:15 - [TEST_STEP][PASSED] - randomNumber = "0811" + lastNineDigits: null

2023-08-01 13:42:15 - [TEST_STEP][PASSED] - return randomNumber: null

2023-08-01 13:42:15 - [TEST_STEP][PASSED] - setText(findTestObject("Page_Bebeclub - Membership Registration/input__number-form"), randomNum): Text '0811191767521' is set on object 'Object Repository/Page_Bebeclub - Membership Registration/input__number-form'

2023-08-01 13:42:15 - [MESSAGE][PASSED] - Text '0811191767521' is set on object 'Object Repository/Page_Bebeclub - Membership Registration/input__number-form'

2023-08-01 13:42:15 - [TEST_STEP][PASSED] - setEncryptedText(findTestObject("Page_Bebeclub - Membership Registration/input_Password_pass-form"), "iFGeFYmXIrUhQZHvW7P22w=="): Text ****** has been set on object 'Object Repository/Page_Bebeclub - Membership Registration/input_Password_pass-form'

2023-08-01 13:42:15 - [MESSAGE][PASSED] - Text ****** has been set on object 'Object Repository/Page_Bebeclub - Membership Registration/input_Password_pass-form'

2023-08-01 13:42:15 - [TEST_STEP][PASSED] - setEncryptedText(findTestObject("Page_Bebeclub - Membership Registration/input_Konfirmasi Password_konfirmasipass-form"), "iFGeFYmXIrUhQZHvW7P22w=="): Text ****** has been set on object 'Object Repository/Page_Bebeclub - Membership Registration/input_Konfirmasi Password_konfirmasipass-form'

2023-08-01 13:42:15 - [MESSAGE][PASSED] - Text ****** has been set on object 'Object Repository/Page_Bebeclub - Membership Registration/input_Konfirmasi Password_konfirmasipass-form'

2023-08-01 13:42:15 - [TEST_STEP][PASSED] - selectOptionByLabel(findTestObject("Page_Bebeclub - Membership Registration/select_Pilih Kondisi Ibu Saat Ini"), "Belum Hamil & Tidak Mempunyai Anak", false): All options with label 'Belum Hamil & Tidak Mempunyai Anak' are selected in object 'Object Repository/Page_Bebeclub - Membership Registration/select_Pilih Kondisi Ibu Saat Ini' 

2023-08-01 13:42:16 - [MESSAGE][PASSED] - All options with label 'Belum Hamil & Tidak Mempunyai Anak' are selected in object 'Object Repository/Page_Bebeclub - Membership Registration/select_Pilih Kondisi Ibu Saat Ini' 

2023-08-01 13:42:16 - [TEST_STEP][PASSED] - click(findTestObject("Page_Bebeclub - Membership Registration/button_Kirim Kode OTP")): Object: 'Object Repository/Page_Bebeclub - Membership Registration/button_Kirim Kode OTP' is clicked on

2023-08-01 13:42:16 - [MESSAGE][PASSED] - Object: 'Object Repository/Page_Bebeclub - Membership Registration/button_Kirim Kode OTP' is clicked on

2023-08-01 13:42:16 - [TEST_STEP][PASSED] - delay(4): Delayed 4 second(s)

2023-08-01 13:42:20 - [MESSAGE][PASSED] - Delayed 4 second(s)

2023-08-01 13:42:20 - [TEST_STEP][PASSED] - verifyTextPresent("Berhasil", false): Text 'Berhasil' is present on page 

2023-08-01 13:42:20 - [MESSAGE][PASSED] - Text 'Berhasil' is present on page 

2023-08-01 13:42:20 - [TEST_STEP][PASSED] - click(findTestObject("Page_Bebeclub - Membership Registration/img")): Object: 'Object Repository/Page_Bebeclub - Membership Registration/img' is clicked on

2023-08-01 13:42:20 - [MESSAGE][PASSED] - Object: 'Object Repository/Page_Bebeclub - Membership Registration/img' is clicked on

2023-08-01 13:42:22 - [TEST_STEP][PASSED] - Video: Video recording for test case 'Test Cases/REGISTER/Prefix ID/0811 KARTU HALO' .

2023-08-01 13:42:22 - [MESSAGE][INFO] - Video recording for test case 'Test Cases/REGISTER/Prefix ID/0811 KARTU HALO' .]]></system-out>
         <system-err><![CDATA[]]></system-err>
      </testcase>
      <testcase name="Test Cases/REGISTER/Prefix ID/0812 TELKOMSEL" time="13.655" classname="Test Cases/REGISTER/Prefix ID/0812 TELKOMSEL" status="PASSED">
         <system-out><![CDATA[2023-08-01 13:42:22 - [TEST_CASE][PASSED] - Test Cases/REGISTER/Prefix ID/0812 TELKOMSEL: Test Cases/REGISTER/Prefix ID/0812 TELKOMSEL

2023-08-01 13:42:23 - [TEST_STEP][PASSED] - openBrowser(""): Browser is opened with url: ''

2023-08-01 13:42:23 - [MESSAGE][WARNING] - A browser is already opened. Closing browser and opening a new one

2023-08-01 13:42:23 - [MESSAGE][INFO] - Starting 'Chrome (headless)' driver

2023-08-01 13:42:23 - [MESSAGE][INFO] - Action delay is set to 0 milliseconds

2023-08-01 13:42:25 - [MESSAGE][PASSED] - Browser is opened with url: ''

2023-08-01 13:42:25 - [TEST_STEP][PASSED] - maximizeWindow(): Current window maximized

2023-08-01 13:42:25 - [MESSAGE][PASSED] - Current window maximized

2023-08-01 13:42:25 - [TEST_STEP][PASSED] - navigateToUrl("https://bebeclub.eydendigital.co.id/membership/registration"): Navigate to 'https://bebeclub.eydendigital.co.id/membership/registration' successfully

2023-08-01 13:42:27 - [MESSAGE][PASSED] - Navigate to 'https://bebeclub.eydendigital.co.id/membership/registration' successfully

2023-08-01 13:42:27 - [TEST_STEP][PASSED] - click(findTestObject("Homepage/a_Register")): Object: 'Object Repository/Homepage/a_Register' is clicked on

2023-08-01 13:42:28 - [MESSAGE][PASSED] - Object: 'Object Repository/Homepage/a_Register' is clicked on

2023-08-01 13:42:28 - [TEST_STEP][PASSED] - setText(findTestObject("Page_Bebeclub - Membership Registration/input_Nama Depan_first-name-form"), "aziza"): Text 'aziza' is set on object 'Object Repository/Page_Bebeclub - Membership Registration/input_Nama Depan_first-name-form'

2023-08-01 13:42:28 - [MESSAGE][PASSED] - Text 'aziza' is set on object 'Object Repository/Page_Bebeclub - Membership Registration/input_Nama Depan_first-name-form'

2023-08-01 13:42:28 - [TEST_STEP][PASSED] - setText(findTestObject("Page_Bebeclub - Membership Registration/input_Nama Belakang_last-name-form"), "prefix"): Text 'prefix' is set on object 'Object Repository/Page_Bebeclub - Membership Registration/input_Nama Belakang_last-name-form'

2023-08-01 13:42:29 - [MESSAGE][PASSED] - Text 'prefix' is set on object 'Object Repository/Page_Bebeclub - Membership Registration/input_Nama Belakang_last-name-form'

2023-08-01 13:42:29 - [TEST_STEP][PASSED] - randomNum = generateRandomNumber(): null

2023-08-01 13:42:29 - [TEST_STEP][PASSED] - random = new java.util.Random(): null

2023-08-01 13:42:29 - [TEST_STEP][PASSED] - lastNineDigits = String.format("%09d", random.nextInt(1000000000)): null

2023-08-01 13:42:29 - [TEST_STEP][PASSED] - randomNumber = "0812" + lastNineDigits: null

2023-08-01 13:42:29 - [TEST_STEP][PASSED] - return randomNumber: null

2023-08-01 13:42:29 - [TEST_STEP][PASSED] - setText(findTestObject("Page_Bebeclub - Membership Registration/input__number-form"), randomNum): Text '0812795892116' is set on object 'Object Repository/Page_Bebeclub - Membership Registration/input__number-form'

2023-08-01 13:42:29 - [MESSAGE][PASSED] - Text '0812795892116' is set on object 'Object Repository/Page_Bebeclub - Membership Registration/input__number-form'

2023-08-01 13:42:29 - [TEST_STEP][PASSED] - setEncryptedText(findTestObject("Page_Bebeclub - Membership Registration/input_Password_pass-form"), "iFGeFYmXIrUhQZHvW7P22w=="): Text ****** has been set on object 'Object Repository/Page_Bebeclub - Membership Registration/input_Password_pass-form'

2023-08-01 13:42:29 - [MESSAGE][PASSED] - Text ****** has been set on object 'Object Repository/Page_Bebeclub - Membership Registration/input_Password_pass-form'

2023-08-01 13:42:29 - [TEST_STEP][PASSED] - setEncryptedText(findTestObject("Page_Bebeclub - Membership Registration/input_Konfirmasi Password_konfirmasipass-form"), "iFGeFYmXIrUhQZHvW7P22w=="): Text ****** has been set on object 'Object Repository/Page_Bebeclub - Membership Registration/input_Konfirmasi Password_konfirmasipass-form'

2023-08-01 13:42:29 - [MESSAGE][PASSED] - Text ****** has been set on object 'Object Repository/Page_Bebeclub - Membership Registration/input_Konfirmasi Password_konfirmasipass-form'

2023-08-01 13:42:29 - [TEST_STEP][PASSED] - selectOptionByLabel(findTestObject("Page_Bebeclub - Membership Registration/select_Pilih Kondisi Ibu Saat Ini"), "Belum Hamil & Tidak Mempunyai Anak", false): All options with label 'Belum Hamil & Tidak Mempunyai Anak' are selected in object 'Object Repository/Page_Bebeclub - Membership Registration/select_Pilih Kondisi Ibu Saat Ini' 

2023-08-01 13:42:29 - [MESSAGE][PASSED] - All options with label 'Belum Hamil & Tidak Mempunyai Anak' are selected in object 'Object Repository/Page_Bebeclub - Membership Registration/select_Pilih Kondisi Ibu Saat Ini' 

2023-08-01 13:42:29 - [TEST_STEP][PASSED] - click(findTestObject("Page_Bebeclub - Membership Registration/button_Kirim Kode OTP")): Object: 'Object Repository/Page_Bebeclub - Membership Registration/button_Kirim Kode OTP' is clicked on

2023-08-01 13:42:30 - [MESSAGE][PASSED] - Object: 'Object Repository/Page_Bebeclub - Membership Registration/button_Kirim Kode OTP' is clicked on

2023-08-01 13:42:30 - [TEST_STEP][PASSED] - delay(4): Delayed 4 second(s)

2023-08-01 13:42:34 - [MESSAGE][PASSED] - Delayed 4 second(s)

2023-08-01 13:42:34 - [TEST_STEP][PASSED] - verifyTextPresent("Berhasil", false): Text 'Berhasil' is present on page 

2023-08-01 13:42:34 - [MESSAGE][PASSED] - Text 'Berhasil' is present on page 

2023-08-01 13:42:34 - [TEST_STEP][PASSED] - click(findTestObject("Page_Bebeclub - Membership Registration/img")): Object: 'Object Repository/Page_Bebeclub - Membership Registration/img' is clicked on

2023-08-01 13:42:34 - [MESSAGE][PASSED] - Object: 'Object Repository/Page_Bebeclub - Membership Registration/img' is clicked on

2023-08-01 13:42:36 - [TEST_STEP][PASSED] - Video: Video recording for test case 'Test Cases/REGISTER/Prefix ID/0812 TELKOMSEL' .

2023-08-01 13:42:36 - [MESSAGE][INFO] - Video recording for test case 'Test Cases/REGISTER/Prefix ID/0812 TELKOMSEL' .]]></system-out>
         <system-err><![CDATA[]]></system-err>
      </testcase>
      <testcase name="Test Cases/REGISTER/Prefix ID/0813 TELKOMSEL" time="22.921" classname="Test Cases/REGISTER/Prefix ID/0813 TELKOMSEL" status="PASSED">
         <system-out><![CDATA[2023-08-01 13:42:36 - [TEST_CASE][PASSED] - Test Cases/REGISTER/Prefix ID/0813 TELKOMSEL: Test Cases/REGISTER/Prefix ID/0813 TELKOMSEL

2023-08-01 13:42:36 - [TEST_STEP][PASSED] - openBrowser(""): Browser is opened with url: ''

2023-08-01 13:42:36 - [MESSAGE][WARNING] - A browser is already opened. Closing browser and opening a new one

2023-08-01 13:42:37 - [MESSAGE][INFO] - Starting 'Chrome (headless)' driver

2023-08-01 13:42:37 - [MESSAGE][INFO] - Action delay is set to 0 milliseconds

2023-08-01 13:42:38 - [MESSAGE][PASSED] - Browser is opened with url: ''

2023-08-01 13:42:38 - [TEST_STEP][PASSED] - maximizeWindow(): Current window maximized

2023-08-01 13:42:38 - [MESSAGE][PASSED] - Current window maximized

2023-08-01 13:42:38 - [TEST_STEP][PASSED] - navigateToUrl("https://bebeclub.eydendigital.co.id/membership/registration"): Navigate to 'https://bebeclub.eydendigital.co.id/membership/registration' successfully

2023-08-01 13:42:50 - [MESSAGE][PASSED] - Navigate to 'https://bebeclub.eydendigital.co.id/membership/registration' successfully

2023-08-01 13:42:50 - [TEST_STEP][PASSED] - click(findTestObject("Homepage/a_Register")): Object: 'Object Repository/Homepage/a_Register' is clicked on

2023-08-01 13:42:51 - [MESSAGE][PASSED] - Object: 'Object Repository/Homepage/a_Register' is clicked on

2023-08-01 13:42:51 - [TEST_STEP][PASSED] - setText(findTestObject("Page_Bebeclub - Membership Registration/input_Nama Depan_first-name-form"), "aziza"): Text 'aziza' is set on object 'Object Repository/Page_Bebeclub - Membership Registration/input_Nama Depan_first-name-form'

2023-08-01 13:42:51 - [MESSAGE][PASSED] - Text 'aziza' is set on object 'Object Repository/Page_Bebeclub - Membership Registration/input_Nama Depan_first-name-form'

2023-08-01 13:42:51 - [TEST_STEP][PASSED] - setText(findTestObject("Page_Bebeclub - Membership Registration/input_Nama Belakang_last-name-form"), "prefix"): Text 'prefix' is set on object 'Object Repository/Page_Bebeclub - Membership Registration/input_Nama Belakang_last-name-form'

2023-08-01 13:42:51 - [MESSAGE][PASSED] - Text 'prefix' is set on object 'Object Repository/Page_Bebeclub - Membership Registration/input_Nama Belakang_last-name-form'

2023-08-01 13:42:51 - [TEST_STEP][PASSED] - randomNum = generateRandomNumber(): null

2023-08-01 13:42:51 - [TEST_STEP][PASSED] - random = new java.util.Random(): null

2023-08-01 13:42:51 - [TEST_STEP][PASSED] - lastNineDigits = String.format("%09d", random.nextInt(1000000000)): null

2023-08-01 13:42:51 - [TEST_STEP][PASSED] - randomNumber = "0813" + lastNineDigits: null

2023-08-01 13:42:51 - [TEST_STEP][PASSED] - return randomNumber: null

2023-08-01 13:42:51 - [TEST_STEP][PASSED] - setText(findTestObject("Page_Bebeclub - Membership Registration/input__number-form"), randomNum): Text '0813151045605' is set on object 'Object Repository/Page_Bebeclub - Membership Registration/input__number-form'

2023-08-01 13:42:52 - [MESSAGE][PASSED] - Text '0813151045605' is set on object 'Object Repository/Page_Bebeclub - Membership Registration/input__number-form'

2023-08-01 13:42:52 - [TEST_STEP][PASSED] - setEncryptedText(findTestObject("Page_Bebeclub - Membership Registration/input_Password_pass-form"), "iFGeFYmXIrUhQZHvW7P22w=="): Text ****** has been set on object 'Object Repository/Page_Bebeclub - Membership Registration/input_Password_pass-form'

2023-08-01 13:42:52 - [MESSAGE][PASSED] - Text ****** has been set on object 'Object Repository/Page_Bebeclub - Membership Registration/input_Password_pass-form'

2023-08-01 13:42:52 - [TEST_STEP][PASSED] - setEncryptedText(findTestObject("Page_Bebeclub - Membership Registration/input_Konfirmasi Password_konfirmasipass-form"), "iFGeFYmXIrUhQZHvW7P22w=="): Text ****** has been set on object 'Object Repository/Page_Bebeclub - Membership Registration/input_Konfirmasi Password_konfirmasipass-form'

2023-08-01 13:42:52 - [MESSAGE][PASSED] - Text ****** has been set on object 'Object Repository/Page_Bebeclub - Membership Registration/input_Konfirmasi Password_konfirmasipass-form'

2023-08-01 13:42:52 - [TEST_STEP][PASSED] - selectOptionByLabel(findTestObject("Page_Bebeclub - Membership Registration/select_Pilih Kondisi Ibu Saat Ini"), "Belum Hamil & Tidak Mempunyai Anak", false): All options with label 'Belum Hamil & Tidak Mempunyai Anak' are selected in object 'Object Repository/Page_Bebeclub - Membership Registration/select_Pilih Kondisi Ibu Saat Ini' 

2023-08-01 13:42:52 - [MESSAGE][PASSED] - All options with label 'Belum Hamil & Tidak Mempunyai Anak' are selected in object 'Object Repository/Page_Bebeclub - Membership Registration/select_Pilih Kondisi Ibu Saat Ini' 

2023-08-01 13:42:52 - [TEST_STEP][PASSED] - click(findTestObject("Page_Bebeclub - Membership Registration/button_Kirim Kode OTP")): Object: 'Object Repository/Page_Bebeclub - Membership Registration/button_Kirim Kode OTP' is clicked on

2023-08-01 13:42:52 - [MESSAGE][PASSED] - Object: 'Object Repository/Page_Bebeclub - Membership Registration/button_Kirim Kode OTP' is clicked on

2023-08-01 13:42:52 - [TEST_STEP][PASSED] - delay(4): Delayed 4 second(s)

2023-08-01 13:42:56 - [MESSAGE][PASSED] - Delayed 4 second(s)

2023-08-01 13:42:56 - [TEST_STEP][PASSED] - verifyTextPresent("Berhasil", false): Text 'Berhasil' is present on page 

2023-08-01 13:42:57 - [MESSAGE][PASSED] - Text 'Berhasil' is present on page 

2023-08-01 13:42:57 - [TEST_STEP][PASSED] - click(findTestObject("Page_Bebeclub - Membership Registration/img")): Object: 'Object Repository/Page_Bebeclub - Membership Registration/img' is clicked on

2023-08-01 13:42:57 - [MESSAGE][PASSED] - Object: 'Object Repository/Page_Bebeclub - Membership Registration/img' is clicked on

2023-08-01 13:42:59 - [TEST_STEP][PASSED] - Video: Video recording for test case 'Test Cases/REGISTER/Prefix ID/0813 TELKOMSEL' .

2023-08-01 13:42:59 - [MESSAGE][INFO] - Video recording for test case 'Test Cases/REGISTER/Prefix ID/0813 TELKOMSEL' .]]></system-out>
         <system-err><![CDATA[]]></system-err>
      </testcase>
      <testcase name="Test Cases/REGISTER/Prefix ID/0821 SIMPATI" time="19.763" classname="Test Cases/REGISTER/Prefix ID/0821 SIMPATI" status="PASSED">
         <system-out><![CDATA[2023-08-01 13:42:59 - [TEST_CASE][PASSED] - Test Cases/REGISTER/Prefix ID/0821 SIMPATI: Test Cases/REGISTER/Prefix ID/0821 SIMPATI

2023-08-01 13:42:59 - [TEST_STEP][PASSED] - openBrowser(""): Browser is opened with url: ''

2023-08-01 13:42:59 - [MESSAGE][WARNING] - A browser is already opened. Closing browser and opening a new one

2023-08-01 13:43:00 - [MESSAGE][INFO] - Starting 'Chrome (headless)' driver

2023-08-01 13:43:00 - [MESSAGE][INFO] - Action delay is set to 0 milliseconds

2023-08-01 13:43:01 - [MESSAGE][PASSED] - Browser is opened with url: ''

2023-08-01 13:43:01 - [TEST_STEP][PASSED] - maximizeWindow(): Current window maximized

2023-08-01 13:43:01 - [MESSAGE][PASSED] - Current window maximized

2023-08-01 13:43:01 - [TEST_STEP][PASSED] - navigateToUrl("https://bebeclub.eydendigital.co.id/membership/registration"): Navigate to 'https://bebeclub.eydendigital.co.id/membership/registration' successfully

2023-08-01 13:43:10 - [MESSAGE][PASSED] - Navigate to 'https://bebeclub.eydendigital.co.id/membership/registration' successfully

2023-08-01 13:43:10 - [TEST_STEP][PASSED] - click(findTestObject("Homepage/a_Register")): Object: 'Object Repository/Homepage/a_Register' is clicked on

2023-08-01 13:43:10 - [MESSAGE][PASSED] - Object: 'Object Repository/Homepage/a_Register' is clicked on

2023-08-01 13:43:10 - [TEST_STEP][PASSED] - setText(findTestObject("Page_Bebeclub - Membership Registration/input_Nama Depan_first-name-form"), "aziza"): Text 'aziza' is set on object 'Object Repository/Page_Bebeclub - Membership Registration/input_Nama Depan_first-name-form'

2023-08-01 13:43:11 - [MESSAGE][PASSED] - Text 'aziza' is set on object 'Object Repository/Page_Bebeclub - Membership Registration/input_Nama Depan_first-name-form'

2023-08-01 13:43:11 - [TEST_STEP][PASSED] - setText(findTestObject("Page_Bebeclub - Membership Registration/input_Nama Belakang_last-name-form"), "prefix"): Text 'prefix' is set on object 'Object Repository/Page_Bebeclub - Membership Registration/input_Nama Belakang_last-name-form'

2023-08-01 13:43:11 - [MESSAGE][PASSED] - Text 'prefix' is set on object 'Object Repository/Page_Bebeclub - Membership Registration/input_Nama Belakang_last-name-form'

2023-08-01 13:43:11 - [TEST_STEP][PASSED] - randomNum = generateRandomNumber(): null

2023-08-01 13:43:11 - [TEST_STEP][PASSED] - random = new java.util.Random(): null

2023-08-01 13:43:11 - [TEST_STEP][PASSED] - lastNineDigits = String.format("%09d", random.nextInt(1000000000)): null

2023-08-01 13:43:11 - [TEST_STEP][PASSED] - randomNumber = "0821" + lastNineDigits: null

2023-08-01 13:43:11 - [TEST_STEP][PASSED] - return randomNumber: null

2023-08-01 13:43:11 - [TEST_STEP][PASSED] - setText(findTestObject("Page_Bebeclub - Membership Registration/input__number-form"), randomNum): Text '0821835994045' is set on object 'Object Repository/Page_Bebeclub - Membership Registration/input__number-form'

2023-08-01 13:43:11 - [MESSAGE][PASSED] - Text '0821835994045' is set on object 'Object Repository/Page_Bebeclub - Membership Registration/input__number-form'

2023-08-01 13:43:11 - [TEST_STEP][PASSED] - setEncryptedText(findTestObject("Page_Bebeclub - Membership Registration/input_Password_pass-form"), "iFGeFYmXIrUhQZHvW7P22w=="): Text ****** has been set on object 'Object Repository/Page_Bebeclub - Membership Registration/input_Password_pass-form'

2023-08-01 13:43:12 - [MESSAGE][PASSED] - Text ****** has been set on object 'Object Repository/Page_Bebeclub - Membership Registration/input_Password_pass-form'

2023-08-01 13:43:12 - [TEST_STEP][PASSED] - setEncryptedText(findTestObject("Page_Bebeclub - Membership Registration/input_Konfirmasi Password_konfirmasipass-form"), "iFGeFYmXIrUhQZHvW7P22w=="): Text ****** has been set on object 'Object Repository/Page_Bebeclub - Membership Registration/input_Konfirmasi Password_konfirmasipass-form'

2023-08-01 13:43:12 - [MESSAGE][PASSED] - Text ****** has been set on object 'Object Repository/Page_Bebeclub - Membership Registration/input_Konfirmasi Password_konfirmasipass-form'

2023-08-01 13:43:12 - [TEST_STEP][PASSED] - selectOptionByLabel(findTestObject("Page_Bebeclub - Membership Registration/select_Pilih Kondisi Ibu Saat Ini"), "Belum Hamil & Tidak Mempunyai Anak", false): All options with label 'Belum Hamil & Tidak Mempunyai Anak' are selected in object 'Object Repository/Page_Bebeclub - Membership Registration/select_Pilih Kondisi Ibu Saat Ini' 

2023-08-01 13:43:12 - [MESSAGE][PASSED] - All options with label 'Belum Hamil & Tidak Mempunyai Anak' are selected in object 'Object Repository/Page_Bebeclub - Membership Registration/select_Pilih Kondisi Ibu Saat Ini' 

2023-08-01 13:43:12 - [TEST_STEP][PASSED] - click(findTestObject("Page_Bebeclub - Membership Registration/button_Kirim Kode OTP")): Object: 'Object Repository/Page_Bebeclub - Membership Registration/button_Kirim Kode OTP' is clicked on

2023-08-01 13:43:12 - [MESSAGE][PASSED] - Object: 'Object Repository/Page_Bebeclub - Membership Registration/button_Kirim Kode OTP' is clicked on

2023-08-01 13:43:12 - [TEST_STEP][PASSED] - delay(4): Delayed 4 second(s)

2023-08-01 13:43:16 - [MESSAGE][PASSED] - Delayed 4 second(s)

2023-08-01 13:43:16 - [TEST_STEP][PASSED] - verifyTextPresent("Berhasil", false): Text 'Berhasil' is present on page 

2023-08-01 13:43:16 - [MESSAGE][PASSED] - Text 'Berhasil' is present on page 

2023-08-01 13:43:16 - [TEST_STEP][PASSED] - click(findTestObject("Page_Bebeclub - Membership Registration/img")): Object: 'Object Repository/Page_Bebeclub - Membership Registration/img' is clicked on

2023-08-01 13:43:17 - [MESSAGE][PASSED] - Object: 'Object Repository/Page_Bebeclub - Membership Registration/img' is clicked on

2023-08-01 13:43:19 - [TEST_STEP][PASSED] - Video: Video recording for test case 'Test Cases/REGISTER/Prefix ID/0821 SIMPATI' .

2023-08-01 13:43:19 - [MESSAGE][INFO] - Video recording for test case 'Test Cases/REGISTER/Prefix ID/0821 SIMPATI' .]]></system-out>
         <system-err><![CDATA[]]></system-err>
      </testcase>
      <testcase name="Test Cases/REGISTER/Prefix ID/0822 SIMPATI" time="14.538" classname="Test Cases/REGISTER/Prefix ID/0822 SIMPATI" status="PASSED">
         <system-out><![CDATA[2023-08-01 13:43:19 - [TEST_CASE][PASSED] - Test Cases/REGISTER/Prefix ID/0822 SIMPATI: Test Cases/REGISTER/Prefix ID/0822 SIMPATI

2023-08-01 13:43:19 - [TEST_STEP][PASSED] - openBrowser(""): Browser is opened with url: ''

2023-08-01 13:43:19 - [MESSAGE][WARNING] - A browser is already opened. Closing browser and opening a new one

2023-08-01 13:43:20 - [MESSAGE][INFO] - Starting 'Chrome (headless)' driver

2023-08-01 13:43:20 - [MESSAGE][INFO] - Action delay is set to 0 milliseconds

2023-08-01 13:43:21 - [MESSAGE][PASSED] - Browser is opened with url: ''

2023-08-01 13:43:21 - [TEST_STEP][PASSED] - maximizeWindow(): Current window maximized

2023-08-01 13:43:21 - [MESSAGE][PASSED] - Current window maximized

2023-08-01 13:43:21 - [TEST_STEP][PASSED] - navigateToUrl("https://bebeclub.eydendigital.co.id/membership/registration"): Navigate to 'https://bebeclub.eydendigital.co.id/membership/registration' successfully

2023-08-01 13:43:24 - [MESSAGE][PASSED] - Navigate to 'https://bebeclub.eydendigital.co.id/membership/registration' successfully

2023-08-01 13:43:24 - [TEST_STEP][PASSED] - click(findTestObject("Homepage/a_Register")): Object: 'Object Repository/Homepage/a_Register' is clicked on

2023-08-01 13:43:25 - [MESSAGE][PASSED] - Object: 'Object Repository/Homepage/a_Register' is clicked on

2023-08-01 13:43:25 - [TEST_STEP][PASSED] - setText(findTestObject("Page_Bebeclub - Membership Registration/input_Nama Depan_first-name-form"), "aziza"): Text 'aziza' is set on object 'Object Repository/Page_Bebeclub - Membership Registration/input_Nama Depan_first-name-form'

2023-08-01 13:43:26 - [MESSAGE][PASSED] - Text 'aziza' is set on object 'Object Repository/Page_Bebeclub - Membership Registration/input_Nama Depan_first-name-form'

2023-08-01 13:43:26 - [TEST_STEP][PASSED] - setText(findTestObject("Page_Bebeclub - Membership Registration/input_Nama Belakang_last-name-form"), "prefix"): Text 'prefix' is set on object 'Object Repository/Page_Bebeclub - Membership Registration/input_Nama Belakang_last-name-form'

2023-08-01 13:43:26 - [MESSAGE][PASSED] - Text 'prefix' is set on object 'Object Repository/Page_Bebeclub - Membership Registration/input_Nama Belakang_last-name-form'

2023-08-01 13:43:26 - [TEST_STEP][PASSED] - randomNum = generateRandomNumber(): null

2023-08-01 13:43:26 - [TEST_STEP][PASSED] - random = new java.util.Random(): null

2023-08-01 13:43:26 - [TEST_STEP][PASSED] - lastNineDigits = String.format("%09d", random.nextInt(1000000000)): null

2023-08-01 13:43:26 - [TEST_STEP][PASSED] - randomNumber = "0822" + lastNineDigits: null

2023-08-01 13:43:26 - [TEST_STEP][PASSED] - return randomNumber: null

2023-08-01 13:43:26 - [TEST_STEP][PASSED] - setText(findTestObject("Page_Bebeclub - Membership Registration/input__number-form"), randomNum): Text '0822112222610' is set on object 'Object Repository/Page_Bebeclub - Membership Registration/input__number-form'

2023-08-01 13:43:26 - [MESSAGE][PASSED] - Text '0822112222610' is set on object 'Object Repository/Page_Bebeclub - Membership Registration/input__number-form'

2023-08-01 13:43:26 - [TEST_STEP][PASSED] - setEncryptedText(findTestObject("Page_Bebeclub - Membership Registration/input_Password_pass-form"), "iFGeFYmXIrUhQZHvW7P22w=="): Text ****** has been set on object 'Object Repository/Page_Bebeclub - Membership Registration/input_Password_pass-form'

2023-08-01 13:43:26 - [MESSAGE][PASSED] - Text ****** has been set on object 'Object Repository/Page_Bebeclub - Membership Registration/input_Password_pass-form'

2023-08-01 13:43:26 - [TEST_STEP][PASSED] - setEncryptedText(findTestObject("Page_Bebeclub - Membership Registration/input_Konfirmasi Password_konfirmasipass-form"), "iFGeFYmXIrUhQZHvW7P22w=="): Text ****** has been set on object 'Object Repository/Page_Bebeclub - Membership Registration/input_Konfirmasi Password_konfirmasipass-form'

2023-08-01 13:43:26 - [MESSAGE][PASSED] - Text ****** has been set on object 'Object Repository/Page_Bebeclub - Membership Registration/input_Konfirmasi Password_konfirmasipass-form'

2023-08-01 13:43:26 - [TEST_STEP][PASSED] - selectOptionByLabel(findTestObject("Page_Bebeclub - Membership Registration/select_Pilih Kondisi Ibu Saat Ini"), "Belum Hamil & Tidak Mempunyai Anak", false): All options with label 'Belum Hamil & Tidak Mempunyai Anak' are selected in object 'Object Repository/Page_Bebeclub - Membership Registration/select_Pilih Kondisi Ibu Saat Ini' 

2023-08-01 13:43:27 - [MESSAGE][PASSED] - All options with label 'Belum Hamil & Tidak Mempunyai Anak' are selected in object 'Object Repository/Page_Bebeclub - Membership Registration/select_Pilih Kondisi Ibu Saat Ini' 

2023-08-01 13:43:27 - [TEST_STEP][PASSED] - click(findTestObject("Page_Bebeclub - Membership Registration/button_Kirim Kode OTP")): Object: 'Object Repository/Page_Bebeclub - Membership Registration/button_Kirim Kode OTP' is clicked on

2023-08-01 13:43:27 - [MESSAGE][PASSED] - Object: 'Object Repository/Page_Bebeclub - Membership Registration/button_Kirim Kode OTP' is clicked on

2023-08-01 13:43:27 - [TEST_STEP][PASSED] - delay(4): Delayed 4 second(s)

2023-08-01 13:43:31 - [MESSAGE][PASSED] - Delayed 4 second(s)

2023-08-01 13:43:31 - [TEST_STEP][PASSED] - verifyTextPresent("Berhasil", false): Text 'Berhasil' is present on page 

2023-08-01 13:43:31 - [MESSAGE][PASSED] - Text 'Berhasil' is present on page 

2023-08-01 13:43:31 - [TEST_STEP][PASSED] - click(findTestObject("Page_Bebeclub - Membership Registration/img")): Object: 'Object Repository/Page_Bebeclub - Membership Registration/img' is clicked on

2023-08-01 13:43:31 - [MESSAGE][PASSED] - Object: 'Object Repository/Page_Bebeclub - Membership Registration/img' is clicked on

2023-08-01 13:43:33 - [TEST_STEP][PASSED] - Video: Video recording for test case 'Test Cases/REGISTER/Prefix ID/0822 SIMPATI' .

2023-08-01 13:43:33 - [MESSAGE][INFO] - Video recording for test case 'Test Cases/REGISTER/Prefix ID/0822 SIMPATI' .]]></system-out>
         <system-err><![CDATA[]]></system-err>
      </testcase>
      <testcase name="Test Cases/REGISTER/Prefix ID/0823 SIMPATI" time="16.594" classname="Test Cases/REGISTER/Prefix ID/0823 SIMPATI" status="PASSED">
         <system-out><![CDATA[2023-08-01 13:43:33 - [TEST_CASE][PASSED] - Test Cases/REGISTER/Prefix ID/0823 SIMPATI: Test Cases/REGISTER/Prefix ID/0823 SIMPATI

2023-08-01 13:43:34 - [TEST_STEP][PASSED] - openBrowser(""): Browser is opened with url: ''

2023-08-01 13:43:34 - [MESSAGE][WARNING] - A browser is already opened. Closing browser and opening a new one

2023-08-01 13:43:34 - [MESSAGE][INFO] - Starting 'Chrome (headless)' driver

2023-08-01 13:43:34 - [MESSAGE][INFO] - Action delay is set to 0 milliseconds

2023-08-01 13:43:35 - [MESSAGE][PASSED] - Browser is opened with url: ''

2023-08-01 13:43:35 - [TEST_STEP][PASSED] - maximizeWindow(): Current window maximized

2023-08-01 13:43:35 - [MESSAGE][PASSED] - Current window maximized

2023-08-01 13:43:35 - [TEST_STEP][PASSED] - navigateToUrl("https://bebeclub.eydendigital.co.id/membership/registration"): Navigate to 'https://bebeclub.eydendigital.co.id/membership/registration' successfully

2023-08-01 13:43:40 - [MESSAGE][PASSED] - Navigate to 'https://bebeclub.eydendigital.co.id/membership/registration' successfully

2023-08-01 13:43:40 - [TEST_STEP][PASSED] - click(findTestObject("Homepage/a_Register")): Object: 'Object Repository/Homepage/a_Register' is clicked on

2023-08-01 13:43:41 - [MESSAGE][PASSED] - Object: 'Object Repository/Homepage/a_Register' is clicked on

2023-08-01 13:43:41 - [TEST_STEP][PASSED] - setText(findTestObject("Page_Bebeclub - Membership Registration/input_Nama Depan_first-name-form"), "aziza"): Text 'aziza' is set on object 'Object Repository/Page_Bebeclub - Membership Registration/input_Nama Depan_first-name-form'

2023-08-01 13:43:42 - [MESSAGE][PASSED] - Text 'aziza' is set on object 'Object Repository/Page_Bebeclub - Membership Registration/input_Nama Depan_first-name-form'

2023-08-01 13:43:42 - [TEST_STEP][PASSED] - setText(findTestObject("Page_Bebeclub - Membership Registration/input_Nama Belakang_last-name-form"), "prefix"): Text 'prefix' is set on object 'Object Repository/Page_Bebeclub - Membership Registration/input_Nama Belakang_last-name-form'

2023-08-01 13:43:42 - [MESSAGE][PASSED] - Text 'prefix' is set on object 'Object Repository/Page_Bebeclub - Membership Registration/input_Nama Belakang_last-name-form'

2023-08-01 13:43:42 - [TEST_STEP][PASSED] - randomNum = generateRandomNumber(): null

2023-08-01 13:43:42 - [TEST_STEP][PASSED] - random = new java.util.Random(): null

2023-08-01 13:43:42 - [TEST_STEP][PASSED] - lastNineDigits = String.format("%09d", random.nextInt(1000000000)): null

2023-08-01 13:43:42 - [TEST_STEP][PASSED] - randomNumber = "0823" + lastNineDigits: null

2023-08-01 13:43:42 - [TEST_STEP][PASSED] - return randomNumber: null

2023-08-01 13:43:42 - [TEST_STEP][PASSED] - setText(findTestObject("Page_Bebeclub - Membership Registration/input__number-form"), randomNum): Text '0823780004225' is set on object 'Object Repository/Page_Bebeclub - Membership Registration/input__number-form'

2023-08-01 13:43:42 - [MESSAGE][PASSED] - Text '0823780004225' is set on object 'Object Repository/Page_Bebeclub - Membership Registration/input__number-form'

2023-08-01 13:43:42 - [TEST_STEP][PASSED] - setEncryptedText(findTestObject("Page_Bebeclub - Membership Registration/input_Password_pass-form"), "iFGeFYmXIrUhQZHvW7P22w=="): Text ****** has been set on object 'Object Repository/Page_Bebeclub - Membership Registration/input_Password_pass-form'

2023-08-01 13:43:43 - [MESSAGE][PASSED] - Text ****** has been set on object 'Object Repository/Page_Bebeclub - Membership Registration/input_Password_pass-form'

2023-08-01 13:43:43 - [TEST_STEP][PASSED] - setEncryptedText(findTestObject("Page_Bebeclub - Membership Registration/input_Konfirmasi Password_konfirmasipass-form"), "iFGeFYmXIrUhQZHvW7P22w=="): Text ****** has been set on object 'Object Repository/Page_Bebeclub - Membership Registration/input_Konfirmasi Password_konfirmasipass-form'

2023-08-01 13:43:43 - [MESSAGE][PASSED] - Text ****** has been set on object 'Object Repository/Page_Bebeclub - Membership Registration/input_Konfirmasi Password_konfirmasipass-form'

2023-08-01 13:43:43 - [TEST_STEP][PASSED] - selectOptionByLabel(findTestObject("Page_Bebeclub - Membership Registration/select_Pilih Kondisi Ibu Saat Ini"), "Belum Hamil & Tidak Mempunyai Anak", false): All options with label 'Belum Hamil & Tidak Mempunyai Anak' are selected in object 'Object Repository/Page_Bebeclub - Membership Registration/select_Pilih Kondisi Ibu Saat Ini' 

2023-08-01 13:43:43 - [MESSAGE][PASSED] - All options with label 'Belum Hamil & Tidak Mempunyai Anak' are selected in object 'Object Repository/Page_Bebeclub - Membership Registration/select_Pilih Kondisi Ibu Saat Ini' 

2023-08-01 13:43:43 - [TEST_STEP][PASSED] - click(findTestObject("Page_Bebeclub - Membership Registration/button_Kirim Kode OTP")): Object: 'Object Repository/Page_Bebeclub - Membership Registration/button_Kirim Kode OTP' is clicked on

2023-08-01 13:43:43 - [MESSAGE][PASSED] - Object: 'Object Repository/Page_Bebeclub - Membership Registration/button_Kirim Kode OTP' is clicked on

2023-08-01 13:43:43 - [TEST_STEP][PASSED] - delay(4): Delayed 4 second(s)

2023-08-01 13:43:47 - [MESSAGE][PASSED] - Delayed 4 second(s)

2023-08-01 13:43:47 - [TEST_STEP][PASSED] - verifyTextPresent("Berhasil", false): Text 'Berhasil' is present on page 

2023-08-01 13:43:48 - [MESSAGE][PASSED] - Text 'Berhasil' is present on page 

2023-08-01 13:43:48 - [TEST_STEP][PASSED] - click(findTestObject("Page_Bebeclub - Membership Registration/img")): Object: 'Object Repository/Page_Bebeclub - Membership Registration/img' is clicked on

2023-08-01 13:43:48 - [MESSAGE][PASSED] - Object: 'Object Repository/Page_Bebeclub - Membership Registration/img' is clicked on

2023-08-01 13:43:50 - [TEST_STEP][PASSED] - Video: Video recording for test case 'Test Cases/REGISTER/Prefix ID/0823 SIMPATI' .

2023-08-01 13:43:50 - [MESSAGE][INFO] - Video recording for test case 'Test Cases/REGISTER/Prefix ID/0823 SIMPATI' .]]></system-out>
         <system-err><![CDATA[]]></system-err>
      </testcase>
      <testcase name="Test Cases/REGISTER/Prefix ID/0852 KARTU AS" time="12.767" classname="Test Cases/REGISTER/Prefix ID/0852 KARTU AS" status="PASSED">
         <system-out><![CDATA[2023-08-01 13:43:50 - [TEST_CASE][PASSED] - Test Cases/REGISTER/Prefix ID/0852 KARTU AS: Test Cases/REGISTER/Prefix ID/0852 KARTU AS

2023-08-01 13:43:50 - [TEST_STEP][PASSED] - openBrowser(""): Browser is opened with url: ''

2023-08-01 13:43:50 - [MESSAGE][WARNING] - A browser is already opened. Closing browser and opening a new one

2023-08-01 13:43:51 - [MESSAGE][INFO] - Starting 'Chrome (headless)' driver

2023-08-01 13:43:51 - [MESSAGE][INFO] - Action delay is set to 0 milliseconds

2023-08-01 13:43:52 - [MESSAGE][PASSED] - Browser is opened with url: ''

2023-08-01 13:43:52 - [TEST_STEP][PASSED] - maximizeWindow(): Current window maximized

2023-08-01 13:43:52 - [MESSAGE][PASSED] - Current window maximized

2023-08-01 13:43:52 - [TEST_STEP][PASSED] - navigateToUrl("https://bebeclub.eydendigital.co.id/membership/registration"): Navigate to 'https://bebeclub.eydendigital.co.id/membership/registration' successfully

2023-08-01 13:43:54 - [MESSAGE][PASSED] - Navigate to 'https://bebeclub.eydendigital.co.id/membership/registration' successfully

2023-08-01 13:43:54 - [TEST_STEP][PASSED] - click(findTestObject("Homepage/a_Register")): Object: 'Object Repository/Homepage/a_Register' is clicked on

2023-08-01 13:43:55 - [MESSAGE][PASSED] - Object: 'Object Repository/Homepage/a_Register' is clicked on

2023-08-01 13:43:55 - [TEST_STEP][PASSED] - setText(findTestObject("Page_Bebeclub - Membership Registration/input_Nama Depan_first-name-form"), "aziza"): Text 'aziza' is set on object 'Object Repository/Page_Bebeclub - Membership Registration/input_Nama Depan_first-name-form'

2023-08-01 13:43:55 - [MESSAGE][PASSED] - Text 'aziza' is set on object 'Object Repository/Page_Bebeclub - Membership Registration/input_Nama Depan_first-name-form'

2023-08-01 13:43:55 - [TEST_STEP][PASSED] - setText(findTestObject("Page_Bebeclub - Membership Registration/input_Nama Belakang_last-name-form"), "prefix"): Text 'prefix' is set on object 'Object Repository/Page_Bebeclub - Membership Registration/input_Nama Belakang_last-name-form'

2023-08-01 13:43:55 - [MESSAGE][PASSED] - Text 'prefix' is set on object 'Object Repository/Page_Bebeclub - Membership Registration/input_Nama Belakang_last-name-form'

2023-08-01 13:43:55 - [TEST_STEP][PASSED] - randomNum = generateRandomNumber(): null

2023-08-01 13:43:55 - [TEST_STEP][PASSED] - random = new java.util.Random(): null

2023-08-01 13:43:55 - [TEST_STEP][PASSED] - lastNineDigits = String.format("%09d", random.nextInt(1000000000)): null

2023-08-01 13:43:55 - [TEST_STEP][PASSED] - randomNumber = "0852" + lastNineDigits: null

2023-08-01 13:43:55 - [TEST_STEP][PASSED] - return randomNumber: null

2023-08-01 13:43:55 - [TEST_STEP][PASSED] - setText(findTestObject("Page_Bebeclub - Membership Registration/input__number-form"), randomNum): Text '0852770804350' is set on object 'Object Repository/Page_Bebeclub - Membership Registration/input__number-form'

2023-08-01 13:43:55 - [MESSAGE][PASSED] - Text '0852770804350' is set on object 'Object Repository/Page_Bebeclub - Membership Registration/input__number-form'

2023-08-01 13:43:55 - [TEST_STEP][PASSED] - setEncryptedText(findTestObject("Page_Bebeclub - Membership Registration/input_Password_pass-form"), "iFGeFYmXIrUhQZHvW7P22w=="): Text ****** has been set on object 'Object Repository/Page_Bebeclub - Membership Registration/input_Password_pass-form'

2023-08-01 13:43:56 - [MESSAGE][PASSED] - Text ****** has been set on object 'Object Repository/Page_Bebeclub - Membership Registration/input_Password_pass-form'

2023-08-01 13:43:56 - [TEST_STEP][PASSED] - setEncryptedText(findTestObject("Page_Bebeclub - Membership Registration/input_Konfirmasi Password_konfirmasipass-form"), "iFGeFYmXIrUhQZHvW7P22w=="): Text ****** has been set on object 'Object Repository/Page_Bebeclub - Membership Registration/input_Konfirmasi Password_konfirmasipass-form'

2023-08-01 13:43:56 - [MESSAGE][PASSED] - Text ****** has been set on object 'Object Repository/Page_Bebeclub - Membership Registration/input_Konfirmasi Password_konfirmasipass-form'

2023-08-01 13:43:56 - [TEST_STEP][PASSED] - selectOptionByLabel(findTestObject("Page_Bebeclub - Membership Registration/select_Pilih Kondisi Ibu Saat Ini"), "Belum Hamil & Tidak Mempunyai Anak", false): All options with label 'Belum Hamil & Tidak Mempunyai Anak' are selected in object 'Object Repository/Page_Bebeclub - Membership Registration/select_Pilih Kondisi Ibu Saat Ini' 

2023-08-01 13:43:56 - [MESSAGE][PASSED] - All options with label 'Belum Hamil & Tidak Mempunyai Anak' are selected in object 'Object Repository/Page_Bebeclub - Membership Registration/select_Pilih Kondisi Ibu Saat Ini' 

2023-08-01 13:43:56 - [TEST_STEP][PASSED] - click(findTestObject("Page_Bebeclub - Membership Registration/button_Kirim Kode OTP")): Object: 'Object Repository/Page_Bebeclub - Membership Registration/button_Kirim Kode OTP' is clicked on

2023-08-01 13:43:56 - [MESSAGE][PASSED] - Object: 'Object Repository/Page_Bebeclub - Membership Registration/button_Kirim Kode OTP' is clicked on

2023-08-01 13:43:56 - [TEST_STEP][PASSED] - delay(4): Delayed 4 second(s)

2023-08-01 13:44:00 - [MESSAGE][PASSED] - Delayed 4 second(s)

2023-08-01 13:44:00 - [TEST_STEP][PASSED] - verifyTextPresent("Berhasil", false): Text 'Berhasil' is present on page 

2023-08-01 13:44:00 - [MESSAGE][PASSED] - Text 'Berhasil' is present on page 

2023-08-01 13:44:00 - [TEST_STEP][PASSED] - click(findTestObject("Page_Bebeclub - Membership Registration/img")): Object: 'Object Repository/Page_Bebeclub - Membership Registration/img' is clicked on

2023-08-01 13:44:01 - [MESSAGE][PASSED] - Object: 'Object Repository/Page_Bebeclub - Membership Registration/img' is clicked on

2023-08-01 13:44:03 - [TEST_STEP][PASSED] - Video: Video recording for test case 'Test Cases/REGISTER/Prefix ID/0852 KARTU AS' .

2023-08-01 13:44:03 - [MESSAGE][INFO] - Video recording for test case 'Test Cases/REGISTER/Prefix ID/0852 KARTU AS' .]]></system-out>
         <system-err><![CDATA[]]></system-err>
      </testcase>
      <testcase name="Test Cases/REGISTER/Prefix ID/0853 KARTU AS" time="13.215" classname="Test Cases/REGISTER/Prefix ID/0853 KARTU AS" status="PASSED">
         <system-out><![CDATA[2023-08-01 13:44:03 - [TEST_CASE][PASSED] - Test Cases/REGISTER/Prefix ID/0853 KARTU AS: Test Cases/REGISTER/Prefix ID/0853 KARTU AS

2023-08-01 13:44:03 - [TEST_STEP][PASSED] - openBrowser(""): Browser is opened with url: ''

2023-08-01 13:44:03 - [MESSAGE][WARNING] - A browser is already opened. Closing browser and opening a new one

2023-08-01 13:44:04 - [MESSAGE][INFO] - Starting 'Chrome (headless)' driver

2023-08-01 13:44:04 - [MESSAGE][INFO] - Action delay is set to 0 milliseconds

2023-08-01 13:44:05 - [MESSAGE][PASSED] - Browser is opened with url: ''

2023-08-01 13:44:05 - [TEST_STEP][PASSED] - maximizeWindow(): Current window maximized

2023-08-01 13:44:05 - [MESSAGE][PASSED] - Current window maximized

2023-08-01 13:44:05 - [TEST_STEP][PASSED] - navigateToUrl("https://bebeclub.eydendigital.co.id/membership/registration"): Navigate to 'https://bebeclub.eydendigital.co.id/membership/registration' successfully

2023-08-01 13:44:07 - [MESSAGE][PASSED] - Navigate to 'https://bebeclub.eydendigital.co.id/membership/registration' successfully

2023-08-01 13:44:07 - [TEST_STEP][PASSED] - click(findTestObject("Homepage/a_Register")): Object: 'Object Repository/Homepage/a_Register' is clicked on

2023-08-01 13:44:08 - [MESSAGE][PASSED] - Object: 'Object Repository/Homepage/a_Register' is clicked on

2023-08-01 13:44:08 - [TEST_STEP][PASSED] - setText(findTestObject("Page_Bebeclub - Membership Registration/input_Nama Depan_first-name-form"), "aziza"): Text 'aziza' is set on object 'Object Repository/Page_Bebeclub - Membership Registration/input_Nama Depan_first-name-form'

2023-08-01 13:44:08 - [MESSAGE][PASSED] - Text 'aziza' is set on object 'Object Repository/Page_Bebeclub - Membership Registration/input_Nama Depan_first-name-form'

2023-08-01 13:44:08 - [TEST_STEP][PASSED] - setText(findTestObject("Page_Bebeclub - Membership Registration/input_Nama Belakang_last-name-form"), "prefix"): Text 'prefix' is set on object 'Object Repository/Page_Bebeclub - Membership Registration/input_Nama Belakang_last-name-form'

2023-08-01 13:44:08 - [MESSAGE][PASSED] - Text 'prefix' is set on object 'Object Repository/Page_Bebeclub - Membership Registration/input_Nama Belakang_last-name-form'

2023-08-01 13:44:08 - [TEST_STEP][PASSED] - randomNum = generateRandomNumber(): null

2023-08-01 13:44:08 - [TEST_STEP][PASSED] - random = new java.util.Random(): null

2023-08-01 13:44:08 - [TEST_STEP][PASSED] - lastNineDigits = String.format("%09d", random.nextInt(1000000000)): null

2023-08-01 13:44:08 - [TEST_STEP][PASSED] - randomNumber = "0853" + lastNineDigits: null

2023-08-01 13:44:08 - [TEST_STEP][PASSED] - return randomNumber: null

2023-08-01 13:44:08 - [TEST_STEP][PASSED] - setText(findTestObject("Page_Bebeclub - Membership Registration/input__number-form"), randomNum): Text '0853397821706' is set on object 'Object Repository/Page_Bebeclub - Membership Registration/input__number-form'

2023-08-01 13:44:09 - [MESSAGE][PASSED] - Text '0853397821706' is set on object 'Object Repository/Page_Bebeclub - Membership Registration/input__number-form'

2023-08-01 13:44:09 - [TEST_STEP][PASSED] - setEncryptedText(findTestObject("Page_Bebeclub - Membership Registration/input_Password_pass-form"), "iFGeFYmXIrUhQZHvW7P22w=="): Text ****** has been set on object 'Object Repository/Page_Bebeclub - Membership Registration/input_Password_pass-form'

2023-08-01 13:44:09 - [MESSAGE][PASSED] - Text ****** has been set on object 'Object Repository/Page_Bebeclub - Membership Registration/input_Password_pass-form'

2023-08-01 13:44:09 - [TEST_STEP][PASSED] - setEncryptedText(findTestObject("Page_Bebeclub - Membership Registration/input_Konfirmasi Password_konfirmasipass-form"), "iFGeFYmXIrUhQZHvW7P22w=="): Text ****** has been set on object 'Object Repository/Page_Bebeclub - Membership Registration/input_Konfirmasi Password_konfirmasipass-form'

2023-08-01 13:44:09 - [MESSAGE][PASSED] - Text ****** has been set on object 'Object Repository/Page_Bebeclub - Membership Registration/input_Konfirmasi Password_konfirmasipass-form'

2023-08-01 13:44:09 - [TEST_STEP][PASSED] - selectOptionByLabel(findTestObject("Page_Bebeclub - Membership Registration/select_Pilih Kondisi Ibu Saat Ini"), "Belum Hamil & Tidak Mempunyai Anak", false): All options with label 'Belum Hamil & Tidak Mempunyai Anak' are selected in object 'Object Repository/Page_Bebeclub - Membership Registration/select_Pilih Kondisi Ibu Saat Ini' 

2023-08-01 13:44:09 - [MESSAGE][PASSED] - All options with label 'Belum Hamil & Tidak Mempunyai Anak' are selected in object 'Object Repository/Page_Bebeclub - Membership Registration/select_Pilih Kondisi Ibu Saat Ini' 

2023-08-01 13:44:09 - [TEST_STEP][PASSED] - click(findTestObject("Page_Bebeclub - Membership Registration/button_Kirim Kode OTP")): Object: 'Object Repository/Page_Bebeclub - Membership Registration/button_Kirim Kode OTP' is clicked on

2023-08-01 13:44:09 - [MESSAGE][PASSED] - Object: 'Object Repository/Page_Bebeclub - Membership Registration/button_Kirim Kode OTP' is clicked on

2023-08-01 13:44:09 - [TEST_STEP][PASSED] - delay(4): Delayed 4 second(s)

2023-08-01 13:44:13 - [MESSAGE][PASSED] - Delayed 4 second(s)

2023-08-01 13:44:13 - [TEST_STEP][PASSED] - verifyTextPresent("Berhasil", false): Text 'Berhasil' is present on page 

2023-08-01 13:44:14 - [MESSAGE][PASSED] - Text 'Berhasil' is present on page 

2023-08-01 13:44:14 - [TEST_STEP][PASSED] - click(findTestObject("Page_Bebeclub - Membership Registration/img")): Object: 'Object Repository/Page_Bebeclub - Membership Registration/img' is clicked on

2023-08-01 13:44:14 - [MESSAGE][PASSED] - Object: 'Object Repository/Page_Bebeclub - Membership Registration/img' is clicked on

2023-08-01 13:44:16 - [TEST_STEP][PASSED] - Video: Video recording for test case 'Test Cases/REGISTER/Prefix ID/0853 KARTU AS' .

2023-08-01 13:44:16 - [MESSAGE][INFO] - Video recording for test case 'Test Cases/REGISTER/Prefix ID/0853 KARTU AS' .]]></system-out>
         <system-err><![CDATA[]]></system-err>
      </testcase>
      <system-out><![CDATA[2023-08-01 13:42:05 - [TEST_SUITE][PASSED] - HALO TELKOMSEL: Test Cases/REGISTER/Prefix ID/0853 KARTU AS]]></system-out>
      <system-err><![CDATA[]]></system-err>
   </testsuite>
</testsuites>
